[rospy.client][INFO] 2024-02-29 17:37:03,083: init_node, name[/listener], pid[17707]
[xmlrpc][INFO] 2024-02-29 17:37:03,083: XML-RPC server binding to 0.0.0.0:0
[xmlrpc][INFO] 2024-02-29 17:37:03,084: Started XML-RPC server [http://DESKTOP-LL832F4:43457/]
[rospy.init][INFO] 2024-02-29 17:37:03,085: ROS Slave URI: [http://DESKTOP-LL832F4:43457/]
[rospy.impl.masterslave][INFO] 2024-02-29 17:37:03,085: _ready: http://DESKTOP-LL832F4:43457/
[xmlrpc][INFO] 2024-02-29 17:37:03,086: xml rpc node: starting XML-RPC server
[rospy.registration][INFO] 2024-02-29 17:37:03,086: Registering with master node http://localhost:11311
[rospy.init][INFO] 2024-02-29 17:37:03,185: registered with master
[rospy.rosout][INFO] 2024-02-29 17:37:03,186: initializing /rosout core topic
[rospy.rosout][INFO] 2024-02-29 17:37:03,190: connected to core topic /rosout
[rospy.simtime][INFO] 2024-02-29 17:37:03,192: /use_sim_time is not set, will not subscribe to simulated time [/clock] topic
[rospy.internal][INFO] 2024-02-29 17:37:03,203: topic[/ssafy] adding connection to [http://DESKTOP-LL832F4:34175/], count 0
[rospy.internal][INFO] 2024-02-29 17:37:03,464: topic[/rosout] adding connection to [/rosout], count 0
[rosout][INFO] 2024-02-29 17:37:04,194: 
 my name : miseong park 
 my age : 25 
 SSAFY score : 90
[rosout][INFO] 2024-02-29 17:37:05,194: 
 my name : miseong park 
 my age : 25 
 SSAFY score : 90
[rosout][INFO] 2024-02-29 17:37:06,194: 
 my name : miseong park 
 my age : 25 
 SSAFY score : 90
[rosout][INFO] 2024-02-29 17:37:07,195: 
 my name : miseong park 
 my age : 25 
 SSAFY score : 90
[rosout][INFO] 2024-02-29 17:37:08,194: 
 my name : miseong park 
 my age : 25 
 SSAFY score : 90
[rosout][INFO] 2024-02-29 17:37:09,195: 
 my name : miseong park 
 my age : 25 
 SSAFY score : 90
[rosout][INFO] 2024-02-29 17:37:10,194: 
 my name : miseong park 
 my age : 25 
 SSAFY score : 90
[rosout][INFO] 2024-02-29 17:37:11,194: 
 my name : miseong park 
 my age : 25 
 SSAFY score : 90
[rosout][INFO] 2024-02-29 17:37:12,194: 
 my name : miseong park 
 my age : 25 
 SSAFY score : 90
[rosout][INFO] 2024-02-29 17:37:13,194: 
 my name : miseong park 
 my age : 25 
 SSAFY score : 90
[rosout][INFO] 2024-02-29 17:37:14,194: 
 my name : miseong park 
 my age : 25 
 SSAFY score : 90
[rosout][INFO] 2024-02-29 17:37:15,194: 
 my name : miseong park 
 my age : 25 
 SSAFY score : 90
[rosout][INFO] 2024-02-29 17:37:16,194: 
 my name : miseong park 
 my age : 25 
 SSAFY score : 90
[rosout][INFO] 2024-02-29 17:37:17,195: 
 my name : miseong park 
 my age : 25 
 SSAFY score : 90
[rosout][INFO] 2024-02-29 17:37:18,195: 
 my name : miseong park 
 my age : 25 
 SSAFY score : 90
[rosout][INFO] 2024-02-29 17:37:19,194: 
 my name : miseong park 
 my age : 25 
 SSAFY score : 90
[rosout][INFO] 2024-02-29 17:37:20,194: 
 my name : miseong park 
 my age : 25 
 SSAFY score : 90
[rosout][INFO] 2024-02-29 17:37:21,194: 
 my name : miseong park 
 my age : 25 
 SSAFY score : 90
[rosout][INFO] 2024-02-29 17:37:22,194: 
 my name : miseong park 
 my age : 25 
 SSAFY score : 90
[rosout][INFO] 2024-02-29 17:37:23,194: 
 my name : miseong park 
 my age : 25 
 SSAFY score : 90
[rosout][INFO] 2024-02-29 17:37:24,194: 
 my name : miseong park 
 my age : 25 
 SSAFY score : 90
[rosout][INFO] 2024-02-29 17:37:25,194: 
 my name : miseong park 
 my age : 25 
 SSAFY score : 90
[rosout][INFO] 2024-02-29 17:37:26,194: 
 my name : miseong park 
 my age : 25 
 SSAFY score : 90
[rosout][INFO] 2024-02-29 17:37:27,194: 
 my name : miseong park 
 my age : 25 
 SSAFY score : 90
[rospy.core][INFO] 2024-02-29 17:37:27,388: signal_shutdown [signal-2]
[rospy.internal][INFO] 2024-02-29 17:37:27,394: topic[/rosout] removing connection to /rosout
[rospy.internal][INFO] 2024-02-29 17:37:27,394: topic[/ssafy] removing connection to http://DESKTOP-LL832F4:34175/
[rospy.impl.masterslave][INFO] 2024-02-29 17:37:27,395: signal-2
[rospy.core][INFO] 2024-02-29 17:37:27,559: signal_shutdown [atexit]
