[rospy.client][INFO] 2024-02-29 17:37:03,084: init_node, name[/talker], pid[17706]
[xmlrpc][INFO] 2024-02-29 17:37:03,084: XML-RPC server binding to 0.0.0.0:0
[xmlrpc][INFO] 2024-02-29 17:37:03,085: Started XML-RPC server [http://DESKTOP-LL832F4:34175/]
[rospy.init][INFO] 2024-02-29 17:37:03,085: ROS Slave URI: [http://DESKTOP-LL832F4:34175/]
[rospy.impl.masterslave][INFO] 2024-02-29 17:37:03,085: _ready: http://DESKTOP-LL832F4:34175/
[xmlrpc][INFO] 2024-02-29 17:37:03,086: xml rpc node: starting XML-RPC server
[rospy.registration][INFO] 2024-02-29 17:37:03,087: Registering with master node http://localhost:11311
[rospy.registration][INFO] 2024-02-29 17:37:03,087: Registering publisher topic [/ssafy] type [ssafy_1/student] with master
[rospy.init][INFO] 2024-02-29 17:37:03,186: registered with master
[rospy.rosout][INFO] 2024-02-29 17:37:03,186: initializing /rosout core topic
[rospy.rosout][INFO] 2024-02-29 17:37:03,187: connected to core topic /rosout
[rospy.simtime][INFO] 2024-02-29 17:37:03,188: /use_sim_time is not set, will not subscribe to simulated time [/clock] topic
[rosout][INFO] 2024-02-29 17:37:03,191: 
 my name : miseong park 
 my age : 25 
 SSAFY score : 90
[rospy.internal][INFO] 2024-02-29 17:37:03,205: topic[/ssafy] adding connection to [/listener], count 0
[rospy.internal][INFO] 2024-02-29 17:37:03,464: topic[/rosout] adding connection to [/rosout], count 0
[rosout][INFO] 2024-02-29 17:37:04,192: 
 my name : miseong park 
 my age : 25 
 SSAFY score : 90
[rosout][INFO] 2024-02-29 17:37:05,192: 
 my name : miseong park 
 my age : 25 
 SSAFY score : 90
[rosout][INFO] 2024-02-29 17:37:06,192: 
 my name : miseong park 
 my age : 25 
 SSAFY score : 90
[rosout][INFO] 2024-02-29 17:37:07,192: 
 my name : miseong park 
 my age : 25 
 SSAFY score : 90
[rosout][INFO] 2024-02-29 17:37:08,192: 
 my name : miseong park 
 my age : 25 
 SSAFY score : 90
[rosout][INFO] 2024-02-29 17:37:09,192: 
 my name : miseong park 
 my age : 25 
 SSAFY score : 90
[rosout][INFO] 2024-02-29 17:37:10,192: 
 my name : miseong park 
 my age : 25 
 SSAFY score : 90
[rosout][INFO] 2024-02-29 17:37:11,192: 
 my name : miseong park 
 my age : 25 
 SSAFY score : 90
[rosout][INFO] 2024-02-29 17:37:12,192: 
 my name : miseong park 
 my age : 25 
 SSAFY score : 90
[rosout][INFO] 2024-02-29 17:37:13,192: 
 my name : miseong park 
 my age : 25 
 SSAFY score : 90
[rosout][INFO] 2024-02-29 17:37:14,192: 
 my name : miseong park 
 my age : 25 
 SSAFY score : 90
[rosout][INFO] 2024-02-29 17:37:15,192: 
 my name : miseong park 
 my age : 25 
 SSAFY score : 90
[rosout][INFO] 2024-02-29 17:37:16,192: 
 my name : miseong park 
 my age : 25 
 SSAFY score : 90
[rosout][INFO] 2024-02-29 17:37:17,192: 
 my name : miseong park 
 my age : 25 
 SSAFY score : 90
[rosout][INFO] 2024-02-29 17:37:18,192: 
 my name : miseong park 
 my age : 25 
 SSAFY score : 90
[rosout][INFO] 2024-02-29 17:37:19,192: 
 my name : miseong park 
 my age : 25 
 SSAFY score : 90
[rosout][INFO] 2024-02-29 17:37:20,192: 
 my name : miseong park 
 my age : 25 
 SSAFY score : 90
[rosout][INFO] 2024-02-29 17:37:21,192: 
 my name : miseong park 
 my age : 25 
 SSAFY score : 90
[rosout][INFO] 2024-02-29 17:37:22,192: 
 my name : miseong park 
 my age : 25 
 SSAFY score : 90
[rosout][INFO] 2024-02-29 17:37:23,192: 
 my name : miseong park 
 my age : 25 
 SSAFY score : 90
[rosout][INFO] 2024-02-29 17:37:24,192: 
 my name : miseong park 
 my age : 25 
 SSAFY score : 90
[rosout][INFO] 2024-02-29 17:37:25,192: 
 my name : miseong park 
 my age : 25 
 SSAFY score : 90
[rosout][INFO] 2024-02-29 17:37:26,192: 
 my name : miseong park 
 my age : 25 
 SSAFY score : 90
[rosout][INFO] 2024-02-29 17:37:27,192: 
 my name : miseong park 
 my age : 25 
 SSAFY score : 90
[rospy.core][INFO] 2024-02-29 17:37:27,389: signal_shutdown [signal-2]
[rospy.internal][INFO] 2024-02-29 17:37:27,394: topic[/rosout] removing connection to /rosout
[rospy.internal][INFO] 2024-02-29 17:37:27,394: topic[/ssafy] removing connection to /listener
[rospy.impl.masterslave][INFO] 2024-02-29 17:37:27,394: signal-2
[rospy.core][INFO] 2024-02-29 17:37:27,527: signal_shutdown [atexit]
