[rospy.client][INFO] 2024-03-04 01:09:58,248: init_node, name[/rosbridge_websocket], pid[2112]
[xmlrpc][INFO] 2024-03-04 01:09:58,248: XML-RPC server binding to 0.0.0.0:0
[rospy.init][INFO] 2024-03-04 01:09:58,249: ROS Slave URI: [http://DESKTOP-LL832F4:38555/]
[xmlrpc][INFO] 2024-03-04 01:09:58,249: Started XML-RPC server [http://DESKTOP-LL832F4:38555/]
[rospy.impl.masterslave][INFO] 2024-03-04 01:09:58,250: _ready: http://DESKTOP-LL832F4:38555/
[rospy.registration][INFO] 2024-03-04 01:09:58,251: Registering with master node http://localhost:11311
[xmlrpc][INFO] 2024-03-04 01:09:58,251: xml rpc node: starting XML-RPC server
[rospy.init][INFO] 2024-03-04 01:09:58,350: registered with master
[rospy.rosout][INFO] 2024-03-04 01:09:58,350: initializing /rosout core topic
[rospy.rosout][INFO] 2024-03-04 01:09:58,353: connected to core topic /rosout
[rospy.simtime][INFO] 2024-03-04 01:09:58,353: /use_sim_time is not set, will not subscribe to simulated time [/clock] topic
[rosout][INFO] 2024-03-04 01:09:58,367: Rosbridge WebSocket server started at ws://0.0.0.0:9090
[rospy.internal][INFO] 2024-03-04 01:09:58,636: topic[/rosout] adding connection to [/rosout], count 0
[rosout][INFO] 2024-03-04 01:10:14,284: Client connected.  1 clients total.
[rosout][INFO] 2024-03-04 01:10:14,288: Client connected.  2 clients total.
[rosout][INFO] 2024-03-04 01:10:14,291: Client connected.  3 clients total.
[rosout][INFO] 2024-03-04 01:10:14,293: Client connected.  4 clients total.
[rosout][INFO] 2024-03-04 01:10:14,296: Client connected.  5 clients total.
[rosout][INFO] 2024-03-04 01:10:14,298: Client connected.  6 clients total.
[rosout][INFO] 2024-03-04 01:10:14,300: Client connected.  7 clients total.
[rosout][INFO] 2024-03-04 01:10:14,301: Client connected.  8 clients total.
[rosout][INFO] 2024-03-04 01:10:14,303: Client connected.  9 clients total.
[rosout][INFO] 2024-03-04 01:10:14,306: Client connected.  10 clients total.
[rosout][INFO] 2024-03-04 01:10:14,336: Client connected.  11 clients total.
[rosout][INFO] 2024-03-04 01:10:14,338: Client connected.  12 clients total.
[rosout][INFO] 2024-03-04 01:10:14,339: Client connected.  13 clients total.
[rosout][INFO] 2024-03-04 01:10:14,341: Client connected.  14 clients total.
[rosout][INFO] 2024-03-04 01:10:14,344: Client connected.  15 clients total.
[rosout][INFO] 2024-03-04 01:10:14,346: Client connected.  16 clients total.
[rosout][INFO] 2024-03-04 01:10:15,329: Client connected.  17 clients total.
[rosout][INFO] 2024-03-04 01:10:15,333: Client connected.  18 clients total.
[rosout][INFO] 2024-03-04 01:10:15,337: Client connected.  19 clients total.
[rosout][INFO] 2024-03-04 01:10:15,340: Client connected.  20 clients total.
[rosout][INFO] 2024-03-04 01:10:15,344: Client connected.  21 clients total.
[rosout][INFO] 2024-03-04 01:10:15,351: Client connected.  22 clients total.
[rosout][INFO] 2024-03-04 01:10:16,280: [Client 3] Subscribed to /ctrl_cmd
[rosout][INFO] 2024-03-04 01:10:16,288: [Client 12] Subscribed to /InsnControl
[rosout][INFO] 2024-03-04 01:10:16,342: [Client 11] Subscribed to /ScenarioLoad
[rosout][INFO] 2024-03-04 01:10:16,344: [Client 16] Advertised service /Service_MoraiEventCmd.
[rosout][INFO] 2024-03-04 01:10:16,353: [Client 19] Advertised service /SyncModeSetGear.
[rosout][INFO] 2024-03-04 01:10:16,358: [Client 21] Advertised service /SyncModeWaitForTick.
[rosout][INFO] 2024-03-04 01:10:16,367: [Client 18] Advertised service /SyncModeCtrlCmd.
[rosout][INFO] 2024-03-04 01:10:16,374: [Client 14] Subscribed to /SensorPosControl
[rosout][INFO] 2024-03-04 01:10:16,378: [Client 17] Advertised service /SyncModeCmd.
[rosout][INFO] 2024-03-04 01:10:16,384: [Client 20] Advertised service /Service_MoraiMapSpec.
[rosout][INFO] 2024-03-04 01:10:16,417: [Client 13] Subscribed to /lamps
[rosout][INFO] 2024-03-04 01:10:16,438: [Client 10] Subscribed to /SetTrafficLight
[rosout][INFO] 2024-03-04 01:10:16,455: [Client 15] Subscribed to /SaveSensorData
[rospy.internal][INFO] 2024-03-04 01:10:37,511: topic[/rosout] removing connection to /rosout
[rospy.internal][INFO] 2024-03-04 01:11:01,194: topic impl's ref count is zero, deleting topic /ctrl_cmd...
[rosout][INFO] 2024-03-04 01:11:01,199: [Client 3] Unsubscribed from /ctrl_cmd
[rosout][INFO] 2024-03-04 01:11:01,200: Client disconnected. 21 clients total.
[rospy.internal][INFO] 2024-03-04 01:11:01,208: topic impl's ref count is zero, deleting topic /SetTrafficLight...
[rospy.internal][INFO] 2024-03-04 01:11:01,213: topic impl's ref count is zero, deleting topic /SensorPosControl...
[rosout][INFO] 2024-03-04 01:11:01,212: [Client 10] Unsubscribed from /SetTrafficLight
[rospy.internal][INFO] 2024-03-04 01:11:01,218: topic impl's ref count is zero, deleting topic /lamps...
[rosout][INFO] 2024-03-04 01:11:01,217: [Client 14] Unsubscribed from /SensorPosControl
[rospy.internal][INFO] 2024-03-04 01:11:01,222: topic impl's ref count is zero, deleting topic /InsnControl...
[rosout][INFO] 2024-03-04 01:11:01,218: Client disconnected. 20 clients total.
[rosout][INFO] 2024-03-04 01:11:01,221: [Client 13] Unsubscribed from /lamps
[rospy.internal][INFO] 2024-03-04 01:11:01,228: topic impl's ref count is zero, deleting topic /SaveSensorData...
[rosout][INFO] 2024-03-04 01:11:01,225: [Client 12] Unsubscribed from /InsnControl
[rospy.internal][INFO] 2024-03-04 01:11:01,233: topic impl's ref count is zero, deleting topic /ScenarioLoad...
[rosout][INFO] 2024-03-04 01:11:01,229: Client disconnected. 19 clients total.
[rosout][INFO] 2024-03-04 01:11:01,231: [Client 15] Unsubscribed from /SaveSensorData
[rosout][INFO] 2024-03-04 01:11:01,236: [Client 11] Unsubscribed from /ScenarioLoad
[rosout][INFO] 2024-03-04 01:11:01,237: Client disconnected. 18 clients total.
[rosout][INFO] 2024-03-04 01:11:01,242: Client disconnected. 17 clients total.
[rosout][INFO] 2024-03-04 01:11:01,246: Client disconnected. 16 clients total.
[rosout][INFO] 2024-03-04 01:11:01,249: Client disconnected. 15 clients total.
[rosout][INFO] 2024-03-04 01:11:01,253: Client disconnected. 14 clients total.
[rosout][INFO] 2024-03-04 01:11:01,255: Client disconnected. 13 clients total.
[rosout][INFO] 2024-03-04 01:11:01,259: Client disconnected. 12 clients total.
[rosout][INFO] 2024-03-04 01:11:01,262: Client disconnected. 11 clients total.
[rosout][INFO] 2024-03-04 01:11:01,266: Client disconnected. 10 clients total.
[rosout][INFO] 2024-03-04 01:11:01,269: Client disconnected. 9 clients total.
[rosout][INFO] 2024-03-04 01:11:01,272: Client disconnected. 8 clients total.
[rosout][INFO] 2024-03-04 01:11:01,276: Client disconnected. 7 clients total.
[rosout][INFO] 2024-03-04 01:11:01,280: Client disconnected. 6 clients total.
[rosout][INFO] 2024-03-04 01:11:01,284: Client disconnected. 5 clients total.
[rosout][INFO] 2024-03-04 01:11:01,287: Client disconnected. 4 clients total.
[rosout][INFO] 2024-03-04 01:11:01,290: Client disconnected. 3 clients total.
[rosout][INFO] 2024-03-04 01:11:01,295: Client disconnected. 2 clients total.
[rosout][INFO] 2024-03-04 01:11:02,213: [Client 21] Unadvertised service /SyncModeWaitForTick.
[rosout][INFO] 2024-03-04 01:11:02,215: [Client 19] Unadvertised service /SyncModeSetGear.
[rosout][INFO] 2024-03-04 01:11:02,218: [Client 17] Unadvertised service /SyncModeCmd.
[rosout][INFO] 2024-03-04 01:11:02,220: [Client 18] Unadvertised service /SyncModeCtrlCmd.
[rosout][INFO] 2024-03-04 01:11:05,814: Client disconnected. 1 clients total.
[rosout][INFO] 2024-03-04 01:11:06,204: Client disconnected. 0 clients total.
[rosout][INFO] 2024-03-04 01:11:06,424: Client connected.  1 clients total.
[rosout][INFO] 2024-03-04 01:11:06,429: Client connected.  2 clients total.
[rosout][INFO] 2024-03-04 01:11:06,433: Client connected.  3 clients total.
[rosout][INFO] 2024-03-04 01:11:06,437: Client connected.  4 clients total.
[rosout][INFO] 2024-03-04 01:11:06,441: Client connected.  5 clients total.
[rosout][INFO] 2024-03-04 01:11:06,445: Client connected.  6 clients total.
[rosout][INFO] 2024-03-04 01:11:06,449: Client connected.  7 clients total.
[rosout][INFO] 2024-03-04 01:11:06,453: Client connected.  8 clients total.
[rosout][INFO] 2024-03-04 01:11:06,456: Client connected.  9 clients total.
[rosout][INFO] 2024-03-04 01:11:06,460: Client connected.  10 clients total.
[rosout][INFO] 2024-03-04 01:11:06,464: Client connected.  11 clients total.
[rosout][INFO] 2024-03-04 01:11:06,468: Client connected.  12 clients total.
[rosout][INFO] 2024-03-04 01:11:06,472: Client connected.  13 clients total.
[rosout][INFO] 2024-03-04 01:11:06,475: Client connected.  14 clients total.
[rosout][INFO] 2024-03-04 01:11:06,479: Client connected.  15 clients total.
[rosout][INFO] 2024-03-04 01:11:06,483: Client connected.  16 clients total.
[rosout][INFO] 2024-03-04 01:11:06,487: Client connected.  17 clients total.
[rosout][INFO] 2024-03-04 01:11:06,490: Client connected.  18 clients total.
[rosout][INFO] 2024-03-04 01:11:06,494: Client connected.  19 clients total.
[rosout][INFO] 2024-03-04 01:11:06,498: Client connected.  20 clients total.
[rosout][INFO] 2024-03-04 01:11:06,502: Client connected.  21 clients total.
[rosout][INFO] 2024-03-04 01:11:06,505: Client connected.  22 clients total.
[rosout][INFO] 2024-03-04 01:11:06,816: [Client 16] Unadvertised service /Service_MoraiEventCmd.
[rosout][INFO] 2024-03-04 01:11:07,202: [Client 20] Unadvertised service /Service_MoraiMapSpec.
[rosout][INFO] 2024-03-04 01:11:07,206: [Client 37] Advertised service /Service_MoraiMapSpec.
[rosout][INFO] 2024-03-04 01:11:07,210: [Client 39] Advertised service /SyncModeSetGear.
[rosout][INFO] 2024-03-04 01:11:07,211: [Client 40] Advertised service /SyncModeWaitForTick.
[rosout][INFO] 2024-03-04 01:11:07,214: [Client 41] Advertised service /Service_MoraiEventCmd.
[rosout][INFO] 2024-03-04 01:11:07,223: [Client 42] Advertised service /SyncModeCmd.
[rosout][INFO] 2024-03-04 01:11:07,228: [Client 43] Advertised service /SyncModeCtrlCmd.
[rospy.internal][INFO] 2024-03-04 01:11:11,198: topic impl's ref count is zero, deleting topic /GetTrafficLightStatus...
[rosout][INFO] 2024-03-04 01:18:01,412: Client disconnected. 21 clients total.
[rosout][INFO] 2024-03-04 01:18:01,414: Client disconnected. 20 clients total.
[rosout][INFO] 2024-03-04 01:18:01,423: Client disconnected. 19 clients total.
[rosout][INFO] 2024-03-04 01:18:01,428: Client disconnected. 18 clients total.
[rosout][INFO] 2024-03-04 01:18:01,431: Client disconnected. 17 clients total.
[rosout][INFO] 2024-03-04 01:18:01,435: Client disconnected. 16 clients total.
[rosout][INFO] 2024-03-04 01:18:01,438: Client disconnected. 15 clients total.
[rosout][INFO] 2024-03-04 01:18:01,442: Client disconnected. 14 clients total.
[rosout][INFO] 2024-03-04 01:18:01,445: Client disconnected. 13 clients total.
[rosout][INFO] 2024-03-04 01:18:01,448: Client disconnected. 12 clients total.
[rosout][INFO] 2024-03-04 01:18:01,451: Client disconnected. 11 clients total.
[rosout][INFO] 2024-03-04 01:18:01,455: Client disconnected. 10 clients total.
[rosout][INFO] 2024-03-04 01:18:01,458: Client disconnected. 9 clients total.
[rosout][INFO] 2024-03-04 01:18:01,461: Client disconnected. 8 clients total.
[rosout][INFO] 2024-03-04 01:18:01,464: Client disconnected. 7 clients total.
[rosout][INFO] 2024-03-04 01:18:01,467: Client disconnected. 6 clients total.
[rosout][INFO] 2024-03-04 01:18:01,470: Client disconnected. 5 clients total.
[rosout][INFO] 2024-03-04 01:18:01,474: Client disconnected. 4 clients total.
[rosout][INFO] 2024-03-04 01:18:01,478: Client disconnected. 3 clients total.
[rosout][INFO] 2024-03-04 01:18:01,481: Client disconnected. 2 clients total.
[rosout][INFO] 2024-03-04 01:18:01,488: Client disconnected. 1 clients total.
[rosout][INFO] 2024-03-04 01:18:01,492: Client disconnected. 0 clients total.
[rosout][INFO] 2024-03-04 01:18:02,423: [Client 40] Unadvertised service /SyncModeWaitForTick.
[rosout][INFO] 2024-03-04 01:18:02,425: [Client 39] Unadvertised service /SyncModeSetGear.
[rosout][INFO] 2024-03-04 01:18:02,427: [Client 41] Unadvertised service /Service_MoraiEventCmd.
[rosout][INFO] 2024-03-04 01:18:02,428: [Client 37] Unadvertised service /Service_MoraiMapSpec.
[rosout][INFO] 2024-03-04 01:18:02,728: Client connected.  1 clients total.
[rosout][INFO] 2024-03-04 01:18:02,730: Client connected.  2 clients total.
[rosout][INFO] 2024-03-04 01:18:02,732: Client connected.  3 clients total.
[rosout][INFO] 2024-03-04 01:18:02,734: Client connected.  4 clients total.
[rosout][INFO] 2024-03-04 01:18:02,736: Client connected.  5 clients total.
[rosout][INFO] 2024-03-04 01:18:02,737: Client connected.  6 clients total.
[rosout][INFO] 2024-03-04 01:18:02,739: Client connected.  7 clients total.
[rosout][INFO] 2024-03-04 01:18:02,740: Client connected.  8 clients total.
[rosout][INFO] 2024-03-04 01:18:02,742: Client connected.  9 clients total.
[rosout][INFO] 2024-03-04 01:18:02,743: Client connected.  10 clients total.
[rosout][INFO] 2024-03-04 01:18:02,745: Client connected.  11 clients total.
[rosout][INFO] 2024-03-04 01:18:02,747: Client connected.  12 clients total.
[rosout][INFO] 2024-03-04 01:18:02,749: Client connected.  13 clients total.
[rosout][INFO] 2024-03-04 01:18:02,751: Client connected.  14 clients total.
[rosout][INFO] 2024-03-04 01:18:02,753: Client connected.  15 clients total.
[rosout][INFO] 2024-03-04 01:18:02,755: Client connected.  16 clients total.
[rosout][INFO] 2024-03-04 01:18:03,722: Client connected.  17 clients total.
[rosout][INFO] 2024-03-04 01:18:03,725: Client connected.  18 clients total.
[rosout][INFO] 2024-03-04 01:18:03,727: Client connected.  19 clients total.
[rosout][INFO] 2024-03-04 01:18:03,729: Client connected.  20 clients total.
[rosout][INFO] 2024-03-04 01:18:03,743: Client connected.  21 clients total.
[rosout][INFO] 2024-03-04 01:18:03,747: Client connected.  22 clients total.
[rosout][INFO] 2024-03-04 01:18:04,704: [Client 44] Subscribed to /ctrl_cmd
[rosout][INFO] 2024-03-04 01:18:04,723: [Client 54] Subscribed to /InsnControl
[rosout][INFO] 2024-03-04 01:18:04,723: [Client 63] Advertised service /SyncModeSetGear.
[rosout][WARNING] 2024-03-04 01:18:04,723: [Client 60] Duplicate service advertised. Overwriting /SyncModeCtrlCmd.
[rosout][INFO] 2024-03-04 01:18:04,728: [Client 62] Advertised service /Service_MoraiEventCmd.
[rosout][WARNING] 2024-03-04 01:18:04,729: [Client 61] Duplicate service advertised. Overwriting /SyncModeCmd.
[rosout][INFO] 2024-03-04 01:18:04,735: [Client 64] Advertised service /Service_MoraiMapSpec.
[rosout][INFO] 2024-03-04 01:18:04,737: [Client 56] Subscribed to /ScenarioLoad
[rosout][INFO] 2024-03-04 01:18:04,740: [Client 65] Advertised service /SyncModeWaitForTick.
[rosout][INFO] 2024-03-04 01:18:04,745: [Client 60] Advertised service /SyncModeCtrlCmd.
[rosout][INFO] 2024-03-04 01:18:04,747: [Client 55] Subscribed to /lamps
[rosout][INFO] 2024-03-04 01:18:04,755: [Client 61] Advertised service /SyncModeCmd.
[rosout][INFO] 2024-03-04 01:18:04,773: [Client 59] Subscribed to /SetTrafficLight
[rosout][INFO] 2024-03-04 01:18:04,833: [Client 57] Subscribed to /SensorPosControl
[rosout][INFO] 2024-03-04 01:18:04,839: [Client 58] Subscribed to /SaveSensorData
[rospy.internal][INFO] 2024-03-04 01:32:34,154: topic impl's ref count is zero, deleting topic /ctrl_cmd...
[rosout][INFO] 2024-03-04 01:32:34,155: Client disconnected. 21 clients total.
[rosout][INFO] 2024-03-04 01:32:34,158: [Client 44] Unsubscribed from /ctrl_cmd
[rospy.internal][INFO] 2024-03-04 01:32:34,166: topic impl's ref count is zero, deleting topic /SetTrafficLight...
[rospy.internal][INFO] 2024-03-04 01:32:34,171: topic impl's ref count is zero, deleting topic /SensorPosControl...
[rosout][INFO] 2024-03-04 01:32:34,168: Client disconnected. 20 clients total.
[rosout][INFO] 2024-03-04 01:32:34,170: [Client 59] Unsubscribed from /SetTrafficLight
[rospy.internal][INFO] 2024-03-04 01:32:34,176: topic impl's ref count is zero, deleting topic /InsnControl...
[rosout][INFO] 2024-03-04 01:32:34,173: [Client 57] Unsubscribed from /SensorPosControl
[rosout][INFO] 2024-03-04 01:32:34,175: Client disconnected. 19 clients total.
[rosout][INFO] 2024-03-04 01:32:34,178: [Client 54] Unsubscribed from /InsnControl
[rosout][INFO] 2024-03-04 01:32:34,181: Client disconnected. 18 clients total.
[rosout][INFO] 2024-03-04 01:32:34,184: Client disconnected. 17 clients total.
[rosout][INFO] 2024-03-04 01:32:34,186: Client disconnected. 16 clients total.
[rosout][INFO] 2024-03-04 01:32:34,188: Client disconnected. 15 clients total.
[rospy.internal][INFO] 2024-03-04 01:32:34,190: topic impl's ref count is zero, deleting topic /SaveSensorData...
[rospy.internal][INFO] 2024-03-04 01:32:34,194: topic impl's ref count is zero, deleting topic /lamps...
[rosout][INFO] 2024-03-04 01:32:34,195: [Client 58] Unsubscribed from /SaveSensorData
[rospy.internal][INFO] 2024-03-04 01:32:34,198: topic impl's ref count is zero, deleting topic /ScenarioLoad...
[rosout][INFO] 2024-03-04 01:32:34,197: [Client 55] Unsubscribed from /lamps
[rosout][INFO] 2024-03-04 01:32:34,203: [Client 56] Unsubscribed from /ScenarioLoad
[rosout][INFO] 2024-03-04 01:32:34,203: Client disconnected. 14 clients total.
[rosout][INFO] 2024-03-04 01:32:34,209: Client disconnected. 13 clients total.
[rosout][INFO] 2024-03-04 01:32:34,212: Client disconnected. 12 clients total.
[rosout][INFO] 2024-03-04 01:32:34,216: Client disconnected. 11 clients total.
[rosout][INFO] 2024-03-04 01:32:34,219: Client disconnected. 10 clients total.
[rosout][INFO] 2024-03-04 01:32:34,223: Client disconnected. 9 clients total.
[rosout][INFO] 2024-03-04 01:32:34,227: Client disconnected. 8 clients total.
[rosout][INFO] 2024-03-04 01:32:34,230: Client disconnected. 7 clients total.
[rosout][INFO] 2024-03-04 01:32:34,234: Client disconnected. 6 clients total.
[rosout][INFO] 2024-03-04 01:32:34,238: Client disconnected. 5 clients total.
[rosout][INFO] 2024-03-04 01:32:34,241: Client disconnected. 4 clients total.
[rosout][INFO] 2024-03-04 01:32:34,244: Client disconnected. 3 clients total.
[rosout][INFO] 2024-03-04 01:32:34,248: Client disconnected. 2 clients total.
[rosout][INFO] 2024-03-04 01:32:34,253: Client disconnected. 1 clients total.
[rosout][INFO] 2024-03-04 01:32:34,257: Client disconnected. 0 clients total.
[rosout][INFO] 2024-03-04 01:32:35,194: [Client 61] Unadvertised service /SyncModeCmd.
[rosout][INFO] 2024-03-04 01:32:35,197: [Client 65] Unadvertised service /SyncModeWaitForTick.
[rosout][INFO] 2024-03-04 01:32:35,202: [Client 62] Unadvertised service /Service_MoraiEventCmd.
[rosout][INFO] 2024-03-04 01:32:35,204: [Client 60] Unadvertised service /SyncModeCtrlCmd.
[rosout][INFO] 2024-03-04 01:32:35,207: [Client 64] Unadvertised service /Service_MoraiMapSpec.
[rosout][INFO] 2024-03-04 01:32:35,660: Client connected.  1 clients total.
[rosout][INFO] 2024-03-04 01:32:35,691: Client connected.  2 clients total.
[rosout][INFO] 2024-03-04 01:32:35,693: Client connected.  3 clients total.
[rosout][INFO] 2024-03-04 01:32:35,696: Client connected.  4 clients total.
[rosout][INFO] 2024-03-04 01:32:35,698: Client connected.  5 clients total.
[rosout][INFO] 2024-03-04 01:32:35,701: Client connected.  6 clients total.
[rosout][INFO] 2024-03-04 01:32:35,703: Client connected.  7 clients total.
[rosout][INFO] 2024-03-04 01:32:35,705: Client connected.  8 clients total.
[rosout][INFO] 2024-03-04 01:32:35,706: Client connected.  9 clients total.
[rosout][INFO] 2024-03-04 01:32:35,708: Client connected.  10 clients total.
[rosout][INFO] 2024-03-04 01:32:35,709: Client connected.  11 clients total.
[rosout][INFO] 2024-03-04 01:32:35,711: Client connected.  12 clients total.
[rosout][INFO] 2024-03-04 01:32:35,712: Client connected.  13 clients total.
[rosout][INFO] 2024-03-04 01:32:35,714: Client connected.  14 clients total.
[rosout][INFO] 2024-03-04 01:32:35,716: Client connected.  15 clients total.
[rosout][INFO] 2024-03-04 01:32:35,717: Client connected.  16 clients total.
[rosout][INFO] 2024-03-04 01:32:36,678: Client connected.  17 clients total.
[rosout][INFO] 2024-03-04 01:32:36,680: Client connected.  18 clients total.
[rosout][INFO] 2024-03-04 01:32:36,686: Client connected.  19 clients total.
[rosout][INFO] 2024-03-04 01:32:36,693: Client connected.  20 clients total.
[rosout][INFO] 2024-03-04 01:32:36,696: Client connected.  21 clients total.
[rosout][INFO] 2024-03-04 01:32:36,697: Client connected.  22 clients total.
[rosout][INFO] 2024-03-04 01:32:37,661: [Client 66] Subscribed to /ctrl_cmd
[rosout][INFO] 2024-03-04 01:32:37,678: [Client 76] Subscribed to /InsnControl
[rosout][WARNING] 2024-03-04 01:32:37,682: [Client 86] Duplicate service advertised. Overwriting /SyncModeSetGear.
[rosout][INFO] 2024-03-04 01:32:37,685: [Client 85] Advertised service /SyncModeCmd.
[rosout][INFO] 2024-03-04 01:32:37,687: [Client 77] Subscribed to /lamps
[rosout][INFO] 2024-03-04 01:32:37,690: [Client 87] Advertised service /Service_MoraiEventCmd.
[rosout][INFO] 2024-03-04 01:32:37,695: [Client 84] Advertised service /Service_MoraiMapSpec.
[rosout][INFO] 2024-03-04 01:32:37,697: [Client 83] Advertised service /SyncModeWaitForTick.
[rosout][INFO] 2024-03-04 01:32:37,700: [Client 78] Subscribed to /ScenarioLoad
[rosout][INFO] 2024-03-04 01:32:37,704: [Client 82] Advertised service /SyncModeCtrlCmd.
[rosout][INFO] 2024-03-04 01:32:37,708: [Client 86] Advertised service /SyncModeSetGear.
[rosout][INFO] 2024-03-04 01:32:37,709: [Client 80] Subscribed to /SetTrafficLight
[rosout][INFO] 2024-03-04 01:32:37,715: [Client 79] Subscribed to /SensorPosControl
[rosout][INFO] 2024-03-04 01:32:37,720: [Client 81] Subscribed to /SaveSensorData
[rosout][INFO] 2024-03-04 01:32:51,064: Client connected.  23 clients total.
[rosout][INFO] 2024-03-04 01:33:02,184: Client connected.  24 clients total.
[rosout][INFO] 2024-03-04 01:33:14,847: Client connected.  25 clients total.
[rospy.internal][INFO] 2024-03-04 01:33:27,070: topic impl's ref count is zero, deleting topic /ctrl_cmd...
[rosout][INFO] 2024-03-04 01:33:27,074: [Client 66] Unsubscribed from /ctrl_cmd
[rosout][INFO] 2024-03-04 01:33:27,075: Client disconnected. 24 clients total.
[rospy.internal][INFO] 2024-03-04 01:33:27,081: topic impl's ref count is zero, deleting topic /SetTrafficLight...
[rospy.internal][INFO] 2024-03-04 01:33:27,086: topic impl's ref count is zero, deleting topic /SensorPosControl...
[rosout][INFO] 2024-03-04 01:33:27,086: [Client 80] Unsubscribed from /SetTrafficLight
[rospy.internal][INFO] 2024-03-04 01:33:27,093: topic impl's ref count is zero, deleting topic /InsnControl...
[rosout][INFO] 2024-03-04 01:33:27,094: [Client 79] Unsubscribed from /SensorPosControl
[rosout][INFO] 2024-03-04 01:33:27,097: Client disconnected. 23 clients total.
[rospy.internal][INFO] 2024-03-04 01:33:27,101: topic impl's ref count is zero, deleting topic /SaveSensorData...
[rosout][INFO] 2024-03-04 01:33:27,098: [Client 76] Unsubscribed from /InsnControl
[rosout][INFO] 2024-03-04 01:33:27,102: Client disconnected. 22 clients total.
[rospy.internal][INFO] 2024-03-04 01:33:27,107: topic impl's ref count is zero, deleting topic /lamps...
[rosout][INFO] 2024-03-04 01:33:27,105: [Client 81] Unsubscribed from /SaveSensorData
[rospy.internal][INFO] 2024-03-04 01:33:27,112: topic impl's ref count is zero, deleting topic /ScenarioLoad...
[rosout][INFO] 2024-03-04 01:33:27,111: [Client 77] Unsubscribed from /lamps
[rosout][INFO] 2024-03-04 01:33:27,113: Client disconnected. 21 clients total.
[rosout][INFO] 2024-03-04 01:33:27,116: [Client 78] Unsubscribed from /ScenarioLoad
[rosout][INFO] 2024-03-04 01:33:27,120: Client disconnected. 20 clients total.
[rosout][INFO] 2024-03-04 01:33:27,123: Client disconnected. 19 clients total.
[rosout][INFO] 2024-03-04 01:33:27,127: Client disconnected. 18 clients total.
[rosout][INFO] 2024-03-04 01:33:27,130: Client disconnected. 17 clients total.
[rosout][INFO] 2024-03-04 01:33:27,133: Client disconnected. 16 clients total.
[rosout][INFO] 2024-03-04 01:33:27,136: Client disconnected. 15 clients total.
[rosout][INFO] 2024-03-04 01:33:27,140: Client disconnected. 14 clients total.
[rosout][INFO] 2024-03-04 01:33:27,145: Client disconnected. 13 clients total.
[rosout][INFO] 2024-03-04 01:33:27,148: Client disconnected. 12 clients total.
[rosout][INFO] 2024-03-04 01:33:27,152: Client disconnected. 11 clients total.
[rosout][INFO] 2024-03-04 01:33:27,156: Client disconnected. 10 clients total.
[rosout][INFO] 2024-03-04 01:33:27,168: Client disconnected. 9 clients total.
[rosout][INFO] 2024-03-04 01:33:27,172: Client disconnected. 8 clients total.
[rosout][INFO] 2024-03-04 01:33:27,176: Client disconnected. 7 clients total.
[rosout][INFO] 2024-03-04 01:33:27,180: Client disconnected. 6 clients total.
[rosout][INFO] 2024-03-04 01:33:27,184: Client disconnected. 5 clients total.
[rosout][INFO] 2024-03-04 01:33:27,196: Client disconnected. 4 clients total.
[rosout][INFO] 2024-03-04 01:33:27,216: Client disconnected. 3 clients total.
[rosout][INFO] 2024-03-04 01:33:28,093: [Client 83] Unadvertised service /SyncModeWaitForTick.
[rosout][INFO] 2024-03-04 01:33:28,098: [Client 85] Unadvertised service /SyncModeCmd.
[rosout][INFO] 2024-03-04 01:33:28,101: [Client 86] Unadvertised service /SyncModeSetGear.
[rosout][INFO] 2024-03-04 01:33:28,103: [Client 82] Unadvertised service /SyncModeCtrlCmd.
[rosout][INFO] 2024-03-04 01:33:28,105: [Client 84] Unadvertised service /Service_MoraiMapSpec.
[rosout][INFO] 2024-03-04 01:33:31,446: Client connected.  4 clients total.
[rosout][INFO] 2024-03-04 01:33:31,448: Client connected.  5 clients total.
[rosout][INFO] 2024-03-04 01:33:31,450: Client connected.  6 clients total.
[rosout][INFO] 2024-03-04 01:33:31,452: Client connected.  7 clients total.
[rosout][INFO] 2024-03-04 01:33:31,453: Client connected.  8 clients total.
[rosout][INFO] 2024-03-04 01:33:31,454: Client connected.  9 clients total.
[rosout][INFO] 2024-03-04 01:33:31,457: Client connected.  10 clients total.
[rosout][INFO] 2024-03-04 01:33:31,459: Client connected.  11 clients total.
[rosout][INFO] 2024-03-04 01:33:31,461: Client connected.  12 clients total.
[rosout][INFO] 2024-03-04 01:33:31,463: Client connected.  13 clients total.
[rosout][INFO] 2024-03-04 01:33:31,464: Client connected.  14 clients total.
[rosout][INFO] 2024-03-04 01:33:31,466: Client connected.  15 clients total.
[rosout][INFO] 2024-03-04 01:33:31,469: Client connected.  16 clients total.
[rosout][INFO] 2024-03-04 01:33:31,470: Client connected.  17 clients total.
[rosout][INFO] 2024-03-04 01:33:31,472: Client connected.  18 clients total.
[rosout][INFO] 2024-03-04 01:33:31,474: Client connected.  19 clients total.
[rosout][INFO] 2024-03-04 01:33:32,444: Client connected.  20 clients total.
[rosout][INFO] 2024-03-04 01:33:32,452: Client connected.  21 clients total.
[rosout][INFO] 2024-03-04 01:33:32,454: Client connected.  22 clients total.
[rosout][INFO] 2024-03-04 01:33:32,456: Client connected.  23 clients total.
[rosout][INFO] 2024-03-04 01:33:32,459: Client connected.  24 clients total.
[rosout][INFO] 2024-03-04 01:33:32,461: Client connected.  25 clients total.
[rosout][INFO] 2024-03-04 01:33:33,441: [Client 91] Subscribed to /ctrl_cmd
[rosout][WARNING] 2024-03-04 01:33:33,449: [Client 109] Duplicate service advertised. Overwriting /Service_MoraiEventCmd.
[rosout][INFO] 2024-03-04 01:33:33,449: [Client 108] Advertised service /SyncModeCtrlCmd.
[rosout][INFO] 2024-03-04 01:33:33,454: [Client 110] Advertised service /SyncModeWaitForTick.
[rosout][INFO] 2024-03-04 01:33:33,463: [Client 107] Advertised service /Service_MoraiMapSpec.
[rosout][INFO] 2024-03-04 01:33:33,469: [Client 101] Subscribed to /InsnControl
[rosout][INFO] 2024-03-04 01:33:33,477: [Client 112] Advertised service /SyncModeCmd.
[rosout][INFO] 2024-03-04 01:33:33,479: [Client 111] Advertised service /SyncModeSetGear.
[rosout][INFO] 2024-03-04 01:33:33,492: [Client 109] Advertised service /Service_MoraiEventCmd.
[rosout][INFO] 2024-03-04 01:33:33,493: [Client 102] Subscribed to /lamps
[rosout][INFO] 2024-03-04 01:33:33,498: [Client 106] Subscribed to /SetTrafficLight
[rosout][INFO] 2024-03-04 01:33:33,503: [Client 103] Subscribed to /ScenarioLoad
[rosout][INFO] 2024-03-04 01:33:33,513: [Client 105] Subscribed to /SaveSensorData
[rosout][INFO] 2024-03-04 01:33:33,537: [Client 104] Subscribed to /SensorPosControl
[rospy.core][INFO] 2024-03-04 01:38:46,486: signal_shutdown [signal-2]
[rospy.registration][WARNING] 2024-03-04 01:38:46,487: cannot unregister with master due to network issues
[rospy.impl.masterslave][INFO] 2024-03-04 01:38:46,487: signal-2
[rospy.rosout][ERROR] 2024-03-04 01:38:46,626: Unable to report rosout: [Errno 111] Connection refused
Traceback (most recent call last):
  File "/opt/ros/melodic/lib/python2.7/dist-packages/rospy/impl/rosout.py", line 91, in _rosout
    disable_topics_ = rospy.get_param_cached("/rosout_disable_topics_generation", False)
  File "/opt/ros/melodic/lib/python2.7/dist-packages/rospy/client.py", line 490, in get_param_cached
    return _param_server.get_param_cached(param_name)
  File "/opt/ros/melodic/lib/python2.7/dist-packages/rospy/msproxy.py", line 168, in get_param_cached
    code, msg, value = self.target.subscribeParam(rospy.names.get_caller_id(), rospy.core.get_node_uri(), resolved_key)
  File "/usr/lib/python2.7/xmlrpclib.py", line 1243, in __call__
    return self.__send(self.__name, args)
  File "/opt/ros/melodic/lib/python2.7/dist-packages/rospy/core.py", line 670, in _ServerProxy__request
    self, methodname, params)
  File "/usr/lib/python2.7/xmlrpclib.py", line 1602, in __request
    verbose=self.__verbose
  File "/usr/lib/python2.7/xmlrpclib.py", line 1283, in request
    return self.single_request(host, handler, request_body, verbose)
  File "/usr/lib/python2.7/xmlrpclib.py", line 1311, in single_request
    self.send_content(h, request_body)
  File "/usr/lib/python2.7/xmlrpclib.py", line 1459, in send_content
    connection.endheaders(request_body)
  File "/usr/lib/python2.7/httplib.py", line 1095, in endheaders
    self._send_output(message_body)
  File "/usr/lib/python2.7/httplib.py", line 898, in _send_output
    self.send(msg)
  File "/usr/lib/python2.7/httplib.py", line 860, in send
    self.connect()
  File "/usr/lib/python2.7/httplib.py", line 837, in connect
    self.timeout, self.source_address)
  File "/usr/lib/python2.7/socket.py", line 575, in create_connection
    raise err
error: [Errno 111] Connection refused

[rosout][INFO] 2024-03-04 01:38:46,620: Client disconnected. 24 clients total.
[rospy.rosout][ERROR] 2024-03-04 01:38:46,629: Unable to report rosout: [Errno 111] Connection refused
Traceback (most recent call last):
  File "/opt/ros/melodic/lib/python2.7/dist-packages/rospy/impl/rosout.py", line 91, in _rosout
    disable_topics_ = rospy.get_param_cached("/rosout_disable_topics_generation", False)
  File "/opt/ros/melodic/lib/python2.7/dist-packages/rospy/client.py", line 490, in get_param_cached
    return _param_server.get_param_cached(param_name)
  File "/opt/ros/melodic/lib/python2.7/dist-packages/rospy/msproxy.py", line 168, in get_param_cached
    code, msg, value = self.target.subscribeParam(rospy.names.get_caller_id(), rospy.core.get_node_uri(), resolved_key)
  File "/usr/lib/python2.7/xmlrpclib.py", line 1243, in __call__
    return self.__send(self.__name, args)
  File "/opt/ros/melodic/lib/python2.7/dist-packages/rospy/core.py", line 670, in _ServerProxy__request
    self, methodname, params)
  File "/usr/lib/python2.7/xmlrpclib.py", line 1602, in __request
    verbose=self.__verbose
  File "/usr/lib/python2.7/xmlrpclib.py", line 1283, in request
    return self.single_request(host, handler, request_body, verbose)
  File "/usr/lib/python2.7/xmlrpclib.py", line 1311, in single_request
    self.send_content(h, request_body)
  File "/usr/lib/python2.7/xmlrpclib.py", line 1459, in send_content
    connection.endheaders(request_body)
  File "/usr/lib/python2.7/httplib.py", line 1095, in endheaders
    self._send_output(message_body)
  File "/usr/lib/python2.7/httplib.py", line 898, in _send_output
    self.send(msg)
  File "/usr/lib/python2.7/httplib.py", line 860, in send
    self.connect()
  File "/usr/lib/python2.7/httplib.py", line 837, in connect
    self.timeout, self.source_address)
  File "/usr/lib/python2.7/socket.py", line 575, in create_connection
    raise err
error: [Errno 111] Connection refused

[rosout][INFO] 2024-03-04 01:38:46,628: Client disconnected. 23 clients total.
[rospy.rosout][ERROR] 2024-03-04 01:38:46,631: Unable to report rosout: [Errno 111] Connection refused
Traceback (most recent call last):
  File "/opt/ros/melodic/lib/python2.7/dist-packages/rospy/impl/rosout.py", line 91, in _rosout
    disable_topics_ = rospy.get_param_cached("/rosout_disable_topics_generation", False)
  File "/opt/ros/melodic/lib/python2.7/dist-packages/rospy/client.py", line 490, in get_param_cached
    return _param_server.get_param_cached(param_name)
  File "/opt/ros/melodic/lib/python2.7/dist-packages/rospy/msproxy.py", line 168, in get_param_cached
    code, msg, value = self.target.subscribeParam(rospy.names.get_caller_id(), rospy.core.get_node_uri(), resolved_key)
  File "/usr/lib/python2.7/xmlrpclib.py", line 1243, in __call__
    return self.__send(self.__name, args)
  File "/opt/ros/melodic/lib/python2.7/dist-packages/rospy/core.py", line 670, in _ServerProxy__request
    self, methodname, params)
  File "/usr/lib/python2.7/xmlrpclib.py", line 1602, in __request
    verbose=self.__verbose
  File "/usr/lib/python2.7/xmlrpclib.py", line 1283, in request
    return self.single_request(host, handler, request_body, verbose)
  File "/usr/lib/python2.7/xmlrpclib.py", line 1311, in single_request
    self.send_content(h, request_body)
  File "/usr/lib/python2.7/xmlrpclib.py", line 1459, in send_content
    connection.endheaders(request_body)
  File "/usr/lib/python2.7/httplib.py", line 1095, in endheaders
    self._send_output(message_body)
  File "/usr/lib/python2.7/httplib.py", line 898, in _send_output
    self.send(msg)
  File "/usr/lib/python2.7/httplib.py", line 860, in send
    self.connect()
  File "/usr/lib/python2.7/httplib.py", line 837, in connect
    self.timeout, self.source_address)
  File "/usr/lib/python2.7/socket.py", line 575, in create_connection
    raise err
error: [Errno 111] Connection refused

[rosout][INFO] 2024-03-04 01:38:46,630: Client disconnected. 22 clients total.
[rospy.rosout][ERROR] 2024-03-04 01:38:46,633: Unable to report rosout: [Errno 111] Connection refused
Traceback (most recent call last):
  File "/opt/ros/melodic/lib/python2.7/dist-packages/rospy/impl/rosout.py", line 91, in _rosout
    disable_topics_ = rospy.get_param_cached("/rosout_disable_topics_generation", False)
  File "/opt/ros/melodic/lib/python2.7/dist-packages/rospy/client.py", line 490, in get_param_cached
    return _param_server.get_param_cached(param_name)
  File "/opt/ros/melodic/lib/python2.7/dist-packages/rospy/msproxy.py", line 168, in get_param_cached
    code, msg, value = self.target.subscribeParam(rospy.names.get_caller_id(), rospy.core.get_node_uri(), resolved_key)
  File "/usr/lib/python2.7/xmlrpclib.py", line 1243, in __call__
    return self.__send(self.__name, args)
  File "/opt/ros/melodic/lib/python2.7/dist-packages/rospy/core.py", line 670, in _ServerProxy__request
    self, methodname, params)
  File "/usr/lib/python2.7/xmlrpclib.py", line 1602, in __request
    verbose=self.__verbose
  File "/usr/lib/python2.7/xmlrpclib.py", line 1283, in request
    return self.single_request(host, handler, request_body, verbose)
  File "/usr/lib/python2.7/xmlrpclib.py", line 1311, in single_request
    self.send_content(h, request_body)
  File "/usr/lib/python2.7/xmlrpclib.py", line 1459, in send_content
    connection.endheaders(request_body)
  File "/usr/lib/python2.7/httplib.py", line 1095, in endheaders
    self._send_output(message_body)
  File "/usr/lib/python2.7/httplib.py", line 898, in _send_output
    self.send(msg)
  File "/usr/lib/python2.7/httplib.py", line 860, in send
    self.connect()
  File "/usr/lib/python2.7/httplib.py", line 837, in connect
    self.timeout, self.source_address)
  File "/usr/lib/python2.7/socket.py", line 575, in create_connection
    raise err
error: [Errno 111] Connection refused

[rosout][INFO] 2024-03-04 01:38:46,633: Client disconnected. 21 clients total.
[rospy.rosout][ERROR] 2024-03-04 01:38:46,635: Unable to report rosout: [Errno 111] Connection refused
Traceback (most recent call last):
  File "/opt/ros/melodic/lib/python2.7/dist-packages/rospy/impl/rosout.py", line 91, in _rosout
    disable_topics_ = rospy.get_param_cached("/rosout_disable_topics_generation", False)
  File "/opt/ros/melodic/lib/python2.7/dist-packages/rospy/client.py", line 490, in get_param_cached
    return _param_server.get_param_cached(param_name)
  File "/opt/ros/melodic/lib/python2.7/dist-packages/rospy/msproxy.py", line 168, in get_param_cached
    code, msg, value = self.target.subscribeParam(rospy.names.get_caller_id(), rospy.core.get_node_uri(), resolved_key)
  File "/usr/lib/python2.7/xmlrpclib.py", line 1243, in __call__
    return self.__send(self.__name, args)
  File "/opt/ros/melodic/lib/python2.7/dist-packages/rospy/core.py", line 670, in _ServerProxy__request
    self, methodname, params)
  File "/usr/lib/python2.7/xmlrpclib.py", line 1602, in __request
    verbose=self.__verbose
  File "/usr/lib/python2.7/xmlrpclib.py", line 1283, in request
    return self.single_request(host, handler, request_body, verbose)
  File "/usr/lib/python2.7/xmlrpclib.py", line 1311, in single_request
    self.send_content(h, request_body)
  File "/usr/lib/python2.7/xmlrpclib.py", line 1459, in send_content
    connection.endheaders(request_body)
  File "/usr/lib/python2.7/httplib.py", line 1095, in endheaders
    self._send_output(message_body)
  File "/usr/lib/python2.7/httplib.py", line 898, in _send_output
    self.send(msg)
  File "/usr/lib/python2.7/httplib.py", line 860, in send
    self.connect()
  File "/usr/lib/python2.7/httplib.py", line 837, in connect
    self.timeout, self.source_address)
  File "/usr/lib/python2.7/socket.py", line 575, in create_connection
    raise err
error: [Errno 111] Connection refused

[rosout][INFO] 2024-03-04 01:38:46,635: Client disconnected. 20 clients total.
[rospy.rosout][ERROR] 2024-03-04 01:38:46,637: Unable to report rosout: [Errno 111] Connection refused
Traceback (most recent call last):
  File "/opt/ros/melodic/lib/python2.7/dist-packages/rospy/impl/rosout.py", line 91, in _rosout
    disable_topics_ = rospy.get_param_cached("/rosout_disable_topics_generation", False)
  File "/opt/ros/melodic/lib/python2.7/dist-packages/rospy/client.py", line 490, in get_param_cached
    return _param_server.get_param_cached(param_name)
  File "/opt/ros/melodic/lib/python2.7/dist-packages/rospy/msproxy.py", line 168, in get_param_cached
    code, msg, value = self.target.subscribeParam(rospy.names.get_caller_id(), rospy.core.get_node_uri(), resolved_key)
  File "/usr/lib/python2.7/xmlrpclib.py", line 1243, in __call__
    return self.__send(self.__name, args)
  File "/opt/ros/melodic/lib/python2.7/dist-packages/rospy/core.py", line 670, in _ServerProxy__request
    self, methodname, params)
  File "/usr/lib/python2.7/xmlrpclib.py", line 1602, in __request
    verbose=self.__verbose
  File "/usr/lib/python2.7/xmlrpclib.py", line 1283, in request
    return self.single_request(host, handler, request_body, verbose)
  File "/usr/lib/python2.7/xmlrpclib.py", line 1311, in single_request
    self.send_content(h, request_body)
  File "/usr/lib/python2.7/xmlrpclib.py", line 1459, in send_content
    connection.endheaders(request_body)
  File "/usr/lib/python2.7/httplib.py", line 1095, in endheaders
    self._send_output(message_body)
  File "/usr/lib/python2.7/httplib.py", line 898, in _send_output
    self.send(msg)
  File "/usr/lib/python2.7/httplib.py", line 860, in send
    self.connect()
  File "/usr/lib/python2.7/httplib.py", line 837, in connect
    self.timeout, self.source_address)
  File "/usr/lib/python2.7/socket.py", line 575, in create_connection
    raise err
error: [Errno 111] Connection refused

[rosout][INFO] 2024-03-04 01:38:46,636: Client disconnected. 19 clients total.
[rospy.rosout][ERROR] 2024-03-04 01:38:46,639: Unable to report rosout: [Errno 111] Connection refused
Traceback (most recent call last):
  File "/opt/ros/melodic/lib/python2.7/dist-packages/rospy/impl/rosout.py", line 91, in _rosout
    disable_topics_ = rospy.get_param_cached("/rosout_disable_topics_generation", False)
  File "/opt/ros/melodic/lib/python2.7/dist-packages/rospy/client.py", line 490, in get_param_cached
    return _param_server.get_param_cached(param_name)
  File "/opt/ros/melodic/lib/python2.7/dist-packages/rospy/msproxy.py", line 168, in get_param_cached
    code, msg, value = self.target.subscribeParam(rospy.names.get_caller_id(), rospy.core.get_node_uri(), resolved_key)
  File "/usr/lib/python2.7/xmlrpclib.py", line 1243, in __call__
    return self.__send(self.__name, args)
  File "/opt/ros/melodic/lib/python2.7/dist-packages/rospy/core.py", line 670, in _ServerProxy__request
    self, methodname, params)
  File "/usr/lib/python2.7/xmlrpclib.py", line 1602, in __request
    verbose=self.__verbose
  File "/usr/lib/python2.7/xmlrpclib.py", line 1283, in request
    return self.single_request(host, handler, request_body, verbose)
  File "/usr/lib/python2.7/xmlrpclib.py", line 1311, in single_request
    self.send_content(h, request_body)
  File "/usr/lib/python2.7/xmlrpclib.py", line 1459, in send_content
    connection.endheaders(request_body)
  File "/usr/lib/python2.7/httplib.py", line 1095, in endheaders
    self._send_output(message_body)
  File "/usr/lib/python2.7/httplib.py", line 898, in _send_output
    self.send(msg)
  File "/usr/lib/python2.7/httplib.py", line 860, in send
    self.connect()
  File "/usr/lib/python2.7/httplib.py", line 837, in connect
    self.timeout, self.source_address)
  File "/usr/lib/python2.7/socket.py", line 575, in create_connection
    raise err
error: [Errno 111] Connection refused

[rosout][INFO] 2024-03-04 01:38:46,638: Client disconnected. 18 clients total.
[rospy.rosout][ERROR] 2024-03-04 01:38:46,640: Unable to report rosout: [Errno 111] Connection refused
Traceback (most recent call last):
  File "/opt/ros/melodic/lib/python2.7/dist-packages/rospy/impl/rosout.py", line 91, in _rosout
    disable_topics_ = rospy.get_param_cached("/rosout_disable_topics_generation", False)
  File "/opt/ros/melodic/lib/python2.7/dist-packages/rospy/client.py", line 490, in get_param_cached
    return _param_server.get_param_cached(param_name)
  File "/opt/ros/melodic/lib/python2.7/dist-packages/rospy/msproxy.py", line 168, in get_param_cached
    code, msg, value = self.target.subscribeParam(rospy.names.get_caller_id(), rospy.core.get_node_uri(), resolved_key)
  File "/usr/lib/python2.7/xmlrpclib.py", line 1243, in __call__
    return self.__send(self.__name, args)
  File "/opt/ros/melodic/lib/python2.7/dist-packages/rospy/core.py", line 670, in _ServerProxy__request
    self, methodname, params)
  File "/usr/lib/python2.7/xmlrpclib.py", line 1602, in __request
    verbose=self.__verbose
  File "/usr/lib/python2.7/xmlrpclib.py", line 1283, in request
    return self.single_request(host, handler, request_body, verbose)
  File "/usr/lib/python2.7/xmlrpclib.py", line 1311, in single_request
    self.send_content(h, request_body)
  File "/usr/lib/python2.7/xmlrpclib.py", line 1459, in send_content
    connection.endheaders(request_body)
  File "/usr/lib/python2.7/httplib.py", line 1095, in endheaders
    self._send_output(message_body)
  File "/usr/lib/python2.7/httplib.py", line 898, in _send_output
    self.send(msg)
  File "/usr/lib/python2.7/httplib.py", line 860, in send
    self.connect()
  File "/usr/lib/python2.7/httplib.py", line 837, in connect
    self.timeout, self.source_address)
  File "/usr/lib/python2.7/socket.py", line 575, in create_connection
    raise err
error: [Errno 111] Connection refused

[rosout][INFO] 2024-03-04 01:38:46,640: Client disconnected. 17 clients total.
[rospy.rosout][ERROR] 2024-03-04 01:38:46,643: Unable to report rosout: [Errno 111] Connection refused
Traceback (most recent call last):
  File "/opt/ros/melodic/lib/python2.7/dist-packages/rospy/impl/rosout.py", line 91, in _rosout
    disable_topics_ = rospy.get_param_cached("/rosout_disable_topics_generation", False)
  File "/opt/ros/melodic/lib/python2.7/dist-packages/rospy/client.py", line 490, in get_param_cached
    return _param_server.get_param_cached(param_name)
  File "/opt/ros/melodic/lib/python2.7/dist-packages/rospy/msproxy.py", line 168, in get_param_cached
    code, msg, value = self.target.subscribeParam(rospy.names.get_caller_id(), rospy.core.get_node_uri(), resolved_key)
  File "/usr/lib/python2.7/xmlrpclib.py", line 1243, in __call__
    return self.__send(self.__name, args)
  File "/opt/ros/melodic/lib/python2.7/dist-packages/rospy/core.py", line 670, in _ServerProxy__request
    self, methodname, params)
  File "/usr/lib/python2.7/xmlrpclib.py", line 1602, in __request
    verbose=self.__verbose
  File "/usr/lib/python2.7/xmlrpclib.py", line 1283, in request
    return self.single_request(host, handler, request_body, verbose)
  File "/usr/lib/python2.7/xmlrpclib.py", line 1311, in single_request
    self.send_content(h, request_body)
  File "/usr/lib/python2.7/xmlrpclib.py", line 1459, in send_content
    connection.endheaders(request_body)
  File "/usr/lib/python2.7/httplib.py", line 1095, in endheaders
    self._send_output(message_body)
  File "/usr/lib/python2.7/httplib.py", line 898, in _send_output
    self.send(msg)
  File "/usr/lib/python2.7/httplib.py", line 860, in send
    self.connect()
  File "/usr/lib/python2.7/httplib.py", line 837, in connect
    self.timeout, self.source_address)
  File "/usr/lib/python2.7/socket.py", line 575, in create_connection
    raise err
error: [Errno 111] Connection refused

[rosout][INFO] 2024-03-04 01:38:46,642: Client disconnected. 16 clients total.
[rospy.rosout][ERROR] 2024-03-04 01:38:46,647: Unable to report rosout: [Errno 111] Connection refused
Traceback (most recent call last):
  File "/opt/ros/melodic/lib/python2.7/dist-packages/rospy/impl/rosout.py", line 91, in _rosout
    disable_topics_ = rospy.get_param_cached("/rosout_disable_topics_generation", False)
  File "/opt/ros/melodic/lib/python2.7/dist-packages/rospy/client.py", line 490, in get_param_cached
    return _param_server.get_param_cached(param_name)
  File "/opt/ros/melodic/lib/python2.7/dist-packages/rospy/msproxy.py", line 168, in get_param_cached
    code, msg, value = self.target.subscribeParam(rospy.names.get_caller_id(), rospy.core.get_node_uri(), resolved_key)
  File "/usr/lib/python2.7/xmlrpclib.py", line 1243, in __call__
    return self.__send(self.__name, args)
  File "/opt/ros/melodic/lib/python2.7/dist-packages/rospy/core.py", line 670, in _ServerProxy__request
    self, methodname, params)
  File "/usr/lib/python2.7/xmlrpclib.py", line 1602, in __request
    verbose=self.__verbose
  File "/usr/lib/python2.7/xmlrpclib.py", line 1283, in request
    return self.single_request(host, handler, request_body, verbose)
  File "/usr/lib/python2.7/xmlrpclib.py", line 1311, in single_request
    self.send_content(h, request_body)
  File "/usr/lib/python2.7/xmlrpclib.py", line 1459, in send_content
    connection.endheaders(request_body)
  File "/usr/lib/python2.7/httplib.py", line 1095, in endheaders
    self._send_output(message_body)
  File "/usr/lib/python2.7/httplib.py", line 898, in _send_output
    self.send(msg)
  File "/usr/lib/python2.7/httplib.py", line 860, in send
    self.connect()
  File "/usr/lib/python2.7/httplib.py", line 837, in connect
    self.timeout, self.source_address)
  File "/usr/lib/python2.7/socket.py", line 575, in create_connection
    raise err
error: [Errno 111] Connection refused

[rosout][INFO] 2024-03-04 01:38:46,645: Client disconnected. 15 clients total.
[rospy.rosout][ERROR] 2024-03-04 01:38:46,650: Unable to report rosout: [Errno 111] Connection refused
Traceback (most recent call last):
  File "/opt/ros/melodic/lib/python2.7/dist-packages/rospy/impl/rosout.py", line 91, in _rosout
    disable_topics_ = rospy.get_param_cached("/rosout_disable_topics_generation", False)
  File "/opt/ros/melodic/lib/python2.7/dist-packages/rospy/client.py", line 490, in get_param_cached
    return _param_server.get_param_cached(param_name)
  File "/opt/ros/melodic/lib/python2.7/dist-packages/rospy/msproxy.py", line 168, in get_param_cached
    code, msg, value = self.target.subscribeParam(rospy.names.get_caller_id(), rospy.core.get_node_uri(), resolved_key)
  File "/usr/lib/python2.7/xmlrpclib.py", line 1243, in __call__
    return self.__send(self.__name, args)
  File "/opt/ros/melodic/lib/python2.7/dist-packages/rospy/core.py", line 670, in _ServerProxy__request
    self, methodname, params)
  File "/usr/lib/python2.7/xmlrpclib.py", line 1602, in __request
    verbose=self.__verbose
  File "/usr/lib/python2.7/xmlrpclib.py", line 1283, in request
    return self.single_request(host, handler, request_body, verbose)
  File "/usr/lib/python2.7/xmlrpclib.py", line 1311, in single_request
    self.send_content(h, request_body)
  File "/usr/lib/python2.7/xmlrpclib.py", line 1459, in send_content
    connection.endheaders(request_body)
  File "/usr/lib/python2.7/httplib.py", line 1095, in endheaders
    self._send_output(message_body)
  File "/usr/lib/python2.7/httplib.py", line 898, in _send_output
    self.send(msg)
  File "/usr/lib/python2.7/httplib.py", line 860, in send
    self.connect()
  File "/usr/lib/python2.7/httplib.py", line 837, in connect
    self.timeout, self.source_address)
  File "/usr/lib/python2.7/socket.py", line 575, in create_connection
    raise err
error: [Errno 111] Connection refused

[rosout][INFO] 2024-03-04 01:38:46,648: Client disconnected. 14 clients total.
[rospy.rosout][ERROR] 2024-03-04 01:38:46,653: Unable to report rosout: [Errno 111] Connection refused
Traceback (most recent call last):
  File "/opt/ros/melodic/lib/python2.7/dist-packages/rospy/impl/rosout.py", line 91, in _rosout
    disable_topics_ = rospy.get_param_cached("/rosout_disable_topics_generation", False)
  File "/opt/ros/melodic/lib/python2.7/dist-packages/rospy/client.py", line 490, in get_param_cached
    return _param_server.get_param_cached(param_name)
  File "/opt/ros/melodic/lib/python2.7/dist-packages/rospy/msproxy.py", line 168, in get_param_cached
    code, msg, value = self.target.subscribeParam(rospy.names.get_caller_id(), rospy.core.get_node_uri(), resolved_key)
  File "/usr/lib/python2.7/xmlrpclib.py", line 1243, in __call__
    return self.__send(self.__name, args)
  File "/opt/ros/melodic/lib/python2.7/dist-packages/rospy/core.py", line 670, in _ServerProxy__request
    self, methodname, params)
  File "/usr/lib/python2.7/xmlrpclib.py", line 1602, in __request
    verbose=self.__verbose
  File "/usr/lib/python2.7/xmlrpclib.py", line 1283, in request
    return self.single_request(host, handler, request_body, verbose)
  File "/usr/lib/python2.7/xmlrpclib.py", line 1311, in single_request
    self.send_content(h, request_body)
  File "/usr/lib/python2.7/xmlrpclib.py", line 1459, in send_content
    connection.endheaders(request_body)
  File "/usr/lib/python2.7/httplib.py", line 1095, in endheaders
    self._send_output(message_body)
  File "/usr/lib/python2.7/httplib.py", line 898, in _send_output
    self.send(msg)
  File "/usr/lib/python2.7/httplib.py", line 860, in send
    self.connect()
  File "/usr/lib/python2.7/httplib.py", line 837, in connect
    self.timeout, self.source_address)
  File "/usr/lib/python2.7/socket.py", line 575, in create_connection
    raise err
error: [Errno 111] Connection refused

[rosout][INFO] 2024-03-04 01:38:46,651: Client disconnected. 13 clients total.
[rospy.rosout][ERROR] 2024-03-04 01:38:46,655: Unable to report rosout: [Errno 111] Connection refused
Traceback (most recent call last):
  File "/opt/ros/melodic/lib/python2.7/dist-packages/rospy/impl/rosout.py", line 91, in _rosout
    disable_topics_ = rospy.get_param_cached("/rosout_disable_topics_generation", False)
  File "/opt/ros/melodic/lib/python2.7/dist-packages/rospy/client.py", line 490, in get_param_cached
    return _param_server.get_param_cached(param_name)
  File "/opt/ros/melodic/lib/python2.7/dist-packages/rospy/msproxy.py", line 168, in get_param_cached
    code, msg, value = self.target.subscribeParam(rospy.names.get_caller_id(), rospy.core.get_node_uri(), resolved_key)
  File "/usr/lib/python2.7/xmlrpclib.py", line 1243, in __call__
    return self.__send(self.__name, args)
  File "/opt/ros/melodic/lib/python2.7/dist-packages/rospy/core.py", line 670, in _ServerProxy__request
    self, methodname, params)
  File "/usr/lib/python2.7/xmlrpclib.py", line 1602, in __request
    verbose=self.__verbose
  File "/usr/lib/python2.7/xmlrpclib.py", line 1283, in request
    return self.single_request(host, handler, request_body, verbose)
  File "/usr/lib/python2.7/xmlrpclib.py", line 1311, in single_request
    self.send_content(h, request_body)
  File "/usr/lib/python2.7/xmlrpclib.py", line 1459, in send_content
    connection.endheaders(request_body)
  File "/usr/lib/python2.7/httplib.py", line 1095, in endheaders
    self._send_output(message_body)
  File "/usr/lib/python2.7/httplib.py", line 898, in _send_output
    self.send(msg)
  File "/usr/lib/python2.7/httplib.py", line 860, in send
    self.connect()
  File "/usr/lib/python2.7/httplib.py", line 837, in connect
    self.timeout, self.source_address)
  File "/usr/lib/python2.7/socket.py", line 575, in create_connection
    raise err
error: [Errno 111] Connection refused

[rosout][INFO] 2024-03-04 01:38:46,654: Client disconnected. 12 clients total.
[rospy.rosout][ERROR] 2024-03-04 01:38:46,657: Unable to report rosout: [Errno 111] Connection refused
Traceback (most recent call last):
  File "/opt/ros/melodic/lib/python2.7/dist-packages/rospy/impl/rosout.py", line 91, in _rosout
    disable_topics_ = rospy.get_param_cached("/rosout_disable_topics_generation", False)
  File "/opt/ros/melodic/lib/python2.7/dist-packages/rospy/client.py", line 490, in get_param_cached
    return _param_server.get_param_cached(param_name)
  File "/opt/ros/melodic/lib/python2.7/dist-packages/rospy/msproxy.py", line 168, in get_param_cached
    code, msg, value = self.target.subscribeParam(rospy.names.get_caller_id(), rospy.core.get_node_uri(), resolved_key)
  File "/usr/lib/python2.7/xmlrpclib.py", line 1243, in __call__
    return self.__send(self.__name, args)
  File "/opt/ros/melodic/lib/python2.7/dist-packages/rospy/core.py", line 670, in _ServerProxy__request
    self, methodname, params)
  File "/usr/lib/python2.7/xmlrpclib.py", line 1602, in __request
    verbose=self.__verbose
  File "/usr/lib/python2.7/xmlrpclib.py", line 1283, in request
    return self.single_request(host, handler, request_body, verbose)
  File "/usr/lib/python2.7/xmlrpclib.py", line 1311, in single_request
    self.send_content(h, request_body)
  File "/usr/lib/python2.7/xmlrpclib.py", line 1459, in send_content
    connection.endheaders(request_body)
  File "/usr/lib/python2.7/httplib.py", line 1095, in endheaders
    self._send_output(message_body)
  File "/usr/lib/python2.7/httplib.py", line 898, in _send_output
    self.send(msg)
  File "/usr/lib/python2.7/httplib.py", line 860, in send
    self.connect()
  File "/usr/lib/python2.7/httplib.py", line 837, in connect
    self.timeout, self.source_address)
  File "/usr/lib/python2.7/socket.py", line 575, in create_connection
    raise err
error: [Errno 111] Connection refused

[rosout][INFO] 2024-03-04 01:38:46,656: Client disconnected. 11 clients total.
[rospy.rosout][ERROR] 2024-03-04 01:38:46,658: Unable to report rosout: [Errno 111] Connection refused
Traceback (most recent call last):
  File "/opt/ros/melodic/lib/python2.7/dist-packages/rospy/impl/rosout.py", line 91, in _rosout
    disable_topics_ = rospy.get_param_cached("/rosout_disable_topics_generation", False)
  File "/opt/ros/melodic/lib/python2.7/dist-packages/rospy/client.py", line 490, in get_param_cached
    return _param_server.get_param_cached(param_name)
  File "/opt/ros/melodic/lib/python2.7/dist-packages/rospy/msproxy.py", line 168, in get_param_cached
    code, msg, value = self.target.subscribeParam(rospy.names.get_caller_id(), rospy.core.get_node_uri(), resolved_key)
  File "/usr/lib/python2.7/xmlrpclib.py", line 1243, in __call__
    return self.__send(self.__name, args)
  File "/opt/ros/melodic/lib/python2.7/dist-packages/rospy/core.py", line 670, in _ServerProxy__request
    self, methodname, params)
  File "/usr/lib/python2.7/xmlrpclib.py", line 1602, in __request
    verbose=self.__verbose
  File "/usr/lib/python2.7/xmlrpclib.py", line 1283, in request
    return self.single_request(host, handler, request_body, verbose)
  File "/usr/lib/python2.7/xmlrpclib.py", line 1311, in single_request
    self.send_content(h, request_body)
  File "/usr/lib/python2.7/xmlrpclib.py", line 1459, in send_content
    connection.endheaders(request_body)
  File "/usr/lib/python2.7/httplib.py", line 1095, in endheaders
    self._send_output(message_body)
  File "/usr/lib/python2.7/httplib.py", line 898, in _send_output
    self.send(msg)
  File "/usr/lib/python2.7/httplib.py", line 860, in send
    self.connect()
  File "/usr/lib/python2.7/httplib.py", line 837, in connect
    self.timeout, self.source_address)
  File "/usr/lib/python2.7/socket.py", line 575, in create_connection
    raise err
error: [Errno 111] Connection refused

[rosout][INFO] 2024-03-04 01:38:46,658: Client disconnected. 10 clients total.
[rospy.rosout][ERROR] 2024-03-04 01:38:46,661: Unable to report rosout: [Errno 111] Connection refused
Traceback (most recent call last):
  File "/opt/ros/melodic/lib/python2.7/dist-packages/rospy/impl/rosout.py", line 91, in _rosout
    disable_topics_ = rospy.get_param_cached("/rosout_disable_topics_generation", False)
  File "/opt/ros/melodic/lib/python2.7/dist-packages/rospy/client.py", line 490, in get_param_cached
    return _param_server.get_param_cached(param_name)
  File "/opt/ros/melodic/lib/python2.7/dist-packages/rospy/msproxy.py", line 168, in get_param_cached
    code, msg, value = self.target.subscribeParam(rospy.names.get_caller_id(), rospy.core.get_node_uri(), resolved_key)
  File "/usr/lib/python2.7/xmlrpclib.py", line 1243, in __call__
    return self.__send(self.__name, args)
  File "/opt/ros/melodic/lib/python2.7/dist-packages/rospy/core.py", line 670, in _ServerProxy__request
    self, methodname, params)
  File "/usr/lib/python2.7/xmlrpclib.py", line 1602, in __request
    verbose=self.__verbose
  File "/usr/lib/python2.7/xmlrpclib.py", line 1283, in request
    return self.single_request(host, handler, request_body, verbose)
  File "/usr/lib/python2.7/xmlrpclib.py", line 1311, in single_request
    self.send_content(h, request_body)
  File "/usr/lib/python2.7/xmlrpclib.py", line 1459, in send_content
    connection.endheaders(request_body)
  File "/usr/lib/python2.7/httplib.py", line 1095, in endheaders
    self._send_output(message_body)
  File "/usr/lib/python2.7/httplib.py", line 898, in _send_output
    self.send(msg)
  File "/usr/lib/python2.7/httplib.py", line 860, in send
    self.connect()
  File "/usr/lib/python2.7/httplib.py", line 837, in connect
    self.timeout, self.source_address)
  File "/usr/lib/python2.7/socket.py", line 575, in create_connection
    raise err
error: [Errno 111] Connection refused

[rosout][INFO] 2024-03-04 01:38:46,659: Client disconnected. 9 clients total.
[rospy.rosout][ERROR] 2024-03-04 01:38:46,664: Unable to report rosout: [Errno 111] Connection refused
Traceback (most recent call last):
  File "/opt/ros/melodic/lib/python2.7/dist-packages/rospy/impl/rosout.py", line 91, in _rosout
    disable_topics_ = rospy.get_param_cached("/rosout_disable_topics_generation", False)
  File "/opt/ros/melodic/lib/python2.7/dist-packages/rospy/client.py", line 490, in get_param_cached
    return _param_server.get_param_cached(param_name)
  File "/opt/ros/melodic/lib/python2.7/dist-packages/rospy/msproxy.py", line 168, in get_param_cached
    code, msg, value = self.target.subscribeParam(rospy.names.get_caller_id(), rospy.core.get_node_uri(), resolved_key)
  File "/usr/lib/python2.7/xmlrpclib.py", line 1243, in __call__
    return self.__send(self.__name, args)
  File "/opt/ros/melodic/lib/python2.7/dist-packages/rospy/core.py", line 670, in _ServerProxy__request
    self, methodname, params)
  File "/usr/lib/python2.7/xmlrpclib.py", line 1602, in __request
    verbose=self.__verbose
  File "/usr/lib/python2.7/xmlrpclib.py", line 1283, in request
    return self.single_request(host, handler, request_body, verbose)
  File "/usr/lib/python2.7/xmlrpclib.py", line 1311, in single_request
    self.send_content(h, request_body)
  File "/usr/lib/python2.7/xmlrpclib.py", line 1459, in send_content
    connection.endheaders(request_body)
  File "/usr/lib/python2.7/httplib.py", line 1095, in endheaders
    self._send_output(message_body)
  File "/usr/lib/python2.7/httplib.py", line 898, in _send_output
    self.send(msg)
  File "/usr/lib/python2.7/httplib.py", line 860, in send
    self.connect()
  File "/usr/lib/python2.7/httplib.py", line 837, in connect
    self.timeout, self.source_address)
  File "/usr/lib/python2.7/socket.py", line 575, in create_connection
    raise err
error: [Errno 111] Connection refused

[rosout][INFO] 2024-03-04 01:38:46,662: Client disconnected. 8 clients total.
[rospy.rosout][ERROR] 2024-03-04 01:38:46,666: Unable to report rosout: [Errno 111] Connection refused
Traceback (most recent call last):
  File "/opt/ros/melodic/lib/python2.7/dist-packages/rospy/impl/rosout.py", line 91, in _rosout
    disable_topics_ = rospy.get_param_cached("/rosout_disable_topics_generation", False)
  File "/opt/ros/melodic/lib/python2.7/dist-packages/rospy/client.py", line 490, in get_param_cached
    return _param_server.get_param_cached(param_name)
  File "/opt/ros/melodic/lib/python2.7/dist-packages/rospy/msproxy.py", line 168, in get_param_cached
    code, msg, value = self.target.subscribeParam(rospy.names.get_caller_id(), rospy.core.get_node_uri(), resolved_key)
  File "/usr/lib/python2.7/xmlrpclib.py", line 1243, in __call__
    return self.__send(self.__name, args)
  File "/opt/ros/melodic/lib/python2.7/dist-packages/rospy/core.py", line 670, in _ServerProxy__request
    self, methodname, params)
  File "/usr/lib/python2.7/xmlrpclib.py", line 1602, in __request
    verbose=self.__verbose
  File "/usr/lib/python2.7/xmlrpclib.py", line 1283, in request
    return self.single_request(host, handler, request_body, verbose)
  File "/usr/lib/python2.7/xmlrpclib.py", line 1311, in single_request
    self.send_content(h, request_body)
  File "/usr/lib/python2.7/xmlrpclib.py", line 1459, in send_content
    connection.endheaders(request_body)
  File "/usr/lib/python2.7/httplib.py", line 1095, in endheaders
    self._send_output(message_body)
  File "/usr/lib/python2.7/httplib.py", line 898, in _send_output
    self.send(msg)
  File "/usr/lib/python2.7/httplib.py", line 860, in send
    self.connect()
  File "/usr/lib/python2.7/httplib.py", line 837, in connect
    self.timeout, self.source_address)
  File "/usr/lib/python2.7/socket.py", line 575, in create_connection
    raise err
error: [Errno 111] Connection refused

[rosout][INFO] 2024-03-04 01:38:46,665: Client disconnected. 7 clients total.
[rospy.rosout][ERROR] 2024-03-04 01:38:46,669: Unable to report rosout: [Errno 111] Connection refused
Traceback (most recent call last):
  File "/opt/ros/melodic/lib/python2.7/dist-packages/rospy/impl/rosout.py", line 91, in _rosout
    disable_topics_ = rospy.get_param_cached("/rosout_disable_topics_generation", False)
  File "/opt/ros/melodic/lib/python2.7/dist-packages/rospy/client.py", line 490, in get_param_cached
    return _param_server.get_param_cached(param_name)
  File "/opt/ros/melodic/lib/python2.7/dist-packages/rospy/msproxy.py", line 168, in get_param_cached
    code, msg, value = self.target.subscribeParam(rospy.names.get_caller_id(), rospy.core.get_node_uri(), resolved_key)
  File "/usr/lib/python2.7/xmlrpclib.py", line 1243, in __call__
    return self.__send(self.__name, args)
  File "/opt/ros/melodic/lib/python2.7/dist-packages/rospy/core.py", line 670, in _ServerProxy__request
    self, methodname, params)
  File "/usr/lib/python2.7/xmlrpclib.py", line 1602, in __request
    verbose=self.__verbose
  File "/usr/lib/python2.7/xmlrpclib.py", line 1283, in request
    return self.single_request(host, handler, request_body, verbose)
  File "/usr/lib/python2.7/xmlrpclib.py", line 1311, in single_request
    self.send_content(h, request_body)
  File "/usr/lib/python2.7/xmlrpclib.py", line 1459, in send_content
    connection.endheaders(request_body)
  File "/usr/lib/python2.7/httplib.py", line 1095, in endheaders
    self._send_output(message_body)
  File "/usr/lib/python2.7/httplib.py", line 898, in _send_output
    self.send(msg)
  File "/usr/lib/python2.7/httplib.py", line 860, in send
    self.connect()
  File "/usr/lib/python2.7/httplib.py", line 837, in connect
    self.timeout, self.source_address)
  File "/usr/lib/python2.7/socket.py", line 575, in create_connection
    raise err
error: [Errno 111] Connection refused

[rosout][INFO] 2024-03-04 01:38:46,667: Client disconnected. 6 clients total.
[rospy.rosout][ERROR] 2024-03-04 01:38:46,670: Unable to report rosout: [Errno 111] Connection refused
Traceback (most recent call last):
  File "/opt/ros/melodic/lib/python2.7/dist-packages/rospy/impl/rosout.py", line 91, in _rosout
    disable_topics_ = rospy.get_param_cached("/rosout_disable_topics_generation", False)
  File "/opt/ros/melodic/lib/python2.7/dist-packages/rospy/client.py", line 490, in get_param_cached
    return _param_server.get_param_cached(param_name)
  File "/opt/ros/melodic/lib/python2.7/dist-packages/rospy/msproxy.py", line 168, in get_param_cached
    code, msg, value = self.target.subscribeParam(rospy.names.get_caller_id(), rospy.core.get_node_uri(), resolved_key)
  File "/usr/lib/python2.7/xmlrpclib.py", line 1243, in __call__
    return self.__send(self.__name, args)
  File "/opt/ros/melodic/lib/python2.7/dist-packages/rospy/core.py", line 670, in _ServerProxy__request
    self, methodname, params)
  File "/usr/lib/python2.7/xmlrpclib.py", line 1602, in __request
    verbose=self.__verbose
  File "/usr/lib/python2.7/xmlrpclib.py", line 1283, in request
    return self.single_request(host, handler, request_body, verbose)
  File "/usr/lib/python2.7/xmlrpclib.py", line 1311, in single_request
    self.send_content(h, request_body)
  File "/usr/lib/python2.7/xmlrpclib.py", line 1459, in send_content
    connection.endheaders(request_body)
  File "/usr/lib/python2.7/httplib.py", line 1095, in endheaders
    self._send_output(message_body)
  File "/usr/lib/python2.7/httplib.py", line 898, in _send_output
    self.send(msg)
  File "/usr/lib/python2.7/httplib.py", line 860, in send
    self.connect()
  File "/usr/lib/python2.7/httplib.py", line 837, in connect
    self.timeout, self.source_address)
  File "/usr/lib/python2.7/socket.py", line 575, in create_connection
    raise err
error: [Errno 111] Connection refused

[rosout][INFO] 2024-03-04 01:38:46,670: Client disconnected. 5 clients total.
[rospy.rosout][ERROR] 2024-03-04 01:38:46,671: Unable to report rosout: [Errno 111] Connection refused
Traceback (most recent call last):
  File "/opt/ros/melodic/lib/python2.7/dist-packages/rospy/impl/rosout.py", line 91, in _rosout
    disable_topics_ = rospy.get_param_cached("/rosout_disable_topics_generation", False)
  File "/opt/ros/melodic/lib/python2.7/dist-packages/rospy/client.py", line 490, in get_param_cached
    return _param_server.get_param_cached(param_name)
  File "/opt/ros/melodic/lib/python2.7/dist-packages/rospy/msproxy.py", line 168, in get_param_cached
    code, msg, value = self.target.subscribeParam(rospy.names.get_caller_id(), rospy.core.get_node_uri(), resolved_key)
  File "/usr/lib/python2.7/xmlrpclib.py", line 1243, in __call__
    return self.__send(self.__name, args)
  File "/opt/ros/melodic/lib/python2.7/dist-packages/rospy/core.py", line 670, in _ServerProxy__request
    self, methodname, params)
  File "/usr/lib/python2.7/xmlrpclib.py", line 1602, in __request
    verbose=self.__verbose
  File "/usr/lib/python2.7/xmlrpclib.py", line 1283, in request
    return self.single_request(host, handler, request_body, verbose)
  File "/usr/lib/python2.7/xmlrpclib.py", line 1311, in single_request
    self.send_content(h, request_body)
  File "/usr/lib/python2.7/xmlrpclib.py", line 1459, in send_content
    connection.endheaders(request_body)
  File "/usr/lib/python2.7/httplib.py", line 1095, in endheaders
    self._send_output(message_body)
  File "/usr/lib/python2.7/httplib.py", line 898, in _send_output
    self.send(msg)
  File "/usr/lib/python2.7/httplib.py", line 860, in send
    self.connect()
  File "/usr/lib/python2.7/httplib.py", line 837, in connect
    self.timeout, self.source_address)
  File "/usr/lib/python2.7/socket.py", line 575, in create_connection
    raise err
error: [Errno 111] Connection refused

[rosout][INFO] 2024-03-04 01:38:46,671: Client disconnected. 4 clients total.
[rospy.rosout][ERROR] 2024-03-04 01:38:46,673: Unable to report rosout: [Errno 111] Connection refused
Traceback (most recent call last):
  File "/opt/ros/melodic/lib/python2.7/dist-packages/rospy/impl/rosout.py", line 91, in _rosout
    disable_topics_ = rospy.get_param_cached("/rosout_disable_topics_generation", False)
  File "/opt/ros/melodic/lib/python2.7/dist-packages/rospy/client.py", line 490, in get_param_cached
    return _param_server.get_param_cached(param_name)
  File "/opt/ros/melodic/lib/python2.7/dist-packages/rospy/msproxy.py", line 168, in get_param_cached
    code, msg, value = self.target.subscribeParam(rospy.names.get_caller_id(), rospy.core.get_node_uri(), resolved_key)
  File "/usr/lib/python2.7/xmlrpclib.py", line 1243, in __call__
    return self.__send(self.__name, args)
  File "/opt/ros/melodic/lib/python2.7/dist-packages/rospy/core.py", line 670, in _ServerProxy__request
    self, methodname, params)
  File "/usr/lib/python2.7/xmlrpclib.py", line 1602, in __request
    verbose=self.__verbose
  File "/usr/lib/python2.7/xmlrpclib.py", line 1283, in request
    return self.single_request(host, handler, request_body, verbose)
  File "/usr/lib/python2.7/xmlrpclib.py", line 1311, in single_request
    self.send_content(h, request_body)
  File "/usr/lib/python2.7/xmlrpclib.py", line 1459, in send_content
    connection.endheaders(request_body)
  File "/usr/lib/python2.7/httplib.py", line 1095, in endheaders
    self._send_output(message_body)
  File "/usr/lib/python2.7/httplib.py", line 898, in _send_output
    self.send(msg)
  File "/usr/lib/python2.7/httplib.py", line 860, in send
    self.connect()
  File "/usr/lib/python2.7/httplib.py", line 837, in connect
    self.timeout, self.source_address)
  File "/usr/lib/python2.7/socket.py", line 575, in create_connection
    raise err
error: [Errno 111] Connection refused

[rosout][INFO] 2024-03-04 01:38:46,673: Client disconnected. 3 clients total.
[rospy.rosout][ERROR] 2024-03-04 01:38:46,674: Unable to report rosout: [Errno 111] Connection refused
Traceback (most recent call last):
  File "/opt/ros/melodic/lib/python2.7/dist-packages/rospy/impl/rosout.py", line 91, in _rosout
    disable_topics_ = rospy.get_param_cached("/rosout_disable_topics_generation", False)
  File "/opt/ros/melodic/lib/python2.7/dist-packages/rospy/client.py", line 490, in get_param_cached
    return _param_server.get_param_cached(param_name)
  File "/opt/ros/melodic/lib/python2.7/dist-packages/rospy/msproxy.py", line 168, in get_param_cached
    code, msg, value = self.target.subscribeParam(rospy.names.get_caller_id(), rospy.core.get_node_uri(), resolved_key)
  File "/usr/lib/python2.7/xmlrpclib.py", line 1243, in __call__
    return self.__send(self.__name, args)
  File "/opt/ros/melodic/lib/python2.7/dist-packages/rospy/core.py", line 670, in _ServerProxy__request
    self, methodname, params)
  File "/usr/lib/python2.7/xmlrpclib.py", line 1602, in __request
    verbose=self.__verbose
  File "/usr/lib/python2.7/xmlrpclib.py", line 1283, in request
    return self.single_request(host, handler, request_body, verbose)
  File "/usr/lib/python2.7/xmlrpclib.py", line 1311, in single_request
    self.send_content(h, request_body)
  File "/usr/lib/python2.7/xmlrpclib.py", line 1459, in send_content
    connection.endheaders(request_body)
  File "/usr/lib/python2.7/httplib.py", line 1095, in endheaders
    self._send_output(message_body)
  File "/usr/lib/python2.7/httplib.py", line 898, in _send_output
    self.send(msg)
  File "/usr/lib/python2.7/httplib.py", line 860, in send
    self.connect()
  File "/usr/lib/python2.7/httplib.py", line 837, in connect
    self.timeout, self.source_address)
  File "/usr/lib/python2.7/socket.py", line 575, in create_connection
    raise err
error: [Errno 111] Connection refused

[rosout][INFO] 2024-03-04 01:38:46,674: Client disconnected. 2 clients total.
[rospy.rosout][ERROR] 2024-03-04 01:38:46,677: Unable to report rosout: [Errno 111] Connection refused
Traceback (most recent call last):
  File "/opt/ros/melodic/lib/python2.7/dist-packages/rospy/impl/rosout.py", line 91, in _rosout
    disable_topics_ = rospy.get_param_cached("/rosout_disable_topics_generation", False)
  File "/opt/ros/melodic/lib/python2.7/dist-packages/rospy/client.py", line 490, in get_param_cached
    return _param_server.get_param_cached(param_name)
  File "/opt/ros/melodic/lib/python2.7/dist-packages/rospy/msproxy.py", line 168, in get_param_cached
    code, msg, value = self.target.subscribeParam(rospy.names.get_caller_id(), rospy.core.get_node_uri(), resolved_key)
  File "/usr/lib/python2.7/xmlrpclib.py", line 1243, in __call__
    return self.__send(self.__name, args)
  File "/opt/ros/melodic/lib/python2.7/dist-packages/rospy/core.py", line 670, in _ServerProxy__request
    self, methodname, params)
  File "/usr/lib/python2.7/xmlrpclib.py", line 1602, in __request
    verbose=self.__verbose
  File "/usr/lib/python2.7/xmlrpclib.py", line 1283, in request
    return self.single_request(host, handler, request_body, verbose)
  File "/usr/lib/python2.7/xmlrpclib.py", line 1311, in single_request
    self.send_content(h, request_body)
  File "/usr/lib/python2.7/xmlrpclib.py", line 1459, in send_content
    connection.endheaders(request_body)
  File "/usr/lib/python2.7/httplib.py", line 1095, in endheaders
    self._send_output(message_body)
  File "/usr/lib/python2.7/httplib.py", line 898, in _send_output
    self.send(msg)
  File "/usr/lib/python2.7/httplib.py", line 860, in send
    self.connect()
  File "/usr/lib/python2.7/httplib.py", line 837, in connect
    self.timeout, self.source_address)
  File "/usr/lib/python2.7/socket.py", line 575, in create_connection
    raise err
error: [Errno 111] Connection refused

[rosout][INFO] 2024-03-04 01:38:46,675: Client disconnected. 1 clients total.
[rospy.rosout][ERROR] 2024-03-04 01:38:46,679: Unable to report rosout: [Errno 111] Connection refused
Traceback (most recent call last):
  File "/opt/ros/melodic/lib/python2.7/dist-packages/rospy/impl/rosout.py", line 91, in _rosout
    disable_topics_ = rospy.get_param_cached("/rosout_disable_topics_generation", False)
  File "/opt/ros/melodic/lib/python2.7/dist-packages/rospy/client.py", line 490, in get_param_cached
    return _param_server.get_param_cached(param_name)
  File "/opt/ros/melodic/lib/python2.7/dist-packages/rospy/msproxy.py", line 168, in get_param_cached
    code, msg, value = self.target.subscribeParam(rospy.names.get_caller_id(), rospy.core.get_node_uri(), resolved_key)
  File "/usr/lib/python2.7/xmlrpclib.py", line 1243, in __call__
    return self.__send(self.__name, args)
  File "/opt/ros/melodic/lib/python2.7/dist-packages/rospy/core.py", line 670, in _ServerProxy__request
    self, methodname, params)
  File "/usr/lib/python2.7/xmlrpclib.py", line 1602, in __request
    verbose=self.__verbose
  File "/usr/lib/python2.7/xmlrpclib.py", line 1283, in request
    return self.single_request(host, handler, request_body, verbose)
  File "/usr/lib/python2.7/xmlrpclib.py", line 1311, in single_request
    self.send_content(h, request_body)
  File "/usr/lib/python2.7/xmlrpclib.py", line 1459, in send_content
    connection.endheaders(request_body)
  File "/usr/lib/python2.7/httplib.py", line 1095, in endheaders
    self._send_output(message_body)
  File "/usr/lib/python2.7/httplib.py", line 898, in _send_output
    self.send(msg)
  File "/usr/lib/python2.7/httplib.py", line 860, in send
    self.connect()
  File "/usr/lib/python2.7/httplib.py", line 837, in connect
    self.timeout, self.source_address)
  File "/usr/lib/python2.7/socket.py", line 575, in create_connection
    raise err
error: [Errno 111] Connection refused

[rosout][INFO] 2024-03-04 01:38:46,678: Client disconnected. 0 clients total.
[rospy.core][INFO] 2024-03-04 01:38:46,681: signal_shutdown [atexit]
