

1709482008.570060588  Node Startup
1709482197.983105897 INFO /rosapi [rosapi_node:202(<module>)] [topics: /rosout] Rosapi started
1709482198.369366884 INFO /rosbridge_websocket [rosbridge_websocket:312(<module>)] [topics: /client_count, /rosout, /connected_clients] Rosbridge WebSocket server started at ws://0.0.0.0:9090
1709482214.287153005 INFO /rosbridge_websocket [autobahn_websocket.py:195(RosbridgeWebSocket.onOpen)] [topics: /client_count, /rosout, /connected_clients] Client connected.  1 clients total.
1709482214.289581060 INFO /rosbridge_websocket [autobahn_websocket.py:195(RosbridgeWebSocket.onOpen)] [topics: /client_count, /rosout, /connected_clients] Client connected.  2 clients total.
1709482214.292690992 INFO /rosbridge_websocket [autobahn_websocket.py:195(RosbridgeWebSocket.onOpen)] [topics: /client_count, /rosout, /connected_clients] Client connected.  3 clients total.
1709482214.294894933 INFO /rosbridge_websocket [autobahn_websocket.py:195(RosbridgeWebSocket.onOpen)] [topics: /client_count, /rosout, /connected_clients] Client connected.  4 clients total.
1709482214.297138929 INFO /rosbridge_websocket [autobahn_websocket.py:195(RosbridgeWebSocket.onOpen)] [topics: /client_count, /rosout, /connected_clients] Client connected.  5 clients total.
1709482214.299293041 INFO /rosbridge_websocket [autobahn_websocket.py:195(RosbridgeWebSocket.onOpen)] [topics: /client_count, /rosout, /connected_clients] Client connected.  6 clients total.
1709482214.301212072 INFO /rosbridge_websocket [autobahn_websocket.py:195(RosbridgeWebSocket.onOpen)] [topics: /client_count, /rosout, /connected_clients] Client connected.  7 clients total.
1709482214.302755117 INFO /rosbridge_websocket [autobahn_websocket.py:195(RosbridgeWebSocket.onOpen)] [topics: /client_count, /rosout, /connected_clients] Client connected.  8 clients total.
1709482214.304394960 INFO /rosbridge_websocket [autobahn_websocket.py:195(RosbridgeWebSocket.onOpen)] [topics: /client_count, /rosout, /connected_clients] Client connected.  9 clients total.
1709482214.307199954 INFO /rosbridge_websocket [autobahn_websocket.py:195(RosbridgeWebSocket.onOpen)] [topics: /client_count, /rosout, /connected_clients] Client connected.  10 clients total.
1709482214.337222099 INFO /rosbridge_websocket [autobahn_websocket.py:195(RosbridgeWebSocket.onOpen)] [topics: /client_count, /rosout, /connected_clients] Client connected.  11 clients total.
1709482214.338902950 INFO /rosbridge_websocket [autobahn_websocket.py:195(RosbridgeWebSocket.onOpen)] [topics: /client_count, /rosout, /connected_clients] Client connected.  12 clients total.
1709482214.340586900 INFO /rosbridge_websocket [autobahn_websocket.py:195(RosbridgeWebSocket.onOpen)] [topics: /client_count, /rosout, /connected_clients] Client connected.  13 clients total.
1709482214.342588901 INFO /rosbridge_websocket [autobahn_websocket.py:195(RosbridgeWebSocket.onOpen)] [topics: /client_count, /rosout, /connected_clients] Client connected.  14 clients total.
1709482214.345324993 INFO /rosbridge_websocket [autobahn_websocket.py:195(RosbridgeWebSocket.onOpen)] [topics: /client_count, /rosout, /connected_clients] Client connected.  15 clients total.
1709482214.347527027 INFO /rosbridge_websocket [autobahn_websocket.py:195(RosbridgeWebSocket.onOpen)] [topics: /client_count, /rosout, /connected_clients] Client connected.  16 clients total.
1709482215.331763029 INFO /rosbridge_websocket [autobahn_websocket.py:195(RosbridgeWebSocket.onOpen)] [topics: /client_count, /rosout, /connected_clients] Client connected.  17 clients total.
1709482215.335588932 INFO /rosbridge_websocket [autobahn_websocket.py:195(RosbridgeWebSocket.onOpen)] [topics: /client_count, /rosout, /connected_clients] Client connected.  18 clients total.
1709482215.338709115 INFO /rosbridge_websocket [autobahn_websocket.py:195(RosbridgeWebSocket.onOpen)] [topics: /client_count, /rosout, /connected_clients] Client connected.  19 clients total.
1709482215.342375993 INFO /rosbridge_websocket [autobahn_websocket.py:195(RosbridgeWebSocket.onOpen)] [topics: /client_count, /rosout, /connected_clients] Client connected.  20 clients total.
1709482215.346110105 INFO /rosbridge_websocket [autobahn_websocket.py:195(RosbridgeWebSocket.onOpen)] [topics: /client_count, /rosout, /connected_clients] Client connected.  21 clients total.
1709482215.352597951 INFO /rosbridge_websocket [autobahn_websocket.py:195(RosbridgeWebSocket.onOpen)] [topics: /client_count, /rosout, /connected_clients] Client connected.  22 clients total.
1709482216.284338951 INFO /rosbridge_websocket [protocol.py:403(RosbridgeProtocol.log)] [topics: /GetTrafficLightStatus, /client_count, /CollisionData, /SyncModeInfo, /Ego_topic, /InsnStatus, /rosout, /IntscnTL_topic, /tf, /connected_clients, /Object_topic, /ctrl_cmd, /ReplayInfo_topic] [Client 3] Subscribed to /ctrl_cmd
1709482216.291059017 INFO /rosbridge_websocket [protocol.py:403(RosbridgeProtocol.log)] [topics: /GetTrafficLightStatus, /client_count, /CollisionData, /SyncModeInfo, /Ego_topic, /InsnStatus, /rosout, /IntscnTL_topic, /tf, /connected_clients, /InsnControl, /Object_topic, /ctrl_cmd, /ReplayInfo_topic] [Client 12] Subscribed to /InsnControl
1709482216.351835012 INFO /rosbridge_websocket [protocol.py:403(RosbridgeProtocol.log)] [topics: /GetTrafficLightStatus, /client_count, /CollisionData, /SyncModeInfo, /Ego_topic, /InsnStatus, /rosout, /IntscnTL_topic, /tf, /connected_clients, /InsnControl, /ScenarioLoad, /Object_topic, /ctrl_cmd, /ReplayInfo_topic] [Client 11] Subscribed to /ScenarioLoad
1709482216.357038021 INFO /rosbridge_websocket [protocol.py:403(RosbridgeProtocol.log)] [topics: /GetTrafficLightStatus, /client_count, /CollisionData, /SyncModeInfo, /Ego_topic, /InsnStatus, /rosout, /IntscnTL_topic, /tf, /connected_clients, /InsnControl, /ScenarioLoad, /Object_topic, /ctrl_cmd, /ReplayInfo_topic] [Client 16] Advertised service /Service_MoraiEventCmd.
1709482216.365356922 INFO /rosbridge_websocket [protocol.py:403(RosbridgeProtocol.log)] [topics: /GetTrafficLightStatus, /CollisionData, /SyncModeInfo, /Ego_topic, /rosout, /SensorPosControl, /tf, /connected_clients, /InsnControl, /ctrl_cmd, /ReplayInfo_topic, /client_count, /ScenarioLoad, /InsnStatus, /IntscnTL_topic, /Object_topic] [Client 19] Advertised service /SyncModeSetGear.
1709482216.374706029 INFO /rosbridge_websocket [protocol.py:403(RosbridgeProtocol.log)] [topics: /GetTrafficLightStatus, /CollisionData, /SyncModeInfo, /Ego_topic, /rosout, /SensorPosControl, /tf, /connected_clients, /InsnControl, /ctrl_cmd, /ReplayInfo_topic, /client_count, /ScenarioLoad, /InsnStatus, /IntscnTL_topic, /Object_topic] [Client 21] Advertised service /SyncModeWaitForTick.
1709482216.385797023 INFO /rosbridge_websocket [protocol.py:403(RosbridgeProtocol.log)] [topics: /GetTrafficLightStatus, /CollisionData, /SyncModeInfo, /Ego_topic, /rosout, /SensorPosControl, /tf, /connected_clients, /InsnControl, /ctrl_cmd, /ReplayInfo_topic, /client_count, /ScenarioLoad, /InsnStatus, /IntscnTL_topic, /Object_topic] [Client 18] Advertised service /SyncModeCtrlCmd.
1709482216.391069889 INFO /rosbridge_websocket [protocol.py:403(RosbridgeProtocol.log)] [topics: /GetTrafficLightStatus, /CollisionData, /SyncModeInfo, /Ego_topic, /rosout, /SensorPosControl, /tf, /connected_clients, /InsnControl, /ctrl_cmd, /ReplayInfo_topic, /client_count, /ScenarioLoad, /InsnStatus, /IntscnTL_topic, /Object_topic] [Client 14] Subscribed to /SensorPosControl
1709482216.403269052 INFO /rosbridge_websocket [protocol.py:403(RosbridgeProtocol.log)] [topics: /GetTrafficLightStatus, /CollisionData, /SyncModeInfo, /Ego_topic, /rosout, /SensorPosControl, /tf, /connected_clients, /InsnControl, /ctrl_cmd, /ReplayInfo_topic, /client_count, /lamps, /ScenarioLoad, /InsnStatus, /IntscnTL_topic, /Object_topic] [Client 17] Advertised service /SyncModeCmd.
1709482216.414766073 INFO /rosbridge_websocket [protocol.py:403(RosbridgeProtocol.log)] [topics: /GetTrafficLightStatus, /CollisionData, /SyncModeInfo, /Ego_topic, /rosout, /SensorPosControl, /tf, /connected_clients, /InsnControl, /ctrl_cmd, /ReplayInfo_topic, /client_count, /lamps, /ScenarioLoad, /InsnStatus, /IntscnTL_topic, /Object_topic] [Client 20] Advertised service /Service_MoraiMapSpec.
1709482216.427212953 INFO /rosbridge_websocket [protocol.py:403(RosbridgeProtocol.log)] [topics: /GetTrafficLightStatus, /CollisionData, /SyncModeInfo, /Ego_topic, /rosout, /SensorPosControl, /tf, /connected_clients, /InsnControl, /ctrl_cmd, /ReplayInfo_topic, /client_count, /lamps, /ScenarioLoad, /InsnStatus, /IntscnTL_topic, /Object_topic] [Client 13] Subscribed to /lamps
1709482216.442385911 INFO /rosbridge_websocket [protocol.py:403(RosbridgeProtocol.log)] [topics: /GetTrafficLightStatus, /CollisionData, /SyncModeInfo, /Ego_topic, /rosout, /SensorPosControl, /tf, /connected_clients, /InsnControl, /ctrl_cmd, /ReplayInfo_topic, /client_count, /SetTrafficLight, /lamps, /ScenarioLoad, /InsnStatus, /IntscnTL_topic, /Object_topic] [Client 10] Subscribed to /SetTrafficLight
1709482216.457927942 INFO /rosbridge_websocket [protocol.py:403(RosbridgeProtocol.log)] [topics: /GetTrafficLightStatus, /CollisionData, /SyncModeInfo, /Ego_topic, /rosout, /SensorPosControl, /tf, /connected_clients, /InsnControl, /ctrl_cmd, /ReplayInfo_topic, /client_count, /SetTrafficLight, /SaveSensorData, /lamps, /ScenarioLoad, /InsnStatus, /IntscnTL_topic, /Object_topic] [Client 15] Subscribed to /SaveSensorData
