[rosmaster.main][INFO] 2024-02-29 16:28:47,041: initialization complete, waiting for shutdown
[rosmaster.main][INFO] 2024-02-29 16:28:47,041: Starting ROS Master Node
[xmlrpc][INFO] 2024-02-29 16:28:47,044: XML-RPC server binding to 0.0.0.0:11311
[xmlrpc][INFO] 2024-02-29 16:28:47,044: Started XML-RPC server [http://DESKTOP-LL832F4:11311/]
[xmlrpc][INFO] 2024-02-29 16:28:47,045: xml rpc node: starting XML-RPC server
[rosmaster.master][INFO] 2024-02-29 16:28:47,045: Master initialized: port[11311], uri[http://DESKTOP-LL832F4:11311/]
[rosmaster.master][INFO] 2024-02-29 16:28:47,140: +PARAM [/run_id] by /roslaunch
[rosmaster.master][INFO] 2024-02-29 16:28:47,141: +PARAM [/roslaunch/uris/host_desktop_ll832f4__42821] by /roslaunch
[rosmaster.master][INFO] 2024-02-29 16:28:47,186: +PARAM [/rosbridge_websocket/unregister_timeout] by /roslaunch
[rosmaster.master][INFO] 2024-02-29 16:28:47,186: +PARAM [/rosbridge_websocket/port] by /roslaunch
[rosmaster.master][INFO] 2024-02-29 16:28:47,186: +PARAM [/rosdistro] by /roslaunch
[rosmaster.master][INFO] 2024-02-29 16:28:47,186: +PARAM [/rosbridge_websocket/fragment_timeout] by /roslaunch
[rosmaster.master][INFO] 2024-02-29 16:28:47,186: +PARAM [/rosbridge_websocket/bson_only_mode] by /roslaunch
[rosmaster.master][INFO] 2024-02-29 16:28:47,186: +PARAM [/rosapi/params_glob] by /roslaunch
[rosmaster.master][INFO] 2024-02-29 16:28:47,186: +PARAM [/rosbridge_websocket/delay_between_messages] by /roslaunch
[rosmaster.master][INFO] 2024-02-29 16:28:47,186: +PARAM [/rosbridge_websocket/websocket_ping_interval] by /roslaunch
[rosmaster.master][INFO] 2024-02-29 16:28:47,186: +PARAM [/rosversion] by /roslaunch
[rosmaster.master][INFO] 2024-02-29 16:28:47,186: +PARAM [/rosbridge_websocket/topics_glob] by /roslaunch
[rosmaster.master][INFO] 2024-02-29 16:28:47,186: +PARAM [/rosbridge_websocket/authenticate] by /roslaunch
[rosmaster.master][INFO] 2024-02-29 16:28:47,186: +PARAM [/rosbridge_websocket/params_glob] by /roslaunch
[rosmaster.master][INFO] 2024-02-29 16:28:47,187: +PARAM [/rosbridge_websocket/websocket_external_port] by /roslaunch
[rosmaster.master][INFO] 2024-02-29 16:28:47,187: +PARAM [/rosapi/services_glob] by /roslaunch
[rosmaster.master][INFO] 2024-02-29 16:28:47,187: +PARAM [/rosbridge_websocket/retry_startup_delay] by /roslaunch
[rosmaster.master][INFO] 2024-02-29 16:28:47,187: +PARAM [/rosbridge_websocket/services_glob] by /roslaunch
[rosmaster.master][INFO] 2024-02-29 16:28:47,187: +PARAM [/rosbridge_websocket/websocket_ping_timeout] by /roslaunch
[rosmaster.master][INFO] 2024-02-29 16:28:47,187: +PARAM [/rosbridge_websocket/address] by /roslaunch
[rosmaster.master][INFO] 2024-02-29 16:28:47,187: +PARAM [/rosapi/topics_glob] by /roslaunch
[rosmaster.master][INFO] 2024-02-29 16:28:47,187: +PARAM [/rosbridge_websocket/use_compression] by /roslaunch
[rosmaster.master][INFO] 2024-02-29 16:28:47,187: +PARAM [/rosbridge_websocket/max_message_size] by /roslaunch
[rosmaster.master][INFO] 2024-02-29 16:28:47,193: +SERVICE [/rosout/get_loggers] /rosout http://DESKTOP-LL832F4:42509/
[rosmaster.master][INFO] 2024-02-29 16:28:47,194: +SERVICE [/rosout/set_logger_level] /rosout http://DESKTOP-LL832F4:42509/
[rosmaster.master][INFO] 2024-02-29 16:28:47,195: +PUB [/rosout_agg] /rosout http://DESKTOP-LL832F4:42509/
[rosmaster.master][INFO] 2024-02-29 16:28:47,197: +SUB [/rosout] /rosout http://DESKTOP-LL832F4:42509/
[rosmaster.master][INFO] 2024-02-29 16:28:47,764: +PUB [/rosout] /rosapi http://DESKTOP-LL832F4:43831/
[rosmaster.master][INFO] 2024-02-29 16:28:47,766: +SERVICE [/rosapi/get_loggers] /rosapi http://DESKTOP-LL832F4:43831/
[rosmaster.master][INFO] 2024-02-29 16:28:47,766: +SERVICE [/rosapi/set_logger_level] /rosapi http://DESKTOP-LL832F4:43831/
[rosmaster.master][INFO] 2024-02-29 16:28:47,769: +SERVICE [/rosapi/topics] /rosapi http://DESKTOP-LL832F4:43831/
[rosmaster.master][INFO] 2024-02-29 16:28:47,770: +SERVICE [/rosapi/topics_for_type] /rosapi http://DESKTOP-LL832F4:43831/
[rosmaster.master][INFO] 2024-02-29 16:28:47,770: +SERVICE [/rosapi/services] /rosapi http://DESKTOP-LL832F4:43831/
[rosmaster.master][INFO] 2024-02-29 16:28:47,771: +SERVICE [/rosapi/services_for_type] /rosapi http://DESKTOP-LL832F4:43831/
[rosmaster.master][INFO] 2024-02-29 16:28:47,772: +SERVICE [/rosapi/nodes] /rosapi http://DESKTOP-LL832F4:43831/
[rosmaster.master][INFO] 2024-02-29 16:28:47,773: +SERVICE [/rosapi/node_details] /rosapi http://DESKTOP-LL832F4:43831/
[rosmaster.master][INFO] 2024-02-29 16:28:47,776: +SERVICE [/rosapi/action_servers] /rosapi http://DESKTOP-LL832F4:43831/
[rosmaster.master][INFO] 2024-02-29 16:28:47,778: +SERVICE [/rosapi/topic_type] /rosapi http://DESKTOP-LL832F4:43831/
[rosmaster.master][INFO] 2024-02-29 16:28:47,779: +SERVICE [/rosapi/service_type] /rosapi http://DESKTOP-LL832F4:43831/
[rosmaster.master][INFO] 2024-02-29 16:28:47,780: +SERVICE [/rosapi/publishers] /rosapi http://DESKTOP-LL832F4:43831/
[rosmaster.master][INFO] 2024-02-29 16:28:47,781: +SERVICE [/rosapi/subscribers] /rosapi http://DESKTOP-LL832F4:43831/
[rosmaster.master][INFO] 2024-02-29 16:28:47,782: +SERVICE [/rosapi/service_providers] /rosapi http://DESKTOP-LL832F4:43831/
[rosmaster.master][INFO] 2024-02-29 16:28:47,783: +SERVICE [/rosapi/service_node] /rosapi http://DESKTOP-LL832F4:43831/
[rosmaster.master][INFO] 2024-02-29 16:28:47,784: +SERVICE [/rosapi/service_host] /rosapi http://DESKTOP-LL832F4:43831/
[rosmaster.master][INFO] 2024-02-29 16:28:47,785: +SERVICE [/rosapi/message_details] /rosapi http://DESKTOP-LL832F4:43831/
[rosmaster.master][INFO] 2024-02-29 16:28:47,785: +SERVICE [/rosapi/service_request_details] /rosapi http://DESKTOP-LL832F4:43831/
[rosmaster.master][INFO] 2024-02-29 16:28:47,786: +SERVICE [/rosapi/service_response_details] /rosapi http://DESKTOP-LL832F4:43831/
[rosmaster.master][INFO] 2024-02-29 16:28:47,787: +SERVICE [/rosapi/set_param] /rosapi http://DESKTOP-LL832F4:43831/
[rosmaster.master][INFO] 2024-02-29 16:28:47,788: +SERVICE [/rosapi/get_param] /rosapi http://DESKTOP-LL832F4:43831/
[rosmaster.master][INFO] 2024-02-29 16:28:47,789: +SERVICE [/rosapi/has_param] /rosapi http://DESKTOP-LL832F4:43831/
[rosmaster.master][INFO] 2024-02-29 16:28:47,789: +SERVICE [/rosapi/search_param] /rosapi http://DESKTOP-LL832F4:43831/
[rosmaster.master][INFO] 2024-02-29 16:28:47,790: +SERVICE [/rosapi/delete_param] /rosapi http://DESKTOP-LL832F4:43831/
[rosmaster.master][INFO] 2024-02-29 16:28:47,791: +SERVICE [/rosapi/get_param_names] /rosapi http://DESKTOP-LL832F4:43831/
[rosmaster.master][INFO] 2024-02-29 16:28:47,792: +SERVICE [/rosapi/get_time] /rosapi http://DESKTOP-LL832F4:43831/
[rosmaster.master][INFO] 2024-02-29 16:28:47,793: +SERVICE [/rosapi/topics_and_raw_types] /rosapi http://DESKTOP-LL832F4:43831/
[rosmaster.master][INFO] 2024-02-29 16:28:47,794: +CACHEDPARAM [/rosout_disable_topics_generation] by /rosapi
[rosmaster.master][INFO] 2024-02-29 16:28:47,844: publisherUpdate[/rosout] -> http://DESKTOP-LL832F4:42509/ ['http://DESKTOP-LL832F4:43831/']
[rosmaster.master][INFO] 2024-02-29 16:28:47,846: publisherUpdate[/rosout] -> http://DESKTOP-LL832F4:42509/ ['http://DESKTOP-LL832F4:43831/']: sec=0.00, result=[1, '', 0]
[rosmaster.master][INFO] 2024-02-29 16:28:48,048: +CACHEDPARAM [/rosout/omit_topics] by /rosout
[rosmaster.master][INFO] 2024-02-29 16:28:48,235: +PUB [/rosout] /rosbridge_websocket http://DESKTOP-LL832F4:39803/
[rosmaster.master][INFO] 2024-02-29 16:28:48,237: +SERVICE [/rosbridge_websocket/get_loggers] /rosbridge_websocket http://DESKTOP-LL832F4:39803/
[rosmaster.master][INFO] 2024-02-29 16:28:48,238: +SERVICE [/rosbridge_websocket/set_logger_level] /rosbridge_websocket http://DESKTOP-LL832F4:39803/
[rosmaster.master][INFO] 2024-02-29 16:28:48,245: +PUB [/client_count] /rosbridge_websocket http://DESKTOP-LL832F4:39803/
[rosmaster.master][INFO] 2024-02-29 16:28:48,246: +PUB [/connected_clients] /rosbridge_websocket http://DESKTOP-LL832F4:39803/
[rosmaster.master][INFO] 2024-02-29 16:28:48,247: publisherUpdate[/rosout] -> http://DESKTOP-LL832F4:42509/ ['http://DESKTOP-LL832F4:43831/', 'http://DESKTOP-LL832F4:39803/']
[rosmaster.master][INFO] 2024-02-29 16:28:48,249: publisherUpdate[/rosout] -> http://DESKTOP-LL832F4:42509/ ['http://DESKTOP-LL832F4:43831/', 'http://DESKTOP-LL832F4:39803/']: sec=0.00, result=[1, '', 0]
[rosmaster.master][INFO] 2024-02-29 16:28:48,250: +PARAM [/rosbridge_websocket/actual_port] by /rosbridge_websocket
[rosmaster.master][INFO] 2024-02-29 16:28:48,252: +CACHEDPARAM [/rosout_disable_topics_generation] by /rosbridge_websocket
[rosmaster.master][INFO] 2024-02-29 16:28:56,345: -PUB [/client_count] /rosbridge_websocket http://DESKTOP-LL832F4:39803/
[rosmaster.master][INFO] 2024-02-29 16:28:56,347: -PUB [/rosout] /rosapi http://DESKTOP-LL832F4:43831/
[rosmaster.master][INFO] 2024-02-29 16:28:56,347: -PUB [/rosout] /rosbridge_websocket http://DESKTOP-LL832F4:39803/
[rosmaster.master][INFO] 2024-02-29 16:28:56,347: -SERVICE [/rosapi/get_loggers] /rosapi rosrpc://DESKTOP-LL832F4:45261
[rosmaster.master][INFO] 2024-02-29 16:28:56,347: -PUB [/connected_clients] /rosbridge_websocket http://DESKTOP-LL832F4:39803/
[rosmaster.master][INFO] 2024-02-29 16:28:56,348: -SERVICE [/rosapi/has_param] /rosapi rosrpc://DESKTOP-LL832F4:45261
[rosmaster.master][INFO] 2024-02-29 16:28:56,348: -SERVICE [/rosbridge_websocket/set_logger_level] /rosbridge_websocket rosrpc://DESKTOP-LL832F4:45667
[rosmaster.master][INFO] 2024-02-29 16:28:56,348: -SERVICE [/rosapi/delete_param] /rosapi rosrpc://DESKTOP-LL832F4:45261
[rosmaster.master][INFO] 2024-02-29 16:28:56,348: -SERVICE [/rosbridge_websocket/get_loggers] /rosbridge_websocket rosrpc://DESKTOP-LL832F4:45667
[rosmaster.master][INFO] 2024-02-29 16:28:56,348: -SERVICE [/rosapi/search_param] /rosapi rosrpc://DESKTOP-LL832F4:45261
[rosmaster.master][INFO] 2024-02-29 16:28:56,349: -SERVICE [/rosapi/action_servers] /rosapi rosrpc://DESKTOP-LL832F4:45261
[rosmaster.master][INFO] 2024-02-29 16:28:56,349: -SERVICE [/rosapi/topic_type] /rosapi rosrpc://DESKTOP-LL832F4:45261
[rosmaster.master][INFO] 2024-02-29 16:28:56,349: -SERVICE [/rosapi/subscribers] /rosapi rosrpc://DESKTOP-LL832F4:45261
[rosmaster.master][INFO] 2024-02-29 16:28:56,349: -SERVICE [/rosapi/set_logger_level] /rosapi rosrpc://DESKTOP-LL832F4:45261
[rosmaster.master][INFO] 2024-02-29 16:28:56,349: -SERVICE [/rosapi/service_response_details] /rosapi rosrpc://DESKTOP-LL832F4:45261
[rosmaster.master][INFO] 2024-02-29 16:28:56,350: -SERVICE [/rosapi/service_host] /rosapi rosrpc://DESKTOP-LL832F4:45261
[rosmaster.master][INFO] 2024-02-29 16:28:56,350: -SERVICE [/rosapi/publishers] /rosapi rosrpc://DESKTOP-LL832F4:45261
[rosmaster.master][INFO] 2024-02-29 16:28:56,350: -SERVICE [/rosapi/topics] /rosapi rosrpc://DESKTOP-LL832F4:45261
[rosmaster.master][INFO] 2024-02-29 16:28:56,350: -SERVICE [/rosapi/get_param_names] /rosapi rosrpc://DESKTOP-LL832F4:45261
[rosmaster.master][INFO] 2024-02-29 16:28:56,350: -SERVICE [/rosapi/get_time] /rosapi rosrpc://DESKTOP-LL832F4:45261
[rosmaster.master][INFO] 2024-02-29 16:28:56,350: -SERVICE [/rosapi/message_details] /rosapi rosrpc://DESKTOP-LL832F4:45261
[rosmaster.master][INFO] 2024-02-29 16:28:56,350: -SERVICE [/rosapi/services] /rosapi rosrpc://DESKTOP-LL832F4:45261
[rosmaster.master][INFO] 2024-02-29 16:28:56,350: -SERVICE [/rosapi/topics_and_raw_types] /rosapi rosrpc://DESKTOP-LL832F4:45261
[rosmaster.master][INFO] 2024-02-29 16:28:56,350: -SERVICE [/rosapi/service_node] /rosapi rosrpc://DESKTOP-LL832F4:45261
[rosmaster.master][INFO] 2024-02-29 16:28:56,350: -SERVICE [/rosapi/services_for_type] /rosapi rosrpc://DESKTOP-LL832F4:45261
[rosmaster.master][INFO] 2024-02-29 16:28:56,350: -SERVICE [/rosapi/nodes] /rosapi rosrpc://DESKTOP-LL832F4:45261
[rosmaster.master][INFO] 2024-02-29 16:28:56,350: -SERVICE [/rosapi/node_details] /rosapi rosrpc://DESKTOP-LL832F4:45261
[rosmaster.master][INFO] 2024-02-29 16:28:56,350: -SERVICE [/rosapi/service_providers] /rosapi rosrpc://DESKTOP-LL832F4:45261
[rosmaster.master][INFO] 2024-02-29 16:28:56,350: -SERVICE [/rosapi/get_param] /rosapi rosrpc://DESKTOP-LL832F4:45261
[rosmaster.master][INFO] 2024-02-29 16:28:56,350: -SERVICE [/rosapi/topics_for_type] /rosapi rosrpc://DESKTOP-LL832F4:45261
[rosmaster.master][INFO] 2024-02-29 16:28:56,350: -SERVICE [/rosapi/set_param] /rosapi rosrpc://DESKTOP-LL832F4:45261
[rosmaster.master][INFO] 2024-02-29 16:28:56,350: -SERVICE [/rosapi/service_request_details] /rosapi rosrpc://DESKTOP-LL832F4:45261
[rosmaster.master][INFO] 2024-02-29 16:28:56,350: -SERVICE [/rosapi/service_type] /rosapi rosrpc://DESKTOP-LL832F4:45261
[rosmaster.master][INFO] 2024-02-29 16:28:56,363: publisherUpdate[/rosout] -> http://DESKTOP-LL832F4:42509/ ['http://DESKTOP-LL832F4:39803/']
[rosmaster.master][INFO] 2024-02-29 16:28:56,364: publisherUpdate[/rosout] -> http://DESKTOP-LL832F4:42509/ ['http://DESKTOP-LL832F4:39803/']: sec=0.00, result=[1, '', 0]
[rosmaster.master][INFO] 2024-02-29 16:28:56,364: publisherUpdate[/rosout] -> http://DESKTOP-LL832F4:42509/ []
[rosmaster.master][INFO] 2024-02-29 16:28:56,364: publisherUpdate[/rosout] -> http://DESKTOP-LL832F4:42509/ []: sec=0.00, result=[1, '', 0]
[rosmaster.master][INFO] 2024-02-29 16:28:56,665: -PUB [/rosout_agg] /rosout http://DESKTOP-LL832F4:42509/
[rosmaster.master][INFO] 2024-02-29 16:28:56,666: -SUB [/rosout] /rosout http://DESKTOP-LL832F4:42509/
[rosmaster.master][INFO] 2024-02-29 16:28:56,666: -SERVICE [/rosout/get_loggers] /rosout rosrpc://DESKTOP-LL832F4:59113
[rosmaster.master][INFO] 2024-02-29 16:28:56,667: -SERVICE [/rosout/set_logger_level] /rosout rosrpc://DESKTOP-LL832F4:59113
[rosmaster.master][INFO] 2024-02-29 16:28:56,667: -CACHEDPARAM [/rosout/omit_topics] by /rosout
[rosmaster.main][INFO] 2024-02-29 16:28:56,745: keyboard interrupt, will exit
[rosmaster.main][INFO] 2024-02-29 16:28:56,745: stopping master...
[rospy.core][INFO] 2024-02-29 16:28:56,745: signal_shutdown [atexit]
