[rospy.client][INFO] 2024-02-29 17:39:17,126: init_node, name[/AddTwoInts_server_17760_1709195957097], pid[17760]
[xmlrpc][INFO] 2024-02-29 17:39:17,127: XML-RPC server binding to 0.0.0.0:0
[xmlrpc][INFO] 2024-02-29 17:39:17,127: Started XML-RPC server [http://DESKTOP-LL832F4:42575/]
[rospy.impl.masterslave][INFO] 2024-02-29 17:39:17,128: _ready: http://DESKTOP-LL832F4:42575/
[xmlrpc][INFO] 2024-02-29 17:39:17,129: xml rpc node: starting XML-RPC server
[rospy.init][INFO] 2024-02-29 17:39:17,129: ROS Slave URI: [http://DESKTOP-LL832F4:42575/]
[rospy.registration][INFO] 2024-02-29 17:39:17,130: Registering with master node http://localhost:11311
[rospy.init][INFO] 2024-02-29 17:39:17,230: registered with master
[rospy.rosout][INFO] 2024-02-29 17:39:17,231: initializing /rosout core topic
[rospy.rosout][INFO] 2024-02-29 17:39:17,235: connected to core topic /rosout
[rospy.simtime][INFO] 2024-02-29 17:39:17,236: /use_sim_time is not set, will not subscribe to simulated time [/clock] topic
[rospy.internal][INFO] 2024-02-29 17:39:17,460: topic[/rosout] adding connection to [/rosout], count 0
[rosout][INFO] 2024-02-29 17:39:42,777: (AddTwoInts) 10 + 11 = 
[rosout][INFO] 2024-02-29 17:39:43,778: (AddTwoInts) 10 + 11 = 
[rosout][INFO] 2024-02-29 17:39:44,778: (AddTwoInts) 10 + 11 = 
[rosout][INFO] 2024-02-29 17:39:45,777: (AddTwoInts) 10 + 11 = 
[rosout][INFO] 2024-02-29 17:39:46,778: (AddTwoInts) 10 + 11 = 
[rosout][INFO] 2024-02-29 17:39:47,778: (AddTwoInts) 10 + 11 = 
[rosout][INFO] 2024-02-29 17:39:48,778: (AddTwoInts) 10 + 11 = 
[rosout][INFO] 2024-02-29 17:39:49,777: (AddTwoInts) 10 + 11 = 
[rosout][INFO] 2024-02-29 17:39:50,777: (AddTwoInts) 10 + 11 = 
[rosout][INFO] 2024-02-29 17:39:51,777: (AddTwoInts) 10 + 11 = 
[rosout][INFO] 2024-02-29 17:39:52,778: (AddTwoInts) 10 + 11 = 
[rosout][INFO] 2024-02-29 17:39:53,777: (AddTwoInts) 10 + 11 = 
[rosout][INFO] 2024-02-29 17:39:54,777: (AddTwoInts) 10 + 11 = 
[rosout][INFO] 2024-02-29 17:39:55,778: (AddTwoInts) 10 + 11 = 
[rosout][INFO] 2024-02-29 17:39:56,778: (AddTwoInts) 10 + 11 = 
[rosout][INFO] 2024-02-29 17:39:57,777: (AddTwoInts) 10 + 11 = 
[rosout][INFO] 2024-02-29 17:39:58,777: (AddTwoInts) 10 + 11 = 
[rosout][INFO] 2024-02-29 17:39:59,778: (AddTwoInts) 10 + 11 = 
[rosout][INFO] 2024-02-29 17:40:00,778: (AddTwoInts) 10 + 11 = 
[rosout][INFO] 2024-02-29 17:40:01,778: (AddTwoInts) 10 + 11 = 
[rosout][INFO] 2024-02-29 17:40:02,778: (AddTwoInts) 10 + 11 = 
[rosout][INFO] 2024-02-29 17:40:03,778: (AddTwoInts) 10 + 11 = 
[rosout][INFO] 2024-02-29 17:40:04,778: (AddTwoInts) 10 + 11 = 
[rosout][INFO] 2024-02-29 17:40:05,778: (AddTwoInts) 10 + 11 = 
[rosout][INFO] 2024-02-29 17:40:06,778: (AddTwoInts) 10 + 11 = 
[rosout][INFO] 2024-02-29 17:40:07,777: (AddTwoInts) 10 + 11 = 
[rosout][INFO] 2024-02-29 17:40:08,778: (AddTwoInts) 10 + 11 = 
[rosout][INFO] 2024-02-29 17:40:09,778: (AddTwoInts) 10 + 11 = 
[rosout][INFO] 2024-02-29 17:40:10,778: (AddTwoInts) 10 + 11 = 
[rosout][INFO] 2024-02-29 17:40:11,777: (AddTwoInts) 10 + 11 = 
[rosout][INFO] 2024-02-29 17:40:12,778: (AddTwoInts) 10 + 11 = 
[rosout][INFO] 2024-02-29 17:40:13,777: (AddTwoInts) 10 + 11 = 
[rospy.core][INFO] 2024-02-29 17:40:16,944: signal_shutdown [signal-2]
[rospy.internal][INFO] 2024-02-29 17:40:16,947: topic[/rosout] removing connection to /rosout
[rospy.impl.masterslave][INFO] 2024-02-29 17:40:16,948: signal-2
[rospy.core][INFO] 2024-02-29 17:40:17,080: signal_shutdown [atexit]
