[rospy.client][INFO] 2024-03-04 14:00:39,280: init_node, name[/Ego_Control_Command_10908_1709528439255], pid[10908]
[xmlrpc][INFO] 2024-03-04 14:00:39,280: XML-RPC server binding to 0.0.0.0:0
[xmlrpc][INFO] 2024-03-04 14:00:39,281: Started XML-RPC server [http://DESKTOP-LL832F4:36177/]
[rospy.impl.masterslave][INFO] 2024-03-04 14:00:39,281: _ready: http://DESKTOP-LL832F4:36177/
[rospy.init][INFO] 2024-03-04 14:00:39,281: ROS Slave URI: [http://DESKTOP-LL832F4:36177/]
[xmlrpc][INFO] 2024-03-04 14:00:39,282: xml rpc node: starting XML-RPC server
[rospy.registration][INFO] 2024-03-04 14:00:39,283: Registering with master node http://localhost:11311
[rospy.registration][INFO] 2024-03-04 14:00:39,283: Registering publisher topic [/ctrl_cmd] type [morai_msgs/CtrlCmd] with master
[rospy.init][INFO] 2024-03-04 14:00:39,383: registered with master
[rospy.rosout][INFO] 2024-03-04 14:00:39,383: initializing /rosout core topic
[rospy.rosout][INFO] 2024-03-04 14:00:39,385: connected to core topic /rosout
[rospy.simtime][INFO] 2024-03-04 14:00:39,386: /use_sim_time is not set, will not subscribe to simulated time [/clock] topic
[rosout][INFO] 2024-03-04 14:00:39,388: longlCmdType: 1
accel: 1.0
brake: 0.0
steering: 0.6
velocity: 0.0
acceleration: 0.0
[rospy.internal][INFO] 2024-03-04 14:00:39,392: topic[/ctrl_cmd] adding connection to [/rosbridge_websocket], count 0
[rospy.internal][INFO] 2024-03-04 14:00:39,654: topic[/rosout] adding connection to [/rosout], count 0
[rosout][INFO] 2024-03-04 14:00:40,389: longlCmdType: 1
accel: 1.0
brake: 0.0
steering: 0.6
velocity: 0.0
acceleration: 0.0
[rosout][INFO] 2024-03-04 14:00:41,389: longlCmdType: 1
accel: 1.0
brake: 0.0
steering: 0.6
velocity: 0.0
acceleration: 0.0
[rosout][INFO] 2024-03-04 14:00:42,389: longlCmdType: 1
accel: 1.0
brake: 0.0
steering: 0.6
velocity: 0.0
acceleration: 0.0
[rosout][INFO] 2024-03-04 14:00:43,389: longlCmdType: 1
accel: 1.0
brake: 0.0
steering: 0.6
velocity: 0.0
acceleration: 0.0
[rosout][INFO] 2024-03-04 14:00:44,389: longlCmdType: 1
accel: 1.0
brake: 0.0
steering: 0.6
velocity: 0.0
acceleration: 0.0
[rosout][INFO] 2024-03-04 14:00:45,388: longlCmdType: 1
accel: 1.0
brake: 0.0
steering: 0.6
velocity: 0.0
acceleration: 0.0
[rosout][INFO] 2024-03-04 14:00:46,389: longlCmdType: 1
accel: 1.0
brake: 0.0
steering: 0.6
velocity: 0.0
acceleration: 0.0
[rosout][INFO] 2024-03-04 14:00:47,389: longlCmdType: 1
accel: 1.0
brake: 0.0
steering: 0.6
velocity: 0.0
acceleration: 0.0
[rosout][INFO] 2024-03-04 14:00:48,389: longlCmdType: 1
accel: 1.0
brake: 0.0
steering: 0.6
velocity: 0.0
acceleration: 0.0
[rosout][INFO] 2024-03-04 14:00:49,389: longlCmdType: 1
accel: 1.0
brake: 0.0
steering: 0.6
velocity: 0.0
acceleration: 0.0
[rosout][INFO] 2024-03-04 14:00:50,389: longlCmdType: 1
accel: 1.0
brake: 0.0
steering: 0.6
velocity: 0.0
acceleration: 0.0
[rosout][INFO] 2024-03-04 14:00:51,389: longlCmdType: 1
accel: 1.0
brake: 0.0
steering: 0.6
velocity: 0.0
acceleration: 0.0
[rosout][INFO] 2024-03-04 14:00:52,389: longlCmdType: 1
accel: 1.0
brake: 0.0
steering: 0.6
velocity: 0.0
acceleration: 0.0
[rosout][INFO] 2024-03-04 14:00:53,389: longlCmdType: 1
accel: 1.0
brake: 0.0
steering: 0.6
velocity: 0.0
acceleration: 0.0
[rosout][INFO] 2024-03-04 14:00:54,389: longlCmdType: 1
accel: 1.0
brake: 0.0
steering: 0.6
velocity: 0.0
acceleration: 0.0
[rosout][INFO] 2024-03-04 14:00:55,389: longlCmdType: 1
accel: 1.0
brake: 0.0
steering: 0.6
velocity: 0.0
acceleration: 0.0
[rospy.core][INFO] 2024-03-04 14:00:55,877: signal_shutdown [signal-2]
[rospy.internal][INFO] 2024-03-04 14:00:55,879: topic[/rosout] removing connection to /rosout
[rospy.internal][INFO] 2024-03-04 14:00:55,879: topic[/ctrl_cmd] removing connection to /rosbridge_websocket
[rospy.impl.masterslave][INFO] 2024-03-04 14:00:55,879: signal-2
[rospy.core][INFO] 2024-03-04 14:00:56,012: signal_shutdown [atexit]
