[rospy.client][INFO] 2024-03-05 11:17:50,620: init_node, name[/Ego_Control_Command_3718_1709605070598], pid[3718]
[xmlrpc][INFO] 2024-03-05 11:17:50,621: XML-RPC server binding to 0.0.0.0:0
[xmlrpc][INFO] 2024-03-05 11:17:50,622: Started XML-RPC server [http://DESKTOP-LL832F4:45805/]
[rospy.impl.masterslave][INFO] 2024-03-05 11:17:50,622: _ready: http://DESKTOP-LL832F4:45805/
[rospy.init][INFO] 2024-03-05 11:17:50,622: ROS Slave URI: [http://DESKTOP-LL832F4:45805/]
[xmlrpc][INFO] 2024-03-05 11:17:50,623: xml rpc node: starting XML-RPC server
[rospy.registration][INFO] 2024-03-05 11:17:50,624: Registering with master node http://localhost:11311
[rospy.registration][INFO] 2024-03-05 11:17:50,624: Registering publisher topic [/ctrl_cmd] type [morai_msgs/CtrlCmd] with master
[rospy.internal][INFO] 2024-03-05 11:17:50,648: topic[/ctrl_cmd] adding connection to [/rosbridge_websocket], count 0
[rospy.init][INFO] 2024-03-05 11:17:50,723: registered with master
[rospy.rosout][INFO] 2024-03-05 11:17:50,724: initializing /rosout core topic
[rospy.rosout][INFO] 2024-03-05 11:17:50,725: connected to core topic /rosout
[rospy.simtime][INFO] 2024-03-05 11:17:50,726: /use_sim_time is not set, will not subscribe to simulated time [/clock] topic
[rosout][INFO] 2024-03-05 11:17:50,729: longlCmdType: 1
accel: 1.0
brake: 0.1
steering: 0.2
velocity: 0.0
acceleration: 0.0
[rospy.internal][INFO] 2024-03-05 11:17:50,929: topic[/rosout] adding connection to [/rosout], count 0
[rosout][INFO] 2024-03-05 11:17:51,731: longlCmdType: 1
accel: 1.0
brake: 0.1
steering: 0.2
velocity: 0.0
acceleration: 0.0
[rosout][INFO] 2024-03-05 11:17:52,730: longlCmdType: 1
accel: 1.0
brake: 0.1
steering: 0.2
velocity: 0.0
acceleration: 0.0
[rosout][INFO] 2024-03-05 11:17:53,730: longlCmdType: 1
accel: 1.0
brake: 0.1
steering: 0.2
velocity: 0.0
acceleration: 0.0
[rosout][INFO] 2024-03-05 11:17:54,730: longlCmdType: 1
accel: 1.0
brake: 0.1
steering: 0.2
velocity: 0.0
acceleration: 0.0
[rosout][INFO] 2024-03-05 11:17:55,730: longlCmdType: 1
accel: 1.0
brake: 0.1
steering: 0.2
velocity: 0.0
acceleration: 0.0
[rosout][INFO] 2024-03-05 11:17:56,730: longlCmdType: 1
accel: 1.0
brake: 0.1
steering: 0.2
velocity: 0.0
acceleration: 0.0
[rosout][INFO] 2024-03-05 11:17:57,730: longlCmdType: 1
accel: 1.0
brake: 0.1
steering: 0.2
velocity: 0.0
acceleration: 0.0
[rosout][INFO] 2024-03-05 11:17:58,731: longlCmdType: 1
accel: 1.0
brake: 0.1
steering: 0.2
velocity: 0.0
acceleration: 0.0
[rosout][INFO] 2024-03-05 11:17:59,730: longlCmdType: 1
accel: 1.0
brake: 0.1
steering: 0.2
velocity: 0.0
acceleration: 0.0
[rosout][INFO] 2024-03-05 11:18:00,730: longlCmdType: 1
accel: 1.0
brake: 0.1
steering: 0.2
velocity: 0.0
acceleration: 0.0
[rosout][INFO] 2024-03-05 11:18:01,730: longlCmdType: 1
accel: 1.0
brake: 0.1
steering: 0.2
velocity: 0.0
acceleration: 0.0
[rosout][INFO] 2024-03-05 11:18:02,730: longlCmdType: 1
accel: 1.0
brake: 0.1
steering: 0.2
velocity: 0.0
acceleration: 0.0
[rosout][INFO] 2024-03-05 11:18:03,730: longlCmdType: 1
accel: 1.0
brake: 0.1
steering: 0.2
velocity: 0.0
acceleration: 0.0
[rosout][INFO] 2024-03-05 11:18:04,730: longlCmdType: 1
accel: 1.0
brake: 0.1
steering: 0.2
velocity: 0.0
acceleration: 0.0
[rosout][INFO] 2024-03-05 11:18:05,730: longlCmdType: 1
accel: 1.0
brake: 0.1
steering: 0.2
velocity: 0.0
acceleration: 0.0
[rosout][INFO] 2024-03-05 11:18:06,730: longlCmdType: 1
accel: 1.0
brake: 0.1
steering: 0.2
velocity: 0.0
acceleration: 0.0
[rosout][INFO] 2024-03-05 11:18:07,730: longlCmdType: 1
accel: 1.0
brake: 0.1
steering: 0.2
velocity: 0.0
acceleration: 0.0
[rosout][INFO] 2024-03-05 11:18:08,730: longlCmdType: 1
accel: 1.0
brake: 0.1
steering: 0.2
velocity: 0.0
acceleration: 0.0
[rospy.core][INFO] 2024-03-05 11:18:09,340: signal_shutdown [signal-2]
[rospy.internal][INFO] 2024-03-05 11:18:09,342: topic[/rosout] removing connection to /rosout
[rospy.internal][INFO] 2024-03-05 11:18:09,342: topic[/ctrl_cmd] removing connection to /rosbridge_websocket
[rospy.impl.masterslave][INFO] 2024-03-05 11:18:09,342: signal-2
[rospy.core][INFO] 2024-03-05 11:18:09,450: signal_shutdown [atexit]
