[rospy.client][INFO] 2024-03-04 13:46:51,433: init_node, name[/Ego_Control_Command_10639_1709527611406], pid[10639]
[xmlrpc][INFO] 2024-03-04 13:46:51,434: XML-RPC server binding to 0.0.0.0:0
[xmlrpc][INFO] 2024-03-04 13:46:51,435: Started XML-RPC server [http://DESKTOP-LL832F4:36079/]
[rospy.init][INFO] 2024-03-04 13:46:51,435: ROS Slave URI: [http://DESKTOP-LL832F4:36079/]
[rospy.impl.masterslave][INFO] 2024-03-04 13:46:51,435: _ready: http://DESKTOP-LL832F4:36079/
[xmlrpc][INFO] 2024-03-04 13:46:51,436: xml rpc node: starting XML-RPC server
[rospy.registration][INFO] 2024-03-04 13:46:51,436: Registering with master node http://localhost:11311
[rospy.registration][INFO] 2024-03-04 13:46:51,436: Registering publisher topic [/ctrl_cmd] type [morai_msgs/CtrlCmd] with master
[rospy.init][INFO] 2024-03-04 13:46:51,536: registered with master
[rospy.rosout][INFO] 2024-03-04 13:46:51,536: initializing /rosout core topic
[rospy.rosout][INFO] 2024-03-04 13:46:51,538: connected to core topic /rosout
[rospy.simtime][INFO] 2024-03-04 13:46:51,539: /use_sim_time is not set, will not subscribe to simulated time [/clock] topic
[rosout][INFO] 2024-03-04 13:46:51,541: longlCmdType: 1
accel: 0.5
brake: 0.1
steering: 1
velocity: 0.0
acceleration: 0.0
[rospy.internal][INFO] 2024-03-04 13:46:51,552: topic[/ctrl_cmd] adding connection to [/rosbridge_websocket], count 0
[rospy.internal][INFO] 2024-03-04 13:46:51,745: topic[/rosout] adding connection to [/rosout], count 0
[rosout][INFO] 2024-03-04 13:46:52,542: longlCmdType: 1
accel: 0.5
brake: 0.1
steering: 1
velocity: 0.0
acceleration: 0.0
[rosout][INFO] 2024-03-04 13:46:53,542: longlCmdType: 1
accel: 0.5
brake: 0.1
steering: 1
velocity: 0.0
acceleration: 0.0
[rosout][INFO] 2024-03-04 13:46:54,542: longlCmdType: 1
accel: 0.5
brake: 0.1
steering: 1
velocity: 0.0
acceleration: 0.0
[rosout][INFO] 2024-03-04 13:46:55,542: longlCmdType: 1
accel: 0.5
brake: 0.1
steering: 1
velocity: 0.0
acceleration: 0.0
[rosout][INFO] 2024-03-04 13:46:56,542: longlCmdType: 1
accel: 0.5
brake: 0.1
steering: 1
velocity: 0.0
acceleration: 0.0
[rosout][INFO] 2024-03-04 13:46:57,542: longlCmdType: 1
accel: 0.5
brake: 0.1
steering: 1
velocity: 0.0
acceleration: 0.0
[rosout][INFO] 2024-03-04 13:46:58,542: longlCmdType: 1
accel: 0.5
brake: 0.1
steering: 1
velocity: 0.0
acceleration: 0.0
[rosout][INFO] 2024-03-04 13:46:59,542: longlCmdType: 1
accel: 0.5
brake: 0.1
steering: 1
velocity: 0.0
acceleration: 0.0
[rosout][INFO] 2024-03-04 13:47:00,542: longlCmdType: 1
accel: 0.5
brake: 0.1
steering: 1
velocity: 0.0
acceleration: 0.0
[rosout][INFO] 2024-03-04 13:47:01,542: longlCmdType: 1
accel: 0.5
brake: 0.1
steering: 1
velocity: 0.0
acceleration: 0.0
[rosout][INFO] 2024-03-04 13:47:02,542: longlCmdType: 1
accel: 0.5
brake: 0.1
steering: 1
velocity: 0.0
acceleration: 0.0
[rosout][INFO] 2024-03-04 13:47:03,542: longlCmdType: 1
accel: 0.5
brake: 0.1
steering: 1
velocity: 0.0
acceleration: 0.0
[rosout][INFO] 2024-03-04 13:47:04,542: longlCmdType: 1
accel: 0.5
brake: 0.1
steering: 1
velocity: 0.0
acceleration: 0.0
[rosout][INFO] 2024-03-04 13:47:05,542: longlCmdType: 1
accel: 0.5
brake: 0.1
steering: 1
velocity: 0.0
acceleration: 0.0
[rosout][INFO] 2024-03-04 13:47:06,542: longlCmdType: 1
accel: 0.5
brake: 0.1
steering: 1
velocity: 0.0
acceleration: 0.0
[rosout][INFO] 2024-03-04 13:47:07,542: longlCmdType: 1
accel: 0.5
brake: 0.1
steering: 1
velocity: 0.0
acceleration: 0.0
[rosout][INFO] 2024-03-04 13:47:08,542: longlCmdType: 1
accel: 0.5
brake: 0.1
steering: 1
velocity: 0.0
acceleration: 0.0
[rosout][INFO] 2024-03-04 13:47:09,542: longlCmdType: 1
accel: 0.5
brake: 0.1
steering: 1
velocity: 0.0
acceleration: 0.0
[rosout][INFO] 2024-03-04 13:47:10,542: longlCmdType: 1
accel: 0.5
brake: 0.1
steering: 1
velocity: 0.0
acceleration: 0.0
[rosout][INFO] 2024-03-04 13:47:11,542: longlCmdType: 1
accel: 0.5
brake: 0.1
steering: 1
velocity: 0.0
acceleration: 0.0
[rosout][INFO] 2024-03-04 13:47:12,542: longlCmdType: 1
accel: 0.5
brake: 0.1
steering: 1
velocity: 0.0
acceleration: 0.0
[rosout][INFO] 2024-03-04 13:47:13,542: longlCmdType: 1
accel: 0.5
brake: 0.1
steering: 1
velocity: 0.0
acceleration: 0.0
[rosout][INFO] 2024-03-04 13:47:14,542: longlCmdType: 1
accel: 0.5
brake: 0.1
steering: 1
velocity: 0.0
acceleration: 0.0
[rosout][INFO] 2024-03-04 13:47:15,542: longlCmdType: 1
accel: 0.5
brake: 0.1
steering: 1
velocity: 0.0
acceleration: 0.0
[rosout][INFO] 2024-03-04 13:47:16,542: longlCmdType: 1
accel: 0.5
brake: 0.1
steering: 1
velocity: 0.0
acceleration: 0.0
[rosout][INFO] 2024-03-04 13:47:17,542: longlCmdType: 1
accel: 0.5
brake: 0.1
steering: 1
velocity: 0.0
acceleration: 0.0
[rosout][INFO] 2024-03-04 13:47:18,542: longlCmdType: 1
accel: 0.5
brake: 0.1
steering: 1
velocity: 0.0
acceleration: 0.0
[rosout][INFO] 2024-03-04 13:47:19,542: longlCmdType: 1
accel: 0.5
brake: 0.1
steering: 1
velocity: 0.0
acceleration: 0.0
[rosout][INFO] 2024-03-04 13:47:20,541: longlCmdType: 1
accel: 0.5
brake: 0.1
steering: 1
velocity: 0.0
acceleration: 0.0
[rosout][INFO] 2024-03-04 13:47:21,542: longlCmdType: 1
accel: 0.5
brake: 0.1
steering: 1
velocity: 0.0
acceleration: 0.0
[rosout][INFO] 2024-03-04 13:47:22,542: longlCmdType: 1
accel: 0.5
brake: 0.1
steering: 1
velocity: 0.0
acceleration: 0.0
[rosout][INFO] 2024-03-04 13:47:23,542: longlCmdType: 1
accel: 0.5
brake: 0.1
steering: 1
velocity: 0.0
acceleration: 0.0
[rosout][INFO] 2024-03-04 13:47:24,542: longlCmdType: 1
accel: 0.5
brake: 0.1
steering: 1
velocity: 0.0
acceleration: 0.0
[rosout][INFO] 2024-03-04 13:47:25,542: longlCmdType: 1
accel: 0.5
brake: 0.1
steering: 1
velocity: 0.0
acceleration: 0.0
[rosout][INFO] 2024-03-04 13:47:26,542: longlCmdType: 1
accel: 0.5
brake: 0.1
steering: 1
velocity: 0.0
acceleration: 0.0
[rospy.core][INFO] 2024-03-04 13:47:27,094: signal_shutdown [signal-2]
[rospy.internal][INFO] 2024-03-04 13:47:27,096: topic[/rosout] removing connection to /rosout
[rospy.internal][INFO] 2024-03-04 13:47:27,096: topic[/ctrl_cmd] removing connection to /rosbridge_websocket
[rospy.impl.masterslave][INFO] 2024-03-04 13:47:27,097: signal-2
[rospy.core][INFO] 2024-03-04 13:47:27,229: signal_shutdown [atexit]
