[rospy.client][INFO] 2024-03-04 14:04:08,815: init_node, name[/Ego_Control_Command_11036_1709528648792], pid[11036]
[xmlrpc][INFO] 2024-03-04 14:04:08,816: XML-RPC server binding to 0.0.0.0:0
[xmlrpc][INFO] 2024-03-04 14:04:08,816: Started XML-RPC server [http://DESKTOP-LL832F4:40829/]
[rospy.init][INFO] 2024-03-04 14:04:08,817: ROS Slave URI: [http://DESKTOP-LL832F4:40829/]
[rospy.impl.masterslave][INFO] 2024-03-04 14:04:08,817: _ready: http://DESKTOP-LL832F4:40829/
[xmlrpc][INFO] 2024-03-04 14:04:08,818: xml rpc node: starting XML-RPC server
[rospy.registration][INFO] 2024-03-04 14:04:08,818: Registering with master node http://localhost:11311
[rospy.registration][INFO] 2024-03-04 14:04:08,819: Registering publisher topic [/ctrl_cmd] type [morai_msgs/CtrlCmd] with master
[rospy.internal][INFO] 2024-03-04 14:04:08,844: topic[/ctrl_cmd] adding connection to [/rosbridge_websocket], count 0
[rospy.init][INFO] 2024-03-04 14:04:08,917: registered with master
[rospy.rosout][INFO] 2024-03-04 14:04:08,918: initializing /rosout core topic
[rospy.rosout][INFO] 2024-03-04 14:04:08,919: connected to core topic /rosout
[rospy.simtime][INFO] 2024-03-04 14:04:08,919: /use_sim_time is not set, will not subscribe to simulated time [/clock] topic
[rosout][INFO] 2024-03-04 14:04:08,921: longlCmdType: 1
accel: 1.0
brake: 0.1
steering: 0.2
velocity: 0.0
acceleration: 0.0
[rospy.internal][INFO] 2024-03-04 14:04:09,135: topic[/rosout] adding connection to [/rosout], count 0
[rosout][INFO] 2024-03-04 14:04:09,923: longlCmdType: 1
accel: 1.0
brake: 0.1
steering: 0.2
velocity: 0.0
acceleration: 0.0
[rosout][INFO] 2024-03-04 14:04:10,922: longlCmdType: 1
accel: 1.0
brake: 0.1
steering: 0.2
velocity: 0.0
acceleration: 0.0
[rosout][INFO] 2024-03-04 14:04:11,922: longlCmdType: 1
accel: 1.0
brake: 0.1
steering: 0.2
velocity: 0.0
acceleration: 0.0
[rosout][INFO] 2024-03-04 14:04:12,923: longlCmdType: 1
accel: 1.0
brake: 0.1
steering: 0.2
velocity: 0.0
acceleration: 0.0
[rosout][INFO] 2024-03-04 14:04:13,923: longlCmdType: 1
accel: 1.0
brake: 0.1
steering: 0.2
velocity: 0.0
acceleration: 0.0
[rosout][INFO] 2024-03-04 14:04:14,923: longlCmdType: 1
accel: 1.0
brake: 0.1
steering: 0.2
velocity: 0.0
acceleration: 0.0
[rosout][INFO] 2024-03-04 14:04:15,922: longlCmdType: 1
accel: 1.0
brake: 0.1
steering: 0.2
velocity: 0.0
acceleration: 0.0
[rosout][INFO] 2024-03-04 14:04:16,923: longlCmdType: 1
accel: 1.0
brake: 0.1
steering: 0.2
velocity: 0.0
acceleration: 0.0
[rosout][INFO] 2024-03-04 14:04:17,922: longlCmdType: 1
accel: 1.0
brake: 0.1
steering: 0.2
velocity: 0.0
acceleration: 0.0
[rosout][INFO] 2024-03-04 14:04:18,922: longlCmdType: 1
accel: 1.0
brake: 0.1
steering: 0.2
velocity: 0.0
acceleration: 0.0
[rosout][INFO] 2024-03-04 14:04:19,923: longlCmdType: 1
accel: 1.0
brake: 0.1
steering: 0.2
velocity: 0.0
acceleration: 0.0
[rosout][INFO] 2024-03-04 14:04:20,922: longlCmdType: 1
accel: 1.0
brake: 0.1
steering: 0.2
velocity: 0.0
acceleration: 0.0
[rosout][INFO] 2024-03-04 14:04:21,922: longlCmdType: 1
accel: 1.0
brake: 0.1
steering: 0.2
velocity: 0.0
acceleration: 0.0
[rosout][INFO] 2024-03-04 14:04:22,923: longlCmdType: 1
accel: 1.0
brake: 0.1
steering: 0.2
velocity: 0.0
acceleration: 0.0
[rosout][INFO] 2024-03-04 14:04:23,922: longlCmdType: 1
accel: 1.0
brake: 0.1
steering: 0.2
velocity: 0.0
acceleration: 0.0
[rosout][INFO] 2024-03-04 14:04:24,922: longlCmdType: 1
accel: 1.0
brake: 0.1
steering: 0.2
velocity: 0.0
acceleration: 0.0
[rosout][INFO] 2024-03-04 14:04:25,922: longlCmdType: 1
accel: 1.0
brake: 0.1
steering: 0.2
velocity: 0.0
acceleration: 0.0
[rosout][INFO] 2024-03-04 14:04:26,923: longlCmdType: 1
accel: 1.0
brake: 0.1
steering: 0.2
velocity: 0.0
acceleration: 0.0
[rosout][INFO] 2024-03-04 14:04:27,922: longlCmdType: 1
accel: 1.0
brake: 0.1
steering: 0.2
velocity: 0.0
acceleration: 0.0
[rosout][INFO] 2024-03-04 14:04:28,922: longlCmdType: 1
accel: 1.0
brake: 0.1
steering: 0.2
velocity: 0.0
acceleration: 0.0
[rosout][INFO] 2024-03-04 14:04:29,922: longlCmdType: 1
accel: 1.0
brake: 0.1
steering: 0.2
velocity: 0.0
acceleration: 0.0
[rosout][INFO] 2024-03-04 14:04:30,922: longlCmdType: 1
accel: 1.0
brake: 0.1
steering: 0.2
velocity: 0.0
acceleration: 0.0
[rosout][INFO] 2024-03-04 14:04:31,922: longlCmdType: 1
accel: 1.0
brake: 0.1
steering: 0.2
velocity: 0.0
acceleration: 0.0
[rosout][INFO] 2024-03-04 14:04:32,922: longlCmdType: 1
accel: 1.0
brake: 0.1
steering: 0.2
velocity: 0.0
acceleration: 0.0
[rosout][INFO] 2024-03-04 14:04:33,922: longlCmdType: 1
accel: 1.0
brake: 0.1
steering: 0.2
velocity: 0.0
acceleration: 0.0
[rosout][INFO] 2024-03-04 14:04:34,922: longlCmdType: 1
accel: 1.0
brake: 0.1
steering: 0.2
velocity: 0.0
acceleration: 0.0
[rosout][INFO] 2024-03-04 14:04:35,922: longlCmdType: 1
accel: 1.0
brake: 0.1
steering: 0.2
velocity: 0.0
acceleration: 0.0
[rosout][INFO] 2024-03-04 14:04:36,922: longlCmdType: 1
accel: 1.0
brake: 0.1
steering: 0.2
velocity: 0.0
acceleration: 0.0
[rosout][INFO] 2024-03-04 14:04:37,922: longlCmdType: 1
accel: 1.0
brake: 0.1
steering: 0.2
velocity: 0.0
acceleration: 0.0
[rosout][INFO] 2024-03-04 14:04:38,922: longlCmdType: 1
accel: 1.0
brake: 0.1
steering: 0.2
velocity: 0.0
acceleration: 0.0
[rosout][INFO] 2024-03-04 14:04:39,922: longlCmdType: 1
accel: 1.0
brake: 0.1
steering: 0.2
velocity: 0.0
acceleration: 0.0
[rosout][INFO] 2024-03-04 14:04:40,922: longlCmdType: 1
accel: 1.0
brake: 0.1
steering: 0.2
velocity: 0.0
acceleration: 0.0
[rosout][INFO] 2024-03-04 14:04:41,922: longlCmdType: 1
accel: 1.0
brake: 0.1
steering: 0.2
velocity: 0.0
acceleration: 0.0
[rosout][INFO] 2024-03-04 14:04:42,922: longlCmdType: 1
accel: 1.0
brake: 0.1
steering: 0.2
velocity: 0.0
acceleration: 0.0
[rosout][INFO] 2024-03-04 14:04:43,922: longlCmdType: 1
accel: 1.0
brake: 0.1
steering: 0.2
velocity: 0.0
acceleration: 0.0
[rosout][INFO] 2024-03-04 14:04:44,922: longlCmdType: 1
accel: 1.0
brake: 0.1
steering: 0.2
velocity: 0.0
acceleration: 0.0
[rosout][INFO] 2024-03-04 14:04:45,922: longlCmdType: 1
accel: 1.0
brake: 0.1
steering: 0.2
velocity: 0.0
acceleration: 0.0
[rosout][INFO] 2024-03-04 14:04:46,922: longlCmdType: 1
accel: 1.0
brake: 0.1
steering: 0.2
velocity: 0.0
acceleration: 0.0
[rosout][INFO] 2024-03-04 14:04:47,923: longlCmdType: 1
accel: 1.0
brake: 0.1
steering: 0.2
velocity: 0.0
acceleration: 0.0
[rosout][INFO] 2024-03-04 14:04:48,922: longlCmdType: 1
accel: 1.0
brake: 0.1
steering: 0.2
velocity: 0.0
acceleration: 0.0
[rosout][INFO] 2024-03-04 14:04:49,923: longlCmdType: 1
accel: 1.0
brake: 0.1
steering: 0.2
velocity: 0.0
acceleration: 0.0
[rosout][INFO] 2024-03-04 14:04:50,922: longlCmdType: 1
accel: 1.0
brake: 0.1
steering: 0.2
velocity: 0.0
acceleration: 0.0
[rosout][INFO] 2024-03-04 14:04:51,922: longlCmdType: 1
accel: 1.0
brake: 0.1
steering: 0.2
velocity: 0.0
acceleration: 0.0
[rosout][INFO] 2024-03-04 14:04:52,922: longlCmdType: 1
accel: 1.0
brake: 0.1
steering: 0.2
velocity: 0.0
acceleration: 0.0
[rosout][INFO] 2024-03-04 14:04:53,922: longlCmdType: 1
accel: 1.0
brake: 0.1
steering: 0.2
velocity: 0.0
acceleration: 0.0
[rosout][INFO] 2024-03-04 14:04:54,923: longlCmdType: 1
accel: 1.0
brake: 0.1
steering: 0.2
velocity: 0.0
acceleration: 0.0
[rosout][INFO] 2024-03-04 14:04:55,922: longlCmdType: 1
accel: 1.0
brake: 0.1
steering: 0.2
velocity: 0.0
acceleration: 0.0
[rosout][INFO] 2024-03-04 14:04:56,922: longlCmdType: 1
accel: 1.0
brake: 0.1
steering: 0.2
velocity: 0.0
acceleration: 0.0
[rosout][INFO] 2024-03-04 14:04:57,922: longlCmdType: 1
accel: 1.0
brake: 0.1
steering: 0.2
velocity: 0.0
acceleration: 0.0
[rosout][INFO] 2024-03-04 14:04:58,923: longlCmdType: 1
accel: 1.0
brake: 0.1
steering: 0.2
velocity: 0.0
acceleration: 0.0
[rosout][INFO] 2024-03-04 14:04:59,922: longlCmdType: 1
accel: 1.0
brake: 0.1
steering: 0.2
velocity: 0.0
acceleration: 0.0
[rosout][INFO] 2024-03-04 14:05:00,922: longlCmdType: 1
accel: 1.0
brake: 0.1
steering: 0.2
velocity: 0.0
acceleration: 0.0
[rosout][INFO] 2024-03-04 14:05:01,923: longlCmdType: 1
accel: 1.0
brake: 0.1
steering: 0.2
velocity: 0.0
acceleration: 0.0
[rosout][INFO] 2024-03-04 14:05:02,922: longlCmdType: 1
accel: 1.0
brake: 0.1
steering: 0.2
velocity: 0.0
acceleration: 0.0
[rosout][INFO] 2024-03-04 14:05:03,922: longlCmdType: 1
accel: 1.0
brake: 0.1
steering: 0.2
velocity: 0.0
acceleration: 0.0
[rosout][INFO] 2024-03-04 14:05:04,923: longlCmdType: 1
accel: 1.0
brake: 0.1
steering: 0.2
velocity: 0.0
acceleration: 0.0
[rospy.core][INFO] 2024-03-04 14:05:05,888: signal_shutdown [signal-2]
[rospy.internal][INFO] 2024-03-04 14:05:05,889: topic[/rosout] removing connection to /rosout
[rospy.internal][INFO] 2024-03-04 14:05:05,890: topic[/ctrl_cmd] removing connection to /rosbridge_websocket
[rospy.impl.masterslave][INFO] 2024-03-04 14:05:05,890: signal-2
[rospy.core][INFO] 2024-03-04 14:05:06,006: signal_shutdown [atexit]
