[rospy.client][INFO] 2024-03-04 13:57:59,308: init_node, name[/Ego_Control_Command_10804_1709528279281], pid[10804]
[xmlrpc][INFO] 2024-03-04 13:57:59,309: XML-RPC server binding to 0.0.0.0:0
[xmlrpc][INFO] 2024-03-04 13:57:59,309: Started XML-RPC server [http://DESKTOP-LL832F4:45119/]
[rospy.init][INFO] 2024-03-04 13:57:59,310: ROS Slave URI: [http://DESKTOP-LL832F4:45119/]
[rospy.impl.masterslave][INFO] 2024-03-04 13:57:59,310: _ready: http://DESKTOP-LL832F4:45119/
[xmlrpc][INFO] 2024-03-04 13:57:59,311: xml rpc node: starting XML-RPC server
[rospy.registration][INFO] 2024-03-04 13:57:59,312: Registering with master node http://localhost:11311
[rospy.registration][INFO] 2024-03-04 13:57:59,312: Registering publisher topic [/ctrl_cmd] type [morai_msgs/CtrlCmd] with master
[rospy.internal][INFO] 2024-03-04 13:57:59,406: topic[/ctrl_cmd] adding connection to [/rosbridge_websocket], count 0
[rospy.init][INFO] 2024-03-04 13:57:59,410: registered with master
[rospy.rosout][INFO] 2024-03-04 13:57:59,411: initializing /rosout core topic
[rospy.rosout][INFO] 2024-03-04 13:57:59,412: connected to core topic /rosout
[rospy.simtime][INFO] 2024-03-04 13:57:59,413: /use_sim_time is not set, will not subscribe to simulated time [/clock] topic
[rosout][INFO] 2024-03-04 13:57:59,417: longlCmdType: 1
accel: 1.0
brake: 0.0
steering: 1
velocity: 0.0
acceleration: 0.0
[rospy.internal][INFO] 2024-03-04 13:57:59,661: topic[/rosout] adding connection to [/rosout], count 0
[rosout][INFO] 2024-03-04 13:58:00,418: longlCmdType: 1
accel: 1.0
brake: 0.0
steering: 1
velocity: 0.0
acceleration: 0.0
[rosout][INFO] 2024-03-04 13:58:01,418: longlCmdType: 1
accel: 1.0
brake: 0.0
steering: 1
velocity: 0.0
acceleration: 0.0
[rosout][INFO] 2024-03-04 13:58:02,418: longlCmdType: 1
accel: 1.0
brake: 0.0
steering: 1
velocity: 0.0
acceleration: 0.0
[rosout][INFO] 2024-03-04 13:58:03,418: longlCmdType: 1
accel: 1.0
brake: 0.0
steering: 1
velocity: 0.0
acceleration: 0.0
[rosout][INFO] 2024-03-04 13:58:04,418: longlCmdType: 1
accel: 1.0
brake: 0.0
steering: 1
velocity: 0.0
acceleration: 0.0
[rosout][INFO] 2024-03-04 13:58:05,418: longlCmdType: 1
accel: 1.0
brake: 0.0
steering: 1
velocity: 0.0
acceleration: 0.0
[rosout][INFO] 2024-03-04 13:58:06,418: longlCmdType: 1
accel: 1.0
brake: 0.0
steering: 1
velocity: 0.0
acceleration: 0.0
[rosout][INFO] 2024-03-04 13:58:07,418: longlCmdType: 1
accel: 1.0
brake: 0.0
steering: 1
velocity: 0.0
acceleration: 0.0
[rosout][INFO] 2024-03-04 13:58:08,418: longlCmdType: 1
accel: 1.0
brake: 0.0
steering: 1
velocity: 0.0
acceleration: 0.0
[rosout][INFO] 2024-03-04 13:58:09,418: longlCmdType: 1
accel: 1.0
brake: 0.0
steering: 1
velocity: 0.0
acceleration: 0.0
[rosout][INFO] 2024-03-04 13:58:10,418: longlCmdType: 1
accel: 1.0
brake: 0.0
steering: 1
velocity: 0.0
acceleration: 0.0
[rosout][INFO] 2024-03-04 13:58:11,418: longlCmdType: 1
accel: 1.0
brake: 0.0
steering: 1
velocity: 0.0
acceleration: 0.0
[rosout][INFO] 2024-03-04 13:58:12,418: longlCmdType: 1
accel: 1.0
brake: 0.0
steering: 1
velocity: 0.0
acceleration: 0.0
[rosout][INFO] 2024-03-04 13:58:13,418: longlCmdType: 1
accel: 1.0
brake: 0.0
steering: 1
velocity: 0.0
acceleration: 0.0
[rosout][INFO] 2024-03-04 13:58:14,418: longlCmdType: 1
accel: 1.0
brake: 0.0
steering: 1
velocity: 0.0
acceleration: 0.0
[rosout][INFO] 2024-03-04 13:58:15,418: longlCmdType: 1
accel: 1.0
brake: 0.0
steering: 1
velocity: 0.0
acceleration: 0.0
[rosout][INFO] 2024-03-04 13:58:16,418: longlCmdType: 1
accel: 1.0
brake: 0.0
steering: 1
velocity: 0.0
acceleration: 0.0
[rosout][INFO] 2024-03-04 13:58:17,418: longlCmdType: 1
accel: 1.0
brake: 0.0
steering: 1
velocity: 0.0
acceleration: 0.0
[rosout][INFO] 2024-03-04 13:58:18,418: longlCmdType: 1
accel: 1.0
brake: 0.0
steering: 1
velocity: 0.0
acceleration: 0.0
[rosout][INFO] 2024-03-04 13:58:19,418: longlCmdType: 1
accel: 1.0
brake: 0.0
steering: 1
velocity: 0.0
acceleration: 0.0
[rosout][INFO] 2024-03-04 13:58:20,418: longlCmdType: 1
accel: 1.0
brake: 0.0
steering: 1
velocity: 0.0
acceleration: 0.0
[rosout][INFO] 2024-03-04 13:58:21,418: longlCmdType: 1
accel: 1.0
brake: 0.0
steering: 1
velocity: 0.0
acceleration: 0.0
[rosout][INFO] 2024-03-04 13:58:22,418: longlCmdType: 1
accel: 1.0
brake: 0.0
steering: 1
velocity: 0.0
acceleration: 0.0
[rosout][INFO] 2024-03-04 13:58:23,418: longlCmdType: 1
accel: 1.0
brake: 0.0
steering: 1
velocity: 0.0
acceleration: 0.0
[rosout][INFO] 2024-03-04 13:58:24,418: longlCmdType: 1
accel: 1.0
brake: 0.0
steering: 1
velocity: 0.0
acceleration: 0.0
[rosout][INFO] 2024-03-04 13:58:25,418: longlCmdType: 1
accel: 1.0
brake: 0.0
steering: 1
velocity: 0.0
acceleration: 0.0
[rosout][INFO] 2024-03-04 13:58:26,418: longlCmdType: 1
accel: 1.0
brake: 0.0
steering: 1
velocity: 0.0
acceleration: 0.0
[rosout][INFO] 2024-03-04 13:58:27,418: longlCmdType: 1
accel: 1.0
brake: 0.0
steering: 1
velocity: 0.0
acceleration: 0.0
[rosout][INFO] 2024-03-04 13:58:28,418: longlCmdType: 1
accel: 1.0
brake: 0.0
steering: 1
velocity: 0.0
acceleration: 0.0
[rosout][INFO] 2024-03-04 13:58:29,418: longlCmdType: 1
accel: 1.0
brake: 0.0
steering: 1
velocity: 0.0
acceleration: 0.0
[rosout][INFO] 2024-03-04 13:58:30,418: longlCmdType: 1
accel: 1.0
brake: 0.0
steering: 1
velocity: 0.0
acceleration: 0.0
[rosout][INFO] 2024-03-04 13:58:31,418: longlCmdType: 1
accel: 1.0
brake: 0.0
steering: 1
velocity: 0.0
acceleration: 0.0
[rosout][INFO] 2024-03-04 13:58:32,417: longlCmdType: 1
accel: 1.0
brake: 0.0
steering: 1
velocity: 0.0
acceleration: 0.0
[rosout][INFO] 2024-03-04 13:58:33,418: longlCmdType: 1
accel: 1.0
brake: 0.0
steering: 1
velocity: 0.0
acceleration: 0.0
[rosout][INFO] 2024-03-04 13:58:34,418: longlCmdType: 1
accel: 1.0
brake: 0.0
steering: 1
velocity: 0.0
acceleration: 0.0
[rosout][INFO] 2024-03-04 13:58:35,418: longlCmdType: 1
accel: 1.0
brake: 0.0
steering: 1
velocity: 0.0
acceleration: 0.0
[rosout][INFO] 2024-03-04 13:58:36,418: longlCmdType: 1
accel: 1.0
brake: 0.0
steering: 1
velocity: 0.0
acceleration: 0.0
[rosout][INFO] 2024-03-04 13:58:37,418: longlCmdType: 1
accel: 1.0
brake: 0.0
steering: 1
velocity: 0.0
acceleration: 0.0
[rosout][INFO] 2024-03-04 13:58:38,418: longlCmdType: 1
accel: 1.0
brake: 0.0
steering: 1
velocity: 0.0
acceleration: 0.0
[rosout][INFO] 2024-03-04 13:58:39,418: longlCmdType: 1
accel: 1.0
brake: 0.0
steering: 1
velocity: 0.0
acceleration: 0.0
[rosout][INFO] 2024-03-04 13:58:40,418: longlCmdType: 1
accel: 1.0
brake: 0.0
steering: 1
velocity: 0.0
acceleration: 0.0
[rosout][INFO] 2024-03-04 13:58:41,418: longlCmdType: 1
accel: 1.0
brake: 0.0
steering: 1
velocity: 0.0
acceleration: 0.0
[rosout][INFO] 2024-03-04 13:58:42,418: longlCmdType: 1
accel: 1.0
brake: 0.0
steering: 1
velocity: 0.0
acceleration: 0.0
[rosout][INFO] 2024-03-04 13:58:43,418: longlCmdType: 1
accel: 1.0
brake: 0.0
steering: 1
velocity: 0.0
acceleration: 0.0
[rosout][INFO] 2024-03-04 13:58:44,418: longlCmdType: 1
accel: 1.0
brake: 0.0
steering: 1
velocity: 0.0
acceleration: 0.0
[rosout][INFO] 2024-03-04 13:58:45,418: longlCmdType: 1
accel: 1.0
brake: 0.0
steering: 1
velocity: 0.0
acceleration: 0.0
[rosout][INFO] 2024-03-04 13:58:46,418: longlCmdType: 1
accel: 1.0
brake: 0.0
steering: 1
velocity: 0.0
acceleration: 0.0
[rosout][INFO] 2024-03-04 13:58:47,418: longlCmdType: 1
accel: 1.0
brake: 0.0
steering: 1
velocity: 0.0
acceleration: 0.0
[rosout][INFO] 2024-03-04 13:58:48,418: longlCmdType: 1
accel: 1.0
brake: 0.0
steering: 1
velocity: 0.0
acceleration: 0.0
[rosout][INFO] 2024-03-04 13:58:49,418: longlCmdType: 1
accel: 1.0
brake: 0.0
steering: 1
velocity: 0.0
acceleration: 0.0
[rosout][INFO] 2024-03-04 13:58:50,418: longlCmdType: 1
accel: 1.0
brake: 0.0
steering: 1
velocity: 0.0
acceleration: 0.0
[rosout][INFO] 2024-03-04 13:58:51,418: longlCmdType: 1
accel: 1.0
brake: 0.0
steering: 1
velocity: 0.0
acceleration: 0.0
[rosout][INFO] 2024-03-04 13:58:52,418: longlCmdType: 1
accel: 1.0
brake: 0.0
steering: 1
velocity: 0.0
acceleration: 0.0
[rosout][INFO] 2024-03-04 13:58:53,418: longlCmdType: 1
accel: 1.0
brake: 0.0
steering: 1
velocity: 0.0
acceleration: 0.0
[rosout][INFO] 2024-03-04 13:58:54,418: longlCmdType: 1
accel: 1.0
brake: 0.0
steering: 1
velocity: 0.0
acceleration: 0.0
[rosout][INFO] 2024-03-04 13:58:55,418: longlCmdType: 1
accel: 1.0
brake: 0.0
steering: 1
velocity: 0.0
acceleration: 0.0
[rosout][INFO] 2024-03-04 13:58:56,418: longlCmdType: 1
accel: 1.0
brake: 0.0
steering: 1
velocity: 0.0
acceleration: 0.0
[rosout][INFO] 2024-03-04 13:58:57,418: longlCmdType: 1
accel: 1.0
brake: 0.0
steering: 1
velocity: 0.0
acceleration: 0.0
[rosout][INFO] 2024-03-04 13:58:58,418: longlCmdType: 1
accel: 1.0
brake: 0.0
steering: 1
velocity: 0.0
acceleration: 0.0
[rosout][INFO] 2024-03-04 13:58:59,418: longlCmdType: 1
accel: 1.0
brake: 0.0
steering: 1
velocity: 0.0
acceleration: 0.0
[rosout][INFO] 2024-03-04 13:59:00,418: longlCmdType: 1
accel: 1.0
brake: 0.0
steering: 1
velocity: 0.0
acceleration: 0.0
[rosout][INFO] 2024-03-04 13:59:01,418: longlCmdType: 1
accel: 1.0
brake: 0.0
steering: 1
velocity: 0.0
acceleration: 0.0
[rosout][INFO] 2024-03-04 13:59:02,418: longlCmdType: 1
accel: 1.0
brake: 0.0
steering: 1
velocity: 0.0
acceleration: 0.0
[rosout][INFO] 2024-03-04 13:59:03,418: longlCmdType: 1
accel: 1.0
brake: 0.0
steering: 1
velocity: 0.0
acceleration: 0.0
[rosout][INFO] 2024-03-04 13:59:04,418: longlCmdType: 1
accel: 1.0
brake: 0.0
steering: 1
velocity: 0.0
acceleration: 0.0
[rosout][INFO] 2024-03-04 13:59:05,418: longlCmdType: 1
accel: 1.0
brake: 0.0
steering: 1
velocity: 0.0
acceleration: 0.0
[rosout][INFO] 2024-03-04 13:59:06,418: longlCmdType: 1
accel: 1.0
brake: 0.0
steering: 1
velocity: 0.0
acceleration: 0.0
[rosout][INFO] 2024-03-04 13:59:07,418: longlCmdType: 1
accel: 1.0
brake: 0.0
steering: 1
velocity: 0.0
acceleration: 0.0
[rosout][INFO] 2024-03-04 13:59:08,418: longlCmdType: 1
accel: 1.0
brake: 0.0
steering: 1
velocity: 0.0
acceleration: 0.0
[rosout][INFO] 2024-03-04 13:59:09,418: longlCmdType: 1
accel: 1.0
brake: 0.0
steering: 1
velocity: 0.0
acceleration: 0.0
[rosout][INFO] 2024-03-04 13:59:10,418: longlCmdType: 1
accel: 1.0
brake: 0.0
steering: 1
velocity: 0.0
acceleration: 0.0
[rosout][INFO] 2024-03-04 13:59:11,418: longlCmdType: 1
accel: 1.0
brake: 0.0
steering: 1
velocity: 0.0
acceleration: 0.0
[rosout][INFO] 2024-03-04 13:59:12,418: longlCmdType: 1
accel: 1.0
brake: 0.0
steering: 1
velocity: 0.0
acceleration: 0.0
[rosout][INFO] 2024-03-04 13:59:13,418: longlCmdType: 1
accel: 1.0
brake: 0.0
steering: 1
velocity: 0.0
acceleration: 0.0
[rosout][INFO] 2024-03-04 13:59:14,418: longlCmdType: 1
accel: 1.0
brake: 0.0
steering: 1
velocity: 0.0
acceleration: 0.0
[rosout][INFO] 2024-03-04 13:59:15,418: longlCmdType: 1
accel: 1.0
brake: 0.0
steering: 1
velocity: 0.0
acceleration: 0.0
[rosout][INFO] 2024-03-04 13:59:16,418: longlCmdType: 1
accel: 1.0
brake: 0.0
steering: 1
velocity: 0.0
acceleration: 0.0
[rosout][INFO] 2024-03-04 13:59:17,418: longlCmdType: 1
accel: 1.0
brake: 0.0
steering: 1
velocity: 0.0
acceleration: 0.0
[rosout][INFO] 2024-03-04 13:59:18,418: longlCmdType: 1
accel: 1.0
brake: 0.0
steering: 1
velocity: 0.0
acceleration: 0.0
[rosout][INFO] 2024-03-04 13:59:19,418: longlCmdType: 1
accel: 1.0
brake: 0.0
steering: 1
velocity: 0.0
acceleration: 0.0
[rosout][INFO] 2024-03-04 13:59:20,418: longlCmdType: 1
accel: 1.0
brake: 0.0
steering: 1
velocity: 0.0
acceleration: 0.0
[rosout][INFO] 2024-03-04 13:59:21,418: longlCmdType: 1
accel: 1.0
brake: 0.0
steering: 1
velocity: 0.0
acceleration: 0.0
[rosout][INFO] 2024-03-04 13:59:22,417: longlCmdType: 1
accel: 1.0
brake: 0.0
steering: 1
velocity: 0.0
acceleration: 0.0
[rosout][INFO] 2024-03-04 13:59:23,418: longlCmdType: 1
accel: 1.0
brake: 0.0
steering: 1
velocity: 0.0
acceleration: 0.0
[rosout][INFO] 2024-03-04 13:59:24,418: longlCmdType: 1
accel: 1.0
brake: 0.0
steering: 1
velocity: 0.0
acceleration: 0.0
[rosout][INFO] 2024-03-04 13:59:25,418: longlCmdType: 1
accel: 1.0
brake: 0.0
steering: 1
velocity: 0.0
acceleration: 0.0
[rosout][INFO] 2024-03-04 13:59:26,418: longlCmdType: 1
accel: 1.0
brake: 0.0
steering: 1
velocity: 0.0
acceleration: 0.0
[rosout][INFO] 2024-03-04 13:59:27,418: longlCmdType: 1
accel: 1.0
brake: 0.0
steering: 1
velocity: 0.0
acceleration: 0.0
[rosout][INFO] 2024-03-04 13:59:28,418: longlCmdType: 1
accel: 1.0
brake: 0.0
steering: 1
velocity: 0.0
acceleration: 0.0
[rosout][INFO] 2024-03-04 13:59:29,418: longlCmdType: 1
accel: 1.0
brake: 0.0
steering: 1
velocity: 0.0
acceleration: 0.0
[rosout][INFO] 2024-03-04 13:59:30,418: longlCmdType: 1
accel: 1.0
brake: 0.0
steering: 1
velocity: 0.0
acceleration: 0.0
[rosout][INFO] 2024-03-04 13:59:31,418: longlCmdType: 1
accel: 1.0
brake: 0.0
steering: 1
velocity: 0.0
acceleration: 0.0
[rosout][INFO] 2024-03-04 13:59:32,418: longlCmdType: 1
accel: 1.0
brake: 0.0
steering: 1
velocity: 0.0
acceleration: 0.0
[rosout][INFO] 2024-03-04 13:59:33,418: longlCmdType: 1
accel: 1.0
brake: 0.0
steering: 1
velocity: 0.0
acceleration: 0.0
[rosout][INFO] 2024-03-04 13:59:34,418: longlCmdType: 1
accel: 1.0
brake: 0.0
steering: 1
velocity: 0.0
acceleration: 0.0
[rospy.core][INFO] 2024-03-04 13:59:34,500: signal_shutdown [signal-2]
[rospy.internal][INFO] 2024-03-04 13:59:34,502: topic[/rosout] removing connection to /rosout
[rospy.internal][INFO] 2024-03-04 13:59:34,502: topic[/ctrl_cmd] removing connection to /rosbridge_websocket
[rospy.impl.masterslave][INFO] 2024-03-04 13:59:34,502: signal-2
[rospy.core][INFO] 2024-03-04 13:59:34,618: signal_shutdown [atexit]
