[rospy.client][INFO] 2024-03-04 13:47:55,691: init_node, name[/Ego_Control_Command_10682_1709527675665], pid[10682]
[xmlrpc][INFO] 2024-03-04 13:47:55,691: XML-RPC server binding to 0.0.0.0:0
[xmlrpc][INFO] 2024-03-04 13:47:55,692: Started XML-RPC server [http://DESKTOP-LL832F4:40675/]
[rospy.init][INFO] 2024-03-04 13:47:55,692: ROS Slave URI: [http://DESKTOP-LL832F4:40675/]
[rospy.impl.masterslave][INFO] 2024-03-04 13:47:55,692: _ready: http://DESKTOP-LL832F4:40675/
[xmlrpc][INFO] 2024-03-04 13:47:55,694: xml rpc node: starting XML-RPC server
[rospy.registration][INFO] 2024-03-04 13:47:55,694: Registering with master node http://localhost:11311
[rospy.registration][INFO] 2024-03-04 13:47:55,694: Registering publisher topic [/ctrl_cmd] type [morai_msgs/CtrlCmd] with master
[rospy.init][INFO] 2024-03-04 13:47:55,793: registered with master
[rospy.rosout][INFO] 2024-03-04 13:47:55,793: initializing /rosout core topic
[rospy.rosout][INFO] 2024-03-04 13:47:55,794: connected to core topic /rosout
[rospy.simtime][INFO] 2024-03-04 13:47:55,795: /use_sim_time is not set, will not subscribe to simulated time [/clock] topic
[rosout][INFO] 2024-03-04 13:47:55,797: longlCmdType: 1
accel: 1.0
brake: 0.0
steering: 1
velocity: 0.0
acceleration: 0.0
[rospy.internal][INFO] 2024-03-04 13:47:55,810: topic[/ctrl_cmd] adding connection to [/rosbridge_websocket], count 0
[rospy.internal][INFO] 2024-03-04 13:47:56,058: topic[/rosout] adding connection to [/rosout], count 0
[rosout][INFO] 2024-03-04 13:47:56,799: longlCmdType: 1
accel: 1.0
brake: 0.0
steering: 1
velocity: 0.0
acceleration: 0.0
[rosout][INFO] 2024-03-04 13:47:57,799: longlCmdType: 1
accel: 1.0
brake: 0.0
steering: 1
velocity: 0.0
acceleration: 0.0
[rosout][INFO] 2024-03-04 13:47:58,798: longlCmdType: 1
accel: 1.0
brake: 0.0
steering: 1
velocity: 0.0
acceleration: 0.0
[rosout][INFO] 2024-03-04 13:47:59,799: longlCmdType: 1
accel: 1.0
brake: 0.0
steering: 1
velocity: 0.0
acceleration: 0.0
[rosout][INFO] 2024-03-04 13:48:00,799: longlCmdType: 1
accel: 1.0
brake: 0.0
steering: 1
velocity: 0.0
acceleration: 0.0
[rosout][INFO] 2024-03-04 13:48:01,799: longlCmdType: 1
accel: 1.0
brake: 0.0
steering: 1
velocity: 0.0
acceleration: 0.0
[rosout][INFO] 2024-03-04 13:48:02,799: longlCmdType: 1
accel: 1.0
brake: 0.0
steering: 1
velocity: 0.0
acceleration: 0.0
[rosout][INFO] 2024-03-04 13:48:03,799: longlCmdType: 1
accel: 1.0
brake: 0.0
steering: 1
velocity: 0.0
acceleration: 0.0
[rosout][INFO] 2024-03-04 13:48:04,799: longlCmdType: 1
accel: 1.0
brake: 0.0
steering: 1
velocity: 0.0
acceleration: 0.0
[rosout][INFO] 2024-03-04 13:48:05,799: longlCmdType: 1
accel: 1.0
brake: 0.0
steering: 1
velocity: 0.0
acceleration: 0.0
[rosout][INFO] 2024-03-04 13:48:06,799: longlCmdType: 1
accel: 1.0
brake: 0.0
steering: 1
velocity: 0.0
acceleration: 0.0
[rosout][INFO] 2024-03-04 13:48:07,799: longlCmdType: 1
accel: 1.0
brake: 0.0
steering: 1
velocity: 0.0
acceleration: 0.0
[rosout][INFO] 2024-03-04 13:48:08,799: longlCmdType: 1
accel: 1.0
brake: 0.0
steering: 1
velocity: 0.0
acceleration: 0.0
[rosout][INFO] 2024-03-04 13:48:09,799: longlCmdType: 1
accel: 1.0
brake: 0.0
steering: 1
velocity: 0.0
acceleration: 0.0
[rosout][INFO] 2024-03-04 13:48:10,798: longlCmdType: 1
accel: 1.0
brake: 0.0
steering: 1
velocity: 0.0
acceleration: 0.0
[rosout][INFO] 2024-03-04 13:48:11,799: longlCmdType: 1
accel: 1.0
brake: 0.0
steering: 1
velocity: 0.0
acceleration: 0.0
[rosout][INFO] 2024-03-04 13:48:12,799: longlCmdType: 1
accel: 1.0
brake: 0.0
steering: 1
velocity: 0.0
acceleration: 0.0
[rosout][INFO] 2024-03-04 13:48:13,799: longlCmdType: 1
accel: 1.0
brake: 0.0
steering: 1
velocity: 0.0
acceleration: 0.0
[rosout][INFO] 2024-03-04 13:48:14,799: longlCmdType: 1
accel: 1.0
brake: 0.0
steering: 1
velocity: 0.0
acceleration: 0.0
[rosout][INFO] 2024-03-04 13:48:15,799: longlCmdType: 1
accel: 1.0
brake: 0.0
steering: 1
velocity: 0.0
acceleration: 0.0
[rosout][INFO] 2024-03-04 13:48:16,799: longlCmdType: 1
accel: 1.0
brake: 0.0
steering: 1
velocity: 0.0
acceleration: 0.0
[rosout][INFO] 2024-03-04 13:48:17,799: longlCmdType: 1
accel: 1.0
brake: 0.0
steering: 1
velocity: 0.0
acceleration: 0.0
[rosout][INFO] 2024-03-04 13:48:18,799: longlCmdType: 1
accel: 1.0
brake: 0.0
steering: 1
velocity: 0.0
acceleration: 0.0
[rosout][INFO] 2024-03-04 13:48:19,799: longlCmdType: 1
accel: 1.0
brake: 0.0
steering: 1
velocity: 0.0
acceleration: 0.0
[rosout][INFO] 2024-03-04 13:48:20,799: longlCmdType: 1
accel: 1.0
brake: 0.0
steering: 1
velocity: 0.0
acceleration: 0.0
[rosout][INFO] 2024-03-04 13:48:21,799: longlCmdType: 1
accel: 1.0
brake: 0.0
steering: 1
velocity: 0.0
acceleration: 0.0
[rosout][INFO] 2024-03-04 13:48:22,799: longlCmdType: 1
accel: 1.0
brake: 0.0
steering: 1
velocity: 0.0
acceleration: 0.0
[rosout][INFO] 2024-03-04 13:48:23,798: longlCmdType: 1
accel: 1.0
brake: 0.0
steering: 1
velocity: 0.0
acceleration: 0.0
[rosout][INFO] 2024-03-04 13:48:24,798: longlCmdType: 1
accel: 1.0
brake: 0.0
steering: 1
velocity: 0.0
acceleration: 0.0
[rosout][INFO] 2024-03-04 13:48:25,799: longlCmdType: 1
accel: 1.0
brake: 0.0
steering: 1
velocity: 0.0
acceleration: 0.0
[rosout][INFO] 2024-03-04 13:48:26,799: longlCmdType: 1
accel: 1.0
brake: 0.0
steering: 1
velocity: 0.0
acceleration: 0.0
[rosout][INFO] 2024-03-04 13:48:27,799: longlCmdType: 1
accel: 1.0
brake: 0.0
steering: 1
velocity: 0.0
acceleration: 0.0
[rosout][INFO] 2024-03-04 13:48:28,799: longlCmdType: 1
accel: 1.0
brake: 0.0
steering: 1
velocity: 0.0
acceleration: 0.0
[rosout][INFO] 2024-03-04 13:48:29,799: longlCmdType: 1
accel: 1.0
brake: 0.0
steering: 1
velocity: 0.0
acceleration: 0.0
[rosout][INFO] 2024-03-04 13:48:30,799: longlCmdType: 1
accel: 1.0
brake: 0.0
steering: 1
velocity: 0.0
acceleration: 0.0
[rosout][INFO] 2024-03-04 13:48:31,799: longlCmdType: 1
accel: 1.0
brake: 0.0
steering: 1
velocity: 0.0
acceleration: 0.0
[rosout][INFO] 2024-03-04 13:48:32,799: longlCmdType: 1
accel: 1.0
brake: 0.0
steering: 1
velocity: 0.0
acceleration: 0.0
[rosout][INFO] 2024-03-04 13:48:33,799: longlCmdType: 1
accel: 1.0
brake: 0.0
steering: 1
velocity: 0.0
acceleration: 0.0
[rosout][INFO] 2024-03-04 13:48:34,799: longlCmdType: 1
accel: 1.0
brake: 0.0
steering: 1
velocity: 0.0
acceleration: 0.0
[rosout][INFO] 2024-03-04 13:48:35,799: longlCmdType: 1
accel: 1.0
brake: 0.0
steering: 1
velocity: 0.0
acceleration: 0.0
[rosout][INFO] 2024-03-04 13:48:36,799: longlCmdType: 1
accel: 1.0
brake: 0.0
steering: 1
velocity: 0.0
acceleration: 0.0
[rosout][INFO] 2024-03-04 13:48:37,799: longlCmdType: 1
accel: 1.0
brake: 0.0
steering: 1
velocity: 0.0
acceleration: 0.0
[rosout][INFO] 2024-03-04 13:48:38,799: longlCmdType: 1
accel: 1.0
brake: 0.0
steering: 1
velocity: 0.0
acceleration: 0.0
[rosout][INFO] 2024-03-04 13:48:39,799: longlCmdType: 1
accel: 1.0
brake: 0.0
steering: 1
velocity: 0.0
acceleration: 0.0
[rosout][INFO] 2024-03-04 13:48:40,799: longlCmdType: 1
accel: 1.0
brake: 0.0
steering: 1
velocity: 0.0
acceleration: 0.0
[rosout][INFO] 2024-03-04 13:48:41,799: longlCmdType: 1
accel: 1.0
brake: 0.0
steering: 1
velocity: 0.0
acceleration: 0.0
[rosout][INFO] 2024-03-04 13:48:42,799: longlCmdType: 1
accel: 1.0
brake: 0.0
steering: 1
velocity: 0.0
acceleration: 0.0
[rosout][INFO] 2024-03-04 13:48:43,799: longlCmdType: 1
accel: 1.0
brake: 0.0
steering: 1
velocity: 0.0
acceleration: 0.0
[rosout][INFO] 2024-03-04 13:48:44,799: longlCmdType: 1
accel: 1.0
brake: 0.0
steering: 1
velocity: 0.0
acceleration: 0.0
[rosout][INFO] 2024-03-04 13:48:45,799: longlCmdType: 1
accel: 1.0
brake: 0.0
steering: 1
velocity: 0.0
acceleration: 0.0
[rosout][INFO] 2024-03-04 13:48:46,799: longlCmdType: 1
accel: 1.0
brake: 0.0
steering: 1
velocity: 0.0
acceleration: 0.0
[rosout][INFO] 2024-03-04 13:48:47,799: longlCmdType: 1
accel: 1.0
brake: 0.0
steering: 1
velocity: 0.0
acceleration: 0.0
[rosout][INFO] 2024-03-04 13:48:48,799: longlCmdType: 1
accel: 1.0
brake: 0.0
steering: 1
velocity: 0.0
acceleration: 0.0
[rosout][INFO] 2024-03-04 13:48:49,799: longlCmdType: 1
accel: 1.0
brake: 0.0
steering: 1
velocity: 0.0
acceleration: 0.0
[rosout][INFO] 2024-03-04 13:48:50,799: longlCmdType: 1
accel: 1.0
brake: 0.0
steering: 1
velocity: 0.0
acceleration: 0.0
[rosout][INFO] 2024-03-04 13:48:51,799: longlCmdType: 1
accel: 1.0
brake: 0.0
steering: 1
velocity: 0.0
acceleration: 0.0
[rosout][INFO] 2024-03-04 13:48:52,799: longlCmdType: 1
accel: 1.0
brake: 0.0
steering: 1
velocity: 0.0
acceleration: 0.0
[rosout][INFO] 2024-03-04 13:48:53,799: longlCmdType: 1
accel: 1.0
brake: 0.0
steering: 1
velocity: 0.0
acceleration: 0.0
[rosout][INFO] 2024-03-04 13:48:54,799: longlCmdType: 1
accel: 1.0
brake: 0.0
steering: 1
velocity: 0.0
acceleration: 0.0
[rosout][INFO] 2024-03-04 13:48:55,799: longlCmdType: 1
accel: 1.0
brake: 0.0
steering: 1
velocity: 0.0
acceleration: 0.0
[rosout][INFO] 2024-03-04 13:48:56,799: longlCmdType: 1
accel: 1.0
brake: 0.0
steering: 1
velocity: 0.0
acceleration: 0.0
[rosout][INFO] 2024-03-04 13:48:57,798: longlCmdType: 1
accel: 1.0
brake: 0.0
steering: 1
velocity: 0.0
acceleration: 0.0
[rosout][INFO] 2024-03-04 13:48:58,799: longlCmdType: 1
accel: 1.0
brake: 0.0
steering: 1
velocity: 0.0
acceleration: 0.0
[rosout][INFO] 2024-03-04 13:48:59,799: longlCmdType: 1
accel: 1.0
brake: 0.0
steering: 1
velocity: 0.0
acceleration: 0.0
[rosout][INFO] 2024-03-04 13:49:00,799: longlCmdType: 1
accel: 1.0
brake: 0.0
steering: 1
velocity: 0.0
acceleration: 0.0
[rosout][INFO] 2024-03-04 13:49:01,798: longlCmdType: 1
accel: 1.0
brake: 0.0
steering: 1
velocity: 0.0
acceleration: 0.0
[rosout][INFO] 2024-03-04 13:49:02,799: longlCmdType: 1
accel: 1.0
brake: 0.0
steering: 1
velocity: 0.0
acceleration: 0.0
[rosout][INFO] 2024-03-04 13:49:03,799: longlCmdType: 1
accel: 1.0
brake: 0.0
steering: 1
velocity: 0.0
acceleration: 0.0
[rosout][INFO] 2024-03-04 13:49:04,799: longlCmdType: 1
accel: 1.0
brake: 0.0
steering: 1
velocity: 0.0
acceleration: 0.0
[rosout][INFO] 2024-03-04 13:49:05,799: longlCmdType: 1
accel: 1.0
brake: 0.0
steering: 1
velocity: 0.0
acceleration: 0.0
[rosout][INFO] 2024-03-04 13:49:06,799: longlCmdType: 1
accel: 1.0
brake: 0.0
steering: 1
velocity: 0.0
acceleration: 0.0
[rosout][INFO] 2024-03-04 13:49:07,799: longlCmdType: 1
accel: 1.0
brake: 0.0
steering: 1
velocity: 0.0
acceleration: 0.0
[rosout][INFO] 2024-03-04 13:49:08,799: longlCmdType: 1
accel: 1.0
brake: 0.0
steering: 1
velocity: 0.0
acceleration: 0.0
[rosout][INFO] 2024-03-04 13:49:09,799: longlCmdType: 1
accel: 1.0
brake: 0.0
steering: 1
velocity: 0.0
acceleration: 0.0
[rosout][INFO] 2024-03-04 13:49:10,799: longlCmdType: 1
accel: 1.0
brake: 0.0
steering: 1
velocity: 0.0
acceleration: 0.0
[rosout][INFO] 2024-03-04 13:49:11,799: longlCmdType: 1
accel: 1.0
brake: 0.0
steering: 1
velocity: 0.0
acceleration: 0.0
[rosout][INFO] 2024-03-04 13:49:12,798: longlCmdType: 1
accel: 1.0
brake: 0.0
steering: 1
velocity: 0.0
acceleration: 0.0
[rosout][INFO] 2024-03-04 13:49:13,799: longlCmdType: 1
accel: 1.0
brake: 0.0
steering: 1
velocity: 0.0
acceleration: 0.0
[rosout][INFO] 2024-03-04 13:49:14,799: longlCmdType: 1
accel: 1.0
brake: 0.0
steering: 1
velocity: 0.0
acceleration: 0.0
[rosout][INFO] 2024-03-04 13:49:15,799: longlCmdType: 1
accel: 1.0
brake: 0.0
steering: 1
velocity: 0.0
acceleration: 0.0
[rosout][INFO] 2024-03-04 13:49:16,799: longlCmdType: 1
accel: 1.0
brake: 0.0
steering: 1
velocity: 0.0
acceleration: 0.0
[rosout][INFO] 2024-03-04 13:49:17,799: longlCmdType: 1
accel: 1.0
brake: 0.0
steering: 1
velocity: 0.0
acceleration: 0.0
[rosout][INFO] 2024-03-04 13:49:18,799: longlCmdType: 1
accel: 1.0
brake: 0.0
steering: 1
velocity: 0.0
acceleration: 0.0
[rosout][INFO] 2024-03-04 13:49:19,799: longlCmdType: 1
accel: 1.0
brake: 0.0
steering: 1
velocity: 0.0
acceleration: 0.0
[rosout][INFO] 2024-03-04 13:49:20,799: longlCmdType: 1
accel: 1.0
brake: 0.0
steering: 1
velocity: 0.0
acceleration: 0.0
[rosout][INFO] 2024-03-04 13:49:21,799: longlCmdType: 1
accel: 1.0
brake: 0.0
steering: 1
velocity: 0.0
acceleration: 0.0
[rosout][INFO] 2024-03-04 13:49:22,799: longlCmdType: 1
accel: 1.0
brake: 0.0
steering: 1
velocity: 0.0
acceleration: 0.0
[rosout][INFO] 2024-03-04 13:49:23,798: longlCmdType: 1
accel: 1.0
brake: 0.0
steering: 1
velocity: 0.0
acceleration: 0.0
[rosout][INFO] 2024-03-04 13:49:24,799: longlCmdType: 1
accel: 1.0
brake: 0.0
steering: 1
velocity: 0.0
acceleration: 0.0
[rosout][INFO] 2024-03-04 13:49:25,798: longlCmdType: 1
accel: 1.0
brake: 0.0
steering: 1
velocity: 0.0
acceleration: 0.0
[rosout][INFO] 2024-03-04 13:49:26,799: longlCmdType: 1
accel: 1.0
brake: 0.0
steering: 1
velocity: 0.0
acceleration: 0.0
[rosout][INFO] 2024-03-04 13:49:27,799: longlCmdType: 1
accel: 1.0
brake: 0.0
steering: 1
velocity: 0.0
acceleration: 0.0
[rosout][INFO] 2024-03-04 13:49:28,799: longlCmdType: 1
accel: 1.0
brake: 0.0
steering: 1
velocity: 0.0
acceleration: 0.0
[rosout][INFO] 2024-03-04 13:49:29,799: longlCmdType: 1
accel: 1.0
brake: 0.0
steering: 1
velocity: 0.0
acceleration: 0.0
[rosout][INFO] 2024-03-04 13:49:30,799: longlCmdType: 1
accel: 1.0
brake: 0.0
steering: 1
velocity: 0.0
acceleration: 0.0
[rosout][INFO] 2024-03-04 13:49:31,799: longlCmdType: 1
accel: 1.0
brake: 0.0
steering: 1
velocity: 0.0
acceleration: 0.0
[rosout][INFO] 2024-03-04 13:49:32,799: longlCmdType: 1
accel: 1.0
brake: 0.0
steering: 1
velocity: 0.0
acceleration: 0.0
[rosout][INFO] 2024-03-04 13:49:33,799: longlCmdType: 1
accel: 1.0
brake: 0.0
steering: 1
velocity: 0.0
acceleration: 0.0
[rosout][INFO] 2024-03-04 13:49:34,799: longlCmdType: 1
accel: 1.0
brake: 0.0
steering: 1
velocity: 0.0
acceleration: 0.0
[rosout][INFO] 2024-03-04 13:49:35,799: longlCmdType: 1
accel: 1.0
brake: 0.0
steering: 1
velocity: 0.0
acceleration: 0.0
[rosout][INFO] 2024-03-04 13:49:36,799: longlCmdType: 1
accel: 1.0
brake: 0.0
steering: 1
velocity: 0.0
acceleration: 0.0
[rosout][INFO] 2024-03-04 13:49:37,799: longlCmdType: 1
accel: 1.0
brake: 0.0
steering: 1
velocity: 0.0
acceleration: 0.0
[rosout][INFO] 2024-03-04 13:49:38,798: longlCmdType: 1
accel: 1.0
brake: 0.0
steering: 1
velocity: 0.0
acceleration: 0.0
[rosout][INFO] 2024-03-04 13:49:39,799: longlCmdType: 1
accel: 1.0
brake: 0.0
steering: 1
velocity: 0.0
acceleration: 0.0
[rosout][INFO] 2024-03-04 13:49:40,799: longlCmdType: 1
accel: 1.0
brake: 0.0
steering: 1
velocity: 0.0
acceleration: 0.0
[rosout][INFO] 2024-03-04 13:49:41,799: longlCmdType: 1
accel: 1.0
brake: 0.0
steering: 1
velocity: 0.0
acceleration: 0.0
[rosout][INFO] 2024-03-04 13:49:42,799: longlCmdType: 1
accel: 1.0
brake: 0.0
steering: 1
velocity: 0.0
acceleration: 0.0
[rosout][INFO] 2024-03-04 13:49:43,799: longlCmdType: 1
accel: 1.0
brake: 0.0
steering: 1
velocity: 0.0
acceleration: 0.0
[rosout][INFO] 2024-03-04 13:49:44,799: longlCmdType: 1
accel: 1.0
brake: 0.0
steering: 1
velocity: 0.0
acceleration: 0.0
[rosout][INFO] 2024-03-04 13:49:45,799: longlCmdType: 1
accel: 1.0
brake: 0.0
steering: 1
velocity: 0.0
acceleration: 0.0
[rosout][INFO] 2024-03-04 13:49:46,799: longlCmdType: 1
accel: 1.0
brake: 0.0
steering: 1
velocity: 0.0
acceleration: 0.0
[rosout][INFO] 2024-03-04 13:49:47,799: longlCmdType: 1
accel: 1.0
brake: 0.0
steering: 1
velocity: 0.0
acceleration: 0.0
[rosout][INFO] 2024-03-04 13:49:48,799: longlCmdType: 1
accel: 1.0
brake: 0.0
steering: 1
velocity: 0.0
acceleration: 0.0
[rosout][INFO] 2024-03-04 13:49:49,799: longlCmdType: 1
accel: 1.0
brake: 0.0
steering: 1
velocity: 0.0
acceleration: 0.0
[rosout][INFO] 2024-03-04 13:49:50,799: longlCmdType: 1
accel: 1.0
brake: 0.0
steering: 1
velocity: 0.0
acceleration: 0.0
[rosout][INFO] 2024-03-04 13:49:51,799: longlCmdType: 1
accel: 1.0
brake: 0.0
steering: 1
velocity: 0.0
acceleration: 0.0
[rosout][INFO] 2024-03-04 13:49:52,799: longlCmdType: 1
accel: 1.0
brake: 0.0
steering: 1
velocity: 0.0
acceleration: 0.0
[rosout][INFO] 2024-03-04 13:49:53,799: longlCmdType: 1
accel: 1.0
brake: 0.0
steering: 1
velocity: 0.0
acceleration: 0.0
[rosout][INFO] 2024-03-04 13:49:54,799: longlCmdType: 1
accel: 1.0
brake: 0.0
steering: 1
velocity: 0.0
acceleration: 0.0
[rosout][INFO] 2024-03-04 13:49:55,799: longlCmdType: 1
accel: 1.0
brake: 0.0
steering: 1
velocity: 0.0
acceleration: 0.0
[rosout][INFO] 2024-03-04 13:49:56,799: longlCmdType: 1
accel: 1.0
brake: 0.0
steering: 1
velocity: 0.0
acceleration: 0.0
[rosout][INFO] 2024-03-04 13:49:57,799: longlCmdType: 1
accel: 1.0
brake: 0.0
steering: 1
velocity: 0.0
acceleration: 0.0
[rosout][INFO] 2024-03-04 13:49:58,799: longlCmdType: 1
accel: 1.0
brake: 0.0
steering: 1
velocity: 0.0
acceleration: 0.0
[rosout][INFO] 2024-03-04 13:49:59,799: longlCmdType: 1
accel: 1.0
brake: 0.0
steering: 1
velocity: 0.0
acceleration: 0.0
[rosout][INFO] 2024-03-04 13:50:00,799: longlCmdType: 1
accel: 1.0
brake: 0.0
steering: 1
velocity: 0.0
acceleration: 0.0
[rosout][INFO] 2024-03-04 13:50:01,799: longlCmdType: 1
accel: 1.0
brake: 0.0
steering: 1
velocity: 0.0
acceleration: 0.0
[rosout][INFO] 2024-03-04 13:50:02,799: longlCmdType: 1
accel: 1.0
brake: 0.0
steering: 1
velocity: 0.0
acceleration: 0.0
[rosout][INFO] 2024-03-04 13:50:03,799: longlCmdType: 1
accel: 1.0
brake: 0.0
steering: 1
velocity: 0.0
acceleration: 0.0
[rosout][INFO] 2024-03-04 13:50:04,799: longlCmdType: 1
accel: 1.0
brake: 0.0
steering: 1
velocity: 0.0
acceleration: 0.0
[rosout][INFO] 2024-03-04 13:50:05,799: longlCmdType: 1
accel: 1.0
brake: 0.0
steering: 1
velocity: 0.0
acceleration: 0.0
[rosout][INFO] 2024-03-04 13:50:06,799: longlCmdType: 1
accel: 1.0
brake: 0.0
steering: 1
velocity: 0.0
acceleration: 0.0
[rosout][INFO] 2024-03-04 13:50:07,799: longlCmdType: 1
accel: 1.0
brake: 0.0
steering: 1
velocity: 0.0
acceleration: 0.0
[rosout][INFO] 2024-03-04 13:50:08,799: longlCmdType: 1
accel: 1.0
brake: 0.0
steering: 1
velocity: 0.0
acceleration: 0.0
[rosout][INFO] 2024-03-04 13:50:09,799: longlCmdType: 1
accel: 1.0
brake: 0.0
steering: 1
velocity: 0.0
acceleration: 0.0
[rosout][INFO] 2024-03-04 13:50:10,799: longlCmdType: 1
accel: 1.0
brake: 0.0
steering: 1
velocity: 0.0
acceleration: 0.0
[rosout][INFO] 2024-03-04 13:50:11,799: longlCmdType: 1
accel: 1.0
brake: 0.0
steering: 1
velocity: 0.0
acceleration: 0.0
[rosout][INFO] 2024-03-04 13:50:12,799: longlCmdType: 1
accel: 1.0
brake: 0.0
steering: 1
velocity: 0.0
acceleration: 0.0
[rosout][INFO] 2024-03-04 13:50:13,798: longlCmdType: 1
accel: 1.0
brake: 0.0
steering: 1
velocity: 0.0
acceleration: 0.0
[rosout][INFO] 2024-03-04 13:50:14,799: longlCmdType: 1
accel: 1.0
brake: 0.0
steering: 1
velocity: 0.0
acceleration: 0.0
[rosout][INFO] 2024-03-04 13:50:15,799: longlCmdType: 1
accel: 1.0
brake: 0.0
steering: 1
velocity: 0.0
acceleration: 0.0
[rosout][INFO] 2024-03-04 13:50:16,799: longlCmdType: 1
accel: 1.0
brake: 0.0
steering: 1
velocity: 0.0
acceleration: 0.0
[rosout][INFO] 2024-03-04 13:50:17,799: longlCmdType: 1
accel: 1.0
brake: 0.0
steering: 1
velocity: 0.0
acceleration: 0.0
[rosout][INFO] 2024-03-04 13:50:18,799: longlCmdType: 1
accel: 1.0
brake: 0.0
steering: 1
velocity: 0.0
acceleration: 0.0
[rosout][INFO] 2024-03-04 13:50:19,799: longlCmdType: 1
accel: 1.0
brake: 0.0
steering: 1
velocity: 0.0
acceleration: 0.0
[rosout][INFO] 2024-03-04 13:50:20,799: longlCmdType: 1
accel: 1.0
brake: 0.0
steering: 1
velocity: 0.0
acceleration: 0.0
[rosout][INFO] 2024-03-04 13:50:21,799: longlCmdType: 1
accel: 1.0
brake: 0.0
steering: 1
velocity: 0.0
acceleration: 0.0
[rosout][INFO] 2024-03-04 13:50:22,799: longlCmdType: 1
accel: 1.0
brake: 0.0
steering: 1
velocity: 0.0
acceleration: 0.0
[rosout][INFO] 2024-03-04 13:50:23,799: longlCmdType: 1
accel: 1.0
brake: 0.0
steering: 1
velocity: 0.0
acceleration: 0.0
[rosout][INFO] 2024-03-04 13:50:24,799: longlCmdType: 1
accel: 1.0
brake: 0.0
steering: 1
velocity: 0.0
acceleration: 0.0
[rosout][INFO] 2024-03-04 13:50:25,799: longlCmdType: 1
accel: 1.0
brake: 0.0
steering: 1
velocity: 0.0
acceleration: 0.0
[rosout][INFO] 2024-03-04 13:50:26,799: longlCmdType: 1
accel: 1.0
brake: 0.0
steering: 1
velocity: 0.0
acceleration: 0.0
[rosout][INFO] 2024-03-04 13:50:27,799: longlCmdType: 1
accel: 1.0
brake: 0.0
steering: 1
velocity: 0.0
acceleration: 0.0
[rosout][INFO] 2024-03-04 13:50:28,799: longlCmdType: 1
accel: 1.0
brake: 0.0
steering: 1
velocity: 0.0
acceleration: 0.0
[rosout][INFO] 2024-03-04 13:50:29,799: longlCmdType: 1
accel: 1.0
brake: 0.0
steering: 1
velocity: 0.0
acceleration: 0.0
[rosout][INFO] 2024-03-04 13:50:30,798: longlCmdType: 1
accel: 1.0
brake: 0.0
steering: 1
velocity: 0.0
acceleration: 0.0
[rosout][INFO] 2024-03-04 13:50:31,799: longlCmdType: 1
accel: 1.0
brake: 0.0
steering: 1
velocity: 0.0
acceleration: 0.0
[rosout][INFO] 2024-03-04 13:50:32,799: longlCmdType: 1
accel: 1.0
brake: 0.0
steering: 1
velocity: 0.0
acceleration: 0.0
[rosout][INFO] 2024-03-04 13:50:33,799: longlCmdType: 1
accel: 1.0
brake: 0.0
steering: 1
velocity: 0.0
acceleration: 0.0
[rosout][INFO] 2024-03-04 13:50:34,798: longlCmdType: 1
accel: 1.0
brake: 0.0
steering: 1
velocity: 0.0
acceleration: 0.0
[rosout][INFO] 2024-03-04 13:50:35,799: longlCmdType: 1
accel: 1.0
brake: 0.0
steering: 1
velocity: 0.0
acceleration: 0.0
[rosout][INFO] 2024-03-04 13:50:36,799: longlCmdType: 1
accel: 1.0
brake: 0.0
steering: 1
velocity: 0.0
acceleration: 0.0
[rosout][INFO] 2024-03-04 13:50:37,799: longlCmdType: 1
accel: 1.0
brake: 0.0
steering: 1
velocity: 0.0
acceleration: 0.0
[rosout][INFO] 2024-03-04 13:50:38,799: longlCmdType: 1
accel: 1.0
brake: 0.0
steering: 1
velocity: 0.0
acceleration: 0.0
[rosout][INFO] 2024-03-04 13:50:39,799: longlCmdType: 1
accel: 1.0
brake: 0.0
steering: 1
velocity: 0.0
acceleration: 0.0
[rosout][INFO] 2024-03-04 13:50:40,799: longlCmdType: 1
accel: 1.0
brake: 0.0
steering: 1
velocity: 0.0
acceleration: 0.0
[rosout][INFO] 2024-03-04 13:50:41,799: longlCmdType: 1
accel: 1.0
brake: 0.0
steering: 1
velocity: 0.0
acceleration: 0.0
[rosout][INFO] 2024-03-04 13:50:42,799: longlCmdType: 1
accel: 1.0
brake: 0.0
steering: 1
velocity: 0.0
acceleration: 0.0
[rosout][INFO] 2024-03-04 13:50:43,799: longlCmdType: 1
accel: 1.0
brake: 0.0
steering: 1
velocity: 0.0
acceleration: 0.0
[rosout][INFO] 2024-03-04 13:50:44,799: longlCmdType: 1
accel: 1.0
brake: 0.0
steering: 1
velocity: 0.0
acceleration: 0.0
[rosout][INFO] 2024-03-04 13:50:45,799: longlCmdType: 1
accel: 1.0
brake: 0.0
steering: 1
velocity: 0.0
acceleration: 0.0
[rosout][INFO] 2024-03-04 13:50:46,799: longlCmdType: 1
accel: 1.0
brake: 0.0
steering: 1
velocity: 0.0
acceleration: 0.0
[rosout][INFO] 2024-03-04 13:50:47,799: longlCmdType: 1
accel: 1.0
brake: 0.0
steering: 1
velocity: 0.0
acceleration: 0.0
[rosout][INFO] 2024-03-04 13:50:48,799: longlCmdType: 1
accel: 1.0
brake: 0.0
steering: 1
velocity: 0.0
acceleration: 0.0
[rosout][INFO] 2024-03-04 13:50:49,799: longlCmdType: 1
accel: 1.0
brake: 0.0
steering: 1
velocity: 0.0
acceleration: 0.0
[rosout][INFO] 2024-03-04 13:50:50,799: longlCmdType: 1
accel: 1.0
brake: 0.0
steering: 1
velocity: 0.0
acceleration: 0.0
[rosout][INFO] 2024-03-04 13:50:51,799: longlCmdType: 1
accel: 1.0
brake: 0.0
steering: 1
velocity: 0.0
acceleration: 0.0
[rosout][INFO] 2024-03-04 13:50:52,799: longlCmdType: 1
accel: 1.0
brake: 0.0
steering: 1
velocity: 0.0
acceleration: 0.0
[rosout][INFO] 2024-03-04 13:50:53,798: longlCmdType: 1
accel: 1.0
brake: 0.0
steering: 1
velocity: 0.0
acceleration: 0.0
[rosout][INFO] 2024-03-04 13:50:54,799: longlCmdType: 1
accel: 1.0
brake: 0.0
steering: 1
velocity: 0.0
acceleration: 0.0
[rosout][INFO] 2024-03-04 13:50:55,799: longlCmdType: 1
accel: 1.0
brake: 0.0
steering: 1
velocity: 0.0
acceleration: 0.0
[rosout][INFO] 2024-03-04 13:50:56,799: longlCmdType: 1
accel: 1.0
brake: 0.0
steering: 1
velocity: 0.0
acceleration: 0.0
[rosout][INFO] 2024-03-04 13:50:57,799: longlCmdType: 1
accel: 1.0
brake: 0.0
steering: 1
velocity: 0.0
acceleration: 0.0
[rosout][INFO] 2024-03-04 13:50:58,799: longlCmdType: 1
accel: 1.0
brake: 0.0
steering: 1
velocity: 0.0
acceleration: 0.0
[rosout][INFO] 2024-03-04 13:50:59,799: longlCmdType: 1
accel: 1.0
brake: 0.0
steering: 1
velocity: 0.0
acceleration: 0.0
[rosout][INFO] 2024-03-04 13:51:00,798: longlCmdType: 1
accel: 1.0
brake: 0.0
steering: 1
velocity: 0.0
acceleration: 0.0
[rosout][INFO] 2024-03-04 13:51:01,799: longlCmdType: 1
accel: 1.0
brake: 0.0
steering: 1
velocity: 0.0
acceleration: 0.0
[rosout][INFO] 2024-03-04 13:51:02,799: longlCmdType: 1
accel: 1.0
brake: 0.0
steering: 1
velocity: 0.0
acceleration: 0.0
[rosout][INFO] 2024-03-04 13:51:03,799: longlCmdType: 1
accel: 1.0
brake: 0.0
steering: 1
velocity: 0.0
acceleration: 0.0
[rosout][INFO] 2024-03-04 13:51:04,799: longlCmdType: 1
accel: 1.0
brake: 0.0
steering: 1
velocity: 0.0
acceleration: 0.0
[rosout][INFO] 2024-03-04 13:51:05,799: longlCmdType: 1
accel: 1.0
brake: 0.0
steering: 1
velocity: 0.0
acceleration: 0.0
[rosout][INFO] 2024-03-04 13:51:06,799: longlCmdType: 1
accel: 1.0
brake: 0.0
steering: 1
velocity: 0.0
acceleration: 0.0
[rosout][INFO] 2024-03-04 13:51:07,799: longlCmdType: 1
accel: 1.0
brake: 0.0
steering: 1
velocity: 0.0
acceleration: 0.0
[rosout][INFO] 2024-03-04 13:51:08,799: longlCmdType: 1
accel: 1.0
brake: 0.0
steering: 1
velocity: 0.0
acceleration: 0.0
[rosout][INFO] 2024-03-04 13:51:09,799: longlCmdType: 1
accel: 1.0
brake: 0.0
steering: 1
velocity: 0.0
acceleration: 0.0
[rosout][INFO] 2024-03-04 13:51:10,799: longlCmdType: 1
accel: 1.0
brake: 0.0
steering: 1
velocity: 0.0
acceleration: 0.0
[rosout][INFO] 2024-03-04 13:51:11,798: longlCmdType: 1
accel: 1.0
brake: 0.0
steering: 1
velocity: 0.0
acceleration: 0.0
[rosout][INFO] 2024-03-04 13:51:12,799: longlCmdType: 1
accel: 1.0
brake: 0.0
steering: 1
velocity: 0.0
acceleration: 0.0
[rosout][INFO] 2024-03-04 13:51:13,799: longlCmdType: 1
accel: 1.0
brake: 0.0
steering: 1
velocity: 0.0
acceleration: 0.0
[rosout][INFO] 2024-03-04 13:51:14,799: longlCmdType: 1
accel: 1.0
brake: 0.0
steering: 1
velocity: 0.0
acceleration: 0.0
[rosout][INFO] 2024-03-04 13:51:15,799: longlCmdType: 1
accel: 1.0
brake: 0.0
steering: 1
velocity: 0.0
acceleration: 0.0
[rosout][INFO] 2024-03-04 13:51:16,799: longlCmdType: 1
accel: 1.0
brake: 0.0
steering: 1
velocity: 0.0
acceleration: 0.0
[rosout][INFO] 2024-03-04 13:51:17,799: longlCmdType: 1
accel: 1.0
brake: 0.0
steering: 1
velocity: 0.0
acceleration: 0.0
[rosout][INFO] 2024-03-04 13:51:18,799: longlCmdType: 1
accel: 1.0
brake: 0.0
steering: 1
velocity: 0.0
acceleration: 0.0
[rosout][INFO] 2024-03-04 13:51:19,799: longlCmdType: 1
accel: 1.0
brake: 0.0
steering: 1
velocity: 0.0
acceleration: 0.0
[rosout][INFO] 2024-03-04 13:51:20,799: longlCmdType: 1
accel: 1.0
brake: 0.0
steering: 1
velocity: 0.0
acceleration: 0.0
[rosout][INFO] 2024-03-04 13:51:21,799: longlCmdType: 1
accel: 1.0
brake: 0.0
steering: 1
velocity: 0.0
acceleration: 0.0
[rosout][INFO] 2024-03-04 13:51:22,799: longlCmdType: 1
accel: 1.0
brake: 0.0
steering: 1
velocity: 0.0
acceleration: 0.0
[rosout][INFO] 2024-03-04 13:51:23,799: longlCmdType: 1
accel: 1.0
brake: 0.0
steering: 1
velocity: 0.0
acceleration: 0.0
[rosout][INFO] 2024-03-04 13:51:24,799: longlCmdType: 1
accel: 1.0
brake: 0.0
steering: 1
velocity: 0.0
acceleration: 0.0
[rosout][INFO] 2024-03-04 13:51:25,799: longlCmdType: 1
accel: 1.0
brake: 0.0
steering: 1
velocity: 0.0
acceleration: 0.0
[rosout][INFO] 2024-03-04 13:51:26,799: longlCmdType: 1
accel: 1.0
brake: 0.0
steering: 1
velocity: 0.0
acceleration: 0.0
[rosout][INFO] 2024-03-04 13:51:27,799: longlCmdType: 1
accel: 1.0
brake: 0.0
steering: 1
velocity: 0.0
acceleration: 0.0
[rosout][INFO] 2024-03-04 13:51:28,799: longlCmdType: 1
accel: 1.0
brake: 0.0
steering: 1
velocity: 0.0
acceleration: 0.0
[rosout][INFO] 2024-03-04 13:51:29,799: longlCmdType: 1
accel: 1.0
brake: 0.0
steering: 1
velocity: 0.0
acceleration: 0.0
[rosout][INFO] 2024-03-04 13:51:30,799: longlCmdType: 1
accel: 1.0
brake: 0.0
steering: 1
velocity: 0.0
acceleration: 0.0
[rosout][INFO] 2024-03-04 13:51:31,799: longlCmdType: 1
accel: 1.0
brake: 0.0
steering: 1
velocity: 0.0
acceleration: 0.0
[rosout][INFO] 2024-03-04 13:51:32,799: longlCmdType: 1
accel: 1.0
brake: 0.0
steering: 1
velocity: 0.0
acceleration: 0.0
[rosout][INFO] 2024-03-04 13:51:33,799: longlCmdType: 1
accel: 1.0
brake: 0.0
steering: 1
velocity: 0.0
acceleration: 0.0
[rosout][INFO] 2024-03-04 13:51:34,799: longlCmdType: 1
accel: 1.0
brake: 0.0
steering: 1
velocity: 0.0
acceleration: 0.0
[rosout][INFO] 2024-03-04 13:51:35,799: longlCmdType: 1
accel: 1.0
brake: 0.0
steering: 1
velocity: 0.0
acceleration: 0.0
[rosout][INFO] 2024-03-04 13:51:36,799: longlCmdType: 1
accel: 1.0
brake: 0.0
steering: 1
velocity: 0.0
acceleration: 0.0
[rosout][INFO] 2024-03-04 13:51:37,799: longlCmdType: 1
accel: 1.0
brake: 0.0
steering: 1
velocity: 0.0
acceleration: 0.0
[rosout][INFO] 2024-03-04 13:51:38,799: longlCmdType: 1
accel: 1.0
brake: 0.0
steering: 1
velocity: 0.0
acceleration: 0.0
[rosout][INFO] 2024-03-04 13:51:39,799: longlCmdType: 1
accel: 1.0
brake: 0.0
steering: 1
velocity: 0.0
acceleration: 0.0
[rosout][INFO] 2024-03-04 13:51:40,799: longlCmdType: 1
accel: 1.0
brake: 0.0
steering: 1
velocity: 0.0
acceleration: 0.0
[rosout][INFO] 2024-03-04 13:51:41,799: longlCmdType: 1
accel: 1.0
brake: 0.0
steering: 1
velocity: 0.0
acceleration: 0.0
[rosout][INFO] 2024-03-04 13:51:42,799: longlCmdType: 1
accel: 1.0
brake: 0.0
steering: 1
velocity: 0.0
acceleration: 0.0
[rosout][INFO] 2024-03-04 13:51:43,799: longlCmdType: 1
accel: 1.0
brake: 0.0
steering: 1
velocity: 0.0
acceleration: 0.0
[rosout][INFO] 2024-03-04 13:51:44,799: longlCmdType: 1
accel: 1.0
brake: 0.0
steering: 1
velocity: 0.0
acceleration: 0.0
[rosout][INFO] 2024-03-04 13:51:45,799: longlCmdType: 1
accel: 1.0
brake: 0.0
steering: 1
velocity: 0.0
acceleration: 0.0
[rosout][INFO] 2024-03-04 13:51:46,799: longlCmdType: 1
accel: 1.0
brake: 0.0
steering: 1
velocity: 0.0
acceleration: 0.0
[rosout][INFO] 2024-03-04 13:51:47,798: longlCmdType: 1
accel: 1.0
brake: 0.0
steering: 1
velocity: 0.0
acceleration: 0.0
[rosout][INFO] 2024-03-04 13:51:48,798: longlCmdType: 1
accel: 1.0
brake: 0.0
steering: 1
velocity: 0.0
acceleration: 0.0
[rosout][INFO] 2024-03-04 13:51:49,799: longlCmdType: 1
accel: 1.0
brake: 0.0
steering: 1
velocity: 0.0
acceleration: 0.0
[rosout][INFO] 2024-03-04 13:51:50,799: longlCmdType: 1
accel: 1.0
brake: 0.0
steering: 1
velocity: 0.0
acceleration: 0.0
[rosout][INFO] 2024-03-04 13:51:51,798: longlCmdType: 1
accel: 1.0
brake: 0.0
steering: 1
velocity: 0.0
acceleration: 0.0
[rosout][INFO] 2024-03-04 13:51:52,799: longlCmdType: 1
accel: 1.0
brake: 0.0
steering: 1
velocity: 0.0
acceleration: 0.0
[rosout][INFO] 2024-03-04 13:51:53,799: longlCmdType: 1
accel: 1.0
brake: 0.0
steering: 1
velocity: 0.0
acceleration: 0.0
[rosout][INFO] 2024-03-04 13:51:54,799: longlCmdType: 1
accel: 1.0
brake: 0.0
steering: 1
velocity: 0.0
acceleration: 0.0
[rosout][INFO] 2024-03-04 13:51:55,799: longlCmdType: 1
accel: 1.0
brake: 0.0
steering: 1
velocity: 0.0
acceleration: 0.0
[rosout][INFO] 2024-03-04 13:51:56,798: longlCmdType: 1
accel: 1.0
brake: 0.0
steering: 1
velocity: 0.0
acceleration: 0.0
[rosout][INFO] 2024-03-04 13:51:57,799: longlCmdType: 1
accel: 1.0
brake: 0.0
steering: 1
velocity: 0.0
acceleration: 0.0
[rosout][INFO] 2024-03-04 13:51:58,799: longlCmdType: 1
accel: 1.0
brake: 0.0
steering: 1
velocity: 0.0
acceleration: 0.0
[rosout][INFO] 2024-03-04 13:51:59,798: longlCmdType: 1
accel: 1.0
brake: 0.0
steering: 1
velocity: 0.0
acceleration: 0.0
[rosout][INFO] 2024-03-04 13:52:00,799: longlCmdType: 1
accel: 1.0
brake: 0.0
steering: 1
velocity: 0.0
acceleration: 0.0
[rosout][INFO] 2024-03-04 13:52:01,799: longlCmdType: 1
accel: 1.0
brake: 0.0
steering: 1
velocity: 0.0
acceleration: 0.0
[rosout][INFO] 2024-03-04 13:52:02,799: longlCmdType: 1
accel: 1.0
brake: 0.0
steering: 1
velocity: 0.0
acceleration: 0.0
[rosout][INFO] 2024-03-04 13:52:03,799: longlCmdType: 1
accel: 1.0
brake: 0.0
steering: 1
velocity: 0.0
acceleration: 0.0
[rosout][INFO] 2024-03-04 13:52:04,799: longlCmdType: 1
accel: 1.0
brake: 0.0
steering: 1
velocity: 0.0
acceleration: 0.0
[rosout][INFO] 2024-03-04 13:52:05,799: longlCmdType: 1
accel: 1.0
brake: 0.0
steering: 1
velocity: 0.0
acceleration: 0.0
[rosout][INFO] 2024-03-04 13:52:06,798: longlCmdType: 1
accel: 1.0
brake: 0.0
steering: 1
velocity: 0.0
acceleration: 0.0
[rosout][INFO] 2024-03-04 13:52:07,798: longlCmdType: 1
accel: 1.0
brake: 0.0
steering: 1
velocity: 0.0
acceleration: 0.0
[rosout][INFO] 2024-03-04 13:52:08,799: longlCmdType: 1
accel: 1.0
brake: 0.0
steering: 1
velocity: 0.0
acceleration: 0.0
[rosout][INFO] 2024-03-04 13:52:09,799: longlCmdType: 1
accel: 1.0
brake: 0.0
steering: 1
velocity: 0.0
acceleration: 0.0
[rosout][INFO] 2024-03-04 13:52:10,799: longlCmdType: 1
accel: 1.0
brake: 0.0
steering: 1
velocity: 0.0
acceleration: 0.0
[rosout][INFO] 2024-03-04 13:52:11,799: longlCmdType: 1
accel: 1.0
brake: 0.0
steering: 1
velocity: 0.0
acceleration: 0.0
[rosout][INFO] 2024-03-04 13:52:12,799: longlCmdType: 1
accel: 1.0
brake: 0.0
steering: 1
velocity: 0.0
acceleration: 0.0
[rosout][INFO] 2024-03-04 13:52:13,799: longlCmdType: 1
accel: 1.0
brake: 0.0
steering: 1
velocity: 0.0
acceleration: 0.0
[rosout][INFO] 2024-03-04 13:52:14,799: longlCmdType: 1
accel: 1.0
brake: 0.0
steering: 1
velocity: 0.0
acceleration: 0.0
[rosout][INFO] 2024-03-04 13:52:15,799: longlCmdType: 1
accel: 1.0
brake: 0.0
steering: 1
velocity: 0.0
acceleration: 0.0
[rosout][INFO] 2024-03-04 13:52:16,799: longlCmdType: 1
accel: 1.0
brake: 0.0
steering: 1
velocity: 0.0
acceleration: 0.0
[rosout][INFO] 2024-03-04 13:52:17,799: longlCmdType: 1
accel: 1.0
brake: 0.0
steering: 1
velocity: 0.0
acceleration: 0.0
[rosout][INFO] 2024-03-04 13:52:18,799: longlCmdType: 1
accel: 1.0
brake: 0.0
steering: 1
velocity: 0.0
acceleration: 0.0
[rosout][INFO] 2024-03-04 13:52:19,799: longlCmdType: 1
accel: 1.0
brake: 0.0
steering: 1
velocity: 0.0
acceleration: 0.0
[rosout][INFO] 2024-03-04 13:52:20,799: longlCmdType: 1
accel: 1.0
brake: 0.0
steering: 1
velocity: 0.0
acceleration: 0.0
[rosout][INFO] 2024-03-04 13:52:21,799: longlCmdType: 1
accel: 1.0
brake: 0.0
steering: 1
velocity: 0.0
acceleration: 0.0
[rosout][INFO] 2024-03-04 13:52:22,798: longlCmdType: 1
accel: 1.0
brake: 0.0
steering: 1
velocity: 0.0
acceleration: 0.0
[rosout][INFO] 2024-03-04 13:52:23,799: longlCmdType: 1
accel: 1.0
brake: 0.0
steering: 1
velocity: 0.0
acceleration: 0.0
[rosout][INFO] 2024-03-04 13:52:24,799: longlCmdType: 1
accel: 1.0
brake: 0.0
steering: 1
velocity: 0.0
acceleration: 0.0
[rosout][INFO] 2024-03-04 13:52:25,799: longlCmdType: 1
accel: 1.0
brake: 0.0
steering: 1
velocity: 0.0
acceleration: 0.0
[rosout][INFO] 2024-03-04 13:52:26,799: longlCmdType: 1
accel: 1.0
brake: 0.0
steering: 1
velocity: 0.0
acceleration: 0.0
[rosout][INFO] 2024-03-04 13:52:27,799: longlCmdType: 1
accel: 1.0
brake: 0.0
steering: 1
velocity: 0.0
acceleration: 0.0
[rosout][INFO] 2024-03-04 13:52:28,799: longlCmdType: 1
accel: 1.0
brake: 0.0
steering: 1
velocity: 0.0
acceleration: 0.0
[rosout][INFO] 2024-03-04 13:52:29,799: longlCmdType: 1
accel: 1.0
brake: 0.0
steering: 1
velocity: 0.0
acceleration: 0.0
[rosout][INFO] 2024-03-04 13:52:30,799: longlCmdType: 1
accel: 1.0
brake: 0.0
steering: 1
velocity: 0.0
acceleration: 0.0
[rosout][INFO] 2024-03-04 13:52:31,799: longlCmdType: 1
accel: 1.0
brake: 0.0
steering: 1
velocity: 0.0
acceleration: 0.0
[rosout][INFO] 2024-03-04 13:52:32,799: longlCmdType: 1
accel: 1.0
brake: 0.0
steering: 1
velocity: 0.0
acceleration: 0.0
[rosout][INFO] 2024-03-04 13:52:33,798: longlCmdType: 1
accel: 1.0
brake: 0.0
steering: 1
velocity: 0.0
acceleration: 0.0
[rosout][INFO] 2024-03-04 13:52:34,799: longlCmdType: 1
accel: 1.0
brake: 0.0
steering: 1
velocity: 0.0
acceleration: 0.0
[rosout][INFO] 2024-03-04 13:52:35,799: longlCmdType: 1
accel: 1.0
brake: 0.0
steering: 1
velocity: 0.0
acceleration: 0.0
[rosout][INFO] 2024-03-04 13:52:36,799: longlCmdType: 1
accel: 1.0
brake: 0.0
steering: 1
velocity: 0.0
acceleration: 0.0
[rosout][INFO] 2024-03-04 13:52:37,798: longlCmdType: 1
accel: 1.0
brake: 0.0
steering: 1
velocity: 0.0
acceleration: 0.0
[rosout][INFO] 2024-03-04 13:52:38,799: longlCmdType: 1
accel: 1.0
brake: 0.0
steering: 1
velocity: 0.0
acceleration: 0.0
[rosout][INFO] 2024-03-04 13:52:39,799: longlCmdType: 1
accel: 1.0
brake: 0.0
steering: 1
velocity: 0.0
acceleration: 0.0
[rosout][INFO] 2024-03-04 13:52:40,799: longlCmdType: 1
accel: 1.0
brake: 0.0
steering: 1
velocity: 0.0
acceleration: 0.0
[rosout][INFO] 2024-03-04 13:52:41,799: longlCmdType: 1
accel: 1.0
brake: 0.0
steering: 1
velocity: 0.0
acceleration: 0.0
[rosout][INFO] 2024-03-04 13:52:42,799: longlCmdType: 1
accel: 1.0
brake: 0.0
steering: 1
velocity: 0.0
acceleration: 0.0
[rosout][INFO] 2024-03-04 13:52:43,799: longlCmdType: 1
accel: 1.0
brake: 0.0
steering: 1
velocity: 0.0
acceleration: 0.0
[rosout][INFO] 2024-03-04 13:52:44,799: longlCmdType: 1
accel: 1.0
brake: 0.0
steering: 1
velocity: 0.0
acceleration: 0.0
[rosout][INFO] 2024-03-04 13:52:45,799: longlCmdType: 1
accel: 1.0
brake: 0.0
steering: 1
velocity: 0.0
acceleration: 0.0
[rosout][INFO] 2024-03-04 13:52:46,799: longlCmdType: 1
accel: 1.0
brake: 0.0
steering: 1
velocity: 0.0
acceleration: 0.0
[rosout][INFO] 2024-03-04 13:52:47,799: longlCmdType: 1
accel: 1.0
brake: 0.0
steering: 1
velocity: 0.0
acceleration: 0.0
[rosout][INFO] 2024-03-04 13:52:48,799: longlCmdType: 1
accel: 1.0
brake: 0.0
steering: 1
velocity: 0.0
acceleration: 0.0
[rosout][INFO] 2024-03-04 13:52:49,799: longlCmdType: 1
accel: 1.0
brake: 0.0
steering: 1
velocity: 0.0
acceleration: 0.0
[rosout][INFO] 2024-03-04 13:52:50,799: longlCmdType: 1
accel: 1.0
brake: 0.0
steering: 1
velocity: 0.0
acceleration: 0.0
[rosout][INFO] 2024-03-04 13:52:51,799: longlCmdType: 1
accel: 1.0
brake: 0.0
steering: 1
velocity: 0.0
acceleration: 0.0
[rosout][INFO] 2024-03-04 13:52:52,799: longlCmdType: 1
accel: 1.0
brake: 0.0
steering: 1
velocity: 0.0
acceleration: 0.0
[rosout][INFO] 2024-03-04 13:52:53,799: longlCmdType: 1
accel: 1.0
brake: 0.0
steering: 1
velocity: 0.0
acceleration: 0.0
[rosout][INFO] 2024-03-04 13:52:54,798: longlCmdType: 1
accel: 1.0
brake: 0.0
steering: 1
velocity: 0.0
acceleration: 0.0
[rosout][INFO] 2024-03-04 13:52:55,799: longlCmdType: 1
accel: 1.0
brake: 0.0
steering: 1
velocity: 0.0
acceleration: 0.0
[rosout][INFO] 2024-03-04 13:52:56,799: longlCmdType: 1
accel: 1.0
brake: 0.0
steering: 1
velocity: 0.0
acceleration: 0.0
[rosout][INFO] 2024-03-04 13:52:57,799: longlCmdType: 1
accel: 1.0
brake: 0.0
steering: 1
velocity: 0.0
acceleration: 0.0
[rosout][INFO] 2024-03-04 13:52:58,799: longlCmdType: 1
accel: 1.0
brake: 0.0
steering: 1
velocity: 0.0
acceleration: 0.0
[rosout][INFO] 2024-03-04 13:52:59,799: longlCmdType: 1
accel: 1.0
brake: 0.0
steering: 1
velocity: 0.0
acceleration: 0.0
[rosout][INFO] 2024-03-04 13:53:00,799: longlCmdType: 1
accel: 1.0
brake: 0.0
steering: 1
velocity: 0.0
acceleration: 0.0
[rosout][INFO] 2024-03-04 13:53:01,799: longlCmdType: 1
accel: 1.0
brake: 0.0
steering: 1
velocity: 0.0
acceleration: 0.0
[rosout][INFO] 2024-03-04 13:53:02,799: longlCmdType: 1
accel: 1.0
brake: 0.0
steering: 1
velocity: 0.0
acceleration: 0.0
[rosout][INFO] 2024-03-04 13:53:03,799: longlCmdType: 1
accel: 1.0
brake: 0.0
steering: 1
velocity: 0.0
acceleration: 0.0
[rosout][INFO] 2024-03-04 13:53:04,799: longlCmdType: 1
accel: 1.0
brake: 0.0
steering: 1
velocity: 0.0
acceleration: 0.0
[rosout][INFO] 2024-03-04 13:53:05,798: longlCmdType: 1
accel: 1.0
brake: 0.0
steering: 1
velocity: 0.0
acceleration: 0.0
[rosout][INFO] 2024-03-04 13:53:06,799: longlCmdType: 1
accel: 1.0
brake: 0.0
steering: 1
velocity: 0.0
acceleration: 0.0
[rosout][INFO] 2024-03-04 13:53:07,799: longlCmdType: 1
accel: 1.0
brake: 0.0
steering: 1
velocity: 0.0
acceleration: 0.0
[rosout][INFO] 2024-03-04 13:53:08,799: longlCmdType: 1
accel: 1.0
brake: 0.0
steering: 1
velocity: 0.0
acceleration: 0.0
[rosout][INFO] 2024-03-04 13:53:09,799: longlCmdType: 1
accel: 1.0
brake: 0.0
steering: 1
velocity: 0.0
acceleration: 0.0
[rosout][INFO] 2024-03-04 13:53:10,799: longlCmdType: 1
accel: 1.0
brake: 0.0
steering: 1
velocity: 0.0
acceleration: 0.0
[rosout][INFO] 2024-03-04 13:53:11,799: longlCmdType: 1
accel: 1.0
brake: 0.0
steering: 1
velocity: 0.0
acceleration: 0.0
[rosout][INFO] 2024-03-04 13:53:12,799: longlCmdType: 1
accel: 1.0
brake: 0.0
steering: 1
velocity: 0.0
acceleration: 0.0
[rosout][INFO] 2024-03-04 13:53:13,799: longlCmdType: 1
accel: 1.0
brake: 0.0
steering: 1
velocity: 0.0
acceleration: 0.0
[rosout][INFO] 2024-03-04 13:53:14,799: longlCmdType: 1
accel: 1.0
brake: 0.0
steering: 1
velocity: 0.0
acceleration: 0.0
[rosout][INFO] 2024-03-04 13:53:15,799: longlCmdType: 1
accel: 1.0
brake: 0.0
steering: 1
velocity: 0.0
acceleration: 0.0
[rosout][INFO] 2024-03-04 13:53:16,799: longlCmdType: 1
accel: 1.0
brake: 0.0
steering: 1
velocity: 0.0
acceleration: 0.0
[rosout][INFO] 2024-03-04 13:53:17,799: longlCmdType: 1
accel: 1.0
brake: 0.0
steering: 1
velocity: 0.0
acceleration: 0.0
[rosout][INFO] 2024-03-04 13:53:18,799: longlCmdType: 1
accel: 1.0
brake: 0.0
steering: 1
velocity: 0.0
acceleration: 0.0
[rosout][INFO] 2024-03-04 13:53:19,799: longlCmdType: 1
accel: 1.0
brake: 0.0
steering: 1
velocity: 0.0
acceleration: 0.0
[rosout][INFO] 2024-03-04 13:53:20,799: longlCmdType: 1
accel: 1.0
brake: 0.0
steering: 1
velocity: 0.0
acceleration: 0.0
[rosout][INFO] 2024-03-04 13:53:21,799: longlCmdType: 1
accel: 1.0
brake: 0.0
steering: 1
velocity: 0.0
acceleration: 0.0
[rosout][INFO] 2024-03-04 13:53:22,799: longlCmdType: 1
accel: 1.0
brake: 0.0
steering: 1
velocity: 0.0
acceleration: 0.0
[rosout][INFO] 2024-03-04 13:53:23,799: longlCmdType: 1
accel: 1.0
brake: 0.0
steering: 1
velocity: 0.0
acceleration: 0.0
[rosout][INFO] 2024-03-04 13:53:24,799: longlCmdType: 1
accel: 1.0
brake: 0.0
steering: 1
velocity: 0.0
acceleration: 0.0
[rosout][INFO] 2024-03-04 13:53:25,799: longlCmdType: 1
accel: 1.0
brake: 0.0
steering: 1
velocity: 0.0
acceleration: 0.0
[rosout][INFO] 2024-03-04 13:53:26,799: longlCmdType: 1
accel: 1.0
brake: 0.0
steering: 1
velocity: 0.0
acceleration: 0.0
[rosout][INFO] 2024-03-04 13:53:27,799: longlCmdType: 1
accel: 1.0
brake: 0.0
steering: 1
velocity: 0.0
acceleration: 0.0
[rosout][INFO] 2024-03-04 13:53:28,799: longlCmdType: 1
accel: 1.0
brake: 0.0
steering: 1
velocity: 0.0
acceleration: 0.0
[rosout][INFO] 2024-03-04 13:53:29,799: longlCmdType: 1
accel: 1.0
brake: 0.0
steering: 1
velocity: 0.0
acceleration: 0.0
[rosout][INFO] 2024-03-04 13:53:30,798: longlCmdType: 1
accel: 1.0
brake: 0.0
steering: 1
velocity: 0.0
acceleration: 0.0
[rosout][INFO] 2024-03-04 13:53:31,799: longlCmdType: 1
accel: 1.0
brake: 0.0
steering: 1
velocity: 0.0
acceleration: 0.0
[rosout][INFO] 2024-03-04 13:53:32,799: longlCmdType: 1
accel: 1.0
brake: 0.0
steering: 1
velocity: 0.0
acceleration: 0.0
[rosout][INFO] 2024-03-04 13:53:33,799: longlCmdType: 1
accel: 1.0
brake: 0.0
steering: 1
velocity: 0.0
acceleration: 0.0
[rosout][INFO] 2024-03-04 13:53:34,799: longlCmdType: 1
accel: 1.0
brake: 0.0
steering: 1
velocity: 0.0
acceleration: 0.0
[rosout][INFO] 2024-03-04 13:53:35,799: longlCmdType: 1
accel: 1.0
brake: 0.0
steering: 1
velocity: 0.0
acceleration: 0.0
[rosout][INFO] 2024-03-04 13:53:36,799: longlCmdType: 1
accel: 1.0
brake: 0.0
steering: 1
velocity: 0.0
acceleration: 0.0
[rosout][INFO] 2024-03-04 13:53:37,799: longlCmdType: 1
accel: 1.0
brake: 0.0
steering: 1
velocity: 0.0
acceleration: 0.0
[rosout][INFO] 2024-03-04 13:53:38,799: longlCmdType: 1
accel: 1.0
brake: 0.0
steering: 1
velocity: 0.0
acceleration: 0.0
[rosout][INFO] 2024-03-04 13:53:39,798: longlCmdType: 1
accel: 1.0
brake: 0.0
steering: 1
velocity: 0.0
acceleration: 0.0
[rosout][INFO] 2024-03-04 13:53:40,799: longlCmdType: 1
accel: 1.0
brake: 0.0
steering: 1
velocity: 0.0
acceleration: 0.0
[rosout][INFO] 2024-03-04 13:53:41,798: longlCmdType: 1
accel: 1.0
brake: 0.0
steering: 1
velocity: 0.0
acceleration: 0.0
[rosout][INFO] 2024-03-04 13:53:42,799: longlCmdType: 1
accel: 1.0
brake: 0.0
steering: 1
velocity: 0.0
acceleration: 0.0
[rosout][INFO] 2024-03-04 13:53:43,799: longlCmdType: 1
accel: 1.0
brake: 0.0
steering: 1
velocity: 0.0
acceleration: 0.0
[rosout][INFO] 2024-03-04 13:53:44,799: longlCmdType: 1
accel: 1.0
brake: 0.0
steering: 1
velocity: 0.0
acceleration: 0.0
[rosout][INFO] 2024-03-04 13:53:45,798: longlCmdType: 1
accel: 1.0
brake: 0.0
steering: 1
velocity: 0.0
acceleration: 0.0
[rosout][INFO] 2024-03-04 13:53:46,799: longlCmdType: 1
accel: 1.0
brake: 0.0
steering: 1
velocity: 0.0
acceleration: 0.0
[rosout][INFO] 2024-03-04 13:53:47,799: longlCmdType: 1
accel: 1.0
brake: 0.0
steering: 1
velocity: 0.0
acceleration: 0.0
[rosout][INFO] 2024-03-04 13:53:48,798: longlCmdType: 1
accel: 1.0
brake: 0.0
steering: 1
velocity: 0.0
acceleration: 0.0
[rosout][INFO] 2024-03-04 13:53:49,799: longlCmdType: 1
accel: 1.0
brake: 0.0
steering: 1
velocity: 0.0
acceleration: 0.0
[rosout][INFO] 2024-03-04 13:53:50,799: longlCmdType: 1
accel: 1.0
brake: 0.0
steering: 1
velocity: 0.0
acceleration: 0.0
[rosout][INFO] 2024-03-04 13:53:51,799: longlCmdType: 1
accel: 1.0
brake: 0.0
steering: 1
velocity: 0.0
acceleration: 0.0
[rosout][INFO] 2024-03-04 13:53:52,799: longlCmdType: 1
accel: 1.0
brake: 0.0
steering: 1
velocity: 0.0
acceleration: 0.0
[rosout][INFO] 2024-03-04 13:53:53,799: longlCmdType: 1
accel: 1.0
brake: 0.0
steering: 1
velocity: 0.0
acceleration: 0.0
[rosout][INFO] 2024-03-04 13:53:54,799: longlCmdType: 1
accel: 1.0
brake: 0.0
steering: 1
velocity: 0.0
acceleration: 0.0
[rosout][INFO] 2024-03-04 13:53:55,798: longlCmdType: 1
accel: 1.0
brake: 0.0
steering: 1
velocity: 0.0
acceleration: 0.0
[rosout][INFO] 2024-03-04 13:53:56,799: longlCmdType: 1
accel: 1.0
brake: 0.0
steering: 1
velocity: 0.0
acceleration: 0.0
[rosout][INFO] 2024-03-04 13:53:57,799: longlCmdType: 1
accel: 1.0
brake: 0.0
steering: 1
velocity: 0.0
acceleration: 0.0
[rosout][INFO] 2024-03-04 13:53:58,799: longlCmdType: 1
accel: 1.0
brake: 0.0
steering: 1
velocity: 0.0
acceleration: 0.0
[rosout][INFO] 2024-03-04 13:53:59,799: longlCmdType: 1
accel: 1.0
brake: 0.0
steering: 1
velocity: 0.0
acceleration: 0.0
[rosout][INFO] 2024-03-04 13:54:00,799: longlCmdType: 1
accel: 1.0
brake: 0.0
steering: 1
velocity: 0.0
acceleration: 0.0
[rosout][INFO] 2024-03-04 13:54:01,799: longlCmdType: 1
accel: 1.0
brake: 0.0
steering: 1
velocity: 0.0
acceleration: 0.0
[rosout][INFO] 2024-03-04 13:54:02,799: longlCmdType: 1
accel: 1.0
brake: 0.0
steering: 1
velocity: 0.0
acceleration: 0.0
[rosout][INFO] 2024-03-04 13:54:03,799: longlCmdType: 1
accel: 1.0
brake: 0.0
steering: 1
velocity: 0.0
acceleration: 0.0
[rosout][INFO] 2024-03-04 13:54:04,799: longlCmdType: 1
accel: 1.0
brake: 0.0
steering: 1
velocity: 0.0
acceleration: 0.0
[rosout][INFO] 2024-03-04 13:54:05,799: longlCmdType: 1
accel: 1.0
brake: 0.0
steering: 1
velocity: 0.0
acceleration: 0.0
[rosout][INFO] 2024-03-04 13:54:06,799: longlCmdType: 1
accel: 1.0
brake: 0.0
steering: 1
velocity: 0.0
acceleration: 0.0
[rosout][INFO] 2024-03-04 13:54:07,799: longlCmdType: 1
accel: 1.0
brake: 0.0
steering: 1
velocity: 0.0
acceleration: 0.0
[rosout][INFO] 2024-03-04 13:54:08,799: longlCmdType: 1
accel: 1.0
brake: 0.0
steering: 1
velocity: 0.0
acceleration: 0.0
[rosout][INFO] 2024-03-04 13:54:09,799: longlCmdType: 1
accel: 1.0
brake: 0.0
steering: 1
velocity: 0.0
acceleration: 0.0
[rosout][INFO] 2024-03-04 13:54:10,799: longlCmdType: 1
accel: 1.0
brake: 0.0
steering: 1
velocity: 0.0
acceleration: 0.0
[rosout][INFO] 2024-03-04 13:54:11,799: longlCmdType: 1
accel: 1.0
brake: 0.0
steering: 1
velocity: 0.0
acceleration: 0.0
[rosout][INFO] 2024-03-04 13:54:12,799: longlCmdType: 1
accel: 1.0
brake: 0.0
steering: 1
velocity: 0.0
acceleration: 0.0
[rosout][INFO] 2024-03-04 13:54:13,799: longlCmdType: 1
accel: 1.0
brake: 0.0
steering: 1
velocity: 0.0
acceleration: 0.0
[rosout][INFO] 2024-03-04 13:54:14,799: longlCmdType: 1
accel: 1.0
brake: 0.0
steering: 1
velocity: 0.0
acceleration: 0.0
[rosout][INFO] 2024-03-04 13:54:15,799: longlCmdType: 1
accel: 1.0
brake: 0.0
steering: 1
velocity: 0.0
acceleration: 0.0
[rosout][INFO] 2024-03-04 13:54:16,799: longlCmdType: 1
accel: 1.0
brake: 0.0
steering: 1
velocity: 0.0
acceleration: 0.0
[rosout][INFO] 2024-03-04 13:54:17,799: longlCmdType: 1
accel: 1.0
brake: 0.0
steering: 1
velocity: 0.0
acceleration: 0.0
[rosout][INFO] 2024-03-04 13:54:18,799: longlCmdType: 1
accel: 1.0
brake: 0.0
steering: 1
velocity: 0.0
acceleration: 0.0
[rosout][INFO] 2024-03-04 13:54:19,799: longlCmdType: 1
accel: 1.0
brake: 0.0
steering: 1
velocity: 0.0
acceleration: 0.0
[rosout][INFO] 2024-03-04 13:54:20,799: longlCmdType: 1
accel: 1.0
brake: 0.0
steering: 1
velocity: 0.0
acceleration: 0.0
[rosout][INFO] 2024-03-04 13:54:21,799: longlCmdType: 1
accel: 1.0
brake: 0.0
steering: 1
velocity: 0.0
acceleration: 0.0
[rosout][INFO] 2024-03-04 13:54:22,799: longlCmdType: 1
accel: 1.0
brake: 0.0
steering: 1
velocity: 0.0
acceleration: 0.0
[rosout][INFO] 2024-03-04 13:54:23,799: longlCmdType: 1
accel: 1.0
brake: 0.0
steering: 1
velocity: 0.0
acceleration: 0.0
[rosout][INFO] 2024-03-04 13:54:24,799: longlCmdType: 1
accel: 1.0
brake: 0.0
steering: 1
velocity: 0.0
acceleration: 0.0
[rosout][INFO] 2024-03-04 13:54:25,799: longlCmdType: 1
accel: 1.0
brake: 0.0
steering: 1
velocity: 0.0
acceleration: 0.0
[rosout][INFO] 2024-03-04 13:54:26,799: longlCmdType: 1
accel: 1.0
brake: 0.0
steering: 1
velocity: 0.0
acceleration: 0.0
[rosout][INFO] 2024-03-04 13:54:27,799: longlCmdType: 1
accel: 1.0
brake: 0.0
steering: 1
velocity: 0.0
acceleration: 0.0
[rosout][INFO] 2024-03-04 13:54:28,799: longlCmdType: 1
accel: 1.0
brake: 0.0
steering: 1
velocity: 0.0
acceleration: 0.0
[rosout][INFO] 2024-03-04 13:54:29,799: longlCmdType: 1
accel: 1.0
brake: 0.0
steering: 1
velocity: 0.0
acceleration: 0.0
[rosout][INFO] 2024-03-04 13:54:30,799: longlCmdType: 1
accel: 1.0
brake: 0.0
steering: 1
velocity: 0.0
acceleration: 0.0
[rosout][INFO] 2024-03-04 13:54:31,799: longlCmdType: 1
accel: 1.0
brake: 0.0
steering: 1
velocity: 0.0
acceleration: 0.0
[rosout][INFO] 2024-03-04 13:54:32,799: longlCmdType: 1
accel: 1.0
brake: 0.0
steering: 1
velocity: 0.0
acceleration: 0.0
[rosout][INFO] 2024-03-04 13:54:33,799: longlCmdType: 1
accel: 1.0
brake: 0.0
steering: 1
velocity: 0.0
acceleration: 0.0
[rosout][INFO] 2024-03-04 13:54:34,799: longlCmdType: 1
accel: 1.0
brake: 0.0
steering: 1
velocity: 0.0
acceleration: 0.0
[rosout][INFO] 2024-03-04 13:54:35,799: longlCmdType: 1
accel: 1.0
brake: 0.0
steering: 1
velocity: 0.0
acceleration: 0.0
[rosout][INFO] 2024-03-04 13:54:36,799: longlCmdType: 1
accel: 1.0
brake: 0.0
steering: 1
velocity: 0.0
acceleration: 0.0
[rosout][INFO] 2024-03-04 13:54:37,798: longlCmdType: 1
accel: 1.0
brake: 0.0
steering: 1
velocity: 0.0
acceleration: 0.0
[rosout][INFO] 2024-03-04 13:54:38,799: longlCmdType: 1
accel: 1.0
brake: 0.0
steering: 1
velocity: 0.0
acceleration: 0.0
[rosout][INFO] 2024-03-04 13:54:39,799: longlCmdType: 1
accel: 1.0
brake: 0.0
steering: 1
velocity: 0.0
acceleration: 0.0
[rosout][INFO] 2024-03-04 13:54:40,799: longlCmdType: 1
accel: 1.0
brake: 0.0
steering: 1
velocity: 0.0
acceleration: 0.0
[rosout][INFO] 2024-03-04 13:54:41,799: longlCmdType: 1
accel: 1.0
brake: 0.0
steering: 1
velocity: 0.0
acceleration: 0.0
[rosout][INFO] 2024-03-04 13:54:42,799: longlCmdType: 1
accel: 1.0
brake: 0.0
steering: 1
velocity: 0.0
acceleration: 0.0
[rosout][INFO] 2024-03-04 13:54:43,799: longlCmdType: 1
accel: 1.0
brake: 0.0
steering: 1
velocity: 0.0
acceleration: 0.0
[rosout][INFO] 2024-03-04 13:54:44,799: longlCmdType: 1
accel: 1.0
brake: 0.0
steering: 1
velocity: 0.0
acceleration: 0.0
[rosout][INFO] 2024-03-04 13:54:45,799: longlCmdType: 1
accel: 1.0
brake: 0.0
steering: 1
velocity: 0.0
acceleration: 0.0
[rosout][INFO] 2024-03-04 13:54:46,799: longlCmdType: 1
accel: 1.0
brake: 0.0
steering: 1
velocity: 0.0
acceleration: 0.0
[rosout][INFO] 2024-03-04 13:54:47,799: longlCmdType: 1
accel: 1.0
brake: 0.0
steering: 1
velocity: 0.0
acceleration: 0.0
[rosout][INFO] 2024-03-04 13:54:48,799: longlCmdType: 1
accel: 1.0
brake: 0.0
steering: 1
velocity: 0.0
acceleration: 0.0
[rosout][INFO] 2024-03-04 13:54:49,799: longlCmdType: 1
accel: 1.0
brake: 0.0
steering: 1
velocity: 0.0
acceleration: 0.0
[rosout][INFO] 2024-03-04 13:54:50,799: longlCmdType: 1
accel: 1.0
brake: 0.0
steering: 1
velocity: 0.0
acceleration: 0.0
[rosout][INFO] 2024-03-04 13:54:51,799: longlCmdType: 1
accel: 1.0
brake: 0.0
steering: 1
velocity: 0.0
acceleration: 0.0
[rosout][INFO] 2024-03-04 13:54:52,799: longlCmdType: 1
accel: 1.0
brake: 0.0
steering: 1
velocity: 0.0
acceleration: 0.0
[rosout][INFO] 2024-03-04 13:54:53,799: longlCmdType: 1
accel: 1.0
brake: 0.0
steering: 1
velocity: 0.0
acceleration: 0.0
[rosout][INFO] 2024-03-04 13:54:54,798: longlCmdType: 1
accel: 1.0
brake: 0.0
steering: 1
velocity: 0.0
acceleration: 0.0
[rosout][INFO] 2024-03-04 13:54:55,799: longlCmdType: 1
accel: 1.0
brake: 0.0
steering: 1
velocity: 0.0
acceleration: 0.0
[rosout][INFO] 2024-03-04 13:54:56,799: longlCmdType: 1
accel: 1.0
brake: 0.0
steering: 1
velocity: 0.0
acceleration: 0.0
[rosout][INFO] 2024-03-04 13:54:57,799: longlCmdType: 1
accel: 1.0
brake: 0.0
steering: 1
velocity: 0.0
acceleration: 0.0
[rosout][INFO] 2024-03-04 13:54:58,799: longlCmdType: 1
accel: 1.0
brake: 0.0
steering: 1
velocity: 0.0
acceleration: 0.0
[rosout][INFO] 2024-03-04 13:54:59,799: longlCmdType: 1
accel: 1.0
brake: 0.0
steering: 1
velocity: 0.0
acceleration: 0.0
[rosout][INFO] 2024-03-04 13:55:00,799: longlCmdType: 1
accel: 1.0
brake: 0.0
steering: 1
velocity: 0.0
acceleration: 0.0
[rosout][INFO] 2024-03-04 13:55:01,799: longlCmdType: 1
accel: 1.0
brake: 0.0
steering: 1
velocity: 0.0
acceleration: 0.0
[rosout][INFO] 2024-03-04 13:55:02,799: longlCmdType: 1
accel: 1.0
brake: 0.0
steering: 1
velocity: 0.0
acceleration: 0.0
[rosout][INFO] 2024-03-04 13:55:03,799: longlCmdType: 1
accel: 1.0
brake: 0.0
steering: 1
velocity: 0.0
acceleration: 0.0
[rosout][INFO] 2024-03-04 13:55:04,799: longlCmdType: 1
accel: 1.0
brake: 0.0
steering: 1
velocity: 0.0
acceleration: 0.0
[rosout][INFO] 2024-03-04 13:55:05,799: longlCmdType: 1
accel: 1.0
brake: 0.0
steering: 1
velocity: 0.0
acceleration: 0.0
[rosout][INFO] 2024-03-04 13:55:06,799: longlCmdType: 1
accel: 1.0
brake: 0.0
steering: 1
velocity: 0.0
acceleration: 0.0
[rosout][INFO] 2024-03-04 13:55:07,799: longlCmdType: 1
accel: 1.0
brake: 0.0
steering: 1
velocity: 0.0
acceleration: 0.0
[rosout][INFO] 2024-03-04 13:55:08,799: longlCmdType: 1
accel: 1.0
brake: 0.0
steering: 1
velocity: 0.0
acceleration: 0.0
[rosout][INFO] 2024-03-04 13:55:09,799: longlCmdType: 1
accel: 1.0
brake: 0.0
steering: 1
velocity: 0.0
acceleration: 0.0
[rosout][INFO] 2024-03-04 13:55:10,799: longlCmdType: 1
accel: 1.0
brake: 0.0
steering: 1
velocity: 0.0
acceleration: 0.0
[rosout][INFO] 2024-03-04 13:55:11,799: longlCmdType: 1
accel: 1.0
brake: 0.0
steering: 1
velocity: 0.0
acceleration: 0.0
[rosout][INFO] 2024-03-04 13:55:12,799: longlCmdType: 1
accel: 1.0
brake: 0.0
steering: 1
velocity: 0.0
acceleration: 0.0
[rosout][INFO] 2024-03-04 13:55:13,799: longlCmdType: 1
accel: 1.0
brake: 0.0
steering: 1
velocity: 0.0
acceleration: 0.0
[rosout][INFO] 2024-03-04 13:55:14,799: longlCmdType: 1
accel: 1.0
brake: 0.0
steering: 1
velocity: 0.0
acceleration: 0.0
[rosout][INFO] 2024-03-04 13:55:15,799: longlCmdType: 1
accel: 1.0
brake: 0.0
steering: 1
velocity: 0.0
acceleration: 0.0
[rosout][INFO] 2024-03-04 13:55:16,799: longlCmdType: 1
accel: 1.0
brake: 0.0
steering: 1
velocity: 0.0
acceleration: 0.0
[rosout][INFO] 2024-03-04 13:55:17,799: longlCmdType: 1
accel: 1.0
brake: 0.0
steering: 1
velocity: 0.0
acceleration: 0.0
[rosout][INFO] 2024-03-04 13:55:18,799: longlCmdType: 1
accel: 1.0
brake: 0.0
steering: 1
velocity: 0.0
acceleration: 0.0
[rosout][INFO] 2024-03-04 13:55:19,799: longlCmdType: 1
accel: 1.0
brake: 0.0
steering: 1
velocity: 0.0
acceleration: 0.0
[rosout][INFO] 2024-03-04 13:55:20,799: longlCmdType: 1
accel: 1.0
brake: 0.0
steering: 1
velocity: 0.0
acceleration: 0.0
[rosout][INFO] 2024-03-04 13:55:21,799: longlCmdType: 1
accel: 1.0
brake: 0.0
steering: 1
velocity: 0.0
acceleration: 0.0
[rosout][INFO] 2024-03-04 13:55:22,799: longlCmdType: 1
accel: 1.0
brake: 0.0
steering: 1
velocity: 0.0
acceleration: 0.0
[rosout][INFO] 2024-03-04 13:55:23,799: longlCmdType: 1
accel: 1.0
brake: 0.0
steering: 1
velocity: 0.0
acceleration: 0.0
[rosout][INFO] 2024-03-04 13:55:24,799: longlCmdType: 1
accel: 1.0
brake: 0.0
steering: 1
velocity: 0.0
acceleration: 0.0
[rosout][INFO] 2024-03-04 13:55:25,799: longlCmdType: 1
accel: 1.0
brake: 0.0
steering: 1
velocity: 0.0
acceleration: 0.0
[rosout][INFO] 2024-03-04 13:55:26,799: longlCmdType: 1
accel: 1.0
brake: 0.0
steering: 1
velocity: 0.0
acceleration: 0.0
[rosout][INFO] 2024-03-04 13:55:27,799: longlCmdType: 1
accel: 1.0
brake: 0.0
steering: 1
velocity: 0.0
acceleration: 0.0
[rosout][INFO] 2024-03-04 13:55:28,798: longlCmdType: 1
accel: 1.0
brake: 0.0
steering: 1
velocity: 0.0
acceleration: 0.0
[rosout][INFO] 2024-03-04 13:55:29,798: longlCmdType: 1
accel: 1.0
brake: 0.0
steering: 1
velocity: 0.0
acceleration: 0.0
[rosout][INFO] 2024-03-04 13:55:30,799: longlCmdType: 1
accel: 1.0
brake: 0.0
steering: 1
velocity: 0.0
acceleration: 0.0
[rosout][INFO] 2024-03-04 13:55:31,799: longlCmdType: 1
accel: 1.0
brake: 0.0
steering: 1
velocity: 0.0
acceleration: 0.0
[rosout][INFO] 2024-03-04 13:55:32,799: longlCmdType: 1
accel: 1.0
brake: 0.0
steering: 1
velocity: 0.0
acceleration: 0.0
[rosout][INFO] 2024-03-04 13:55:33,799: longlCmdType: 1
accel: 1.0
brake: 0.0
steering: 1
velocity: 0.0
acceleration: 0.0
[rosout][INFO] 2024-03-04 13:55:34,798: longlCmdType: 1
accel: 1.0
brake: 0.0
steering: 1
velocity: 0.0
acceleration: 0.0
[rosout][INFO] 2024-03-04 13:55:35,799: longlCmdType: 1
accel: 1.0
brake: 0.0
steering: 1
velocity: 0.0
acceleration: 0.0
[rosout][INFO] 2024-03-04 13:55:36,799: longlCmdType: 1
accel: 1.0
brake: 0.0
steering: 1
velocity: 0.0
acceleration: 0.0
[rosout][INFO] 2024-03-04 13:55:37,799: longlCmdType: 1
accel: 1.0
brake: 0.0
steering: 1
velocity: 0.0
acceleration: 0.0
[rosout][INFO] 2024-03-04 13:55:38,799: longlCmdType: 1
accel: 1.0
brake: 0.0
steering: 1
velocity: 0.0
acceleration: 0.0
[rosout][INFO] 2024-03-04 13:55:39,798: longlCmdType: 1
accel: 1.0
brake: 0.0
steering: 1
velocity: 0.0
acceleration: 0.0
[rosout][INFO] 2024-03-04 13:55:40,799: longlCmdType: 1
accel: 1.0
brake: 0.0
steering: 1
velocity: 0.0
acceleration: 0.0
[rosout][INFO] 2024-03-04 13:55:41,799: longlCmdType: 1
accel: 1.0
brake: 0.0
steering: 1
velocity: 0.0
acceleration: 0.0
[rosout][INFO] 2024-03-04 13:55:42,799: longlCmdType: 1
accel: 1.0
brake: 0.0
steering: 1
velocity: 0.0
acceleration: 0.0
[rosout][INFO] 2024-03-04 13:55:43,799: longlCmdType: 1
accel: 1.0
brake: 0.0
steering: 1
velocity: 0.0
acceleration: 0.0
[rosout][INFO] 2024-03-04 13:55:44,799: longlCmdType: 1
accel: 1.0
brake: 0.0
steering: 1
velocity: 0.0
acceleration: 0.0
[rosout][INFO] 2024-03-04 13:55:45,798: longlCmdType: 1
accel: 1.0
brake: 0.0
steering: 1
velocity: 0.0
acceleration: 0.0
[rosout][INFO] 2024-03-04 13:55:46,799: longlCmdType: 1
accel: 1.0
brake: 0.0
steering: 1
velocity: 0.0
acceleration: 0.0
[rosout][INFO] 2024-03-04 13:55:47,799: longlCmdType: 1
accel: 1.0
brake: 0.0
steering: 1
velocity: 0.0
acceleration: 0.0
[rosout][INFO] 2024-03-04 13:55:48,799: longlCmdType: 1
accel: 1.0
brake: 0.0
steering: 1
velocity: 0.0
acceleration: 0.0
[rosout][INFO] 2024-03-04 13:55:49,799: longlCmdType: 1
accel: 1.0
brake: 0.0
steering: 1
velocity: 0.0
acceleration: 0.0
[rosout][INFO] 2024-03-04 13:55:50,799: longlCmdType: 1
accel: 1.0
brake: 0.0
steering: 1
velocity: 0.0
acceleration: 0.0
[rosout][INFO] 2024-03-04 13:55:51,799: longlCmdType: 1
accel: 1.0
brake: 0.0
steering: 1
velocity: 0.0
acceleration: 0.0
[rosout][INFO] 2024-03-04 13:55:52,799: longlCmdType: 1
accel: 1.0
brake: 0.0
steering: 1
velocity: 0.0
acceleration: 0.0
[rosout][INFO] 2024-03-04 13:55:53,799: longlCmdType: 1
accel: 1.0
brake: 0.0
steering: 1
velocity: 0.0
acceleration: 0.0
[rosout][INFO] 2024-03-04 13:55:54,799: longlCmdType: 1
accel: 1.0
brake: 0.0
steering: 1
velocity: 0.0
acceleration: 0.0
[rosout][INFO] 2024-03-04 13:55:55,799: longlCmdType: 1
accel: 1.0
brake: 0.0
steering: 1
velocity: 0.0
acceleration: 0.0
[rosout][INFO] 2024-03-04 13:55:56,799: longlCmdType: 1
accel: 1.0
brake: 0.0
steering: 1
velocity: 0.0
acceleration: 0.0
[rosout][INFO] 2024-03-04 13:55:57,799: longlCmdType: 1
accel: 1.0
brake: 0.0
steering: 1
velocity: 0.0
acceleration: 0.0
[rosout][INFO] 2024-03-04 13:55:58,799: longlCmdType: 1
accel: 1.0
brake: 0.0
steering: 1
velocity: 0.0
acceleration: 0.0
[rosout][INFO] 2024-03-04 13:55:59,799: longlCmdType: 1
accel: 1.0
brake: 0.0
steering: 1
velocity: 0.0
acceleration: 0.0
[rosout][INFO] 2024-03-04 13:56:00,799: longlCmdType: 1
accel: 1.0
brake: 0.0
steering: 1
velocity: 0.0
acceleration: 0.0
[rosout][INFO] 2024-03-04 13:56:01,798: longlCmdType: 1
accel: 1.0
brake: 0.0
steering: 1
velocity: 0.0
acceleration: 0.0
[rosout][INFO] 2024-03-04 13:56:02,799: longlCmdType: 1
accel: 1.0
brake: 0.0
steering: 1
velocity: 0.0
acceleration: 0.0
[rosout][INFO] 2024-03-04 13:56:03,799: longlCmdType: 1
accel: 1.0
brake: 0.0
steering: 1
velocity: 0.0
acceleration: 0.0
[rosout][INFO] 2024-03-04 13:56:04,799: longlCmdType: 1
accel: 1.0
brake: 0.0
steering: 1
velocity: 0.0
acceleration: 0.0
[rosout][INFO] 2024-03-04 13:56:05,798: longlCmdType: 1
accel: 1.0
brake: 0.0
steering: 1
velocity: 0.0
acceleration: 0.0
[rosout][INFO] 2024-03-04 13:56:06,799: longlCmdType: 1
accel: 1.0
brake: 0.0
steering: 1
velocity: 0.0
acceleration: 0.0
[rosout][INFO] 2024-03-04 13:56:07,799: longlCmdType: 1
accel: 1.0
brake: 0.0
steering: 1
velocity: 0.0
acceleration: 0.0
[rosout][INFO] 2024-03-04 13:56:08,799: longlCmdType: 1
accel: 1.0
brake: 0.0
steering: 1
velocity: 0.0
acceleration: 0.0
[rosout][INFO] 2024-03-04 13:56:09,799: longlCmdType: 1
accel: 1.0
brake: 0.0
steering: 1
velocity: 0.0
acceleration: 0.0
[rosout][INFO] 2024-03-04 13:56:10,799: longlCmdType: 1
accel: 1.0
brake: 0.0
steering: 1
velocity: 0.0
acceleration: 0.0
[rosout][INFO] 2024-03-04 13:56:11,799: longlCmdType: 1
accel: 1.0
brake: 0.0
steering: 1
velocity: 0.0
acceleration: 0.0
[rosout][INFO] 2024-03-04 13:56:12,799: longlCmdType: 1
accel: 1.0
brake: 0.0
steering: 1
velocity: 0.0
acceleration: 0.0
[rosout][INFO] 2024-03-04 13:56:13,799: longlCmdType: 1
accel: 1.0
brake: 0.0
steering: 1
velocity: 0.0
acceleration: 0.0
[rosout][INFO] 2024-03-04 13:56:14,799: longlCmdType: 1
accel: 1.0
brake: 0.0
steering: 1
velocity: 0.0
acceleration: 0.0
[rosout][INFO] 2024-03-04 13:56:15,799: longlCmdType: 1
accel: 1.0
brake: 0.0
steering: 1
velocity: 0.0
acceleration: 0.0
[rosout][INFO] 2024-03-04 13:56:16,799: longlCmdType: 1
accel: 1.0
brake: 0.0
steering: 1
velocity: 0.0
acceleration: 0.0
[rosout][INFO] 2024-03-04 13:56:17,799: longlCmdType: 1
accel: 1.0
brake: 0.0
steering: 1
velocity: 0.0
acceleration: 0.0
[rosout][INFO] 2024-03-04 13:56:18,799: longlCmdType: 1
accel: 1.0
brake: 0.0
steering: 1
velocity: 0.0
acceleration: 0.0
[rosout][INFO] 2024-03-04 13:56:19,799: longlCmdType: 1
accel: 1.0
brake: 0.0
steering: 1
velocity: 0.0
acceleration: 0.0
[rosout][INFO] 2024-03-04 13:56:20,799: longlCmdType: 1
accel: 1.0
brake: 0.0
steering: 1
velocity: 0.0
acceleration: 0.0
[rosout][INFO] 2024-03-04 13:56:21,799: longlCmdType: 1
accel: 1.0
brake: 0.0
steering: 1
velocity: 0.0
acceleration: 0.0
[rosout][INFO] 2024-03-04 13:56:22,799: longlCmdType: 1
accel: 1.0
brake: 0.0
steering: 1
velocity: 0.0
acceleration: 0.0
[rosout][INFO] 2024-03-04 13:56:23,799: longlCmdType: 1
accel: 1.0
brake: 0.0
steering: 1
velocity: 0.0
acceleration: 0.0
[rosout][INFO] 2024-03-04 13:56:24,798: longlCmdType: 1
accel: 1.0
brake: 0.0
steering: 1
velocity: 0.0
acceleration: 0.0
[rosout][INFO] 2024-03-04 13:56:25,799: longlCmdType: 1
accel: 1.0
brake: 0.0
steering: 1
velocity: 0.0
acceleration: 0.0
[rosout][INFO] 2024-03-04 13:56:26,798: longlCmdType: 1
accel: 1.0
brake: 0.0
steering: 1
velocity: 0.0
acceleration: 0.0
[rosout][INFO] 2024-03-04 13:56:27,799: longlCmdType: 1
accel: 1.0
brake: 0.0
steering: 1
velocity: 0.0
acceleration: 0.0
[rosout][INFO] 2024-03-04 13:56:28,799: longlCmdType: 1
accel: 1.0
brake: 0.0
steering: 1
velocity: 0.0
acceleration: 0.0
[rosout][INFO] 2024-03-04 13:56:29,799: longlCmdType: 1
accel: 1.0
brake: 0.0
steering: 1
velocity: 0.0
acceleration: 0.0
[rosout][INFO] 2024-03-04 13:56:30,799: longlCmdType: 1
accel: 1.0
brake: 0.0
steering: 1
velocity: 0.0
acceleration: 0.0
[rosout][INFO] 2024-03-04 13:56:31,799: longlCmdType: 1
accel: 1.0
brake: 0.0
steering: 1
velocity: 0.0
acceleration: 0.0
[rosout][INFO] 2024-03-04 13:56:32,799: longlCmdType: 1
accel: 1.0
brake: 0.0
steering: 1
velocity: 0.0
acceleration: 0.0
[rosout][INFO] 2024-03-04 13:56:33,799: longlCmdType: 1
accel: 1.0
brake: 0.0
steering: 1
velocity: 0.0
acceleration: 0.0
[rosout][INFO] 2024-03-04 13:56:34,799: longlCmdType: 1
accel: 1.0
brake: 0.0
steering: 1
velocity: 0.0
acceleration: 0.0
[rosout][INFO] 2024-03-04 13:56:35,799: longlCmdType: 1
accel: 1.0
brake: 0.0
steering: 1
velocity: 0.0
acceleration: 0.0
[rosout][INFO] 2024-03-04 13:56:36,799: longlCmdType: 1
accel: 1.0
brake: 0.0
steering: 1
velocity: 0.0
acceleration: 0.0
[rosout][INFO] 2024-03-04 13:56:37,799: longlCmdType: 1
accel: 1.0
brake: 0.0
steering: 1
velocity: 0.0
acceleration: 0.0
[rosout][INFO] 2024-03-04 13:56:38,799: longlCmdType: 1
accel: 1.0
brake: 0.0
steering: 1
velocity: 0.0
acceleration: 0.0
[rosout][INFO] 2024-03-04 13:56:39,799: longlCmdType: 1
accel: 1.0
brake: 0.0
steering: 1
velocity: 0.0
acceleration: 0.0
[rosout][INFO] 2024-03-04 13:56:40,799: longlCmdType: 1
accel: 1.0
brake: 0.0
steering: 1
velocity: 0.0
acceleration: 0.0
[rosout][INFO] 2024-03-04 13:56:41,799: longlCmdType: 1
accel: 1.0
brake: 0.0
steering: 1
velocity: 0.0
acceleration: 0.0
[rosout][INFO] 2024-03-04 13:56:42,798: longlCmdType: 1
accel: 1.0
brake: 0.0
steering: 1
velocity: 0.0
acceleration: 0.0
[rosout][INFO] 2024-03-04 13:56:43,799: longlCmdType: 1
accel: 1.0
brake: 0.0
steering: 1
velocity: 0.0
acceleration: 0.0
[rosout][INFO] 2024-03-04 13:56:44,799: longlCmdType: 1
accel: 1.0
brake: 0.0
steering: 1
velocity: 0.0
acceleration: 0.0
[rosout][INFO] 2024-03-04 13:56:45,799: longlCmdType: 1
accel: 1.0
brake: 0.0
steering: 1
velocity: 0.0
acceleration: 0.0
[rosout][INFO] 2024-03-04 13:56:46,799: longlCmdType: 1
accel: 1.0
brake: 0.0
steering: 1
velocity: 0.0
acceleration: 0.0
[rosout][INFO] 2024-03-04 13:56:47,799: longlCmdType: 1
accel: 1.0
brake: 0.0
steering: 1
velocity: 0.0
acceleration: 0.0
[rosout][INFO] 2024-03-04 13:56:48,799: longlCmdType: 1
accel: 1.0
brake: 0.0
steering: 1
velocity: 0.0
acceleration: 0.0
[rosout][INFO] 2024-03-04 13:56:49,799: longlCmdType: 1
accel: 1.0
brake: 0.0
steering: 1
velocity: 0.0
acceleration: 0.0
[rosout][INFO] 2024-03-04 13:56:50,799: longlCmdType: 1
accel: 1.0
brake: 0.0
steering: 1
velocity: 0.0
acceleration: 0.0
[rosout][INFO] 2024-03-04 13:56:51,799: longlCmdType: 1
accel: 1.0
brake: 0.0
steering: 1
velocity: 0.0
acceleration: 0.0
[rosout][INFO] 2024-03-04 13:56:52,799: longlCmdType: 1
accel: 1.0
brake: 0.0
steering: 1
velocity: 0.0
acceleration: 0.0
[rosout][INFO] 2024-03-04 13:56:53,799: longlCmdType: 1
accel: 1.0
brake: 0.0
steering: 1
velocity: 0.0
acceleration: 0.0
[rosout][INFO] 2024-03-04 13:56:54,799: longlCmdType: 1
accel: 1.0
brake: 0.0
steering: 1
velocity: 0.0
acceleration: 0.0
[rosout][INFO] 2024-03-04 13:56:55,799: longlCmdType: 1
accel: 1.0
brake: 0.0
steering: 1
velocity: 0.0
acceleration: 0.0
[rosout][INFO] 2024-03-04 13:56:56,799: longlCmdType: 1
accel: 1.0
brake: 0.0
steering: 1
velocity: 0.0
acceleration: 0.0
[rosout][INFO] 2024-03-04 13:56:57,799: longlCmdType: 1
accel: 1.0
brake: 0.0
steering: 1
velocity: 0.0
acceleration: 0.0
[rosout][INFO] 2024-03-04 13:56:58,799: longlCmdType: 1
accel: 1.0
brake: 0.0
steering: 1
velocity: 0.0
acceleration: 0.0
[rosout][INFO] 2024-03-04 13:56:59,799: longlCmdType: 1
accel: 1.0
brake: 0.0
steering: 1
velocity: 0.0
acceleration: 0.0
[rosout][INFO] 2024-03-04 13:57:00,799: longlCmdType: 1
accel: 1.0
brake: 0.0
steering: 1
velocity: 0.0
acceleration: 0.0
[rosout][INFO] 2024-03-04 13:57:01,799: longlCmdType: 1
accel: 1.0
brake: 0.0
steering: 1
velocity: 0.0
acceleration: 0.0
[rosout][INFO] 2024-03-04 13:57:02,799: longlCmdType: 1
accel: 1.0
brake: 0.0
steering: 1
velocity: 0.0
acceleration: 0.0
[rosout][INFO] 2024-03-04 13:57:03,799: longlCmdType: 1
accel: 1.0
brake: 0.0
steering: 1
velocity: 0.0
acceleration: 0.0
[rosout][INFO] 2024-03-04 13:57:04,799: longlCmdType: 1
accel: 1.0
brake: 0.0
steering: 1
velocity: 0.0
acceleration: 0.0
[rosout][INFO] 2024-03-04 13:57:05,799: longlCmdType: 1
accel: 1.0
brake: 0.0
steering: 1
velocity: 0.0
acceleration: 0.0
[rosout][INFO] 2024-03-04 13:57:06,799: longlCmdType: 1
accel: 1.0
brake: 0.0
steering: 1
velocity: 0.0
acceleration: 0.0
[rosout][INFO] 2024-03-04 13:57:07,799: longlCmdType: 1
accel: 1.0
brake: 0.0
steering: 1
velocity: 0.0
acceleration: 0.0
[rosout][INFO] 2024-03-04 13:57:08,799: longlCmdType: 1
accel: 1.0
brake: 0.0
steering: 1
velocity: 0.0
acceleration: 0.0
[rosout][INFO] 2024-03-04 13:57:09,799: longlCmdType: 1
accel: 1.0
brake: 0.0
steering: 1
velocity: 0.0
acceleration: 0.0
[rosout][INFO] 2024-03-04 13:57:10,799: longlCmdType: 1
accel: 1.0
brake: 0.0
steering: 1
velocity: 0.0
acceleration: 0.0
[rosout][INFO] 2024-03-04 13:57:11,799: longlCmdType: 1
accel: 1.0
brake: 0.0
steering: 1
velocity: 0.0
acceleration: 0.0
[rosout][INFO] 2024-03-04 13:57:12,799: longlCmdType: 1
accel: 1.0
brake: 0.0
steering: 1
velocity: 0.0
acceleration: 0.0
[rosout][INFO] 2024-03-04 13:57:13,799: longlCmdType: 1
accel: 1.0
brake: 0.0
steering: 1
velocity: 0.0
acceleration: 0.0
[rosout][INFO] 2024-03-04 13:57:14,799: longlCmdType: 1
accel: 1.0
brake: 0.0
steering: 1
velocity: 0.0
acceleration: 0.0
[rosout][INFO] 2024-03-04 13:57:15,799: longlCmdType: 1
accel: 1.0
brake: 0.0
steering: 1
velocity: 0.0
acceleration: 0.0
[rosout][INFO] 2024-03-04 13:57:16,799: longlCmdType: 1
accel: 1.0
brake: 0.0
steering: 1
velocity: 0.0
acceleration: 0.0
[rosout][INFO] 2024-03-04 13:57:17,799: longlCmdType: 1
accel: 1.0
brake: 0.0
steering: 1
velocity: 0.0
acceleration: 0.0
[rosout][INFO] 2024-03-04 13:57:18,799: longlCmdType: 1
accel: 1.0
brake: 0.0
steering: 1
velocity: 0.0
acceleration: 0.0
[rosout][INFO] 2024-03-04 13:57:19,799: longlCmdType: 1
accel: 1.0
brake: 0.0
steering: 1
velocity: 0.0
acceleration: 0.0
[rosout][INFO] 2024-03-04 13:57:20,799: longlCmdType: 1
accel: 1.0
brake: 0.0
steering: 1
velocity: 0.0
acceleration: 0.0
[rosout][INFO] 2024-03-04 13:57:21,799: longlCmdType: 1
accel: 1.0
brake: 0.0
steering: 1
velocity: 0.0
acceleration: 0.0
[rosout][INFO] 2024-03-04 13:57:22,799: longlCmdType: 1
accel: 1.0
brake: 0.0
steering: 1
velocity: 0.0
acceleration: 0.0
[rosout][INFO] 2024-03-04 13:57:23,799: longlCmdType: 1
accel: 1.0
brake: 0.0
steering: 1
velocity: 0.0
acceleration: 0.0
[rosout][INFO] 2024-03-04 13:57:24,798: longlCmdType: 1
accel: 1.0
brake: 0.0
steering: 1
velocity: 0.0
acceleration: 0.0
[rosout][INFO] 2024-03-04 13:57:25,799: longlCmdType: 1
accel: 1.0
brake: 0.0
steering: 1
velocity: 0.0
acceleration: 0.0
[rosout][INFO] 2024-03-04 13:57:26,799: longlCmdType: 1
accel: 1.0
brake: 0.0
steering: 1
velocity: 0.0
acceleration: 0.0
[rosout][INFO] 2024-03-04 13:57:27,799: longlCmdType: 1
accel: 1.0
brake: 0.0
steering: 1
velocity: 0.0
acceleration: 0.0
[rosout][INFO] 2024-03-04 13:57:28,799: longlCmdType: 1
accel: 1.0
brake: 0.0
steering: 1
velocity: 0.0
acceleration: 0.0
[rosout][INFO] 2024-03-04 13:57:29,799: longlCmdType: 1
accel: 1.0
brake: 0.0
steering: 1
velocity: 0.0
acceleration: 0.0
[rosout][INFO] 2024-03-04 13:57:30,799: longlCmdType: 1
accel: 1.0
brake: 0.0
steering: 1
velocity: 0.0
acceleration: 0.0
[rosout][INFO] 2024-03-04 13:57:31,799: longlCmdType: 1
accel: 1.0
brake: 0.0
steering: 1
velocity: 0.0
acceleration: 0.0
[rosout][INFO] 2024-03-04 13:57:32,799: longlCmdType: 1
accel: 1.0
brake: 0.0
steering: 1
velocity: 0.0
acceleration: 0.0
[rosout][INFO] 2024-03-04 13:57:33,798: longlCmdType: 1
accel: 1.0
brake: 0.0
steering: 1
velocity: 0.0
acceleration: 0.0
[rosout][INFO] 2024-03-04 13:57:34,799: longlCmdType: 1
accel: 1.0
brake: 0.0
steering: 1
velocity: 0.0
acceleration: 0.0
[rosout][INFO] 2024-03-04 13:57:35,799: longlCmdType: 1
accel: 1.0
brake: 0.0
steering: 1
velocity: 0.0
acceleration: 0.0
[rosout][INFO] 2024-03-04 13:57:36,799: longlCmdType: 1
accel: 1.0
brake: 0.0
steering: 1
velocity: 0.0
acceleration: 0.0
[rosout][INFO] 2024-03-04 13:57:37,799: longlCmdType: 1
accel: 1.0
brake: 0.0
steering: 1
velocity: 0.0
acceleration: 0.0
[rosout][INFO] 2024-03-04 13:57:38,799: longlCmdType: 1
accel: 1.0
brake: 0.0
steering: 1
velocity: 0.0
acceleration: 0.0
[rosout][INFO] 2024-03-04 13:57:39,799: longlCmdType: 1
accel: 1.0
brake: 0.0
steering: 1
velocity: 0.0
acceleration: 0.0
[rosout][INFO] 2024-03-04 13:57:40,799: longlCmdType: 1
accel: 1.0
brake: 0.0
steering: 1
velocity: 0.0
acceleration: 0.0
[rosout][INFO] 2024-03-04 13:57:41,799: longlCmdType: 1
accel: 1.0
brake: 0.0
steering: 1
velocity: 0.0
acceleration: 0.0
[rosout][INFO] 2024-03-04 13:57:42,799: longlCmdType: 1
accel: 1.0
brake: 0.0
steering: 1
velocity: 0.0
acceleration: 0.0
[rosout][INFO] 2024-03-04 13:57:43,799: longlCmdType: 1
accel: 1.0
brake: 0.0
steering: 1
velocity: 0.0
acceleration: 0.0
[rosout][INFO] 2024-03-04 13:57:44,799: longlCmdType: 1
accel: 1.0
brake: 0.0
steering: 1
velocity: 0.0
acceleration: 0.0
[rosout][INFO] 2024-03-04 13:57:45,799: longlCmdType: 1
accel: 1.0
brake: 0.0
steering: 1
velocity: 0.0
acceleration: 0.0
[rosout][INFO] 2024-03-04 13:57:46,799: longlCmdType: 1
accel: 1.0
brake: 0.0
steering: 1
velocity: 0.0
acceleration: 0.0
[rosout][INFO] 2024-03-04 13:57:47,799: longlCmdType: 1
accel: 1.0
brake: 0.0
steering: 1
velocity: 0.0
acceleration: 0.0
[rosout][INFO] 2024-03-04 13:57:48,799: longlCmdType: 1
accel: 1.0
brake: 0.0
steering: 1
velocity: 0.0
acceleration: 0.0
[rosout][INFO] 2024-03-04 13:57:49,799: longlCmdType: 1
accel: 1.0
brake: 0.0
steering: 1
velocity: 0.0
acceleration: 0.0
[rosout][INFO] 2024-03-04 13:57:50,799: longlCmdType: 1
accel: 1.0
brake: 0.0
steering: 1
velocity: 0.0
acceleration: 0.0
[rospy.core][INFO] 2024-03-04 13:57:51,470: signal_shutdown [signal-2]
[rospy.internal][INFO] 2024-03-04 13:57:51,472: topic[/rosout] removing connection to /rosout
[rospy.internal][INFO] 2024-03-04 13:57:51,472: topic[/ctrl_cmd] removing connection to /rosbridge_websocket
[rospy.impl.masterslave][INFO] 2024-03-04 13:57:51,472: signal-2
[rospy.core][INFO] 2024-03-04 13:57:51,605: signal_shutdown [atexit]
