[rospy.client][INFO] 2024-03-04 13:59:37,782: init_node, name[/Ego_Control_Command_10856_1709528377757], pid[10856]
[xmlrpc][INFO] 2024-03-04 13:59:37,782: XML-RPC server binding to 0.0.0.0:0
[xmlrpc][INFO] 2024-03-04 13:59:37,783: Started XML-RPC server [http://DESKTOP-LL832F4:35361/]
[rospy.init][INFO] 2024-03-04 13:59:37,783: ROS Slave URI: [http://DESKTOP-LL832F4:35361/]
[rospy.impl.masterslave][INFO] 2024-03-04 13:59:37,784: _ready: http://DESKTOP-LL832F4:35361/
[rospy.registration][INFO] 2024-03-04 13:59:37,785: Registering with master node http://localhost:11311
[rospy.registration][INFO] 2024-03-04 13:59:37,785: Registering publisher topic [/ctrl_cmd] type [morai_msgs/CtrlCmd] with master
[xmlrpc][INFO] 2024-03-04 13:59:37,786: xml rpc node: starting XML-RPC server
[rospy.init][INFO] 2024-03-04 13:59:37,884: registered with master
[rospy.rosout][INFO] 2024-03-04 13:59:37,886: initializing /rosout core topic
[rospy.rosout][INFO] 2024-03-04 13:59:37,887: connected to core topic /rosout
[rospy.simtime][INFO] 2024-03-04 13:59:37,889: /use_sim_time is not set, will not subscribe to simulated time [/clock] topic
[rospy.internal][INFO] 2024-03-04 13:59:37,889: topic[/ctrl_cmd] adding connection to [/rosbridge_websocket], count 0
[rosout][INFO] 2024-03-04 13:59:37,891: longlCmdType: 1
accel: 1.0
brake: 0.0
steering: 1
velocity: 0.0
acceleration: 0.0
[rospy.internal][INFO] 2024-03-04 13:59:38,041: topic[/rosout] adding connection to [/rosout], count 0
[rosout][INFO] 2024-03-04 13:59:38,892: longlCmdType: 1
accel: 1.0
brake: 0.0
steering: 1
velocity: 0.0
acceleration: 0.0
[rosout][INFO] 2024-03-04 13:59:39,892: longlCmdType: 1
accel: 1.0
brake: 0.0
steering: 1
velocity: 0.0
acceleration: 0.0
[rosout][INFO] 2024-03-04 13:59:40,892: longlCmdType: 1
accel: 1.0
brake: 0.0
steering: 1
velocity: 0.0
acceleration: 0.0
[rosout][INFO] 2024-03-04 13:59:41,892: longlCmdType: 1
accel: 1.0
brake: 0.0
steering: 1
velocity: 0.0
acceleration: 0.0
[rosout][INFO] 2024-03-04 13:59:42,892: longlCmdType: 1
accel: 1.0
brake: 0.0
steering: 1
velocity: 0.0
acceleration: 0.0
[rosout][INFO] 2024-03-04 13:59:43,892: longlCmdType: 1
accel: 1.0
brake: 0.0
steering: 1
velocity: 0.0
acceleration: 0.0
[rosout][INFO] 2024-03-04 13:59:44,892: longlCmdType: 1
accel: 1.0
brake: 0.0
steering: 1
velocity: 0.0
acceleration: 0.0
[rosout][INFO] 2024-03-04 13:59:45,892: longlCmdType: 1
accel: 1.0
brake: 0.0
steering: 1
velocity: 0.0
acceleration: 0.0
[rosout][INFO] 2024-03-04 13:59:46,892: longlCmdType: 1
accel: 1.0
brake: 0.0
steering: 1
velocity: 0.0
acceleration: 0.0
[rosout][INFO] 2024-03-04 13:59:47,892: longlCmdType: 1
accel: 1.0
brake: 0.0
steering: 1
velocity: 0.0
acceleration: 0.0
[rosout][INFO] 2024-03-04 13:59:48,892: longlCmdType: 1
accel: 1.0
brake: 0.0
steering: 1
velocity: 0.0
acceleration: 0.0
[rosout][INFO] 2024-03-04 13:59:49,892: longlCmdType: 1
accel: 1.0
brake: 0.0
steering: 1
velocity: 0.0
acceleration: 0.0
[rosout][INFO] 2024-03-04 13:59:50,892: longlCmdType: 1
accel: 1.0
brake: 0.0
steering: 1
velocity: 0.0
acceleration: 0.0
[rosout][INFO] 2024-03-04 13:59:51,892: longlCmdType: 1
accel: 1.0
brake: 0.0
steering: 1
velocity: 0.0
acceleration: 0.0
[rosout][INFO] 2024-03-04 13:59:52,892: longlCmdType: 1
accel: 1.0
brake: 0.0
steering: 1
velocity: 0.0
acceleration: 0.0
[rosout][INFO] 2024-03-04 13:59:53,892: longlCmdType: 1
accel: 1.0
brake: 0.0
steering: 1
velocity: 0.0
acceleration: 0.0
[rosout][INFO] 2024-03-04 13:59:54,892: longlCmdType: 1
accel: 1.0
brake: 0.0
steering: 1
velocity: 0.0
acceleration: 0.0
[rosout][INFO] 2024-03-04 13:59:55,892: longlCmdType: 1
accel: 1.0
brake: 0.0
steering: 1
velocity: 0.0
acceleration: 0.0
[rosout][INFO] 2024-03-04 13:59:56,892: longlCmdType: 1
accel: 1.0
brake: 0.0
steering: 1
velocity: 0.0
acceleration: 0.0
[rosout][INFO] 2024-03-04 13:59:57,892: longlCmdType: 1
accel: 1.0
brake: 0.0
steering: 1
velocity: 0.0
acceleration: 0.0
[rosout][INFO] 2024-03-04 13:59:58,892: longlCmdType: 1
accel: 1.0
brake: 0.0
steering: 1
velocity: 0.0
acceleration: 0.0
[rosout][INFO] 2024-03-04 13:59:59,892: longlCmdType: 1
accel: 1.0
brake: 0.0
steering: 1
velocity: 0.0
acceleration: 0.0
[rosout][INFO] 2024-03-04 14:00:00,892: longlCmdType: 1
accel: 1.0
brake: 0.0
steering: 1
velocity: 0.0
acceleration: 0.0
[rosout][INFO] 2024-03-04 14:00:01,892: longlCmdType: 1
accel: 1.0
brake: 0.0
steering: 1
velocity: 0.0
acceleration: 0.0
[rosout][INFO] 2024-03-04 14:00:02,892: longlCmdType: 1
accel: 1.0
brake: 0.0
steering: 1
velocity: 0.0
acceleration: 0.0
[rosout][INFO] 2024-03-04 14:00:03,892: longlCmdType: 1
accel: 1.0
brake: 0.0
steering: 1
velocity: 0.0
acceleration: 0.0
[rosout][INFO] 2024-03-04 14:00:04,892: longlCmdType: 1
accel: 1.0
brake: 0.0
steering: 1
velocity: 0.0
acceleration: 0.0
[rosout][INFO] 2024-03-04 14:00:05,892: longlCmdType: 1
accel: 1.0
brake: 0.0
steering: 1
velocity: 0.0
acceleration: 0.0
[rosout][INFO] 2024-03-04 14:00:06,892: longlCmdType: 1
accel: 1.0
brake: 0.0
steering: 1
velocity: 0.0
acceleration: 0.0
[rosout][INFO] 2024-03-04 14:00:07,892: longlCmdType: 1
accel: 1.0
brake: 0.0
steering: 1
velocity: 0.0
acceleration: 0.0
[rosout][INFO] 2024-03-04 14:00:08,892: longlCmdType: 1
accel: 1.0
brake: 0.0
steering: 1
velocity: 0.0
acceleration: 0.0
[rosout][INFO] 2024-03-04 14:00:09,892: longlCmdType: 1
accel: 1.0
brake: 0.0
steering: 1
velocity: 0.0
acceleration: 0.0
[rosout][INFO] 2024-03-04 14:00:10,892: longlCmdType: 1
accel: 1.0
brake: 0.0
steering: 1
velocity: 0.0
acceleration: 0.0
[rosout][INFO] 2024-03-04 14:00:11,892: longlCmdType: 1
accel: 1.0
brake: 0.0
steering: 1
velocity: 0.0
acceleration: 0.0
[rosout][INFO] 2024-03-04 14:00:12,892: longlCmdType: 1
accel: 1.0
brake: 0.0
steering: 1
velocity: 0.0
acceleration: 0.0
[rosout][INFO] 2024-03-04 14:00:13,892: longlCmdType: 1
accel: 1.0
brake: 0.0
steering: 1
velocity: 0.0
acceleration: 0.0
[rosout][INFO] 2024-03-04 14:00:14,892: longlCmdType: 1
accel: 1.0
brake: 0.0
steering: 1
velocity: 0.0
acceleration: 0.0
[rospy.core][INFO] 2024-03-04 14:00:15,726: signal_shutdown [signal-2]
[rospy.internal][INFO] 2024-03-04 14:00:15,728: topic[/rosout] removing connection to /rosout
[rospy.internal][INFO] 2024-03-04 14:00:15,728: topic[/ctrl_cmd] removing connection to /rosbridge_websocket
[rospy.impl.masterslave][INFO] 2024-03-04 14:00:15,728: signal-2
[rospy.core][INFO] 2024-03-04 14:00:15,892: signal_shutdown [atexit]
