[rospy.client][INFO] 2024-03-05 11:40:24,609: init_node, name[/MoraiSL_client_4426_1709606424583], pid[4426]
[xmlrpc][INFO] 2024-03-05 11:40:24,609: XML-RPC server binding to 0.0.0.0:0
[xmlrpc][INFO] 2024-03-05 11:40:24,610: Started XML-RPC server [http://DESKTOP-LL832F4:39187/]
[rospy.init][INFO] 2024-03-05 11:40:24,610: ROS Slave URI: [http://DESKTOP-LL832F4:39187/]
[rospy.impl.masterslave][INFO] 2024-03-05 11:40:24,610: _ready: http://DESKTOP-LL832F4:39187/
[xmlrpc][INFO] 2024-03-05 11:40:24,611: xml rpc node: starting XML-RPC server
[rospy.registration][INFO] 2024-03-05 11:40:24,612: Registering with master node http://localhost:11311
[rospy.init][INFO] 2024-03-05 11:40:24,711: registered with master
[rospy.rosout][INFO] 2024-03-05 11:40:24,711: initializing /rosout core topic
[rospy.rosout][INFO] 2024-03-05 11:40:24,713: connected to core topic /rosout
[rospy.simtime][INFO] 2024-03-05 11:40:24,714: /use_sim_time is not set, will not subscribe to simulated time [/clock] topic
[rosout][INFO] 2024-03-05 11:40:24,723: response: 
  result: True
[rospy.internal][INFO] 2024-03-05 11:40:24,925: topic[/rosout] adding connection to [/rosout], count 0
[rosout][INFO] 2024-03-05 11:40:25,736: response: 
  result: True
[rosout][INFO] 2024-03-05 11:40:26,740: response: 
  result: True
[rosout][INFO] 2024-03-05 11:40:27,741: response: 
  result: True
[rosout][INFO] 2024-03-05 11:40:28,737: response: 
  result: True
[rosout][INFO] 2024-03-05 11:40:29,739: response: 
  result: True
[rosout][INFO] 2024-03-05 11:40:30,737: response: 
  result: True
[rosout][INFO] 2024-03-05 11:40:31,737: response: 
  result: True
[rosout][INFO] 2024-03-05 11:40:32,733: response: 
  result: True
[rosout][INFO] 2024-03-05 11:40:33,737: response: 
  result: True
[rosout][INFO] 2024-03-05 11:40:34,734: response: 
  result: True
[rosout][INFO] 2024-03-05 11:40:35,733: response: 
  result: True
[rosout][INFO] 2024-03-05 11:40:36,726: response: 
  result: True
[rosout][INFO] 2024-03-05 11:40:37,753: response: 
  result: True
[rosout][INFO] 2024-03-05 11:40:38,723: response: 
  result: True
[rosout][INFO] 2024-03-05 11:40:39,725: response: 
  result: True
[rosout][INFO] 2024-03-05 11:40:40,748: response: 
  result: True
[rosout][INFO] 2024-03-05 11:40:41,744: response: 
  result: True
[rosout][INFO] 2024-03-05 11:40:42,738: response: 
  result: True
[rosout][INFO] 2024-03-05 11:40:43,730: response: 
  result: True
[rosout][INFO] 2024-03-05 11:40:44,740: response: 
  result: True
[rosout][INFO] 2024-03-05 11:40:45,738: response: 
  result: True
[rosout][INFO] 2024-03-05 11:40:46,735: response: 
  result: True
[rosout][INFO] 2024-03-05 11:40:47,740: response: 
  result: True
[rosout][INFO] 2024-03-05 11:40:48,735: response: 
  result: True
[rosout][INFO] 2024-03-05 11:40:49,738: response: 
  result: True
[rosout][INFO] 2024-03-05 11:40:50,730: response: 
  result: True
[rosout][INFO] 2024-03-05 11:40:51,728: response: 
  result: True
[rosout][INFO] 2024-03-05 11:40:52,725: response: 
  result: True
[rosout][INFO] 2024-03-05 11:40:53,731: response: 
  result: True
[rosout][INFO] 2024-03-05 11:40:54,731: response: 
  result: True
[rosout][INFO] 2024-03-05 11:40:55,729: response: 
  result: True
[rosout][INFO] 2024-03-05 11:40:56,728: response: 
  result: True
[rosout][INFO] 2024-03-05 11:40:57,724: response: 
  result: True
[rosout][INFO] 2024-03-05 11:40:58,741: response: 
  result: True
[rosout][INFO] 2024-03-05 11:40:59,736: response: 
  result: True
[rosout][INFO] 2024-03-05 11:41:00,739: response: 
  result: True
[rosout][INFO] 2024-03-05 11:41:01,737: response: 
  result: True
[rosout][INFO] 2024-03-05 11:41:02,739: response: 
  result: True
[rosout][INFO] 2024-03-05 11:41:03,735: response: 
  result: True
[rosout][INFO] 2024-03-05 11:41:04,735: response: 
  result: True
[rosout][INFO] 2024-03-05 11:41:05,734: response: 
  result: True
[rosout][INFO] 2024-03-05 11:41:06,737: response: 
  result: True
[rosout][INFO] 2024-03-05 11:41:07,738: response: 
  result: True
[rosout][INFO] 2024-03-05 11:41:08,727: response: 
  result: True
[rosout][INFO] 2024-03-05 11:41:09,724: response: 
  result: True
[rosout][INFO] 2024-03-05 11:41:10,740: response: 
  result: True
[rosout][INFO] 2024-03-05 11:41:11,729: response: 
  result: True
[rosout][INFO] 2024-03-05 11:41:12,724: response: 
  result: True
[rosout][INFO] 2024-03-05 11:41:13,724: response: 
  result: True
[rosout][INFO] 2024-03-05 11:41:14,727: response: 
  result: True
[rosout][INFO] 2024-03-05 11:41:15,727: response: 
  result: True
[rosout][INFO] 2024-03-05 11:41:16,740: response: 
  result: True
[rosout][INFO] 2024-03-05 11:41:17,733: response: 
  result: True
[rosout][INFO] 2024-03-05 11:41:18,739: response: 
  result: True
[rosout][INFO] 2024-03-05 11:41:19,732: response: 
  result: True
[rosout][INFO] 2024-03-05 11:41:20,736: response: 
  result: True
[rosout][INFO] 2024-03-05 11:41:21,736: response: 
  result: True
[rosout][INFO] 2024-03-05 11:41:22,735: response: 
  result: True
[rosout][INFO] 2024-03-05 11:41:23,739: response: 
  result: True
[rosout][INFO] 2024-03-05 11:41:24,732: response: 
  result: True
[rosout][INFO] 2024-03-05 11:41:25,726: response: 
  result: True
[rosout][INFO] 2024-03-05 11:41:26,739: response: 
  result: True
[rosout][INFO] 2024-03-05 11:41:27,738: response: 
  result: True
[rosout][INFO] 2024-03-05 11:41:28,735: response: 
  result: True
[rosout][INFO] 2024-03-05 11:41:29,736: response: 
  result: True
[rosout][INFO] 2024-03-05 11:41:30,734: response: 
  result: True
[rosout][INFO] 2024-03-05 11:41:31,733: response: 
  result: True
[rosout][INFO] 2024-03-05 11:41:32,725: response: 
  result: True
[rosout][INFO] 2024-03-05 11:41:33,737: response: 
  result: True
[rosout][INFO] 2024-03-05 11:41:34,732: response: 
  result: True
[rosout][INFO] 2024-03-05 11:41:35,735: response: 
  result: True
[rosout][INFO] 2024-03-05 11:41:36,739: response: 
  result: True
[rosout][INFO] 2024-03-05 11:41:37,739: response: 
  result: True
[rosout][INFO] 2024-03-05 11:41:38,724: response: 
  result: True
[rosout][INFO] 2024-03-05 11:41:39,741: response: 
  result: True
[rosout][INFO] 2024-03-05 11:41:40,740: response: 
  result: True
[rosout][INFO] 2024-03-05 11:41:41,726: response: 
  result: True
[rosout][INFO] 2024-03-05 11:41:42,729: response: 
  result: True
[rosout][INFO] 2024-03-05 11:41:43,729: response: 
  result: True
[rosout][INFO] 2024-03-05 11:41:44,738: response: 
  result: True
[rosout][INFO] 2024-03-05 11:41:45,736: response: 
  result: True
[rosout][INFO] 2024-03-05 11:41:46,736: response: 
  result: True
[rosout][INFO] 2024-03-05 11:41:47,735: response: 
  result: True
[rosout][INFO] 2024-03-05 11:41:48,733: response: 
  result: True
[rosout][INFO] 2024-03-05 11:41:49,734: response: 
  result: True
[rosout][INFO] 2024-03-05 11:41:50,762: response: 
  result: True
[rosout][INFO] 2024-03-05 11:41:51,735: response: 
  result: True
[rosout][INFO] 2024-03-05 11:41:52,736: response: 
  result: True
[rosout][INFO] 2024-03-05 11:41:53,737: response: 
  result: True
[rosout][INFO] 2024-03-05 11:41:54,740: response: 
  result: True
[rosout][INFO] 2024-03-05 11:41:55,735: response: 
  result: True
[rosout][INFO] 2024-03-05 11:41:56,730: response: 
  result: True
[rosout][INFO] 2024-03-05 11:41:57,730: response: 
  result: True
[rosout][INFO] 2024-03-05 11:41:58,727: response: 
  result: True
[rosout][INFO] 2024-03-05 11:41:59,743: response: 
  result: True
[rosout][INFO] 2024-03-05 11:42:00,724: response: 
  result: True
[rosout][INFO] 2024-03-05 11:42:01,738: response: 
  result: True
[rosout][INFO] 2024-03-05 11:42:02,733: response: 
  result: True
[rosout][INFO] 2024-03-05 11:42:03,739: response: 
  result: True
[rosout][INFO] 2024-03-05 11:42:04,735: response: 
  result: True
[rosout][INFO] 2024-03-05 11:42:05,732: response: 
  result: True
[rosout][INFO] 2024-03-05 11:42:06,723: response: 
  result: True
[rosout][INFO] 2024-03-05 11:42:07,727: response: 
  result: True
[rosout][INFO] 2024-03-05 11:42:08,724: response: 
  result: True
[rosout][INFO] 2024-03-05 11:42:09,731: response: 
  result: True
[rosout][INFO] 2024-03-05 11:42:10,731: response: 
  result: True
[rosout][INFO] 2024-03-05 11:42:11,730: response: 
  result: True
[rosout][INFO] 2024-03-05 11:42:12,765: response: 
  result: True
[rosout][INFO] 2024-03-05 11:42:13,729: response: 
  result: True
[rosout][INFO] 2024-03-05 11:42:14,726: response: 
  result: True
[rosout][INFO] 2024-03-05 11:42:15,723: response: 
  result: True
[rosout][INFO] 2024-03-05 11:42:16,735: response: 
  result: True
[rosout][INFO] 2024-03-05 11:42:17,730: response: 
  result: True
[rospy.core][INFO] 2024-03-05 11:42:18,611: signal_shutdown [signal-2]
[rospy.internal][INFO] 2024-03-05 11:42:18,613: topic[/rosout] removing connection to /rosout
[rospy.impl.masterslave][INFO] 2024-03-05 11:42:18,613: signal-2
[rospy.core][INFO] 2024-03-05 11:42:18,721: signal_shutdown [atexit]
