[rospy.client][INFO] 2024-03-05 11:18:12,903: init_node, name[/MoraiEventCmd_client_3755_1709605092879], pid[3755]
[xmlrpc][INFO] 2024-03-05 11:18:12,903: XML-RPC server binding to 0.0.0.0:0
[xmlrpc][INFO] 2024-03-05 11:18:12,904: Started XML-RPC server [http://DESKTOP-LL832F4:42507/]
[rospy.init][INFO] 2024-03-05 11:18:12,904: ROS Slave URI: [http://DESKTOP-LL832F4:42507/]
[rospy.impl.masterslave][INFO] 2024-03-05 11:18:12,904: _ready: http://DESKTOP-LL832F4:42507/
[xmlrpc][INFO] 2024-03-05 11:18:12,905: xml rpc node: starting XML-RPC server
[rospy.registration][INFO] 2024-03-05 11:18:12,906: Registering with master node http://localhost:11311
[rospy.init][INFO] 2024-03-05 11:18:13,004: registered with master
[rospy.rosout][INFO] 2024-03-05 11:18:13,005: initializing /rosout core topic
[rospy.rosout][INFO] 2024-03-05 11:18:13,007: connected to core topic /rosout
[rospy.simtime][INFO] 2024-03-05 11:18:13,008: /use_sim_time is not set, will not subscribe to simulated time [/clock] topic
[rosout][INFO] 2024-03-05 11:18:13,031: response: 
  option: 7
  ctrl_mode: 3
  gear: 4
  lamps: 
    header: 
      seq: 1
      stamp: 
        secs: 1709605093
        nsecs:  28000000
      frame_id: "Lamps"
    turnSignal: 1
    emergencySignal: 0
  set_pause: False
[rospy.internal][INFO] 2024-03-05 11:18:13,171: topic[/rosout] adding connection to [/rosout], count 0
[rosout][INFO] 2024-03-05 11:18:14,022: response: 
  option: 7
  ctrl_mode: 3
  gear: 4
  lamps: 
    header: 
      seq: 1
      stamp: 
        secs: 1709605094
        nsecs:  19000000
      frame_id: "Lamps"
    turnSignal: 1
    emergencySignal: 0
  set_pause: False
[rosout][INFO] 2024-03-05 11:18:15,027: response: 
  option: 7
  ctrl_mode: 3
  gear: 4
  lamps: 
    header: 
      seq: 1
      stamp: 
        secs: 1709605095
        nsecs:  25000000
      frame_id: "Lamps"
    turnSignal: 1
    emergencySignal: 0
  set_pause: False
[rosout][INFO] 2024-03-05 11:18:16,024: response: 
  option: 7
  ctrl_mode: 3
  gear: 4
  lamps: 
    header: 
      seq: 1
      stamp: 
        secs: 1709605096
        nsecs:  22000000
      frame_id: "Lamps"
    turnSignal: 1
    emergencySignal: 0
  set_pause: False
[rosout][INFO] 2024-03-05 11:18:17,035: response: 
  option: 7
  ctrl_mode: 3
  gear: 4
  lamps: 
    header: 
      seq: 1
      stamp: 
        secs: 1709605097
        nsecs:  32000000
      frame_id: "Lamps"
    turnSignal: 1
    emergencySignal: 0
  set_pause: False
[rosout][INFO] 2024-03-05 11:18:18,028: response: 
  option: 7
  ctrl_mode: 3
  gear: 4
  lamps: 
    header: 
      seq: 1
      stamp: 
        secs: 1709605098
        nsecs:  25000000
      frame_id: "Lamps"
    turnSignal: 1
    emergencySignal: 0
  set_pause: False
[rosout][INFO] 2024-03-05 11:18:19,054: response: 
  option: 7
  ctrl_mode: 3
  gear: 4
  lamps: 
    header: 
      seq: 1
      stamp: 
        secs: 1709605099
        nsecs:  51000000
      frame_id: "Lamps"
    turnSignal: 1
    emergencySignal: 0
  set_pause: False
[rosout][INFO] 2024-03-05 11:18:20,032: response: 
  option: 7
  ctrl_mode: 3
  gear: 4
  lamps: 
    header: 
      seq: 1
      stamp: 
        secs: 1709605100
        nsecs:  29000000
      frame_id: "Lamps"
    turnSignal: 1
    emergencySignal: 0
  set_pause: False
[rosout][INFO] 2024-03-05 11:18:21,031: response: 
  option: 7
  ctrl_mode: 3
  gear: 4
  lamps: 
    header: 
      seq: 1
      stamp: 
        secs: 1709605101
        nsecs:  29000000
      frame_id: "Lamps"
    turnSignal: 1
    emergencySignal: 0
  set_pause: False
[rosout][INFO] 2024-03-05 11:18:22,028: response: 
  option: 7
  ctrl_mode: 3
  gear: 4
  lamps: 
    header: 
      seq: 1
      stamp: 
        secs: 1709605102
        nsecs:  26000000
      frame_id: "Lamps"
    turnSignal: 1
    emergencySignal: 0
  set_pause: False
[rosout][INFO] 2024-03-05 11:18:23,025: response: 
  option: 7
  ctrl_mode: 3
  gear: 4
  lamps: 
    header: 
      seq: 1
      stamp: 
        secs: 1709605103
        nsecs:  23000000
      frame_id: "Lamps"
    turnSignal: 1
    emergencySignal: 0
  set_pause: False
[rosout][INFO] 2024-03-05 11:18:24,035: response: 
  option: 7
  ctrl_mode: 3
  gear: 4
  lamps: 
    header: 
      seq: 1
      stamp: 
        secs: 1709605104
        nsecs:  32000000
      frame_id: "Lamps"
    turnSignal: 1
    emergencySignal: 0
  set_pause: False
[rosout][INFO] 2024-03-05 11:18:25,028: response: 
  option: 7
  ctrl_mode: 3
  gear: 4
  lamps: 
    header: 
      seq: 1
      stamp: 
        secs: 1709605105
        nsecs:  26000000
      frame_id: "Lamps"
    turnSignal: 1
    emergencySignal: 0
  set_pause: False
[rosout][INFO] 2024-03-05 11:18:26,028: response: 
  option: 7
  ctrl_mode: 3
  gear: 4
  lamps: 
    header: 
      seq: 1
      stamp: 
        secs: 1709605106
        nsecs:  25000000
      frame_id: "Lamps"
    turnSignal: 1
    emergencySignal: 0
  set_pause: False
[rosout][INFO] 2024-03-05 11:18:27,035: response: 
  option: 7
  ctrl_mode: 3
  gear: 4
  lamps: 
    header: 
      seq: 1
      stamp: 
        secs: 1709605107
        nsecs:  33000000
      frame_id: "Lamps"
    turnSignal: 1
    emergencySignal: 0
  set_pause: False
[rosout][INFO] 2024-03-05 11:18:28,029: response: 
  option: 7
  ctrl_mode: 3
  gear: 4
  lamps: 
    header: 
      seq: 1
      stamp: 
        secs: 1709605108
        nsecs:  27000000
      frame_id: "Lamps"
    turnSignal: 1
    emergencySignal: 0
  set_pause: False
[rosout][INFO] 2024-03-05 11:18:29,024: response: 
  option: 7
  ctrl_mode: 3
  gear: 4
  lamps: 
    header: 
      seq: 1
      stamp: 
        secs: 1709605109
        nsecs:  22000000
      frame_id: "Lamps"
    turnSignal: 1
    emergencySignal: 0
  set_pause: False
[rosout][INFO] 2024-03-05 11:18:30,023: response: 
  option: 7
  ctrl_mode: 3
  gear: 4
  lamps: 
    header: 
      seq: 1
      stamp: 
        secs: 1709605110
        nsecs:  21000000
      frame_id: "Lamps"
    turnSignal: 1
    emergencySignal: 0
  set_pause: False
[rosout][INFO] 2024-03-05 11:18:31,036: response: 
  option: 7
  ctrl_mode: 3
  gear: 4
  lamps: 
    header: 
      seq: 1
      stamp: 
        secs: 1709605111
        nsecs:  33000000
      frame_id: "Lamps"
    turnSignal: 1
    emergencySignal: 0
  set_pause: False
[rosout][INFO] 2024-03-05 11:18:32,032: response: 
  option: 7
  ctrl_mode: 3
  gear: 4
  lamps: 
    header: 
      seq: 1
      stamp: 
        secs: 1709605112
        nsecs:  29000000
      frame_id: "Lamps"
    turnSignal: 1
    emergencySignal: 0
  set_pause: False
[rosout][INFO] 2024-03-05 11:18:33,031: response: 
  option: 7
  ctrl_mode: 3
  gear: 4
  lamps: 
    header: 
      seq: 1
      stamp: 
        secs: 1709605113
        nsecs:  29000000
      frame_id: "Lamps"
    turnSignal: 1
    emergencySignal: 0
  set_pause: False
[rosout][INFO] 2024-03-05 11:18:34,022: response: 
  option: 7
  ctrl_mode: 3
  gear: 4
  lamps: 
    header: 
      seq: 1
      stamp: 
        secs: 1709605114
        nsecs:  19000000
      frame_id: "Lamps"
    turnSignal: 1
    emergencySignal: 0
  set_pause: False
[rosout][INFO] 2024-03-05 11:18:35,042: response: 
  option: 7
  ctrl_mode: 3
  gear: 4
  lamps: 
    header: 
      seq: 1
      stamp: 
        secs: 1709605115
        nsecs:  40000000
      frame_id: "Lamps"
    turnSignal: 1
    emergencySignal: 0
  set_pause: False
[rosout][INFO] 2024-03-05 11:18:36,026: response: 
  option: 7
  ctrl_mode: 3
  gear: 4
  lamps: 
    header: 
      seq: 1
      stamp: 
        secs: 1709605116
        nsecs:  24000000
      frame_id: "Lamps"
    turnSignal: 1
    emergencySignal: 0
  set_pause: False
[rosout][INFO] 2024-03-05 11:18:37,036: response: 
  option: 7
  ctrl_mode: 3
  gear: 4
  lamps: 
    header: 
      seq: 1
      stamp: 
        secs: 1709605117
        nsecs:  33000000
      frame_id: "Lamps"
    turnSignal: 1
    emergencySignal: 0
  set_pause: False
[rospy.core][INFO] 2024-03-05 11:18:37,879: signal_shutdown [signal-2]
[rospy.internal][INFO] 2024-03-05 11:18:37,881: topic[/rosout] removing connection to /rosout
[rospy.impl.masterslave][INFO] 2024-03-05 11:18:37,881: signal-2
[rospy.core][INFO] 2024-03-05 11:18:38,497: signal_shutdown [atexit]
