[rospy.client][INFO] 2024-03-05 11:55:55,877: init_node, name[/MoraiSL_client_5877_1709607355853], pid[5877]
[xmlrpc][INFO] 2024-03-05 11:55:55,877: XML-RPC server binding to 0.0.0.0:0
[xmlrpc][INFO] 2024-03-05 11:55:55,878: Started XML-RPC server [http://DESKTOP-LL832F4:39023/]
[rospy.impl.masterslave][INFO] 2024-03-05 11:55:55,878: _ready: http://DESKTOP-LL832F4:39023/
[rospy.init][INFO] 2024-03-05 11:55:55,878: ROS Slave URI: [http://DESKTOP-LL832F4:39023/]
[xmlrpc][INFO] 2024-03-05 11:55:55,879: xml rpc node: starting XML-RPC server
[rospy.registration][INFO] 2024-03-05 11:55:55,879: Registering with master node http://localhost:11311
[rospy.init][INFO] 2024-03-05 11:55:55,979: registered with master
[rospy.rosout][INFO] 2024-03-05 11:55:55,979: initializing /rosout core topic
[rospy.rosout][INFO] 2024-03-05 11:55:55,982: connected to core topic /rosout
[rospy.simtime][INFO] 2024-03-05 11:55:55,983: /use_sim_time is not set, will not subscribe to simulated time [/clock] topic
[rosout][INFO] 2024-03-05 11:55:56,019: response: 
  result: True
[rospy.internal][INFO] 2024-03-05 11:55:56,269: topic[/rosout] adding connection to [/rosout], count 0
[rosout][INFO] 2024-03-05 11:55:57,020: response: 
  result: True
[rosout][INFO] 2024-03-05 11:55:58,006: response: 
  result: True
[rosout][INFO] 2024-03-05 11:55:59,011: response: 
  result: True
[rosout][INFO] 2024-03-05 11:56:00,008: response: 
  result: True
[rosout][INFO] 2024-03-05 11:56:01,009: response: 
  result: True
[rosout][INFO] 2024-03-05 11:56:02,004: response: 
  result: True
[rosout][INFO] 2024-03-05 11:56:03,013: response: 
  result: True
[rosout][INFO] 2024-03-05 11:56:04,021: response: 
  result: True
[rosout][INFO] 2024-03-05 11:56:05,016: response: 
  result: True
[rosout][INFO] 2024-03-05 11:56:06,007: response: 
  result: True
[rosout][INFO] 2024-03-05 11:56:07,009: response: 
  result: True
[rosout][INFO] 2024-03-05 11:56:08,009: response: 
  result: True
[rosout][INFO] 2024-03-05 11:56:09,012: response: 
  result: True
[rosout][INFO] 2024-03-05 11:56:10,009: response: 
  result: True
[rosout][INFO] 2024-03-05 11:56:11,006: response: 
  result: True
[rosout][INFO] 2024-03-05 11:56:12,060: response: 
  result: True
[rosout][INFO] 2024-03-05 11:56:13,017: response: 
  result: True
[rosout][INFO] 2024-03-05 11:56:14,016: response: 
  result: True
[rosout][INFO] 2024-03-05 11:56:15,011: response: 
  result: True
[rospy.core][INFO] 2024-03-05 11:56:15,275: signal_shutdown [signal-2]
[rospy.internal][INFO] 2024-03-05 11:56:15,277: topic[/rosout] removing connection to /rosout
[rospy.impl.masterslave][INFO] 2024-03-05 11:56:15,277: signal-2
[rospy.core][INFO] 2024-03-05 11:56:15,409: signal_shutdown [atexit]
