[rospy.client][INFO] 2024-03-05 11:47:09,508: init_node, name[/MoraiSL_client_5240_1709606829482], pid[5240]
[xmlrpc][INFO] 2024-03-05 11:47:09,508: XML-RPC server binding to 0.0.0.0:0
[xmlrpc][INFO] 2024-03-05 11:47:09,509: Started XML-RPC server [http://DESKTOP-LL832F4:39851/]
[rospy.init][INFO] 2024-03-05 11:47:09,509: ROS Slave URI: [http://DESKTOP-LL832F4:39851/]
[rospy.impl.masterslave][INFO] 2024-03-05 11:47:09,510: _ready: http://DESKTOP-LL832F4:39851/
[xmlrpc][INFO] 2024-03-05 11:47:09,510: xml rpc node: starting XML-RPC server
[rospy.registration][INFO] 2024-03-05 11:47:09,511: Registering with master node http://localhost:11311
[rospy.init][INFO] 2024-03-05 11:47:09,610: registered with master
[rospy.rosout][INFO] 2024-03-05 11:47:09,610: initializing /rosout core topic
[rospy.rosout][INFO] 2024-03-05 11:47:09,613: connected to core topic /rosout
[rospy.simtime][INFO] 2024-03-05 11:47:09,614: /use_sim_time is not set, will not subscribe to simulated time [/clock] topic
[rosout][INFO] 2024-03-05 11:47:09,713: response: 
  result: True
[rospy.internal][INFO] 2024-03-05 11:47:09,879: topic[/rosout] adding connection to [/rosout], count 0
[rosout][INFO] 2024-03-05 11:47:14,862: response: 
  result: True
[rosout][INFO] 2024-03-05 11:47:14,889: response: 
  result: True
[rosout][INFO] 2024-03-05 11:47:15,890: response: 
  result: True
[rosout][INFO] 2024-03-05 11:47:16,882: response: 
  result: True
[rosout][INFO] 2024-03-05 11:47:17,876: response: 
  result: True
[rosout][INFO] 2024-03-05 11:47:18,892: response: 
  result: True
[rosout][INFO] 2024-03-05 11:47:19,891: response: 
  result: True
[rosout][INFO] 2024-03-05 11:47:20,888: response: 
  result: True
[rosout][INFO] 2024-03-05 11:47:21,881: response: 
  result: True
[rosout][INFO] 2024-03-05 11:47:22,889: response: 
  result: True
[rosout][INFO] 2024-03-05 11:47:23,878: response: 
  result: True
[rosout][INFO] 2024-03-05 11:47:24,887: response: 
  result: True
[rosout][INFO] 2024-03-05 11:47:25,891: response: 
  result: True
[rospy.core][INFO] 2024-03-05 11:47:25,992: signal_shutdown [signal-2]
[rospy.internal][INFO] 2024-03-05 11:47:25,994: topic[/rosout] removing connection to /rosout
[rospy.impl.masterslave][INFO] 2024-03-05 11:47:25,994: signal-2
[rospy.core][INFO] 2024-03-05 11:47:26,126: signal_shutdown [atexit]
