[rospy.client][INFO] 2024-03-05 11:51:05,523: init_node, name[/MoraiSL_client_5657_1709607065486], pid[5657]
[xmlrpc][INFO] 2024-03-05 11:51:05,523: XML-RPC server binding to 0.0.0.0:0
[xmlrpc][INFO] 2024-03-05 11:51:05,524: Started XML-RPC server [http://DESKTOP-LL832F4:37415/]
[rospy.impl.masterslave][INFO] 2024-03-05 11:51:05,524: _ready: http://DESKTOP-LL832F4:37415/
[rospy.init][INFO] 2024-03-05 11:51:05,524: ROS Slave URI: [http://DESKTOP-LL832F4:37415/]
[xmlrpc][INFO] 2024-03-05 11:51:05,525: xml rpc node: starting XML-RPC server
[rospy.registration][INFO] 2024-03-05 11:51:05,526: Registering with master node http://localhost:11311
[rospy.init][INFO] 2024-03-05 11:51:05,626: registered with master
[rospy.rosout][INFO] 2024-03-05 11:51:05,627: initializing /rosout core topic
[rospy.rosout][INFO] 2024-03-05 11:51:05,629: connected to core topic /rosout
[rospy.simtime][INFO] 2024-03-05 11:51:05,630: /use_sim_time is not set, will not subscribe to simulated time [/clock] topic
[rospy.internal][INFO] 2024-03-05 11:51:05,835: topic[/rosout] adding connection to [/rosout], count 0
[rosout][INFO] 2024-03-05 11:51:15,642: response: 
  result: True
[rosout][INFO] 2024-03-05 11:51:25,652: response: 
  result: True
[rospy.core][INFO] 2024-03-05 11:51:33,155: signal_shutdown [signal-2]
[rospy.internal][INFO] 2024-03-05 11:51:33,158: topic[/rosout] removing connection to /rosout
[rospy.impl.masterslave][INFO] 2024-03-05 11:51:33,158: signal-2
[rospy.core][INFO] 2024-03-05 11:51:33,323: signal_shutdown [atexit]
