[rospy.client][INFO] 2024-03-05 11:38:17,055: init_node, name[/MoraiSL_client_4089_1709606297030], pid[4089]
[xmlrpc][INFO] 2024-03-05 11:38:17,056: XML-RPC server binding to 0.0.0.0:0
[xmlrpc][INFO] 2024-03-05 11:38:17,056: Started XML-RPC server [http://DESKTOP-LL832F4:35185/]
[rospy.init][INFO] 2024-03-05 11:38:17,057: ROS Slave URI: [http://DESKTOP-LL832F4:35185/]
[rospy.impl.masterslave][INFO] 2024-03-05 11:38:17,057: _ready: http://DESKTOP-LL832F4:35185/
[xmlrpc][INFO] 2024-03-05 11:38:17,058: xml rpc node: starting XML-RPC server
[rospy.registration][INFO] 2024-03-05 11:38:17,058: Registering with master node http://localhost:11311
[rospy.init][INFO] 2024-03-05 11:38:17,157: registered with master
[rospy.rosout][INFO] 2024-03-05 11:38:17,157: initializing /rosout core topic
[rospy.rosout][INFO] 2024-03-05 11:38:17,160: connected to core topic /rosout
[rospy.simtime][INFO] 2024-03-05 11:38:17,161: /use_sim_time is not set, will not subscribe to simulated time [/clock] topic
[rosout][INFO] 2024-03-05 11:38:17,190: response: 
  result: True
[rospy.internal][INFO] 2024-03-05 11:38:17,399: topic[/rosout] adding connection to [/rosout], count 0
[rosout][INFO] 2024-03-05 11:38:18,179: response: 
  result: True
[rosout][INFO] 2024-03-05 11:38:19,171: response: 
  result: True
[rosout][INFO] 2024-03-05 11:38:20,179: response: 
  result: True
[rosout][INFO] 2024-03-05 11:38:21,183: response: 
  result: True
[rosout][INFO] 2024-03-05 11:38:22,175: response: 
  result: True
[rosout][INFO] 2024-03-05 11:38:23,175: response: 
  result: True
[rosout][INFO] 2024-03-05 11:38:24,191: response: 
  result: True
[rosout][INFO] 2024-03-05 11:38:25,174: response: 
  result: True
[rosout][INFO] 2024-03-05 11:38:26,187: response: 
  result: True
[rosout][INFO] 2024-03-05 11:38:27,183: response: 
  result: True
[rosout][INFO] 2024-03-05 11:38:28,176: response: 
  result: True
[rosout][INFO] 2024-03-05 11:38:29,177: response: 
  result: True
[rosout][INFO] 2024-03-05 11:38:30,171: response: 
  result: True
[rosout][INFO] 2024-03-05 11:38:31,186: response: 
  result: True
[rosout][INFO] 2024-03-05 11:38:32,187: response: 
  result: True
[rosout][INFO] 2024-03-05 11:38:33,182: response: 
  result: True
[rosout][INFO] 2024-03-05 11:38:34,177: response: 
  result: True
[rosout][INFO] 2024-03-05 11:38:35,172: response: 
  result: True
[rosout][INFO] 2024-03-05 11:38:36,184: response: 
  result: True
[rosout][INFO] 2024-03-05 11:38:37,179: response: 
  result: True
[rosout][INFO] 2024-03-05 11:38:38,177: response: 
  result: True
[rosout][INFO] 2024-03-05 11:38:39,172: response: 
  result: True
[rosout][INFO] 2024-03-05 11:38:40,172: response: 
  result: True
[rosout][INFO] 2024-03-05 11:38:41,173: response: 
  result: True
[rosout][INFO] 2024-03-05 11:38:42,178: response: 
  result: True
[rosout][INFO] 2024-03-05 11:38:43,187: response: 
  result: True
[rosout][INFO] 2024-03-05 11:38:44,172: response: 
  result: True
[rosout][INFO] 2024-03-05 11:38:45,173: response: 
  result: True
[rosout][INFO] 2024-03-05 11:38:46,171: response: 
  result: True
[rosout][INFO] 2024-03-05 11:38:47,174: response: 
  result: True
[rosout][INFO] 2024-03-05 11:38:48,185: response: 
  result: True
[rosout][INFO] 2024-03-05 11:38:49,181: response: 
  result: True
[rosout][INFO] 2024-03-05 11:38:50,185: response: 
  result: True
[rosout][INFO] 2024-03-05 11:38:51,180: response: 
  result: True
[rosout][INFO] 2024-03-05 11:38:52,178: response: 
  result: True
[rosout][INFO] 2024-03-05 11:38:53,176: response: 
  result: True
[rosout][INFO] 2024-03-05 11:38:54,184: response: 
  result: True
[rosout][INFO] 2024-03-05 11:38:55,188: response: 
  result: True
[rosout][INFO] 2024-03-05 11:38:56,173: response: 
  result: True
[rosout][INFO] 2024-03-05 11:38:57,182: response: 
  result: True
[rosout][INFO] 2024-03-05 11:38:58,183: response: 
  result: True
[rosout][INFO] 2024-03-05 11:38:59,177: response: 
  result: True
[rosout][INFO] 2024-03-05 11:39:00,170: response: 
  result: True
[rosout][INFO] 2024-03-05 11:39:01,180: response: 
  result: True
[rosout][INFO] 2024-03-05 11:39:02,177: response: 
  result: True
[rosout][INFO] 2024-03-05 11:39:03,187: response: 
  result: True
[rosout][INFO] 2024-03-05 11:39:04,184: response: 
  result: True
[rosout][INFO] 2024-03-05 11:39:05,178: response: 
  result: True
[rosout][INFO] 2024-03-05 11:39:06,175: response: 
  result: True
[rosout][INFO] 2024-03-05 11:39:07,182: response: 
  result: True
[rosout][INFO] 2024-03-05 11:39:08,177: response: 
  result: True
[rosout][INFO] 2024-03-05 11:39:09,187: response: 
  result: True
[rosout][INFO] 2024-03-05 11:39:10,182: response: 
  result: True
[rosout][INFO] 2024-03-05 11:39:11,181: response: 
  result: True
[rosout][INFO] 2024-03-05 11:39:12,176: response: 
  result: True
[rosout][INFO] 2024-03-05 11:39:13,187: response: 
  result: True
[rosout][INFO] 2024-03-05 11:39:14,171: response: 
  result: True
[rosout][INFO] 2024-03-05 11:39:15,192: response: 
  result: True
[rosout][INFO] 2024-03-05 11:39:16,180: response: 
  result: True
[rosout][INFO] 2024-03-05 11:39:17,173: response: 
  result: True
[rosout][INFO] 2024-03-05 11:39:18,179: response: 
  result: True
[rosout][INFO] 2024-03-05 11:39:19,173: response: 
  result: True
[rosout][INFO] 2024-03-05 11:39:20,183: response: 
  result: True
[rospy.core][INFO] 2024-03-05 11:39:20,200: signal_shutdown [signal-2]
[rospy.internal][INFO] 2024-03-05 11:39:20,201: topic[/rosout] removing connection to /rosout
[rospy.impl.masterslave][INFO] 2024-03-05 11:39:20,202: signal-2
[rospy.core][INFO] 2024-03-05 11:39:20,366: signal_shutdown [atexit]
