[rospy.client][INFO] 2024-03-05 11:52:35,146: init_node, name[/MoraiSL_client_5713_1709607155123], pid[5713]
[xmlrpc][INFO] 2024-03-05 11:52:35,147: XML-RPC server binding to 0.0.0.0:0
[xmlrpc][INFO] 2024-03-05 11:52:35,147: Started XML-RPC server [http://DESKTOP-LL832F4:45639/]
[rospy.init][INFO] 2024-03-05 11:52:35,148: ROS Slave URI: [http://DESKTOP-LL832F4:45639/]
[rospy.impl.masterslave][INFO] 2024-03-05 11:52:35,148: _ready: http://DESKTOP-LL832F4:45639/
[xmlrpc][INFO] 2024-03-05 11:52:35,149: xml rpc node: starting XML-RPC server
[rospy.registration][INFO] 2024-03-05 11:52:35,150: Registering with master node http://localhost:11311
[rospy.init][INFO] 2024-03-05 11:52:35,248: registered with master
[rospy.rosout][INFO] 2024-03-05 11:52:35,249: initializing /rosout core topic
[rospy.rosout][INFO] 2024-03-05 11:52:35,252: connected to core topic /rosout
[rospy.simtime][INFO] 2024-03-05 11:52:35,252: /use_sim_time is not set, will not subscribe to simulated time [/clock] topic
[rospy.internal][INFO] 2024-03-05 11:52:35,403: topic[/rosout] adding connection to [/rosout], count 0
[rosout][INFO] 2024-03-05 11:52:45,261: response: 
  result: True
[rosout][INFO] 2024-03-05 11:52:55,273: response: 
  result: True
[rosout][INFO] 2024-03-05 11:53:05,282: response: 
  result: True
[rospy.core][INFO] 2024-03-05 11:53:14,871: signal_shutdown [signal-2]
[rospy.internal][INFO] 2024-03-05 11:53:14,874: topic[/rosout] removing connection to /rosout
[rospy.impl.masterslave][INFO] 2024-03-05 11:53:14,874: signal-2
[rospy.core][INFO] 2024-03-05 11:53:14,990: signal_shutdown [atexit]
