[rospy.client][INFO] 2024-03-05 11:53:32,076: init_node, name[/MoraiSL_client_5764_1709607212048], pid[5764]
[xmlrpc][INFO] 2024-03-05 11:53:32,076: XML-RPC server binding to 0.0.0.0:0
[xmlrpc][INFO] 2024-03-05 11:53:32,077: Started XML-RPC server [http://DESKTOP-LL832F4:44477/]
[rospy.impl.masterslave][INFO] 2024-03-05 11:53:32,077: _ready: http://DESKTOP-LL832F4:44477/
[rospy.init][INFO] 2024-03-05 11:53:32,078: ROS Slave URI: [http://DESKTOP-LL832F4:44477/]
[xmlrpc][INFO] 2024-03-05 11:53:32,078: xml rpc node: starting XML-RPC server
[rospy.registration][INFO] 2024-03-05 11:53:32,079: Registering with master node http://localhost:11311
[rospy.init][INFO] 2024-03-05 11:53:32,178: registered with master
[rospy.rosout][INFO] 2024-03-05 11:53:32,179: initializing /rosout core topic
[rospy.rosout][INFO] 2024-03-05 11:53:32,182: connected to core topic /rosout
[rospy.simtime][INFO] 2024-03-05 11:53:32,183: /use_sim_time is not set, will not subscribe to simulated time [/clock] topic
[rospy.internal][INFO] 2024-03-05 11:53:32,409: topic[/rosout] adding connection to [/rosout], count 0
[rosout][INFO] 2024-03-05 11:53:42,192: response: 
  result: True
[rosout][INFO] 2024-03-05 11:53:52,200: response: 
  result: True
[rosout][INFO] 2024-03-05 11:54:02,208: response: 
  result: True
[rosout][INFO] 2024-03-05 11:54:12,215: response: 
  result: True
[rosout][INFO] 2024-03-05 11:54:22,223: response: 
  result: True
[rosout][INFO] 2024-03-05 11:54:32,230: response: 
  result: True
[rospy.core][INFO] 2024-03-05 11:54:41,412: signal_shutdown [signal-2]
[rospy.internal][INFO] 2024-03-05 11:54:41,414: topic[/rosout] removing connection to /rosout
[rospy.impl.masterslave][INFO] 2024-03-05 11:54:41,415: signal-2
[rospy.core][INFO] 2024-03-05 11:54:41,531: signal_shutdown [atexit]
