[rospy.client][INFO] 2024-03-05 11:49:44,928: init_node, name[/MoraiSL_client_5592_1709606984903], pid[5592]
[xmlrpc][INFO] 2024-03-05 11:49:44,928: XML-RPC server binding to 0.0.0.0:0
[xmlrpc][INFO] 2024-03-05 11:49:44,929: Started XML-RPC server [http://DESKTOP-LL832F4:38351/]
[rospy.init][INFO] 2024-03-05 11:49:44,929: ROS Slave URI: [http://DESKTOP-LL832F4:38351/]
[rospy.impl.masterslave][INFO] 2024-03-05 11:49:44,930: _ready: http://DESKTOP-LL832F4:38351/
[rospy.registration][INFO] 2024-03-05 11:49:44,931: Registering with master node http://localhost:11311
[xmlrpc][INFO] 2024-03-05 11:49:44,931: xml rpc node: starting XML-RPC server
[rospy.init][INFO] 2024-03-05 11:49:45,030: registered with master
[rospy.rosout][INFO] 2024-03-05 11:49:45,030: initializing /rosout core topic
[rospy.rosout][INFO] 2024-03-05 11:49:45,032: connected to core topic /rosout
[rospy.simtime][INFO] 2024-03-05 11:49:45,033: /use_sim_time is not set, will not subscribe to simulated time [/clock] topic
[rospy.internal][INFO] 2024-03-05 11:49:45,287: topic[/rosout] adding connection to [/rosout], count 0
[rosout][INFO] 2024-03-05 11:49:55,042: response: 
  result: True
[rosout][INFO] 2024-03-05 11:50:05,049: response: 
  result: True
[rosout][INFO] 2024-03-05 11:50:15,062: response: 
  result: True
[rosout][INFO] 2024-03-05 11:50:25,070: response: 
  result: True
[rosout][INFO] 2024-03-05 11:50:35,077: response: 
  result: True
[rosout][INFO] 2024-03-05 11:50:45,088: response: 
  result: True
[rosout][INFO] 2024-03-05 11:50:55,098: response: 
  result: True
[rospy.core][INFO] 2024-03-05 11:51:02,203: signal_shutdown [signal-2]
[rospy.internal][INFO] 2024-03-05 11:51:02,205: topic[/rosout] removing connection to /rosout
[rospy.impl.masterslave][INFO] 2024-03-05 11:51:02,206: signal-2
[rospy.core][INFO] 2024-03-05 11:51:02,338: signal_shutdown [atexit]
