[rospy.client][INFO] 2024-03-05 11:45:27,426: init_node, name[/MoraiSL_client_5129_1709606727398], pid[5129]
[xmlrpc][INFO] 2024-03-05 11:45:27,426: XML-RPC server binding to 0.0.0.0:0
[xmlrpc][INFO] 2024-03-05 11:45:27,427: Started XML-RPC server [http://DESKTOP-LL832F4:42699/]
[rospy.init][INFO] 2024-03-05 11:45:27,427: ROS Slave URI: [http://DESKTOP-LL832F4:42699/]
[rospy.impl.masterslave][INFO] 2024-03-05 11:45:27,427: _ready: http://DESKTOP-LL832F4:42699/
[xmlrpc][INFO] 2024-03-05 11:45:27,428: xml rpc node: starting XML-RPC server
[rospy.registration][INFO] 2024-03-05 11:45:27,429: Registering with master node http://localhost:11311
[rospy.init][INFO] 2024-03-05 11:45:27,528: registered with master
[rospy.rosout][INFO] 2024-03-05 11:45:27,528: initializing /rosout core topic
[rospy.rosout][INFO] 2024-03-05 11:45:27,531: connected to core topic /rosout
[rospy.simtime][INFO] 2024-03-05 11:45:27,531: /use_sim_time is not set, will not subscribe to simulated time [/clock] topic
[rosout][INFO] 2024-03-05 11:45:27,554: response: 
  result: True
[rospy.internal][INFO] 2024-03-05 11:45:27,788: topic[/rosout] adding connection to [/rosout], count 0
[rosout][INFO] 2024-03-05 11:45:28,556: response: 
  result: True
[rosout][INFO] 2024-03-05 11:45:29,545: response: 
  result: True
[rosout][INFO] 2024-03-05 11:45:30,549: response: 
  result: True
[rosout][INFO] 2024-03-05 11:45:31,550: response: 
  result: True
[rosout][INFO] 2024-03-05 11:45:32,551: response: 
  result: True
[rosout][INFO] 2024-03-05 11:45:33,554: response: 
  result: True
[rosout][INFO] 2024-03-05 11:45:34,551: response: 
  result: True
[rosout][INFO] 2024-03-05 11:45:35,548: response: 
  result: True
[rosout][INFO] 2024-03-05 11:45:36,554: response: 
  result: True
[rosout][INFO] 2024-03-05 11:45:37,551: response: 
  result: True
[rosout][INFO] 2024-03-05 11:45:38,565: response: 
  result: True
[rosout][INFO] 2024-03-05 11:45:39,553: response: 
  result: True
[rosout][INFO] 2024-03-05 11:45:40,541: response: 
  result: True
[rosout][INFO] 2024-03-05 11:45:41,541: response: 
  result: True
[rosout][INFO] 2024-03-05 11:45:42,559: response: 
  result: True
[rosout][INFO] 2024-03-05 11:45:43,557: response: 
  result: True
[rosout][INFO] 2024-03-05 11:45:44,547: response: 
  result: True
[rosout][INFO] 2024-03-05 11:45:45,554: response: 
  result: True
[rosout][INFO] 2024-03-05 11:45:46,553: response: 
  result: True
[rosout][INFO] 2024-03-05 11:45:47,558: response: 
  result: True
[rosout][INFO] 2024-03-05 11:45:48,542: response: 
  result: True
[rosout][INFO] 2024-03-05 11:45:49,551: response: 
  result: True
[rosout][INFO] 2024-03-05 11:45:50,555: response: 
  result: True
[rosout][INFO] 2024-03-05 11:45:51,547: response: 
  result: True
[rosout][INFO] 2024-03-05 11:45:52,552: response: 
  result: True
[rosout][INFO] 2024-03-05 11:45:53,556: response: 
  result: True
[rosout][INFO] 2024-03-05 11:45:54,543: response: 
  result: True
[rosout][INFO] 2024-03-05 11:45:55,548: response: 
  result: True
[rosout][INFO] 2024-03-05 11:45:56,549: response: 
  result: True
[rospy.core][INFO] 2024-03-05 11:45:57,274: signal_shutdown [signal-2]
[rospy.internal][INFO] 2024-03-05 11:45:57,276: topic[/rosout] removing connection to /rosout
[rospy.impl.masterslave][INFO] 2024-03-05 11:45:57,276: signal-2
[rospy.core][INFO] 2024-03-05 11:45:57,408: signal_shutdown [atexit]
