[rospy.client][INFO] 2024-03-06 16:35:17,467: init_node, name[/ros_listener_4594_1709710517450], pid[4594]
[xmlrpc][INFO] 2024-03-06 16:35:17,467: XML-RPC server binding to 0.0.0.0:0
[xmlrpc][INFO] 2024-03-06 16:35:17,467: Started XML-RPC server [http://DESKTOP-LL7FDJ6:36109/]
[rospy.impl.masterslave][INFO] 2024-03-06 16:35:17,467: _ready: http://DESKTOP-LL7FDJ6:36109/
[rospy.init][INFO] 2024-03-06 16:35:17,468: ROS Slave URI: [http://DESKTOP-LL7FDJ6:36109/]
[xmlrpc][INFO] 2024-03-06 16:35:17,468: xml rpc node: starting XML-RPC server
[rospy.registration][INFO] 2024-03-06 16:35:17,469: Registering with master node http://localhost:11311
[rospy.init][INFO] 2024-03-06 16:35:17,569: registered with master
[rospy.rosout][INFO] 2024-03-06 16:35:17,569: initializing /rosout core topic
[rospy.rosout][INFO] 2024-03-06 16:35:17,572: connected to core topic /rosout
[rospy.simtime][INFO] 2024-03-06 16:35:17,573: /use_sim_time is not set, will not subscribe to simulated time [/clock] topic
[rospy.internal][INFO] 2024-03-06 16:35:17,585: topic[/ssafy] adding connection to [http://DESKTOP-LL7FDJ6:35881/], count 0
[rospy.internal][INFO] 2024-03-06 16:35:17,823: topic[/rosout] adding connection to [/rosout], count 0
[rosout][INFO] 2024-03-06 16:35:17,933: hello ssafy 15
[rosout][INFO] 2024-03-06 16:35:18,933: hello ssafy 16
[rosout][INFO] 2024-03-06 16:35:19,933: hello ssafy 17
[rosout][INFO] 2024-03-06 16:35:20,939: hello ssafy 18
[rosout][INFO] 2024-03-06 16:35:21,933: hello ssafy 19
[rosout][INFO] 2024-03-06 16:35:22,933: hello ssafy 20
[rosout][INFO] 2024-03-06 16:35:23,933: hello ssafy 21
[rosout][INFO] 2024-03-06 16:35:24,933: hello ssafy 22
[rosout][INFO] 2024-03-06 16:35:25,939: hello ssafy 23
[rosout][INFO] 2024-03-06 16:35:26,933: hello ssafy 24
[rosout][INFO] 2024-03-06 16:35:27,933: hello ssafy 25
[rosout][INFO] 2024-03-06 16:35:28,933: hello ssafy 26
[rosout][INFO] 2024-03-06 16:35:29,933: hello ssafy 27
[rosout][INFO] 2024-03-06 16:35:30,933: hello ssafy 28
[rosout][INFO] 2024-03-06 16:35:31,933: hello ssafy 29
[rosout][INFO] 2024-03-06 16:35:32,933: hello ssafy 30
[rosout][INFO] 2024-03-06 16:35:33,933: hello ssafy 31
[rosout][INFO] 2024-03-06 16:35:34,932: hello ssafy 32
[rosout][INFO] 2024-03-06 16:35:35,933: hello ssafy 33
[rosout][INFO] 2024-03-06 16:35:36,933: hello ssafy 34
[rosout][INFO] 2024-03-06 16:35:37,933: hello ssafy 35
[rosout][INFO] 2024-03-06 16:35:38,933: hello ssafy 36
[rosout][INFO] 2024-03-06 16:35:39,933: hello ssafy 37
[rosout][INFO] 2024-03-06 16:35:40,933: hello ssafy 38
[rosout][INFO] 2024-03-06 16:35:41,934: hello ssafy 39
[rosout][INFO] 2024-03-06 16:35:42,933: hello ssafy 40
[rosout][INFO] 2024-03-06 16:35:43,933: hello ssafy 41
[rosout][INFO] 2024-03-06 16:35:44,933: hello ssafy 42
[rosout][INFO] 2024-03-06 16:35:45,940: hello ssafy 43
[rosout][INFO] 2024-03-06 16:35:46,933: hello ssafy 44
[rosout][INFO] 2024-03-06 16:35:47,933: hello ssafy 45
[rosout][INFO] 2024-03-06 16:35:48,933: hello ssafy 46
[rosout][INFO] 2024-03-06 16:35:49,933: hello ssafy 47
[rosout][INFO] 2024-03-06 16:35:50,933: hello ssafy 48
[rosout][INFO] 2024-03-06 16:35:51,933: hello ssafy 49
[rosout][INFO] 2024-03-06 16:35:52,933: hello ssafy 50
[rosout][INFO] 2024-03-06 16:35:53,933: hello ssafy 51
[rosout][INFO] 2024-03-06 16:35:54,933: hello ssafy 52
[rosout][INFO] 2024-03-06 16:35:55,940: hello ssafy 53
[rosout][INFO] 2024-03-06 16:35:56,933: hello ssafy 54
[rosout][INFO] 2024-03-06 16:35:57,933: hello ssafy 55
[rosout][INFO] 2024-03-06 16:35:58,933: hello ssafy 56
[rosout][INFO] 2024-03-06 16:35:59,933: hello ssafy 57
[rosout][INFO] 2024-03-06 16:36:00,933: hello ssafy 58
[rosout][INFO] 2024-03-06 16:36:01,933: hello ssafy 59
[rosout][INFO] 2024-03-06 16:36:02,934: hello ssafy 60
[rosout][INFO] 2024-03-06 16:36:03,933: hello ssafy 61
[rosout][INFO] 2024-03-06 16:36:04,933: hello ssafy 62
[rosout][INFO] 2024-03-06 16:36:05,940: hello ssafy 63
[rosout][INFO] 2024-03-06 16:36:06,933: hello ssafy 64
[rosout][INFO] 2024-03-06 16:36:07,933: hello ssafy 65
[rosout][INFO] 2024-03-06 16:36:08,933: hello ssafy 66
[rosout][INFO] 2024-03-06 16:36:09,933: hello ssafy 67
[rosout][INFO] 2024-03-06 16:36:10,934: hello ssafy 68
[rosout][INFO] 2024-03-06 16:36:11,933: hello ssafy 69
[rosout][INFO] 2024-03-06 16:36:12,933: hello ssafy 70
[rosout][INFO] 2024-03-06 16:36:13,934: hello ssafy 71
[rosout][INFO] 2024-03-06 16:36:14,934: hello ssafy 72
[rosout][INFO] 2024-03-06 16:36:15,940: hello ssafy 73
[rosout][INFO] 2024-03-06 16:36:16,933: hello ssafy 74
[rosout][INFO] 2024-03-06 16:36:17,933: hello ssafy 75
[rosout][INFO] 2024-03-06 16:36:18,933: hello ssafy 76
[rosout][INFO] 2024-03-06 16:36:19,933: hello ssafy 77
[rosout][INFO] 2024-03-06 16:36:20,934: hello ssafy 78
[rosout][INFO] 2024-03-06 16:36:21,933: hello ssafy 79
[rosout][INFO] 2024-03-06 16:36:22,933: hello ssafy 80
[rosout][INFO] 2024-03-06 16:36:23,933: hello ssafy 81
[rosout][INFO] 2024-03-06 16:36:24,933: hello ssafy 82
[rosout][INFO] 2024-03-06 16:36:25,940: hello ssafy 83
[rosout][INFO] 2024-03-06 16:36:26,933: hello ssafy 84
[rosout][INFO] 2024-03-06 16:36:27,933: hello ssafy 85
[rosout][INFO] 2024-03-06 16:36:28,933: hello ssafy 86
[rosout][INFO] 2024-03-06 16:36:29,933: hello ssafy 87
[rosout][INFO] 2024-03-06 16:36:30,933: hello ssafy 88
[rosout][INFO] 2024-03-06 16:36:31,933: hello ssafy 89
[rosout][INFO] 2024-03-06 16:36:32,940: hello ssafy 90
[rosout][INFO] 2024-03-06 16:36:33,933: hello ssafy 91
[rosout][INFO] 2024-03-06 16:36:34,933: hello ssafy 92
[rosout][INFO] 2024-03-06 16:36:35,933: hello ssafy 93
[rosout][INFO] 2024-03-06 16:36:36,933: hello ssafy 94
[rosout][INFO] 2024-03-06 16:36:37,934: hello ssafy 95
[rosout][INFO] 2024-03-06 16:36:38,933: hello ssafy 96
[rosout][INFO] 2024-03-06 16:36:39,933: hello ssafy 97
[rosout][INFO] 2024-03-06 16:36:40,933: hello ssafy 98
[rosout][INFO] 2024-03-06 16:36:41,933: hello ssafy 99
[rosout][INFO] 2024-03-06 16:36:42,940: hello ssafy 100
[rosout][INFO] 2024-03-06 16:36:43,933: hello ssafy 101
[rosout][INFO] 2024-03-06 16:36:44,933: hello ssafy 102
[rosout][INFO] 2024-03-06 16:36:45,933: hello ssafy 103
[rosout][INFO] 2024-03-06 16:36:46,934: hello ssafy 104
[rosout][INFO] 2024-03-06 16:36:47,940: hello ssafy 105
[rosout][INFO] 2024-03-06 16:36:48,933: hello ssafy 106
[rosout][INFO] 2024-03-06 16:36:49,933: hello ssafy 107
[rosout][INFO] 2024-03-06 16:36:50,933: hello ssafy 108
[rosout][INFO] 2024-03-06 16:36:51,933: hello ssafy 109
[rosout][INFO] 2024-03-06 16:36:52,933: hello ssafy 110
[rosout][INFO] 2024-03-06 16:36:53,933: hello ssafy 111
[rosout][INFO] 2024-03-06 16:36:54,933: hello ssafy 112
[rosout][INFO] 2024-03-06 16:36:55,933: hello ssafy 113
[rosout][INFO] 2024-03-06 16:36:56,933: hello ssafy 114
[rosout][INFO] 2024-03-06 16:36:57,940: hello ssafy 115
[rosout][INFO] 2024-03-06 16:36:58,933: hello ssafy 116
[rosout][INFO] 2024-03-06 16:36:59,933: hello ssafy 117
[rosout][INFO] 2024-03-06 16:37:00,933: hello ssafy 118
[rosout][INFO] 2024-03-06 16:37:01,933: hello ssafy 119
[rosout][INFO] 2024-03-06 16:37:02,940: hello ssafy 120
[rosout][INFO] 2024-03-06 16:37:03,933: hello ssafy 121
[rosout][INFO] 2024-03-06 16:37:04,933: hello ssafy 122
[rosout][INFO] 2024-03-06 16:37:05,933: hello ssafy 123
[rosout][INFO] 2024-03-06 16:37:06,933: hello ssafy 124
[rosout][INFO] 2024-03-06 16:37:07,939: hello ssafy 125
[rosout][INFO] 2024-03-06 16:37:08,933: hello ssafy 126
[rosout][INFO] 2024-03-06 16:37:09,933: hello ssafy 127
[rosout][INFO] 2024-03-06 16:37:10,933: hello ssafy 128
[rosout][INFO] 2024-03-06 16:37:11,933: hello ssafy 129
[rosout][INFO] 2024-03-06 16:37:12,940: hello ssafy 130
[rosout][INFO] 2024-03-06 16:37:13,933: hello ssafy 131
[rosout][INFO] 2024-03-06 16:37:14,934: hello ssafy 132
[rosout][INFO] 2024-03-06 16:37:15,933: hello ssafy 133
[rosout][INFO] 2024-03-06 16:37:16,933: hello ssafy 134
[rosout][INFO] 2024-03-06 16:37:17,940: hello ssafy 135
[rosout][INFO] 2024-03-06 16:37:18,933: hello ssafy 136
[rosout][INFO] 2024-03-06 16:37:19,933: hello ssafy 137
[rosout][INFO] 2024-03-06 16:37:20,933: hello ssafy 138
[rosout][INFO] 2024-03-06 16:37:21,933: hello ssafy 139
[rosout][INFO] 2024-03-06 16:37:22,934: hello ssafy 140
[rosout][INFO] 2024-03-06 16:37:23,933: hello ssafy 141
[rosout][INFO] 2024-03-06 16:37:24,933: hello ssafy 142
[rosout][INFO] 2024-03-06 16:37:25,933: hello ssafy 143
[rosout][INFO] 2024-03-06 16:37:26,933: hello ssafy 144
[rosout][INFO] 2024-03-06 16:37:27,940: hello ssafy 145
[rosout][INFO] 2024-03-06 16:37:28,933: hello ssafy 146
[rosout][INFO] 2024-03-06 16:37:29,933: hello ssafy 147
[rosout][INFO] 2024-03-06 16:37:30,934: hello ssafy 148
[rosout][INFO] 2024-03-06 16:37:31,933: hello ssafy 149
[rosout][INFO] 2024-03-06 16:37:32,940: hello ssafy 150
[rosout][INFO] 2024-03-06 16:37:33,933: hello ssafy 151
[rosout][INFO] 2024-03-06 16:37:34,933: hello ssafy 152
[rosout][INFO] 2024-03-06 16:37:35,933: hello ssafy 153
[rosout][INFO] 2024-03-06 16:37:36,933: hello ssafy 154
[rosout][INFO] 2024-03-06 16:37:37,940: hello ssafy 155
[rosout][INFO] 2024-03-06 16:37:38,933: hello ssafy 156
[rosout][INFO] 2024-03-06 16:37:39,933: hello ssafy 157
[rosout][INFO] 2024-03-06 16:37:40,933: hello ssafy 158
[rosout][INFO] 2024-03-06 16:37:41,933: hello ssafy 159
[rosout][INFO] 2024-03-06 16:37:42,940: hello ssafy 160
[rosout][INFO] 2024-03-06 16:37:43,934: hello ssafy 161
[rosout][INFO] 2024-03-06 16:37:44,933: hello ssafy 162
[rosout][INFO] 2024-03-06 16:37:45,933: hello ssafy 163
[rosout][INFO] 2024-03-06 16:37:46,934: hello ssafy 164
[rosout][INFO] 2024-03-06 16:37:47,939: hello ssafy 165
[rosout][INFO] 2024-03-06 16:37:48,933: hello ssafy 166
[rosout][INFO] 2024-03-06 16:37:49,933: hello ssafy 167
[rosout][INFO] 2024-03-06 16:37:50,933: hello ssafy 168
[rosout][INFO] 2024-03-06 16:37:51,933: hello ssafy 169
[rosout][INFO] 2024-03-06 16:37:52,940: hello ssafy 170
[rosout][INFO] 2024-03-06 16:37:53,933: hello ssafy 171
[rosout][INFO] 2024-03-06 16:37:54,933: hello ssafy 172
[rosout][INFO] 2024-03-06 16:37:55,933: hello ssafy 173
[rosout][INFO] 2024-03-06 16:37:56,934: hello ssafy 174
[rosout][INFO] 2024-03-06 16:37:57,940: hello ssafy 175
[rosout][INFO] 2024-03-06 16:37:58,934: hello ssafy 176
[rosout][INFO] 2024-03-06 16:37:59,933: hello ssafy 177
[rosout][INFO] 2024-03-06 16:38:00,933: hello ssafy 178
[rosout][INFO] 2024-03-06 16:38:01,934: hello ssafy 179
[rosout][INFO] 2024-03-06 16:38:02,940: hello ssafy 180
[rosout][INFO] 2024-03-06 16:38:03,933: hello ssafy 181
[rosout][INFO] 2024-03-06 16:38:04,933: hello ssafy 182
[rosout][INFO] 2024-03-06 16:38:05,933: hello ssafy 183
[rosout][INFO] 2024-03-06 16:38:06,933: hello ssafy 184
[rosout][INFO] 2024-03-06 16:38:07,940: hello ssafy 185
[rosout][INFO] 2024-03-06 16:38:08,933: hello ssafy 186
[rosout][INFO] 2024-03-06 16:38:09,933: hello ssafy 187
[rosout][INFO] 2024-03-06 16:38:10,933: hello ssafy 188
[rosout][INFO] 2024-03-06 16:38:11,933: hello ssafy 189
[rosout][INFO] 2024-03-06 16:38:12,940: hello ssafy 190
[rosout][INFO] 2024-03-06 16:38:13,933: hello ssafy 191
[rosout][INFO] 2024-03-06 16:38:14,933: hello ssafy 192
[rosout][INFO] 2024-03-06 16:38:15,933: hello ssafy 193
[rosout][INFO] 2024-03-06 16:38:16,933: hello ssafy 194
[rosout][INFO] 2024-03-06 16:38:17,940: hello ssafy 195
[rosout][INFO] 2024-03-06 16:38:18,933: hello ssafy 196
[rosout][INFO] 2024-03-06 16:38:19,933: hello ssafy 197
[rosout][INFO] 2024-03-06 16:38:20,933: hello ssafy 198
[rosout][INFO] 2024-03-06 16:38:21,933: hello ssafy 199
[rosout][INFO] 2024-03-06 16:38:22,939: hello ssafy 200
[rosout][INFO] 2024-03-06 16:38:23,933: hello ssafy 201
[rosout][INFO] 2024-03-06 16:38:24,933: hello ssafy 202
[rosout][INFO] 2024-03-06 16:38:25,933: hello ssafy 203
[rosout][INFO] 2024-03-06 16:38:26,933: hello ssafy 204
[rosout][INFO] 2024-03-06 16:38:27,940: hello ssafy 205
[rosout][INFO] 2024-03-06 16:38:28,932: hello ssafy 206
[rosout][INFO] 2024-03-06 16:38:29,933: hello ssafy 207
[rosout][INFO] 2024-03-06 16:38:30,932: hello ssafy 208
[rosout][INFO] 2024-03-06 16:38:31,933: hello ssafy 209
[rosout][INFO] 2024-03-06 16:38:32,939: hello ssafy 210
[rosout][INFO] 2024-03-06 16:38:33,932: hello ssafy 211
[rosout][INFO] 2024-03-06 16:38:34,933: hello ssafy 212
[rosout][INFO] 2024-03-06 16:38:35,933: hello ssafy 213
[rosout][INFO] 2024-03-06 16:38:36,933: hello ssafy 214
[rosout][INFO] 2024-03-06 16:38:37,940: hello ssafy 215
[rosout][INFO] 2024-03-06 16:38:38,932: hello ssafy 216
[rosout][INFO] 2024-03-06 16:38:39,933: hello ssafy 217
[rosout][INFO] 2024-03-06 16:38:40,933: hello ssafy 218
[rosout][INFO] 2024-03-06 16:38:41,933: hello ssafy 219
[rosout][INFO] 2024-03-06 16:38:42,940: hello ssafy 220
[rosout][INFO] 2024-03-06 16:38:43,933: hello ssafy 221
[rosout][INFO] 2024-03-06 16:38:44,933: hello ssafy 222
[rosout][INFO] 2024-03-06 16:38:45,933: hello ssafy 223
[rosout][INFO] 2024-03-06 16:38:46,934: hello ssafy 224
[rosout][INFO] 2024-03-06 16:38:47,940: hello ssafy 225
[rosout][INFO] 2024-03-06 16:38:48,933: hello ssafy 226
[rosout][INFO] 2024-03-06 16:38:49,933: hello ssafy 227
[rosout][INFO] 2024-03-06 16:38:50,933: hello ssafy 228
[rosout][INFO] 2024-03-06 16:38:51,933: hello ssafy 229
[rosout][INFO] 2024-03-06 16:38:52,933: hello ssafy 230
[rosout][INFO] 2024-03-06 16:38:53,933: hello ssafy 231
[rosout][INFO] 2024-03-06 16:38:54,934: hello ssafy 232
[rosout][INFO] 2024-03-06 16:38:55,933: hello ssafy 233
[rosout][INFO] 2024-03-06 16:38:56,933: hello ssafy 234
[rosout][INFO] 2024-03-06 16:38:57,940: hello ssafy 235
[rosout][INFO] 2024-03-06 16:38:58,933: hello ssafy 236
[rosout][INFO] 2024-03-06 16:38:59,933: hello ssafy 237
[rosout][INFO] 2024-03-06 16:39:00,934: hello ssafy 238
[rosout][INFO] 2024-03-06 16:39:01,933: hello ssafy 239
[rosout][INFO] 2024-03-06 16:39:02,940: hello ssafy 240
[rosout][INFO] 2024-03-06 16:39:03,933: hello ssafy 241
[rosout][INFO] 2024-03-06 16:39:04,933: hello ssafy 242
[rosout][INFO] 2024-03-06 16:39:05,933: hello ssafy 243
[rosout][INFO] 2024-03-06 16:39:06,933: hello ssafy 244
[rosout][INFO] 2024-03-06 16:39:07,940: hello ssafy 245
[rosout][INFO] 2024-03-06 16:39:08,933: hello ssafy 246
[rosout][INFO] 2024-03-06 16:39:09,933: hello ssafy 247
[rosout][INFO] 2024-03-06 16:39:10,933: hello ssafy 248
[rosout][INFO] 2024-03-06 16:39:11,933: hello ssafy 249
[rosout][INFO] 2024-03-06 16:39:12,940: hello ssafy 250
[rosout][INFO] 2024-03-06 16:39:13,933: hello ssafy 251
[rosout][INFO] 2024-03-06 16:39:14,933: hello ssafy 252
[rosout][INFO] 2024-03-06 16:39:15,933: hello ssafy 253
[rosout][INFO] 2024-03-06 16:39:16,933: hello ssafy 254
[rosout][INFO] 2024-03-06 16:39:17,940: hello ssafy 255
[rosout][INFO] 2024-03-06 16:39:18,933: hello ssafy 256
[rosout][INFO] 2024-03-06 16:39:19,933: hello ssafy 257
[rosout][INFO] 2024-03-06 16:39:20,933: hello ssafy 258
[rosout][INFO] 2024-03-06 16:39:21,933: hello ssafy 259
[rosout][INFO] 2024-03-06 16:39:22,932: hello ssafy 260
[rosout][INFO] 2024-03-06 16:39:23,933: hello ssafy 261
[rosout][INFO] 2024-03-06 16:39:24,934: hello ssafy 262
[rosout][INFO] 2024-03-06 16:39:25,933: hello ssafy 263
[rosout][INFO] 2024-03-06 16:39:26,934: hello ssafy 264
[rosout][INFO] 2024-03-06 16:39:27,940: hello ssafy 265
[rosout][INFO] 2024-03-06 16:39:28,933: hello ssafy 266
[rosout][INFO] 2024-03-06 16:39:29,933: hello ssafy 267
[rosout][INFO] 2024-03-06 16:39:30,933: hello ssafy 268
[rosout][INFO] 2024-03-06 16:39:31,933: hello ssafy 269
[rosout][INFO] 2024-03-06 16:39:32,940: hello ssafy 270
[rosout][INFO] 2024-03-06 16:39:33,933: hello ssafy 271
[rosout][INFO] 2024-03-06 16:39:34,933: hello ssafy 272
[rosout][INFO] 2024-03-06 16:39:35,933: hello ssafy 273
[rosout][INFO] 2024-03-06 16:39:36,934: hello ssafy 274
[rosout][INFO] 2024-03-06 16:39:37,940: hello ssafy 275
[rosout][INFO] 2024-03-06 16:39:38,934: hello ssafy 276
[rosout][INFO] 2024-03-06 16:39:39,933: hello ssafy 277
[rosout][INFO] 2024-03-06 16:39:40,933: hello ssafy 278
[rosout][INFO] 2024-03-06 16:39:41,933: hello ssafy 279
[rosout][INFO] 2024-03-06 16:39:42,940: hello ssafy 280
[rosout][INFO] 2024-03-06 16:39:43,933: hello ssafy 281
[rosout][INFO] 2024-03-06 16:39:44,934: hello ssafy 282
[rosout][INFO] 2024-03-06 16:39:45,933: hello ssafy 283
[rosout][INFO] 2024-03-06 16:39:46,934: hello ssafy 284
[rosout][INFO] 2024-03-06 16:39:47,940: hello ssafy 285
[rosout][INFO] 2024-03-06 16:39:48,933: hello ssafy 286
[rosout][INFO] 2024-03-06 16:39:49,932: hello ssafy 287
[rosout][INFO] 2024-03-06 16:39:50,933: hello ssafy 288
[rosout][INFO] 2024-03-06 16:39:51,933: hello ssafy 289
[rosout][INFO] 2024-03-06 16:39:52,933: hello ssafy 290
[rosout][INFO] 2024-03-06 16:39:53,933: hello ssafy 291
[rosout][INFO] 2024-03-06 16:39:54,933: hello ssafy 292
[rosout][INFO] 2024-03-06 16:39:55,933: hello ssafy 293
[rosout][INFO] 2024-03-06 16:39:56,932: hello ssafy 294
[rosout][INFO] 2024-03-06 16:39:57,940: hello ssafy 295
[rosout][INFO] 2024-03-06 16:39:58,933: hello ssafy 296
[rosout][INFO] 2024-03-06 16:39:59,933: hello ssafy 297
[rosout][INFO] 2024-03-06 16:40:00,933: hello ssafy 298
[rosout][INFO] 2024-03-06 16:40:01,933: hello ssafy 299
[rosout][INFO] 2024-03-06 16:40:02,940: hello ssafy 300
[rosout][INFO] 2024-03-06 16:40:03,933: hello ssafy 301
[rosout][INFO] 2024-03-06 16:40:04,933: hello ssafy 302
[rosout][INFO] 2024-03-06 16:40:05,933: hello ssafy 303
[rosout][INFO] 2024-03-06 16:40:06,933: hello ssafy 304
[rosout][INFO] 2024-03-06 16:40:07,933: hello ssafy 305
[rosout][INFO] 2024-03-06 16:40:08,933: hello ssafy 306
[rosout][INFO] 2024-03-06 16:40:09,933: hello ssafy 307
[rosout][INFO] 2024-03-06 16:40:10,933: hello ssafy 308
[rosout][INFO] 2024-03-06 16:40:11,933: hello ssafy 309
[rosout][INFO] 2024-03-06 16:40:12,939: hello ssafy 310
[rosout][INFO] 2024-03-06 16:40:13,933: hello ssafy 311
[rosout][INFO] 2024-03-06 16:40:14,932: hello ssafy 312
[rosout][INFO] 2024-03-06 16:40:15,933: hello ssafy 313
[rosout][INFO] 2024-03-06 16:40:16,933: hello ssafy 314
[rosout][INFO] 2024-03-06 16:40:17,939: hello ssafy 315
[rosout][INFO] 2024-03-06 16:40:18,932: hello ssafy 316
[rosout][INFO] 2024-03-06 16:40:19,933: hello ssafy 317
[rosout][INFO] 2024-03-06 16:40:20,933: hello ssafy 318
[rosout][INFO] 2024-03-06 16:40:21,933: hello ssafy 319
[rosout][INFO] 2024-03-06 16:40:22,939: hello ssafy 320
[rosout][INFO] 2024-03-06 16:40:23,933: hello ssafy 321
[rosout][INFO] 2024-03-06 16:40:24,934: hello ssafy 322
[rosout][INFO] 2024-03-06 16:40:25,933: hello ssafy 323
[rosout][INFO] 2024-03-06 16:40:26,933: hello ssafy 324
[rosout][INFO] 2024-03-06 16:40:27,940: hello ssafy 325
[rosout][INFO] 2024-03-06 16:40:28,933: hello ssafy 326
[rosout][INFO] 2024-03-06 16:40:29,933: hello ssafy 327
[rosout][INFO] 2024-03-06 16:40:30,934: hello ssafy 328
[rosout][INFO] 2024-03-06 16:40:31,933: hello ssafy 329
[rosout][INFO] 2024-03-06 16:40:32,940: hello ssafy 330
[rosout][INFO] 2024-03-06 16:40:33,933: hello ssafy 331
[rosout][INFO] 2024-03-06 16:40:34,933: hello ssafy 332
[rosout][INFO] 2024-03-06 16:40:35,933: hello ssafy 333
[rosout][INFO] 2024-03-06 16:40:36,933: hello ssafy 334
[rosout][INFO] 2024-03-06 16:40:37,934: hello ssafy 335
[rosout][INFO] 2024-03-06 16:40:38,934: hello ssafy 336
[rosout][INFO] 2024-03-06 16:40:39,934: hello ssafy 337
[rosout][INFO] 2024-03-06 16:40:40,934: hello ssafy 338
[rosout][INFO] 2024-03-06 16:40:41,933: hello ssafy 339
[rosout][INFO] 2024-03-06 16:40:42,940: hello ssafy 340
[rosout][INFO] 2024-03-06 16:40:43,933: hello ssafy 341
[rosout][INFO] 2024-03-06 16:40:44,933: hello ssafy 342
[rosout][INFO] 2024-03-06 16:40:45,933: hello ssafy 343
[rosout][INFO] 2024-03-06 16:40:46,934: hello ssafy 344
[rosout][INFO] 2024-03-06 16:40:47,940: hello ssafy 345
[rosout][INFO] 2024-03-06 16:40:48,933: hello ssafy 346
[rosout][INFO] 2024-03-06 16:40:49,933: hello ssafy 347
[rosout][INFO] 2024-03-06 16:40:50,933: hello ssafy 348
[rosout][INFO] 2024-03-06 16:40:51,933: hello ssafy 349
[rosout][INFO] 2024-03-06 16:40:52,940: hello ssafy 350
[rosout][INFO] 2024-03-06 16:40:53,933: hello ssafy 351
[rosout][INFO] 2024-03-06 16:40:54,933: hello ssafy 352
[rosout][INFO] 2024-03-06 16:40:55,933: hello ssafy 353
[rosout][INFO] 2024-03-06 16:40:56,933: hello ssafy 354
[rosout][INFO] 2024-03-06 16:40:57,940: hello ssafy 355
[rosout][INFO] 2024-03-06 16:40:58,933: hello ssafy 356
[rosout][INFO] 2024-03-06 16:40:59,933: hello ssafy 357
[rosout][INFO] 2024-03-06 16:41:00,933: hello ssafy 358
[rosout][INFO] 2024-03-06 16:41:01,933: hello ssafy 359
[rosout][INFO] 2024-03-06 16:41:02,940: hello ssafy 360
[rosout][INFO] 2024-03-06 16:41:03,934: hello ssafy 361
[rosout][INFO] 2024-03-06 16:41:04,933: hello ssafy 362
[rosout][INFO] 2024-03-06 16:41:05,933: hello ssafy 363
[rosout][INFO] 2024-03-06 16:41:06,933: hello ssafy 364
[rosout][INFO] 2024-03-06 16:41:07,933: hello ssafy 365
[rosout][INFO] 2024-03-06 16:41:08,934: hello ssafy 366
[rosout][INFO] 2024-03-06 16:41:09,933: hello ssafy 367
[rosout][INFO] 2024-03-06 16:41:10,933: hello ssafy 368
[rosout][INFO] 2024-03-06 16:41:11,934: hello ssafy 369
[rosout][INFO] 2024-03-06 16:41:12,940: hello ssafy 370
[rosout][INFO] 2024-03-06 16:41:13,934: hello ssafy 371
[rosout][INFO] 2024-03-06 16:41:14,933: hello ssafy 372
[rosout][INFO] 2024-03-06 16:41:15,933: hello ssafy 373
[rosout][INFO] 2024-03-06 16:41:16,933: hello ssafy 374
[rosout][INFO] 2024-03-06 16:41:17,940: hello ssafy 375
[rosout][INFO] 2024-03-06 16:41:18,933: hello ssafy 376
[rosout][INFO] 2024-03-06 16:41:19,933: hello ssafy 377
[rosout][INFO] 2024-03-06 16:41:20,933: hello ssafy 378
[rosout][INFO] 2024-03-06 16:41:21,933: hello ssafy 379
[rosout][INFO] 2024-03-06 16:41:22,940: hello ssafy 380
[rosout][INFO] 2024-03-06 16:41:23,934: hello ssafy 381
[rosout][INFO] 2024-03-06 16:41:24,934: hello ssafy 382
[rosout][INFO] 2024-03-06 16:41:25,934: hello ssafy 383
[rosout][INFO] 2024-03-06 16:41:26,933: hello ssafy 384
[rosout][INFO] 2024-03-06 16:41:27,940: hello ssafy 385
[rosout][INFO] 2024-03-06 16:41:28,933: hello ssafy 386
[rosout][INFO] 2024-03-06 16:41:29,934: hello ssafy 387
[rosout][INFO] 2024-03-06 16:41:30,933: hello ssafy 388
[rosout][INFO] 2024-03-06 16:41:31,934: hello ssafy 389
[rosout][INFO] 2024-03-06 16:41:32,940: hello ssafy 390
[rosout][INFO] 2024-03-06 16:41:33,933: hello ssafy 391
[rosout][INFO] 2024-03-06 16:41:34,933: hello ssafy 392
[rosout][INFO] 2024-03-06 16:41:35,933: hello ssafy 393
[rosout][INFO] 2024-03-06 16:41:36,933: hello ssafy 394
[rosout][INFO] 2024-03-06 16:41:37,940: hello ssafy 395
[rosout][INFO] 2024-03-06 16:41:38,933: hello ssafy 396
[rosout][INFO] 2024-03-06 16:41:39,933: hello ssafy 397
[rosout][INFO] 2024-03-06 16:41:40,933: hello ssafy 398
[rosout][INFO] 2024-03-06 16:41:41,933: hello ssafy 399
[rosout][INFO] 2024-03-06 16:41:42,940: hello ssafy 400
[rosout][INFO] 2024-03-06 16:41:43,933: hello ssafy 401
[rosout][INFO] 2024-03-06 16:41:44,933: hello ssafy 402
[rosout][INFO] 2024-03-06 16:41:45,933: hello ssafy 403
[rosout][INFO] 2024-03-06 16:41:46,933: hello ssafy 404
[rosout][INFO] 2024-03-06 16:41:47,941: hello ssafy 405
[rosout][INFO] 2024-03-06 16:41:48,933: hello ssafy 406
[rosout][INFO] 2024-03-06 16:41:49,933: hello ssafy 407
[rosout][INFO] 2024-03-06 16:41:50,933: hello ssafy 408
[rosout][INFO] 2024-03-06 16:41:51,933: hello ssafy 409
[rosout][INFO] 2024-03-06 16:41:52,940: hello ssafy 410
[rosout][INFO] 2024-03-06 16:41:53,933: hello ssafy 411
[rosout][INFO] 2024-03-06 16:41:54,933: hello ssafy 412
[rosout][INFO] 2024-03-06 16:41:55,933: hello ssafy 413
[rosout][INFO] 2024-03-06 16:41:56,933: hello ssafy 414
[rosout][INFO] 2024-03-06 16:41:57,939: hello ssafy 415
[rosout][INFO] 2024-03-06 16:41:58,933: hello ssafy 416
[rosout][INFO] 2024-03-06 16:41:59,933: hello ssafy 417
[rosout][INFO] 2024-03-06 16:42:00,933: hello ssafy 418
[rosout][INFO] 2024-03-06 16:42:01,933: hello ssafy 419
[rosout][INFO] 2024-03-06 16:42:02,940: hello ssafy 420
[rosout][INFO] 2024-03-06 16:42:03,933: hello ssafy 421
[rosout][INFO] 2024-03-06 16:42:04,933: hello ssafy 422
[rosout][INFO] 2024-03-06 16:42:05,934: hello ssafy 423
[rosout][INFO] 2024-03-06 16:42:06,933: hello ssafy 424
[rosout][INFO] 2024-03-06 16:42:07,940: hello ssafy 425
[rosout][INFO] 2024-03-06 16:42:08,933: hello ssafy 426
[rosout][INFO] 2024-03-06 16:42:09,934: hello ssafy 427
[rosout][INFO] 2024-03-06 16:42:10,933: hello ssafy 428
[rosout][INFO] 2024-03-06 16:42:11,933: hello ssafy 429
[rosout][INFO] 2024-03-06 16:42:12,940: hello ssafy 430
[rosout][INFO] 2024-03-06 16:42:13,933: hello ssafy 431
[rosout][INFO] 2024-03-06 16:42:14,933: hello ssafy 432
[rosout][INFO] 2024-03-06 16:42:15,933: hello ssafy 433
[rosout][INFO] 2024-03-06 16:42:16,933: hello ssafy 434
[rosout][INFO] 2024-03-06 16:42:17,940: hello ssafy 435
[rosout][INFO] 2024-03-06 16:42:18,933: hello ssafy 436
[rosout][INFO] 2024-03-06 16:42:19,933: hello ssafy 437
[rosout][INFO] 2024-03-06 16:42:20,934: hello ssafy 438
[rosout][INFO] 2024-03-06 16:42:21,933: hello ssafy 439
[rosout][INFO] 2024-03-06 16:42:22,934: hello ssafy 440
[rosout][INFO] 2024-03-06 16:42:23,933: hello ssafy 441
[rosout][INFO] 2024-03-06 16:42:24,933: hello ssafy 442
[rosout][INFO] 2024-03-06 16:42:25,933: hello ssafy 443
[rosout][INFO] 2024-03-06 16:42:26,933: hello ssafy 444
[rosout][INFO] 2024-03-06 16:42:27,940: hello ssafy 445
[rosout][INFO] 2024-03-06 16:42:28,933: hello ssafy 446
[rosout][INFO] 2024-03-06 16:42:29,933: hello ssafy 447
[rosout][INFO] 2024-03-06 16:42:30,933: hello ssafy 448
[rosout][INFO] 2024-03-06 16:42:31,933: hello ssafy 449
[rosout][INFO] 2024-03-06 16:42:32,939: hello ssafy 450
[rosout][INFO] 2024-03-06 16:42:33,933: hello ssafy 451
[rosout][INFO] 2024-03-06 16:42:34,933: hello ssafy 452
[rosout][INFO] 2024-03-06 16:42:35,933: hello ssafy 453
[rosout][INFO] 2024-03-06 16:42:36,933: hello ssafy 454
[rosout][INFO] 2024-03-06 16:42:37,933: hello ssafy 455
[rospy.internal][INFO] 2024-03-06 16:42:38,783: topic[/ssafy] removing connection to http://DESKTOP-LL7FDJ6:35881/
