[rospy.client][INFO] 2024-02-29 17:39:42,663: init_node, name[/ros_client_17790_1709195982637], pid[17790]
[xmlrpc][INFO] 2024-02-29 17:39:42,664: XML-RPC server binding to 0.0.0.0:0
[xmlrpc][INFO] 2024-02-29 17:39:42,664: Started XML-RPC server [http://DESKTOP-LL832F4:43157/]
[rospy.init][INFO] 2024-02-29 17:39:42,665: ROS Slave URI: [http://DESKTOP-LL832F4:43157/]
[rospy.impl.masterslave][INFO] 2024-02-29 17:39:42,665: _ready: http://DESKTOP-LL832F4:43157/
[xmlrpc][INFO] 2024-02-29 17:39:42,666: xml rpc node: starting XML-RPC server
[rospy.registration][INFO] 2024-02-29 17:39:42,666: Registering with master node http://localhost:11311
[rospy.init][INFO] 2024-02-29 17:39:42,765: registered with master
[rospy.rosout][INFO] 2024-02-29 17:39:42,765: initializing /rosout core topic
[rospy.rosout][INFO] 2024-02-29 17:39:42,769: connected to core topic /rosout
[rospy.simtime][INFO] 2024-02-29 17:39:42,770: /use_sim_time is not set, will not subscribe to simulated time [/clock] topic
[rosout][INFO] 2024-02-29 17:39:42,780: (Result) 10 + 11 = 21
[rospy.internal][INFO] 2024-02-29 17:39:43,012: topic[/rosout] adding connection to [/rosout], count 0
[rosout][INFO] 2024-02-29 17:39:43,780: (Result) 10 + 11 = 21
[rosout][INFO] 2024-02-29 17:39:44,779: (Result) 10 + 11 = 21
[rosout][INFO] 2024-02-29 17:39:45,779: (Result) 10 + 11 = 21
[rosout][INFO] 2024-02-29 17:39:46,779: (Result) 10 + 11 = 21
[rosout][INFO] 2024-02-29 17:39:47,780: (Result) 10 + 11 = 21
[rosout][INFO] 2024-02-29 17:39:48,779: (Result) 10 + 11 = 21
[rosout][INFO] 2024-02-29 17:39:49,779: (Result) 10 + 11 = 21
[rosout][INFO] 2024-02-29 17:39:50,780: (Result) 10 + 11 = 21
[rosout][INFO] 2024-02-29 17:39:51,779: (Result) 10 + 11 = 21
[rosout][INFO] 2024-02-29 17:39:52,779: (Result) 10 + 11 = 21
[rosout][INFO] 2024-02-29 17:39:53,779: (Result) 10 + 11 = 21
[rosout][INFO] 2024-02-29 17:39:54,779: (Result) 10 + 11 = 21
[rosout][INFO] 2024-02-29 17:39:55,779: (Result) 10 + 11 = 21
[rosout][INFO] 2024-02-29 17:39:56,779: (Result) 10 + 11 = 21
[rosout][INFO] 2024-02-29 17:39:57,779: (Result) 10 + 11 = 21
[rosout][INFO] 2024-02-29 17:39:58,779: (Result) 10 + 11 = 21
[rosout][INFO] 2024-02-29 17:39:59,779: (Result) 10 + 11 = 21
[rosout][INFO] 2024-02-29 17:40:00,780: (Result) 10 + 11 = 21
[rosout][INFO] 2024-02-29 17:40:01,780: (Result) 10 + 11 = 21
[rosout][INFO] 2024-02-29 17:40:02,780: (Result) 10 + 11 = 21
[rosout][INFO] 2024-02-29 17:40:03,780: (Result) 10 + 11 = 21
[rosout][INFO] 2024-02-29 17:40:04,779: (Result) 10 + 11 = 21
[rosout][INFO] 2024-02-29 17:40:05,779: (Result) 10 + 11 = 21
[rosout][INFO] 2024-02-29 17:40:06,780: (Result) 10 + 11 = 21
[rosout][INFO] 2024-02-29 17:40:07,779: (Result) 10 + 11 = 21
[rosout][INFO] 2024-02-29 17:40:08,779: (Result) 10 + 11 = 21
[rosout][INFO] 2024-02-29 17:40:09,780: (Result) 10 + 11 = 21
[rosout][INFO] 2024-02-29 17:40:10,779: (Result) 10 + 11 = 21
[rosout][INFO] 2024-02-29 17:40:11,780: (Result) 10 + 11 = 21
[rosout][INFO] 2024-02-29 17:40:12,779: (Result) 10 + 11 = 21
[rosout][INFO] 2024-02-29 17:40:13,779: (Result) 10 + 11 = 21
[rospy.core][INFO] 2024-02-29 17:40:14,681: signal_shutdown [signal-2]
[rospy.internal][INFO] 2024-02-29 17:40:14,683: topic[/rosout] removing connection to /rosout
[rospy.impl.masterslave][INFO] 2024-02-29 17:40:14,683: signal-2
[rospy.core][INFO] 2024-02-29 17:40:15,298: signal_shutdown [atexit]
