[rospy.client][INFO] 2024-03-04 01:39:03,426: init_node, name[/rosbridge_websocket], pid[5005]
[xmlrpc][INFO] 2024-03-04 01:39:03,426: XML-RPC server binding to 0.0.0.0:0
[xmlrpc][INFO] 2024-03-04 01:39:03,427: Started XML-RPC server [http://DESKTOP-LL832F4:37753/]
[rospy.init][INFO] 2024-03-04 01:39:03,428: ROS Slave URI: [http://DESKTOP-LL832F4:37753/]
[rospy.impl.masterslave][INFO] 2024-03-04 01:39:03,428: _ready: http://DESKTOP-LL832F4:37753/
[xmlrpc][INFO] 2024-03-04 01:39:03,429: xml rpc node: starting XML-RPC server
[rospy.registration][INFO] 2024-03-04 01:39:03,430: Registering with master node http://localhost:11311
[rospy.init][INFO] 2024-03-04 01:39:03,529: registered with master
[rospy.rosout][INFO] 2024-03-04 01:39:03,529: initializing /rosout core topic
[rospy.rosout][INFO] 2024-03-04 01:39:03,532: connected to core topic /rosout
[rospy.simtime][INFO] 2024-03-04 01:39:03,532: /use_sim_time is not set, will not subscribe to simulated time [/clock] topic
[rosout][INFO] 2024-03-04 01:39:03,547: Rosbridge WebSocket server started at ws://0.0.0.0:9090
[rospy.internal][INFO] 2024-03-04 01:39:03,786: topic[/rosout] adding connection to [/rosout], count 0
[rosout][INFO] 2024-03-04 01:40:30,910: Client connected.  1 clients total.
[rosout][INFO] 2024-03-04 01:40:30,926: Client connected.  2 clients total.
[rosout][INFO] 2024-03-04 01:40:30,930: Client connected.  3 clients total.
[rosout][INFO] 2024-03-04 01:40:30,933: Client connected.  4 clients total.
[rosout][INFO] 2024-03-04 01:40:30,935: Client connected.  5 clients total.
[rosout][INFO] 2024-03-04 01:40:30,937: Client connected.  6 clients total.
[rosout][INFO] 2024-03-04 01:40:30,939: Client connected.  7 clients total.
[rosout][INFO] 2024-03-04 01:40:30,940: Client connected.  8 clients total.
[rosout][INFO] 2024-03-04 01:40:30,942: Client connected.  9 clients total.
[rosout][INFO] 2024-03-04 01:40:30,944: Client connected.  10 clients total.
[rosout][INFO] 2024-03-04 01:40:30,946: Client connected.  11 clients total.
[rosout][INFO] 2024-03-04 01:40:30,953: Client connected.  12 clients total.
[rosout][INFO] 2024-03-04 01:40:30,960: Client connected.  13 clients total.
[rosout][INFO] 2024-03-04 01:40:30,962: Client connected.  14 clients total.
[rosout][INFO] 2024-03-04 01:40:30,964: Client connected.  15 clients total.
[rosout][INFO] 2024-03-04 01:40:30,966: Client connected.  16 clients total.
[rosout][INFO] 2024-03-04 01:40:31,968: Client connected.  17 clients total.
[rosout][INFO] 2024-03-04 01:40:31,972: Client connected.  18 clients total.
[rosout][INFO] 2024-03-04 01:40:31,976: Client connected.  19 clients total.
[rosout][INFO] 2024-03-04 01:40:31,980: Client connected.  20 clients total.
[rosout][INFO] 2024-03-04 01:40:31,985: Client connected.  21 clients total.
[rosout][INFO] 2024-03-04 01:40:31,989: Client connected.  22 clients total.
[rosout][INFO] 2024-03-04 01:40:32,912: [Client 0] Subscribed to /ctrl_cmd
[rosout][INFO] 2024-03-04 01:40:32,931: [Client 19] Advertised service /SyncModeCmd.
[rosout][INFO] 2024-03-04 01:40:32,932: [Client 18] Advertised service /Service_MoraiEventCmd.
[rosout][INFO] 2024-03-04 01:40:32,935: [Client 11] Subscribed to /lamps
[rosout][INFO] 2024-03-04 01:40:32,940: [Client 21] Advertised service /SyncModeWaitForTick.
[rosout][INFO] 2024-03-04 01:40:32,942: [Client 16] Advertised service /SyncModeSetGear.
[rosout][INFO] 2024-03-04 01:40:32,944: [Client 17] Advertised service /Service_MoraiMapSpec.
[rosout][INFO] 2024-03-04 01:40:32,946: [Client 10] Subscribed to /InsnControl
[rosout][INFO] 2024-03-04 01:40:32,948: [Client 20] Advertised service /SyncModeCtrlCmd.
[rosout][INFO] 2024-03-04 01:40:32,956: [Client 13] Subscribed to /SensorPosControl
[rosout][INFO] 2024-03-04 01:40:32,961: [Client 12] Subscribed to /ScenarioLoad
[rosout][INFO] 2024-03-04 01:40:32,968: [Client 14] Subscribed to /SetTrafficLight
[rosout][INFO] 2024-03-04 01:40:32,976: [Client 15] Subscribed to /SaveSensorData
[rospy.internal][INFO] 2024-03-04 01:41:18,752: topic[/CollisionData] adding connection to [/Collision_listener_5474_1709484078606], count 0
[rospy.internal][INFO] 2024-03-04 01:42:30,490: topic[/CollisionData] removing connection to /Collision_listener_5474_1709484078606
[rospy.core][INFO] 2024-03-04 01:42:35,094: signal_shutdown [signal-2]
[rospy.internal][INFO] 2024-03-04 01:42:35,121: topic[/rosout] removing connection to /rosout
[rospy.impl.masterslave][INFO] 2024-03-04 01:42:35,122: signal-2
[rosout][INFO] 2024-03-04 01:42:35,255: Client disconnected. 21 clients total.
[rosout][INFO] 2024-03-04 01:42:35,257: Client disconnected. 20 clients total.
[rosout][INFO] 2024-03-04 01:42:35,260: Client disconnected. 19 clients total.
[rosout][INFO] 2024-03-04 01:42:35,263: Client disconnected. 18 clients total.
[rosout][INFO] 2024-03-04 01:42:35,266: Client disconnected. 17 clients total.
[rosout][INFO] 2024-03-04 01:42:35,269: Client disconnected. 16 clients total.
[rosout][INFO] 2024-03-04 01:42:35,272: Client disconnected. 15 clients total.
[rosout][INFO] 2024-03-04 01:42:35,275: Client disconnected. 14 clients total.
[rosout][INFO] 2024-03-04 01:42:35,279: Client disconnected. 13 clients total.
[rosout][INFO] 2024-03-04 01:42:35,282: Client disconnected. 12 clients total.
[rosout][INFO] 2024-03-04 01:42:35,286: Client disconnected. 11 clients total.
[rosout][INFO] 2024-03-04 01:42:35,289: Client disconnected. 10 clients total.
[rosout][INFO] 2024-03-04 01:42:35,291: Client disconnected. 9 clients total.
[rosout][INFO] 2024-03-04 01:42:35,294: Client disconnected. 8 clients total.
[rosout][INFO] 2024-03-04 01:42:35,296: Client disconnected. 7 clients total.
[rosout][INFO] 2024-03-04 01:42:35,300: Client disconnected. 6 clients total.
[rosout][INFO] 2024-03-04 01:42:35,303: Client disconnected. 5 clients total.
[rosout][INFO] 2024-03-04 01:42:35,306: Client disconnected. 4 clients total.
[rosout][INFO] 2024-03-04 01:42:35,307: Client disconnected. 3 clients total.
[rosout][INFO] 2024-03-04 01:42:35,310: Client disconnected. 2 clients total.
[rosout][INFO] 2024-03-04 01:42:35,312: Client disconnected. 1 clients total.
[rosout][INFO] 2024-03-04 01:42:35,314: Client disconnected. 0 clients total.
[rospy.core][INFO] 2024-03-04 01:42:35,317: signal_shutdown [atexit]
