[rospy.client][INFO] 2024-03-05 11:02:37,542: init_node, name[/rosbridge_websocket], pid[1955]
[xmlrpc][INFO] 2024-03-05 11:02:37,542: XML-RPC server binding to 0.0.0.0:0
[xmlrpc][INFO] 2024-03-05 11:02:37,543: Started XML-RPC server [http://DESKTOP-LL832F4:33053/]
[rospy.init][INFO] 2024-03-05 11:02:37,543: ROS Slave URI: [http://DESKTOP-LL832F4:33053/]
[rospy.impl.masterslave][INFO] 2024-03-05 11:02:37,544: _ready: http://DESKTOP-LL832F4:33053/
[xmlrpc][INFO] 2024-03-05 11:02:37,544: xml rpc node: starting XML-RPC server
[rospy.registration][INFO] 2024-03-05 11:02:37,545: Registering with master node http://localhost:11311
[rospy.init][INFO] 2024-03-05 11:02:37,644: registered with master
[rospy.rosout][INFO] 2024-03-05 11:02:37,644: initializing /rosout core topic
[rospy.rosout][INFO] 2024-03-05 11:02:37,647: connected to core topic /rosout
[rospy.simtime][INFO] 2024-03-05 11:02:37,647: /use_sim_time is not set, will not subscribe to simulated time [/clock] topic
[rosout][INFO] 2024-03-05 11:02:37,661: Rosbridge WebSocket server started at ws://0.0.0.0:9090
[rospy.internal][INFO] 2024-03-05 11:02:37,871: topic[/rosout] adding connection to [/rosout], count 0
[rosout][INFO] 2024-03-05 11:02:48,778: Client connected.  1 clients total.
[rosout][INFO] 2024-03-05 11:02:48,781: Client connected.  2 clients total.
[rosout][INFO] 2024-03-05 11:02:48,784: Client connected.  3 clients total.
[rosout][INFO] 2024-03-05 11:02:48,786: Client connected.  4 clients total.
[rosout][INFO] 2024-03-05 11:02:48,788: Client connected.  5 clients total.
[rosout][INFO] 2024-03-05 11:02:48,790: Client connected.  6 clients total.
[rosout][INFO] 2024-03-05 11:02:48,792: Client connected.  7 clients total.
[rosout][INFO] 2024-03-05 11:02:48,793: Client connected.  8 clients total.
[rosout][INFO] 2024-03-05 11:02:48,795: Client connected.  9 clients total.
[rosout][INFO] 2024-03-05 11:02:48,797: Client connected.  10 clients total.
[rosout][INFO] 2024-03-05 11:02:48,824: Client connected.  11 clients total.
[rosout][INFO] 2024-03-05 11:02:48,826: Client connected.  12 clients total.
[rosout][INFO] 2024-03-05 11:02:48,828: Client connected.  13 clients total.
[rosout][INFO] 2024-03-05 11:02:48,830: Client connected.  14 clients total.
[rosout][INFO] 2024-03-05 11:02:48,831: Client connected.  15 clients total.
[rosout][INFO] 2024-03-05 11:02:48,833: Client connected.  16 clients total.
[rosout][INFO] 2024-03-05 11:02:49,821: Client connected.  17 clients total.
[rosout][INFO] 2024-03-05 11:02:49,825: Client connected.  18 clients total.
[rosout][INFO] 2024-03-05 11:02:49,828: Client connected.  19 clients total.
[rosout][INFO] 2024-03-05 11:02:49,831: Client connected.  20 clients total.
[rosout][INFO] 2024-03-05 11:02:49,835: Client connected.  21 clients total.
[rosout][INFO] 2024-03-05 11:02:49,841: Client connected.  22 clients total.
[rosout][INFO] 2024-03-05 11:02:50,785: [Client 1] Subscribed to /ctrl_cmd
[rosout][INFO] 2024-03-05 11:02:50,786: [Client 18] Advertised service /SyncModeWaitForTick.
[rosout][INFO] 2024-03-05 11:02:50,789: [Client 21] Advertised service /SyncModeSetGear.
[rosout][INFO] 2024-03-05 11:02:50,793: [Client 19] Advertised service /SyncModeCtrlCmd.
[rosout][INFO] 2024-03-05 11:02:50,796: [Client 16] Advertised service /Service_MoraiMapSpec.
[rosout][INFO] 2024-03-05 11:02:50,799: [Client 12] Subscribed to /InsnControl
[rosout][INFO] 2024-03-05 11:02:50,801: [Client 20] Advertised service /SyncModeCmd.
[rosout][INFO] 2024-03-05 11:02:50,810: [Client 17] Advertised service /Service_MoraiEventCmd.
[rosout][INFO] 2024-03-05 11:02:50,822: [Client 10] Subscribed to /lamps
[rosout][INFO] 2024-03-05 11:02:50,839: [Client 15] Subscribed to /ScenarioLoad
[rosout][INFO] 2024-03-05 11:02:50,861: [Client 13] Subscribed to /SaveSensorData
[rosout][INFO] 2024-03-05 11:02:50,867: [Client 14] Subscribed to /SensorPosControl
[rosout][INFO] 2024-03-05 11:02:50,875: [Client 11] Subscribed to /SetTrafficLight
[rospy.internal][INFO] 2024-03-05 11:17:50,645: topic[/ctrl_cmd] adding connection to [http://DESKTOP-LL832F4:45805/], count 0
[rospy.internal][INFO] 2024-03-05 11:18:09,343: topic[/ctrl_cmd] removing connection to http://DESKTOP-LL832F4:45805/
[rosout][INFO] 2024-03-05 11:36:36,100: Client connected.  23 clients total.
[rosout][INFO] 2024-03-05 11:36:36,103: Client connected.  24 clients total.
[rosout][INFO] 2024-03-05 11:36:36,105: Client connected.  25 clients total.
[rosout][INFO] 2024-03-05 11:36:37,266: Client connected.  26 clients total.
[rosout][INFO] 2024-03-05 11:36:37,270: Client connected.  27 clients total.
[rosout][INFO] 2024-03-05 11:36:37,272: Client connected.  28 clients total.
[rosout][INFO] 2024-03-05 11:36:37,295: Client connected.  29 clients total.
[rosout][INFO] 2024-03-05 11:36:37,298: Client connected.  30 clients total.
[rosout][ERROR] 2024-03-05 11:36:38,103: [Client 26] advertise_service: Unable to import srv class MoraiSimpProcSrv from package morai_msgs. Caused by 'module' object has no attribute 'MoraiSimpProcSrv'
[rosout][INFO] 2024-03-05 11:36:38,105: [Client 25] Advertised service /Service_MoraiSL.
[rosout][INFO] 2024-03-05 11:36:38,107: [Client 27] Advertised service /Morai_TLSrv.
[rosout][INFO] 2024-03-05 11:36:38,108: [Client 28] Advertised service /Service_MoraiVehicleSpec.
[rosout][INFO] 2024-03-05 11:36:38,113: [Client 29] Advertised service /SyncModeScenarioLoad.
[rosout][INFO] 2024-03-05 11:36:38,117: [Client 23] Subscribed to /ego_setting
[rospy.internal][INFO] 2024-03-05 11:47:09,633: topic impl's ref count is zero, deleting topic /ctrl_cmd...
[rosout][INFO] 2024-03-05 11:47:09,638: Client disconnected. 29 clients total.
[rosout][INFO] 2024-03-05 11:47:09,640: [Client 1] Unsubscribed from /ctrl_cmd
[rospy.internal][INFO] 2024-03-05 11:47:09,648: topic impl's ref count is zero, deleting topic /SetTrafficLight...
[rospy.internal][INFO] 2024-03-05 11:47:09,652: topic impl's ref count is zero, deleting topic /SensorPosControl...
[rosout][INFO] 2024-03-05 11:47:09,650: [Client 11] Unsubscribed from /SetTrafficLight
[rospy.internal][INFO] 2024-03-05 11:47:09,656: topic impl's ref count is zero, deleting topic /SaveSensorData...
[rosout][INFO] 2024-03-05 11:47:09,654: Client disconnected. 28 clients total.
[rospy.internal][INFO] 2024-03-05 11:47:09,662: topic impl's ref count is zero, deleting topic /InsnControl...
[rosout][INFO] 2024-03-05 11:47:09,655: [Client 14] Unsubscribed from /SensorPosControl
[rosout][INFO] 2024-03-05 11:47:09,660: [Client 13] Unsubscribed from /SaveSensorData
[rosout][INFO] 2024-03-05 11:47:09,663: Client disconnected. 27 clients total.
[rosout][INFO] 2024-03-05 11:47:09,669: Client disconnected. 26 clients total.
[rosout][INFO] 2024-03-05 11:47:09,670: [Client 12] Unsubscribed from /InsnControl
[rosout][INFO] 2024-03-05 11:47:09,675: Client disconnected. 25 clients total.
[rosout][INFO] 2024-03-05 11:47:09,680: Client disconnected. 24 clients total.
[rosout][INFO] 2024-03-05 11:47:09,684: Client disconnected. 23 clients total.
[rosout][INFO] 2024-03-05 11:47:09,688: Client disconnected. 22 clients total.
[rosout][INFO] 2024-03-05 11:47:09,692: Client disconnected. 21 clients total.
[rosout][INFO] 2024-03-05 11:47:09,695: Client disconnected. 20 clients total.
[rosout][INFO] 2024-03-05 11:47:09,698: Client disconnected. 19 clients total.
[rosout][INFO] 2024-03-05 11:47:09,701: Client disconnected. 18 clients total.
[rosout][INFO] 2024-03-05 11:47:09,705: Client disconnected. 17 clients total.
[rosout][INFO] 2024-03-05 11:47:09,710: Client disconnected. 16 clients total.
[rospy.internal][INFO] 2024-03-05 11:47:09,714: topic impl's ref count is zero, deleting topic /lamps...
[rosout][INFO] 2024-03-05 11:47:09,715: Client disconnected. 15 clients total.
[rosout][INFO] 2024-03-05 11:47:09,718: [Client 10] Unsubscribed from /lamps
[rospy.internal][INFO] 2024-03-05 11:47:11,646: topic impl's ref count is zero, deleting topic /ScenarioLoad...
[rosout][INFO] 2024-03-05 11:47:11,647: Client disconnected. 14 clients total.
[rosout][INFO] 2024-03-05 11:47:11,649: [Client 15] Unsubscribed from /ScenarioLoad
[rosout][INFO] 2024-03-05 11:47:12,647: Client disconnected. 13 clients total.
[rosout][INFO] 2024-03-05 11:47:13,149: Client disconnected. 12 clients total.
[rosout][INFO] 2024-03-05 11:47:13,649: [Client 20] Unadvertised service /SyncModeCmd.
[rosout][INFO] 2024-03-05 11:47:13,652: Client disconnected. 11 clients total.
[rosout][INFO] 2024-03-05 11:47:14,151: [Client 18] Unadvertised service /SyncModeWaitForTick.
[rosout][INFO] 2024-03-05 11:47:14,152: Client disconnected. 10 clients total.
[rosout][INFO] 2024-03-05 11:47:14,642: Client disconnected. 9 clients total.
[rosout][INFO] 2024-03-05 11:47:14,649: Client disconnected. 8 clients total.
[rosout][INFO] 2024-03-05 11:47:14,653: [Client 21] Unadvertised service /SyncModeSetGear.
[rosout][INFO] 2024-03-05 11:47:15,152: [Client 19] Unadvertised service /SyncModeCtrlCmd.
[rospy.internal][INFO] 2024-03-05 11:47:19,644: topic impl's ref count is zero, deleting topic /GetTrafficLightStatus...
[rospy.internal][INFO] 2024-03-05 11:47:19,666: topic impl's ref count is zero, deleting topic /CollisionData...
[rospy.internal][INFO] 2024-03-05 11:47:19,671: topic impl's ref count is zero, deleting topic /InsnStatus...
[rospy.internal][INFO] 2024-03-05 11:47:19,678: topic impl's ref count is zero, deleting topic /IntscnTL_topic...
[rospy.internal][INFO] 2024-03-05 11:47:19,684: topic impl's ref count is zero, deleting topic /SyncModeInfo...
[rospy.internal][INFO] 2024-03-05 11:47:19,688: topic impl's ref count is zero, deleting topic /Object_topic...
[rospy.internal][INFO] 2024-03-05 11:47:19,704: topic impl's ref count is zero, deleting topic /tf...
[rospy.internal][INFO] 2024-03-05 11:47:19,709: topic impl's ref count is zero, deleting topic /Ego_topic...
[rospy.internal][INFO] 2024-03-05 11:47:19,716: topic impl's ref count is zero, deleting topic /ReplayInfo_topic...
[rosout][INFO] 2024-03-05 11:57:39,649: Client connected.  9 clients total.
[rosout][INFO] 2024-03-05 11:57:41,645: [Client 30] Subscribed to /ctrl_cmd
[rospy.internal][INFO] 2024-03-05 11:57:43,345: topic impl's ref count is zero, deleting topic /ctrl_cmd...
[rosout][INFO] 2024-03-05 11:57:43,347: Client disconnected. 8 clients total.
[rosout][INFO] 2024-03-05 11:57:43,349: [Client 30] Unsubscribed from /ctrl_cmd
[rosout][INFO] 2024-03-05 11:58:32,785: Client connected.  9 clients total.
[rosout][INFO] 2024-03-05 11:58:34,785: [Client 31] Subscribed to /ctrl_cmd
[rospy.internal][INFO] 2024-03-05 12:13:17,232: topic impl's ref count is zero, deleting topic /ego_setting...
[rosout][ERROR] 2024-03-05 12:13:17,234: [Client 26] Service /Morai_SimProc has not been advertised via rosbridge, can't unadvertise.
[rosout][INFO] 2024-03-05 12:13:17,236: [Client 23] Unsubscribed from /ego_setting
[rosout][INFO] 2024-03-05 12:13:17,238: Client disconnected. 8 clients total.
[rosout][INFO] 2024-03-05 12:13:17,244: Client disconnected. 7 clients total.
[rosout][INFO] 2024-03-05 12:13:17,248: Client disconnected. 6 clients total.
[rosout][INFO] 2024-03-05 12:13:17,252: Client disconnected. 5 clients total.
[rosout][INFO] 2024-03-05 12:13:17,259: Client disconnected. 4 clients total.
[rosout][INFO] 2024-03-05 12:13:17,263: Client disconnected. 3 clients total.
[rosout][INFO] 2024-03-05 12:13:17,267: Client disconnected. 2 clients total.
[rosout][INFO] 2024-03-05 12:13:18,234: [Client 29] Unadvertised service /SyncModeScenarioLoad.
[rosout][INFO] 2024-03-05 12:13:18,237: [Client 28] Unadvertised service /Service_MoraiVehicleSpec.
[rospy.internal][INFO] 2024-03-05 12:13:27,245: topic impl's ref count is zero, deleting topic /VehicleCollisionData...
[rospy.internal][INFO] 2024-03-05 12:13:27,250: topic impl's ref count is zero, deleting topic /sim/process/state/msg/MoraiSimProcStatus...
[rosout][INFO] 2024-03-05 13:41:49,923: Client connected.  3 clients total.
[rosout][INFO] 2024-03-05 13:41:55,665: Client connected.  4 clients total.
[rosout][INFO] 2024-03-05 13:42:03,738: Client connected.  5 clients total.
[rospy.internal][INFO] 2024-03-05 13:43:42,669: topic[/image_jpeg/compressed] adding connection to [/camera_img_6255_1709613822523], count 0
[rospy.internal][INFO] 2024-03-05 13:45:30,488: topic[/image_jpeg/compressed] removing connection to /camera_img_6255_1709613822523
[rospy.internal][INFO] 2024-03-05 13:48:34,919: topic[/image_jpeg/compressed] adding connection to [/camera_img_6404_1709614114774], count 0
[rospy.internal][INFO] 2024-03-05 13:49:52,557: topic[/image_jpeg/compressed] removing connection to /camera_img_6404_1709614114774
[rospy.internal][INFO] 2024-03-05 13:55:16,167: topic impl's ref count is zero, deleting topic /ctrl_cmd...
[rosout][INFO] 2024-03-05 13:55:16,168: Client disconnected. 4 clients total.
[rosout][INFO] 2024-03-05 13:55:16,169: [Client 31] Unsubscribed from /ctrl_cmd
[rosout][INFO] 2024-03-05 13:55:16,899: Client disconnected. 3 clients total.
[rosout][INFO] 2024-03-05 13:55:16,902: Client disconnected. 2 clients total.
[rosout][INFO] 2024-03-05 13:55:16,904: Client disconnected. 1 clients total.
[rosout][INFO] 2024-03-05 13:55:16,906: Client disconnected. 0 clients total.
[rospy.internal][INFO] 2024-03-05 13:55:26,905: topic impl's ref count is zero, deleting topic /image_jpeg/compressed...
[rospy.internal][INFO] 2024-03-05 13:55:26,906: topic impl's ref count is zero, deleting topic /gps...
[rospy.internal][INFO] 2024-03-05 13:55:26,908: topic impl's ref count is zero, deleting topic /imu...
[rospy.core][INFO] 2024-03-05 15:59:58,060: signal_shutdown [signal-2]
[rospy.internal][INFO] 2024-03-05 15:59:58,068: topic[/rosout] removing connection to /rosout
[rospy.impl.masterslave][INFO] 2024-03-05 15:59:58,068: signal-2
[rospy.core][INFO] 2024-03-05 15:59:58,184: signal_shutdown [atexit]
