[rosmaster.main][INFO] 2024-03-04 01:28:13,256: initialization complete, waiting for shutdown
[rosmaster.main][INFO] 2024-03-04 01:28:13,256: Starting ROS Master Node
[xmlrpc][INFO] 2024-03-04 01:28:13,257: XML-RPC server binding to 0.0.0.0:11311
[xmlrpc][INFO] 2024-03-04 01:28:13,257: Started XML-RPC server [http://DESKTOP-LL832F4:11311/]
[xmlrpc][INFO] 2024-03-04 01:28:13,257: xml rpc node: starting XML-RPC server
[rosmaster.master][INFO] 2024-03-04 01:28:13,257: Master initialized: port[11311], uri[http://DESKTOP-LL832F4:11311/]
[rosmaster.master][INFO] 2024-03-04 01:28:13,285: +PARAM [/run_id] by /roslaunch
[rosmaster.master][INFO] 2024-03-04 01:28:13,286: +PARAM [/roslaunch/uris/host_desktop_ll832f4__41379] by /roslaunch
[rosmaster.master][INFO] 2024-03-04 01:28:13,334: +PARAM [/rosversion] by /roslaunch
[rosmaster.master][INFO] 2024-03-04 01:28:13,334: +PARAM [/rosdistro] by /roslaunch
[rosmaster.master][INFO] 2024-03-04 01:28:13,343: +SERVICE [/rosout/get_loggers] /rosout http://DESKTOP-LL832F4:34607/
[rosmaster.master][INFO] 2024-03-04 01:28:13,344: +SERVICE [/rosout/set_logger_level] /rosout http://DESKTOP-LL832F4:34607/
[rosmaster.master][INFO] 2024-03-04 01:28:13,345: +PUB [/rosout_agg] /rosout http://DESKTOP-LL832F4:34607/
[rosmaster.master][INFO] 2024-03-04 01:28:13,347: +SUB [/rosout] /rosout http://DESKTOP-LL832F4:34607/
[rosmaster.master][INFO] 2024-03-04 01:28:13,422: +PUB [/rosout] /Collision_listener_2997_1709483282860 http://DESKTOP-LL832F4:33929/
[rosmaster.master][INFO] 2024-03-04 01:28:13,424: +SERVICE [/Collision_listener_2997_1709483282860/get_loggers] /Collision_listener_2997_1709483282860 http://DESKTOP-LL832F4:33929/
[rosmaster.master][INFO] 2024-03-04 01:28:13,425: +SERVICE [/Collision_listener_2997_1709483282860/set_logger_level] /Collision_listener_2997_1709483282860 http://DESKTOP-LL832F4:33929/
[rosmaster.master][INFO] 2024-03-04 01:28:13,426: +SUB [/CollisionData] /Collision_listener_2997_1709483282860 http://DESKTOP-LL832F4:33929/
[rosmaster.master][INFO] 2024-03-04 01:28:13,456: publisherUpdate[/rosout] -> http://DESKTOP-LL832F4:34607/ ['http://DESKTOP-LL832F4:33929/']
[rosmaster.master][INFO] 2024-03-04 01:28:13,459: publisherUpdate[/rosout] -> http://DESKTOP-LL832F4:34607/ ['http://DESKTOP-LL832F4:33929/']: sec=0.00, result=[1, '', 0]
[rosmaster.master][INFO] 2024-03-04 01:28:15,759: -SUB [/CollisionData] /Collision_listener_2997_1709483282860 http://DESKTOP-LL832F4:33929/
[rosmaster.master][INFO] 2024-03-04 01:28:15,759: -PUB [/rosout] /Collision_listener_2997_1709483282860 http://DESKTOP-LL832F4:33929/
[rosmaster.master][INFO] 2024-03-04 01:28:15,759: -SERVICE [/Collision_listener_2997_1709483282860/set_logger_level] /Collision_listener_2997_1709483282860 rosrpc://DESKTOP-LL832F4:40665
[rosmaster.master][INFO] 2024-03-04 01:28:15,759: -SERVICE [/Collision_listener_2997_1709483282860/get_loggers] /Collision_listener_2997_1709483282860 rosrpc://DESKTOP-LL832F4:40665
[rosmaster.master][INFO] 2024-03-04 01:28:15,761: publisherUpdate[/rosout] -> http://DESKTOP-LL832F4:34607/ []
[rosmaster.master][INFO] 2024-03-04 01:28:15,762: publisherUpdate[/rosout] -> http://DESKTOP-LL832F4:34607/ []: sec=0.00, result=[1, '', 0]
[rosmaster.master][INFO] 2024-03-04 01:28:17,925: +PUB [/rosout] /Collision_listener_3082_1709483297797 http://DESKTOP-LL832F4:38015/
[rosmaster.master][INFO] 2024-03-04 01:28:17,928: +SERVICE [/Collision_listener_3082_1709483297797/get_loggers] /Collision_listener_3082_1709483297797 http://DESKTOP-LL832F4:38015/
[rosmaster.master][INFO] 2024-03-04 01:28:17,929: +SERVICE [/Collision_listener_3082_1709483297797/set_logger_level] /Collision_listener_3082_1709483297797 http://DESKTOP-LL832F4:38015/
[rosmaster.master][INFO] 2024-03-04 01:28:17,930: +SUB [/CollisionData] /Collision_listener_3082_1709483297797 http://DESKTOP-LL832F4:38015/
[rosmaster.master][INFO] 2024-03-04 01:28:17,965: publisherUpdate[/rosout] -> http://DESKTOP-LL832F4:34607/ ['http://DESKTOP-LL832F4:38015/']
[rosmaster.master][INFO] 2024-03-04 01:28:17,966: publisherUpdate[/rosout] -> http://DESKTOP-LL832F4:34607/ ['http://DESKTOP-LL832F4:38015/']: sec=0.00, result=[1, '', 0]
[rosmaster.master][INFO] 2024-03-04 01:28:25,582: -SUB [/CollisionData] /Collision_listener_3082_1709483297797 http://DESKTOP-LL832F4:38015/
[rosmaster.master][INFO] 2024-03-04 01:28:25,583: -PUB [/rosout] /Collision_listener_3082_1709483297797 http://DESKTOP-LL832F4:38015/
[rosmaster.master][INFO] 2024-03-04 01:28:25,583: -SERVICE [/Collision_listener_3082_1709483297797/set_logger_level] /Collision_listener_3082_1709483297797 rosrpc://DESKTOP-LL832F4:45793
[rosmaster.master][INFO] 2024-03-04 01:28:25,583: -SERVICE [/Collision_listener_3082_1709483297797/get_loggers] /Collision_listener_3082_1709483297797 rosrpc://DESKTOP-LL832F4:45793
[rosmaster.master][INFO] 2024-03-04 01:28:25,680: publisherUpdate[/rosout] -> http://DESKTOP-LL832F4:34607/ []
[rosmaster.master][INFO] 2024-03-04 01:28:25,680: publisherUpdate[/rosout] -> http://DESKTOP-LL832F4:34607/ []: sec=0.00, result=[1, '', 0]
[rosmaster.master][INFO] 2024-03-04 01:28:43,902: +PUB [/rosout] /Collision_listener_3115_1709483323768 http://DESKTOP-LL832F4:45533/
[rosmaster.master][INFO] 2024-03-04 01:28:43,904: +SERVICE [/Collision_listener_3115_1709483323768/get_loggers] /Collision_listener_3115_1709483323768 http://DESKTOP-LL832F4:45533/
[rosmaster.master][INFO] 2024-03-04 01:28:43,905: +SERVICE [/Collision_listener_3115_1709483323768/set_logger_level] /Collision_listener_3115_1709483323768 http://DESKTOP-LL832F4:45533/
[rosmaster.master][INFO] 2024-03-04 01:28:43,906: +SUB [/CollisionData] /Collision_listener_3115_1709483323768 http://DESKTOP-LL832F4:45533/
[rosmaster.master][INFO] 2024-03-04 01:28:43,913: publisherUpdate[/rosout] -> http://DESKTOP-LL832F4:34607/ ['http://DESKTOP-LL832F4:45533/']
[rosmaster.master][INFO] 2024-03-04 01:28:43,914: publisherUpdate[/rosout] -> http://DESKTOP-LL832F4:34607/ ['http://DESKTOP-LL832F4:45533/']: sec=0.00, result=[1, '', 0]
[rosmaster.master][INFO] 2024-03-04 01:31:02,190: -SUB [/CollisionData] /Collision_listener_3115_1709483323768 http://DESKTOP-LL832F4:45533/
[rosmaster.master][INFO] 2024-03-04 01:31:02,191: -PUB [/rosout] /Collision_listener_3115_1709483323768 http://DESKTOP-LL832F4:45533/
[rosmaster.master][INFO] 2024-03-04 01:31:02,191: -SERVICE [/Collision_listener_3115_1709483323768/set_logger_level] /Collision_listener_3115_1709483323768 rosrpc://DESKTOP-LL832F4:38449
[rosmaster.master][INFO] 2024-03-04 01:31:02,191: -SERVICE [/Collision_listener_3115_1709483323768/get_loggers] /Collision_listener_3115_1709483323768 rosrpc://DESKTOP-LL832F4:38449
[rosmaster.master][INFO] 2024-03-04 01:31:02,282: publisherUpdate[/rosout] -> http://DESKTOP-LL832F4:34607/ []
[rosmaster.master][INFO] 2024-03-04 01:31:02,282: publisherUpdate[/rosout] -> http://DESKTOP-LL832F4:34607/ []: sec=0.00, result=[1, '', 0]
[rosmaster.master][INFO] 2024-03-04 01:31:04,523: +PUB [/rosout] /Collision_listener_3160_1709483464393 http://DESKTOP-LL832F4:33881/
[rosmaster.master][INFO] 2024-03-04 01:31:04,525: +SERVICE [/Collision_listener_3160_1709483464393/get_loggers] /Collision_listener_3160_1709483464393 http://DESKTOP-LL832F4:33881/
[rosmaster.master][INFO] 2024-03-04 01:31:04,526: +SERVICE [/Collision_listener_3160_1709483464393/set_logger_level] /Collision_listener_3160_1709483464393 http://DESKTOP-LL832F4:33881/
[rosmaster.master][INFO] 2024-03-04 01:31:04,527: +SUB [/CollisionData] /Collision_listener_3160_1709483464393 http://DESKTOP-LL832F4:33881/
[rosmaster.master][INFO] 2024-03-04 01:31:04,586: publisherUpdate[/rosout] -> http://DESKTOP-LL832F4:34607/ ['http://DESKTOP-LL832F4:33881/']
[rosmaster.master][INFO] 2024-03-04 01:31:04,587: publisherUpdate[/rosout] -> http://DESKTOP-LL832F4:34607/ ['http://DESKTOP-LL832F4:33881/']: sec=0.00, result=[1, '', 0]
[rosmaster.master][INFO] 2024-03-04 01:32:34,157: -SUB [/ctrl_cmd] /rosbridge_websocket http://DESKTOP-LL832F4:38555/
[rosmaster.master][INFO] 2024-03-04 01:32:34,158: +CACHEDPARAM [/rosout_disable_topics_generation] by /rosbridge_websocket
[rosmaster.master][INFO] 2024-03-04 01:32:34,160: +CACHEDPARAM [/rosout_disable_topics_generation] by /rosbridge_websocket
[rosmaster.master][INFO] 2024-03-04 01:32:34,168: -SUB [/SetTrafficLight] /rosbridge_websocket http://DESKTOP-LL832F4:38555/
[rosmaster.master][INFO] 2024-03-04 01:32:34,171: +CACHEDPARAM [/rosout_disable_topics_generation] by /rosbridge_websocket
[rosmaster.master][INFO] 2024-03-04 01:32:34,172: -SUB [/SensorPosControl] /rosbridge_websocket http://DESKTOP-LL832F4:38555/
[rosmaster.master][INFO] 2024-03-04 01:32:34,173: +CACHEDPARAM [/rosout_disable_topics_generation] by /rosbridge_websocket
[rosmaster.master][INFO] 2024-03-04 01:32:34,176: +CACHEDPARAM [/rosout_disable_topics_generation] by /rosbridge_websocket
[rosmaster.master][INFO] 2024-03-04 01:32:34,177: -SUB [/InsnControl] /rosbridge_websocket http://DESKTOP-LL832F4:38555/
[rosmaster.master][INFO] 2024-03-04 01:32:34,179: +CACHEDPARAM [/rosout_disable_topics_generation] by /rosbridge_websocket
[rosmaster.master][INFO] 2024-03-04 01:32:34,180: +CACHEDPARAM [/rosout_disable_topics_generation] by /rosbridge_websocket
[rosmaster.master][INFO] 2024-03-04 01:32:34,182: +CACHEDPARAM [/rosout_disable_topics_generation] by /rosbridge_websocket
[rosmaster.master][INFO] 2024-03-04 01:32:34,185: +CACHEDPARAM [/rosout_disable_topics_generation] by /rosbridge_websocket
[rosmaster.master][INFO] 2024-03-04 01:32:34,187: +CACHEDPARAM [/rosout_disable_topics_generation] by /rosbridge_websocket
[rosmaster.master][INFO] 2024-03-04 01:32:34,189: +CACHEDPARAM [/rosout_disable_topics_generation] by /rosbridge_websocket
[rosmaster.master][INFO] 2024-03-04 01:32:34,192: -SUB [/SaveSensorData] /rosbridge_websocket http://DESKTOP-LL832F4:38555/
[rosmaster.master][INFO] 2024-03-04 01:32:34,196: -SUB [/lamps] /rosbridge_websocket http://DESKTOP-LL832F4:38555/
[rosmaster.master][INFO] 2024-03-04 01:32:34,197: +CACHEDPARAM [/rosout_disable_topics_generation] by /rosbridge_websocket
[rosmaster.master][INFO] 2024-03-04 01:32:34,200: +CACHEDPARAM [/rosout_disable_topics_generation] by /rosbridge_websocket
[rosmaster.master][INFO] 2024-03-04 01:32:34,202: -SUB [/ScenarioLoad] /rosbridge_websocket http://DESKTOP-LL832F4:38555/
[rosmaster.master][INFO] 2024-03-04 01:32:34,204: +CACHEDPARAM [/rosout_disable_topics_generation] by /rosbridge_websocket
[rosmaster.master][INFO] 2024-03-04 01:32:34,206: +CACHEDPARAM [/rosout_disable_topics_generation] by /rosbridge_websocket
[rosmaster.master][INFO] 2024-03-04 01:32:34,210: +CACHEDPARAM [/rosout_disable_topics_generation] by /rosbridge_websocket
[rosmaster.master][INFO] 2024-03-04 01:32:34,214: +CACHEDPARAM [/rosout_disable_topics_generation] by /rosbridge_websocket
[rosmaster.master][INFO] 2024-03-04 01:32:34,217: +CACHEDPARAM [/rosout_disable_topics_generation] by /rosbridge_websocket
[rosmaster.master][INFO] 2024-03-04 01:32:34,221: +CACHEDPARAM [/rosout_disable_topics_generation] by /rosbridge_websocket
[rosmaster.master][INFO] 2024-03-04 01:32:34,225: +CACHEDPARAM [/rosout_disable_topics_generation] by /rosbridge_websocket
[rosmaster.master][INFO] 2024-03-04 01:32:34,228: +CACHEDPARAM [/rosout_disable_topics_generation] by /rosbridge_websocket
[rosmaster.master][INFO] 2024-03-04 01:32:34,232: +CACHEDPARAM [/rosout_disable_topics_generation] by /rosbridge_websocket
[rosmaster.master][INFO] 2024-03-04 01:32:34,235: +CACHEDPARAM [/rosout_disable_topics_generation] by /rosbridge_websocket
[rosmaster.master][INFO] 2024-03-04 01:32:34,239: +CACHEDPARAM [/rosout_disable_topics_generation] by /rosbridge_websocket
[rosmaster.master][INFO] 2024-03-04 01:32:34,242: +CACHEDPARAM [/rosout_disable_topics_generation] by /rosbridge_websocket
[rosmaster.master][INFO] 2024-03-04 01:32:34,245: +CACHEDPARAM [/rosout_disable_topics_generation] by /rosbridge_websocket
[rosmaster.master][INFO] 2024-03-04 01:32:34,249: +CACHEDPARAM [/rosout_disable_topics_generation] by /rosbridge_websocket
[rosmaster.master][INFO] 2024-03-04 01:32:34,255: +CACHEDPARAM [/rosout_disable_topics_generation] by /rosbridge_websocket
[rosmaster.master][INFO] 2024-03-04 01:32:34,259: +CACHEDPARAM [/rosout_disable_topics_generation] by /rosbridge_websocket
[rosmaster.master][INFO] 2024-03-04 01:32:35,194: -SERVICE [/SyncModeCmd] /rosbridge_websocket rosrpc://DESKTOP-LL832F4:33027
[rosmaster.master][INFO] 2024-03-04 01:32:35,196: -SERVICE [/SyncModeWaitForTick] /rosbridge_websocket rosrpc://DESKTOP-LL832F4:33027
[rosmaster.master][INFO] 2024-03-04 01:32:35,197: +CACHEDPARAM [/rosout_disable_topics_generation] by /rosbridge_websocket
[rosmaster.master][INFO] 2024-03-04 01:32:35,200: +CACHEDPARAM [/rosout_disable_topics_generation] by /rosbridge_websocket
[rosmaster.master][INFO] 2024-03-04 01:32:35,201: -SERVICE [/Service_MoraiEventCmd] /rosbridge_websocket rosrpc://DESKTOP-LL832F4:33027
[rosmaster.master][INFO] 2024-03-04 01:32:35,203: -SERVICE [/SyncModeCtrlCmd] /rosbridge_websocket rosrpc://DESKTOP-LL832F4:33027
[rosmaster.master][INFO] 2024-03-04 01:32:35,205: +CACHEDPARAM [/rosout_disable_topics_generation] by /rosbridge_websocket
[rosmaster.master][INFO] 2024-03-04 01:32:35,206: -SERVICE [/Service_MoraiMapSpec] /rosbridge_websocket rosrpc://DESKTOP-LL832F4:33027
[rosmaster.master][INFO] 2024-03-04 01:32:35,208: +CACHEDPARAM [/rosout_disable_topics_generation] by /rosbridge_websocket
[rosmaster.master][INFO] 2024-03-04 01:32:35,209: +CACHEDPARAM [/rosout_disable_topics_generation] by /rosbridge_websocket
[rosmaster.master][INFO] 2024-03-04 01:32:35,661: +CACHEDPARAM [/rosout_disable_topics_generation] by /rosbridge_websocket
[rosmaster.master][INFO] 2024-03-04 01:32:35,692: +CACHEDPARAM [/rosout_disable_topics_generation] by /rosbridge_websocket
[rosmaster.master][INFO] 2024-03-04 01:32:35,694: +CACHEDPARAM [/rosout_disable_topics_generation] by /rosbridge_websocket
[rosmaster.master][INFO] 2024-03-04 01:32:35,696: +CACHEDPARAM [/rosout_disable_topics_generation] by /rosbridge_websocket
[rosmaster.master][INFO] 2024-03-04 01:32:35,699: +CACHEDPARAM [/rosout_disable_topics_generation] by /rosbridge_websocket
[rosmaster.master][INFO] 2024-03-04 01:32:35,701: +CACHEDPARAM [/rosout_disable_topics_generation] by /rosbridge_websocket
[rosmaster.master][INFO] 2024-03-04 01:32:35,703: +CACHEDPARAM [/rosout_disable_topics_generation] by /rosbridge_websocket
[rosmaster.master][INFO] 2024-03-04 01:32:35,705: +CACHEDPARAM [/rosout_disable_topics_generation] by /rosbridge_websocket
[rosmaster.master][INFO] 2024-03-04 01:32:35,707: +CACHEDPARAM [/rosout_disable_topics_generation] by /rosbridge_websocket
[rosmaster.master][INFO] 2024-03-04 01:32:35,708: +CACHEDPARAM [/rosout_disable_topics_generation] by /rosbridge_websocket
[rosmaster.master][INFO] 2024-03-04 01:32:35,710: +CACHEDPARAM [/rosout_disable_topics_generation] by /rosbridge_websocket
[rosmaster.master][INFO] 2024-03-04 01:32:35,711: +CACHEDPARAM [/rosout_disable_topics_generation] by /rosbridge_websocket
[rosmaster.master][INFO] 2024-03-04 01:32:35,713: +CACHEDPARAM [/rosout_disable_topics_generation] by /rosbridge_websocket
[rosmaster.master][INFO] 2024-03-04 01:32:35,714: +CACHEDPARAM [/rosout_disable_topics_generation] by /rosbridge_websocket
[rosmaster.master][INFO] 2024-03-04 01:32:35,716: +CACHEDPARAM [/rosout_disable_topics_generation] by /rosbridge_websocket
[rosmaster.master][INFO] 2024-03-04 01:32:35,718: +CACHEDPARAM [/rosout_disable_topics_generation] by /rosbridge_websocket
[rosmaster.master][INFO] 2024-03-04 01:32:36,678: +CACHEDPARAM [/rosout_disable_topics_generation] by /rosbridge_websocket
[rosmaster.master][INFO] 2024-03-04 01:32:36,681: +CACHEDPARAM [/rosout_disable_topics_generation] by /rosbridge_websocket
[rosmaster.master][INFO] 2024-03-04 01:32:36,686: +CACHEDPARAM [/rosout_disable_topics_generation] by /rosbridge_websocket
[rosmaster.master][INFO] 2024-03-04 01:32:36,694: +CACHEDPARAM [/rosout_disable_topics_generation] by /rosbridge_websocket
[rosmaster.master][INFO] 2024-03-04 01:32:36,696: +CACHEDPARAM [/rosout_disable_topics_generation] by /rosbridge_websocket
[rosmaster.master][INFO] 2024-03-04 01:32:36,697: +CACHEDPARAM [/rosout_disable_topics_generation] by /rosbridge_websocket
[rosmaster.master][INFO] 2024-03-04 01:32:37,660: +SUB [/ctrl_cmd] /rosbridge_websocket http://DESKTOP-LL832F4:38555/
[rosmaster.master][INFO] 2024-03-04 01:32:37,661: +CACHEDPARAM [/rosout_disable_topics_generation] by /rosbridge_websocket
[rosmaster.master][INFO] 2024-03-04 01:32:37,671: +SUB [/InsnControl] /rosbridge_websocket http://DESKTOP-LL832F4:38555/
[rosmaster.master][INFO] 2024-03-04 01:32:37,681: +CACHEDPARAM [/rosout_disable_topics_generation] by /rosbridge_websocket
[rosmaster.master][INFO] 2024-03-04 01:32:37,685: +SERVICE [/SyncModeCmd] /rosbridge_websocket http://DESKTOP-LL832F4:38555/
[rosmaster.master][INFO] 2024-03-04 01:32:37,685: +CACHEDPARAM [/rosout_disable_topics_generation] by /rosbridge_websocket
[rosmaster.master][INFO] 2024-03-04 01:32:37,687: +SUB [/lamps] /rosbridge_websocket http://DESKTOP-LL832F4:38555/
[rosmaster.master][INFO] 2024-03-04 01:32:37,687: +CACHEDPARAM [/rosout_disable_topics_generation] by /rosbridge_websocket
[rosmaster.master][INFO] 2024-03-04 01:32:37,689: +SERVICE [/Service_MoraiEventCmd] /rosbridge_websocket http://DESKTOP-LL832F4:38555/
[rosmaster.master][INFO] 2024-03-04 01:32:37,691: +CACHEDPARAM [/rosout_disable_topics_generation] by /rosbridge_websocket
[rosmaster.master][INFO] 2024-03-04 01:32:37,694: +SERVICE [/Service_MoraiMapSpec] /rosbridge_websocket http://DESKTOP-LL832F4:38555/
[rosmaster.master][INFO] 2024-03-04 01:32:37,696: +CACHEDPARAM [/rosout_disable_topics_generation] by /rosbridge_websocket
[rosmaster.master][INFO] 2024-03-04 01:32:37,697: +SERVICE [/SyncModeWaitForTick] /rosbridge_websocket http://DESKTOP-LL832F4:38555/
[rosmaster.master][INFO] 2024-03-04 01:32:37,698: +CACHEDPARAM [/rosout_disable_topics_generation] by /rosbridge_websocket
[rosmaster.master][INFO] 2024-03-04 01:32:37,699: +SUB [/ScenarioLoad] /rosbridge_websocket http://DESKTOP-LL832F4:38555/
[rosmaster.master][INFO] 2024-03-04 01:32:37,700: +CACHEDPARAM [/rosout_disable_topics_generation] by /rosbridge_websocket
[rosmaster.master][INFO] 2024-03-04 01:32:37,701: +SERVICE [/SyncModeCtrlCmd] /rosbridge_websocket http://DESKTOP-LL832F4:38555/
[rosmaster.master][INFO] 2024-03-04 01:32:37,704: +CACHEDPARAM [/rosout_disable_topics_generation] by /rosbridge_websocket
[rosmaster.master][INFO] 2024-03-04 01:32:37,705: -SERVICE [/SyncModeSetGear] /rosbridge_websocket rosrpc://DESKTOP-LL832F4:33027
[rosmaster.master][INFO] 2024-03-04 01:32:37,707: +CACHEDPARAM [/rosout_disable_topics_generation] by /rosbridge_websocket
[rosmaster.master][INFO] 2024-03-04 01:32:37,707: +SERVICE [/SyncModeSetGear] /rosbridge_websocket http://DESKTOP-LL832F4:38555/
[rosmaster.master][INFO] 2024-03-04 01:32:37,708: +SUB [/SetTrafficLight] /rosbridge_websocket http://DESKTOP-LL832F4:38555/
[rosmaster.master][INFO] 2024-03-04 01:32:37,709: +CACHEDPARAM [/rosout_disable_topics_generation] by /rosbridge_websocket
[rosmaster.master][INFO] 2024-03-04 01:32:37,712: +CACHEDPARAM [/rosout_disable_topics_generation] by /rosbridge_websocket
[rosmaster.master][INFO] 2024-03-04 01:32:37,714: +SUB [/SensorPosControl] /rosbridge_websocket http://DESKTOP-LL832F4:38555/
[rosmaster.master][INFO] 2024-03-04 01:32:37,716: +CACHEDPARAM [/rosout_disable_topics_generation] by /rosbridge_websocket
[rosmaster.master][INFO] 2024-03-04 01:32:37,720: +SUB [/SaveSensorData] /rosbridge_websocket http://DESKTOP-LL832F4:38555/
[rosmaster.master][INFO] 2024-03-04 01:32:37,721: +CACHEDPARAM [/rosout_disable_topics_generation] by /rosbridge_websocket
[rosmaster.master][INFO] 2024-03-04 01:32:51,065: +CACHEDPARAM [/rosout_disable_topics_generation] by /rosbridge_websocket
[rosmaster.master][INFO] 2024-03-04 01:32:52,114: +PUB [/image_jpeg/compressed] /rosbridge_websocket http://DESKTOP-LL832F4:38555/
[rosmaster.master][INFO] 2024-03-04 01:33:02,185: +CACHEDPARAM [/rosout_disable_topics_generation] by /rosbridge_websocket
[rosmaster.master][INFO] 2024-03-04 01:33:03,185: +PUB [/gps] /rosbridge_websocket http://DESKTOP-LL832F4:38555/
[rosmaster.master][INFO] 2024-03-04 01:33:14,847: +CACHEDPARAM [/rosout_disable_topics_generation] by /rosbridge_websocket
[rosmaster.master][INFO] 2024-03-04 01:33:15,847: +PUB [/imu] /rosbridge_websocket http://DESKTOP-LL832F4:38555/
[rosmaster.master][INFO] 2024-03-04 01:33:27,073: -SUB [/ctrl_cmd] /rosbridge_websocket http://DESKTOP-LL832F4:38555/
[rosmaster.master][INFO] 2024-03-04 01:33:27,075: +CACHEDPARAM [/rosout_disable_topics_generation] by /rosbridge_websocket
[rosmaster.master][INFO] 2024-03-04 01:33:27,076: +CACHEDPARAM [/rosout_disable_topics_generation] by /rosbridge_websocket
[rosmaster.master][INFO] 2024-03-04 01:33:27,085: -SUB [/SetTrafficLight] /rosbridge_websocket http://DESKTOP-LL832F4:38555/
[rosmaster.master][INFO] 2024-03-04 01:33:27,088: +CACHEDPARAM [/rosout_disable_topics_generation] by /rosbridge_websocket
[rosmaster.master][INFO] 2024-03-04 01:33:27,091: -SUB [/SensorPosControl] /rosbridge_websocket http://DESKTOP-LL832F4:38555/
[rosmaster.master][INFO] 2024-03-04 01:33:27,095: +CACHEDPARAM [/rosout_disable_topics_generation] by /rosbridge_websocket
[rosmaster.master][INFO] 2024-03-04 01:33:27,097: -SUB [/InsnControl] /rosbridge_websocket http://DESKTOP-LL832F4:38555/
[rosmaster.master][INFO] 2024-03-04 01:33:27,099: +CACHEDPARAM [/rosout_disable_topics_generation] by /rosbridge_websocket
[rosmaster.master][INFO] 2024-03-04 01:33:27,101: +CACHEDPARAM [/rosout_disable_topics_generation] by /rosbridge_websocket
[rosmaster.master][INFO] 2024-03-04 01:33:27,104: -SUB [/SaveSensorData] /rosbridge_websocket http://DESKTOP-LL832F4:38555/
[rosmaster.master][INFO] 2024-03-04 01:33:27,105: +CACHEDPARAM [/rosout_disable_topics_generation] by /rosbridge_websocket
[rosmaster.master][INFO] 2024-03-04 01:33:27,109: +CACHEDPARAM [/rosout_disable_topics_generation] by /rosbridge_websocket
[rosmaster.master][INFO] 2024-03-04 01:33:27,110: -SUB [/lamps] /rosbridge_websocket http://DESKTOP-LL832F4:38555/
[rosmaster.master][INFO] 2024-03-04 01:33:27,113: +CACHEDPARAM [/rosout_disable_topics_generation] by /rosbridge_websocket
[rosmaster.master][INFO] 2024-03-04 01:33:27,115: -SUB [/ScenarioLoad] /rosbridge_websocket http://DESKTOP-LL832F4:38555/
[rosmaster.master][INFO] 2024-03-04 01:33:27,117: +CACHEDPARAM [/rosout_disable_topics_generation] by /rosbridge_websocket
[rosmaster.master][INFO] 2024-03-04 01:33:27,118: +CACHEDPARAM [/rosout_disable_topics_generation] by /rosbridge_websocket
[rosmaster.master][INFO] 2024-03-04 01:33:27,121: +CACHEDPARAM [/rosout_disable_topics_generation] by /rosbridge_websocket
[rosmaster.master][INFO] 2024-03-04 01:33:27,125: +CACHEDPARAM [/rosout_disable_topics_generation] by /rosbridge_websocket
[rosmaster.master][INFO] 2024-03-04 01:33:27,128: +CACHEDPARAM [/rosout_disable_topics_generation] by /rosbridge_websocket
[rosmaster.master][INFO] 2024-03-04 01:33:27,131: +CACHEDPARAM [/rosout_disable_topics_generation] by /rosbridge_websocket
[rosmaster.master][INFO] 2024-03-04 01:33:27,134: +CACHEDPARAM [/rosout_disable_topics_generation] by /rosbridge_websocket
[rosmaster.master][INFO] 2024-03-04 01:33:27,137: +CACHEDPARAM [/rosout_disable_topics_generation] by /rosbridge_websocket
[rosmaster.master][INFO] 2024-03-04 01:33:27,142: +CACHEDPARAM [/rosout_disable_topics_generation] by /rosbridge_websocket
[rosmaster.master][INFO] 2024-03-04 01:33:27,146: +CACHEDPARAM [/rosout_disable_topics_generation] by /rosbridge_websocket
[rosmaster.master][INFO] 2024-03-04 01:33:27,150: +CACHEDPARAM [/rosout_disable_topics_generation] by /rosbridge_websocket
[rosmaster.master][INFO] 2024-03-04 01:33:27,153: +CACHEDPARAM [/rosout_disable_topics_generation] by /rosbridge_websocket
[rosmaster.master][INFO] 2024-03-04 01:33:27,158: +CACHEDPARAM [/rosout_disable_topics_generation] by /rosbridge_websocket
[rosmaster.master][INFO] 2024-03-04 01:33:27,169: +CACHEDPARAM [/rosout_disable_topics_generation] by /rosbridge_websocket
[rosmaster.master][INFO] 2024-03-04 01:33:27,173: +CACHEDPARAM [/rosout_disable_topics_generation] by /rosbridge_websocket
[rosmaster.master][INFO] 2024-03-04 01:33:27,177: +CACHEDPARAM [/rosout_disable_topics_generation] by /rosbridge_websocket
[rosmaster.master][INFO] 2024-03-04 01:33:27,181: +CACHEDPARAM [/rosout_disable_topics_generation] by /rosbridge_websocket
[rosmaster.master][INFO] 2024-03-04 01:33:27,185: +CACHEDPARAM [/rosout_disable_topics_generation] by /rosbridge_websocket
[rosmaster.master][INFO] 2024-03-04 01:33:27,197: +CACHEDPARAM [/rosout_disable_topics_generation] by /rosbridge_websocket
[rosmaster.master][INFO] 2024-03-04 01:33:27,217: +CACHEDPARAM [/rosout_disable_topics_generation] by /rosbridge_websocket
[rosmaster.master][INFO] 2024-03-04 01:33:28,091: -SERVICE [/SyncModeWaitForTick] /rosbridge_websocket rosrpc://DESKTOP-LL832F4:33027
[rosmaster.master][INFO] 2024-03-04 01:33:28,094: -SERVICE [/SyncModeCmd] /rosbridge_websocket rosrpc://DESKTOP-LL832F4:33027
[rosmaster.master][INFO] 2024-03-04 01:33:28,096: +CACHEDPARAM [/rosout_disable_topics_generation] by /rosbridge_websocket
[rosmaster.master][INFO] 2024-03-04 01:33:28,100: -SERVICE [/SyncModeSetGear] /rosbridge_websocket rosrpc://DESKTOP-LL832F4:33027
[rosmaster.master][INFO] 2024-03-04 01:33:28,101: +CACHEDPARAM [/rosout_disable_topics_generation] by /rosbridge_websocket
[rosmaster.master][INFO] 2024-03-04 01:33:28,102: -SERVICE [/SyncModeCtrlCmd] /rosbridge_websocket rosrpc://DESKTOP-LL832F4:33027
[rosmaster.master][INFO] 2024-03-04 01:33:28,103: +CACHEDPARAM [/rosout_disable_topics_generation] by /rosbridge_websocket
[rosmaster.master][INFO] 2024-03-04 01:33:28,104: -SERVICE [/Service_MoraiMapSpec] /rosbridge_websocket rosrpc://DESKTOP-LL832F4:33027
[rosmaster.master][INFO] 2024-03-04 01:33:28,106: +CACHEDPARAM [/rosout_disable_topics_generation] by /rosbridge_websocket
[rosmaster.master][INFO] 2024-03-04 01:33:28,107: +CACHEDPARAM [/rosout_disable_topics_generation] by /rosbridge_websocket
[rosmaster.master][INFO] 2024-03-04 01:33:31,446: +CACHEDPARAM [/rosout_disable_topics_generation] by /rosbridge_websocket
[rosmaster.master][INFO] 2024-03-04 01:33:31,449: +CACHEDPARAM [/rosout_disable_topics_generation] by /rosbridge_websocket
[rosmaster.master][INFO] 2024-03-04 01:33:31,451: +CACHEDPARAM [/rosout_disable_topics_generation] by /rosbridge_websocket
[rosmaster.master][INFO] 2024-03-04 01:33:31,452: +CACHEDPARAM [/rosout_disable_topics_generation] by /rosbridge_websocket
[rosmaster.master][INFO] 2024-03-04 01:33:31,453: +CACHEDPARAM [/rosout_disable_topics_generation] by /rosbridge_websocket
[rosmaster.master][INFO] 2024-03-04 01:33:31,455: +CACHEDPARAM [/rosout_disable_topics_generation] by /rosbridge_websocket
[rosmaster.master][INFO] 2024-03-04 01:33:31,458: +CACHEDPARAM [/rosout_disable_topics_generation] by /rosbridge_websocket
[rosmaster.master][INFO] 2024-03-04 01:33:31,460: +CACHEDPARAM [/rosout_disable_topics_generation] by /rosbridge_websocket
[rosmaster.master][INFO] 2024-03-04 01:33:31,461: +CACHEDPARAM [/rosout_disable_topics_generation] by /rosbridge_websocket
[rosmaster.master][INFO] 2024-03-04 01:33:31,463: +CACHEDPARAM [/rosout_disable_topics_generation] by /rosbridge_websocket
[rosmaster.master][INFO] 2024-03-04 01:33:31,465: +CACHEDPARAM [/rosout_disable_topics_generation] by /rosbridge_websocket
[rosmaster.master][INFO] 2024-03-04 01:33:31,466: +CACHEDPARAM [/rosout_disable_topics_generation] by /rosbridge_websocket
[rosmaster.master][INFO] 2024-03-04 01:33:31,469: +CACHEDPARAM [/rosout_disable_topics_generation] by /rosbridge_websocket
[rosmaster.master][INFO] 2024-03-04 01:33:31,471: +CACHEDPARAM [/rosout_disable_topics_generation] by /rosbridge_websocket
[rosmaster.master][INFO] 2024-03-04 01:33:31,473: +CACHEDPARAM [/rosout_disable_topics_generation] by /rosbridge_websocket
[rosmaster.master][INFO] 2024-03-04 01:33:31,475: +CACHEDPARAM [/rosout_disable_topics_generation] by /rosbridge_websocket
[rosmaster.master][INFO] 2024-03-04 01:33:32,445: +CACHEDPARAM [/rosout_disable_topics_generation] by /rosbridge_websocket
[rosmaster.master][INFO] 2024-03-04 01:33:32,452: +CACHEDPARAM [/rosout_disable_topics_generation] by /rosbridge_websocket
[rosmaster.master][INFO] 2024-03-04 01:33:32,455: +CACHEDPARAM [/rosout_disable_topics_generation] by /rosbridge_websocket
[rosmaster.master][INFO] 2024-03-04 01:33:32,457: +CACHEDPARAM [/rosout_disable_topics_generation] by /rosbridge_websocket
[rosmaster.master][INFO] 2024-03-04 01:33:32,460: +CACHEDPARAM [/rosout_disable_topics_generation] by /rosbridge_websocket
[rosmaster.master][INFO] 2024-03-04 01:33:32,462: +CACHEDPARAM [/rosout_disable_topics_generation] by /rosbridge_websocket
[rosmaster.master][INFO] 2024-03-04 01:33:33,432: +SUB [/ctrl_cmd] /rosbridge_websocket http://DESKTOP-LL832F4:38555/
[rosmaster.master][INFO] 2024-03-04 01:33:33,443: +SERVICE [/SyncModeCtrlCmd] /rosbridge_websocket http://DESKTOP-LL832F4:38555/
[rosmaster.master][INFO] 2024-03-04 01:33:33,447: +CACHEDPARAM [/rosout_disable_topics_generation] by /rosbridge_websocket
[rosmaster.master][INFO] 2024-03-04 01:33:33,452: +SERVICE [/SyncModeWaitForTick] /rosbridge_websocket http://DESKTOP-LL832F4:38555/
[rosmaster.master][INFO] 2024-03-04 01:33:33,457: +CACHEDPARAM [/rosout_disable_topics_generation] by /rosbridge_websocket
[rosmaster.master][INFO] 2024-03-04 01:33:33,458: +SERVICE [/Service_MoraiMapSpec] /rosbridge_websocket http://DESKTOP-LL832F4:38555/
[rosmaster.master][INFO] 2024-03-04 01:33:33,461: +CACHEDPARAM [/rosout_disable_topics_generation] by /rosbridge_websocket
[rosmaster.master][INFO] 2024-03-04 01:33:33,463: +SUB [/InsnControl] /rosbridge_websocket http://DESKTOP-LL832F4:38555/
[rosmaster.master][INFO] 2024-03-04 01:33:33,466: +CACHEDPARAM [/rosout_disable_topics_generation] by /rosbridge_websocket
[rosmaster.master][INFO] 2024-03-04 01:33:33,469: +SERVICE [/SyncModeCmd] /rosbridge_websocket http://DESKTOP-LL832F4:38555/
[rosmaster.master][INFO] 2024-03-04 01:33:33,473: +CACHEDPARAM [/rosout_disable_topics_generation] by /rosbridge_websocket
[rosmaster.master][INFO] 2024-03-04 01:33:33,476: +SERVICE [/SyncModeSetGear] /rosbridge_websocket http://DESKTOP-LL832F4:38555/
[rosmaster.master][INFO] 2024-03-04 01:33:33,480: +CACHEDPARAM [/rosout_disable_topics_generation] by /rosbridge_websocket
[rosmaster.master][INFO] 2024-03-04 01:33:33,484: -SERVICE [/Service_MoraiEventCmd] /rosbridge_websocket rosrpc://DESKTOP-LL832F4:33027
[rosmaster.master][INFO] 2024-03-04 01:33:33,488: +CACHEDPARAM [/rosout_disable_topics_generation] by /rosbridge_websocket
[rosmaster.master][INFO] 2024-03-04 01:33:33,490: +SUB [/lamps] /rosbridge_websocket http://DESKTOP-LL832F4:38555/
[rosmaster.master][INFO] 2024-03-04 01:33:33,491: +CACHEDPARAM [/rosout_disable_topics_generation] by /rosbridge_websocket
[rosmaster.master][INFO] 2024-03-04 01:33:33,491: +SERVICE [/Service_MoraiEventCmd] /rosbridge_websocket http://DESKTOP-LL832F4:38555/
[rosmaster.master][INFO] 2024-03-04 01:33:33,493: +CACHEDPARAM [/rosout_disable_topics_generation] by /rosbridge_websocket
[rosmaster.master][INFO] 2024-03-04 01:33:33,496: +CACHEDPARAM [/rosout_disable_topics_generation] by /rosbridge_websocket
[rosmaster.master][INFO] 2024-03-04 01:33:33,497: +SUB [/SetTrafficLight] /rosbridge_websocket http://DESKTOP-LL832F4:38555/
[rosmaster.master][INFO] 2024-03-04 01:33:33,500: +CACHEDPARAM [/rosout_disable_topics_generation] by /rosbridge_websocket
[rosmaster.master][INFO] 2024-03-04 01:33:33,503: +SUB [/ScenarioLoad] /rosbridge_websocket http://DESKTOP-LL832F4:38555/
[rosmaster.master][INFO] 2024-03-04 01:33:33,505: +CACHEDPARAM [/rosout_disable_topics_generation] by /rosbridge_websocket
[rosmaster.master][INFO] 2024-03-04 01:33:33,508: +SUB [/SaveSensorData] /rosbridge_websocket http://DESKTOP-LL832F4:38555/
[rosmaster.master][INFO] 2024-03-04 01:33:33,516: +CACHEDPARAM [/rosout_disable_topics_generation] by /rosbridge_websocket
[rosmaster.master][INFO] 2024-03-04 01:33:33,531: +SUB [/SensorPosControl] /rosbridge_websocket http://DESKTOP-LL832F4:38555/
[rosmaster.master][INFO] 2024-03-04 01:33:33,541: +CACHEDPARAM [/rosout_disable_topics_generation] by /rosbridge_websocket
[rosmaster.master][INFO] 2024-03-04 01:33:41,548: -PUB [/rosout_agg] /rosout http://DESKTOP-LL832F4:34607/
[rosmaster.master][INFO] 2024-03-04 01:33:41,548: -SUB [/rosout] /rosout http://DESKTOP-LL832F4:34607/
[rosmaster.master][INFO] 2024-03-04 01:33:41,549: -SERVICE [/rosout/get_loggers] /rosout rosrpc://DESKTOP-LL832F4:59909
[rosmaster.master][INFO] 2024-03-04 01:33:41,549: -SERVICE [/rosout/set_logger_level] /rosout rosrpc://DESKTOP-LL832F4:59909
[rosmaster.main][INFO] 2024-03-04 01:33:41,578: keyboard interrupt, will exit
[rosmaster.main][INFO] 2024-03-04 01:33:41,578: stopping master...
[rospy.core][INFO] 2024-03-04 01:33:41,578: signal_shutdown [atexit]
