[rosmaster.main][INFO] 2024-02-29 16:51:48,637: initialization complete, waiting for shutdown
[rosmaster.main][INFO] 2024-02-29 16:51:48,637: Starting ROS Master Node
[xmlrpc][INFO] 2024-02-29 16:51:48,638: XML-RPC server binding to 0.0.0.0:11311
[xmlrpc][INFO] 2024-02-29 16:51:48,638: Started XML-RPC server [http://DESKTOP-LL832F4:11311/]
[rosmaster.master][INFO] 2024-02-29 16:51:48,639: Master initialized: port[11311], uri[http://DESKTOP-LL832F4:11311/]
[xmlrpc][INFO] 2024-02-29 16:51:48,639: xml rpc node: starting XML-RPC server
[rosmaster.master][INFO] 2024-02-29 16:51:48,663: +PARAM [/run_id] by /roslaunch
[rosmaster.master][INFO] 2024-02-29 16:51:48,664: +PARAM [/roslaunch/uris/host_desktop_ll832f4__38673] by /roslaunch
[rosmaster.master][INFO] 2024-02-29 16:51:48,717: +PARAM [/rosversion] by /roslaunch
[rosmaster.master][INFO] 2024-02-29 16:51:48,717: +PARAM [/rosdistro] by /roslaunch
[rosmaster.master][INFO] 2024-02-29 16:51:48,725: +SERVICE [/rosout/get_loggers] /rosout http://DESKTOP-LL832F4:42979/
[rosmaster.master][INFO] 2024-02-29 16:51:48,725: +SERVICE [/rosout/set_logger_level] /rosout http://DESKTOP-LL832F4:42979/
[rosmaster.master][INFO] 2024-02-29 16:51:48,726: +PUB [/rosout_agg] /rosout http://DESKTOP-LL832F4:42979/
[rosmaster.master][INFO] 2024-02-29 16:51:48,728: +SUB [/rosout] /rosout http://DESKTOP-LL832F4:42979/
[rosmaster.master][INFO] 2024-02-29 16:51:52,579: +PUB [/rosout] /my_name_talker_16228_1709193112443 http://DESKTOP-LL832F4:42271/
[rosmaster.master][INFO] 2024-02-29 16:51:52,581: +SERVICE [/my_name_talker_16228_1709193112443/get_loggers] /my_name_talker_16228_1709193112443 http://DESKTOP-LL832F4:42271/
[rosmaster.master][INFO] 2024-02-29 16:51:52,582: +SERVICE [/my_name_talker_16228_1709193112443/set_logger_level] /my_name_talker_16228_1709193112443 http://DESKTOP-LL832F4:42271/
[rosmaster.master][INFO] 2024-02-29 16:51:52,583: -PUB [/rosout] /my_name_talker_16228_1709193112443 http://DESKTOP-LL832F4:42271/
[rosmaster.master][INFO] 2024-02-29 16:51:52,583: -SERVICE [/my_name_talker_16228_1709193112443/get_loggers] /my_name_talker_16228_1709193112443 rosrpc://DESKTOP-LL832F4:38315
[rosmaster.master][INFO] 2024-02-29 16:51:52,583: -SERVICE [/my_name_talker_16228_1709193112443/set_logger_level] /my_name_talker_16228_1709193112443 rosrpc://DESKTOP-LL832F4:38315
[rosmaster.master][INFO] 2024-02-29 16:51:52,647: publisherUpdate[/rosout] -> http://DESKTOP-LL832F4:42979/ ['http://DESKTOP-LL832F4:42271/']
[rosmaster.master][INFO] 2024-02-29 16:51:52,648: publisherUpdate[/rosout] -> http://DESKTOP-LL832F4:42979/ ['http://DESKTOP-LL832F4:42271/']: sec=0.00, result=[1, '', 0]
[rosmaster.master][INFO] 2024-02-29 16:51:52,649: publisherUpdate[/rosout] -> http://DESKTOP-LL832F4:42979/ []
[rosmaster.master][INFO] 2024-02-29 16:51:52,649: publisherUpdate[/rosout] -> http://DESKTOP-LL832F4:42979/ []: sec=0.00, result=[1, '', 0]
[rosmaster.master][INFO] 2024-02-29 16:52:53,165: +PUB [/ssafy] /my_name_talker_16264_1709193173133 http://DESKTOP-LL832F4:38583/
[rosmaster.master][INFO] 2024-02-29 16:52:53,261: +PUB [/rosout] /my_name_talker_16264_1709193173133 http://DESKTOP-LL832F4:38583/
[rosmaster.master][INFO] 2024-02-29 16:52:53,263: +SERVICE [/my_name_talker_16264_1709193173133/get_loggers] /my_name_talker_16264_1709193173133 http://DESKTOP-LL832F4:38583/
[rosmaster.master][INFO] 2024-02-29 16:52:53,264: +SERVICE [/my_name_talker_16264_1709193173133/set_logger_level] /my_name_talker_16264_1709193173133 http://DESKTOP-LL832F4:38583/
[rosmaster.master][INFO] 2024-02-29 16:52:53,265: +CACHEDPARAM [/rosout_disable_topics_generation] by /my_name_talker_16264_1709193173133
[rosmaster.master][INFO] 2024-02-29 16:52:53,269: -PUB [/rosout] /my_name_talker_16264_1709193173133 http://DESKTOP-LL832F4:38583/
[rosmaster.master][INFO] 2024-02-29 16:52:53,269: -PUB [/ssafy] /my_name_talker_16264_1709193173133 http://DESKTOP-LL832F4:38583/
[rosmaster.master][INFO] 2024-02-29 16:52:53,269: -SERVICE [/my_name_talker_16264_1709193173133/get_loggers] /my_name_talker_16264_1709193173133 rosrpc://DESKTOP-LL832F4:35433
[rosmaster.master][INFO] 2024-02-29 16:52:53,269: -SERVICE [/my_name_talker_16264_1709193173133/set_logger_level] /my_name_talker_16264_1709193173133 rosrpc://DESKTOP-LL832F4:35433
[rosmaster.master][INFO] 2024-02-29 16:52:53,271: publisherUpdate[/rosout] -> http://DESKTOP-LL832F4:42979/ ['http://DESKTOP-LL832F4:38583/']
[rosmaster.master][INFO] 2024-02-29 16:52:53,272: publisherUpdate[/rosout] -> http://DESKTOP-LL832F4:42979/ ['http://DESKTOP-LL832F4:38583/']: sec=0.00, result=[1, '', 0]
[rosmaster.master][INFO] 2024-02-29 16:52:53,272: publisherUpdate[/rosout] -> http://DESKTOP-LL832F4:42979/ []
[rosmaster.master][INFO] 2024-02-29 16:52:53,272: publisherUpdate[/rosout] -> http://DESKTOP-LL832F4:42979/ []: sec=0.00, result=[1, '', 0]
[rosmaster.master][INFO] 2024-02-29 16:55:31,325: +PUB [/ssafy] /my_name_talker_16341_1709193331287 http://DESKTOP-LL832F4:40105/
[rosmaster.master][INFO] 2024-02-29 16:55:31,421: +PUB [/rosout] /my_name_talker_16341_1709193331287 http://DESKTOP-LL832F4:40105/
[rosmaster.master][INFO] 2024-02-29 16:55:31,424: +SERVICE [/my_name_talker_16341_1709193331287/get_loggers] /my_name_talker_16341_1709193331287 http://DESKTOP-LL832F4:40105/
[rosmaster.master][INFO] 2024-02-29 16:55:31,426: +SERVICE [/my_name_talker_16341_1709193331287/set_logger_level] /my_name_talker_16341_1709193331287 http://DESKTOP-LL832F4:40105/
[rosmaster.master][INFO] 2024-02-29 16:55:31,427: +CACHEDPARAM [/rosout_disable_topics_generation] by /my_name_talker_16341_1709193331287
[rosmaster.master][INFO] 2024-02-29 16:55:31,428: -PUB [/rosout] /my_name_talker_16341_1709193331287 http://DESKTOP-LL832F4:40105/
[rosmaster.master][INFO] 2024-02-29 16:55:31,428: -PUB [/ssafy] /my_name_talker_16341_1709193331287 http://DESKTOP-LL832F4:40105/
[rosmaster.master][INFO] 2024-02-29 16:55:31,429: -SERVICE [/my_name_talker_16341_1709193331287/get_loggers] /my_name_talker_16341_1709193331287 rosrpc://DESKTOP-LL832F4:43993
[rosmaster.master][INFO] 2024-02-29 16:55:31,429: -SERVICE [/my_name_talker_16341_1709193331287/set_logger_level] /my_name_talker_16341_1709193331287 rosrpc://DESKTOP-LL832F4:43993
[rosmaster.master][INFO] 2024-02-29 16:55:31,508: publisherUpdate[/rosout] -> http://DESKTOP-LL832F4:42979/ ['http://DESKTOP-LL832F4:40105/']
[rosmaster.master][INFO] 2024-02-29 16:55:31,509: publisherUpdate[/rosout] -> http://DESKTOP-LL832F4:42979/ ['http://DESKTOP-LL832F4:40105/']: sec=0.00, result=[1, '', 0]
[rosmaster.master][INFO] 2024-02-29 16:55:31,509: publisherUpdate[/rosout] -> http://DESKTOP-LL832F4:42979/ []
[rosmaster.master][INFO] 2024-02-29 16:55:31,509: publisherUpdate[/rosout] -> http://DESKTOP-LL832F4:42979/ []: sec=0.00, result=[1, '', 0]
[rosmaster.master][INFO] 2024-02-29 16:56:18,405: -PUB [/rosout_agg] /rosout http://DESKTOP-LL832F4:42979/
[rosmaster.master][INFO] 2024-02-29 16:56:18,406: -SUB [/rosout] /rosout http://DESKTOP-LL832F4:42979/
[rosmaster.master][INFO] 2024-02-29 16:56:18,406: -SERVICE [/rosout/get_loggers] /rosout rosrpc://DESKTOP-LL832F4:39653
[rosmaster.master][INFO] 2024-02-29 16:56:18,406: -SERVICE [/rosout/set_logger_level] /rosout rosrpc://DESKTOP-LL832F4:39653
[rosmaster.main][INFO] 2024-02-29 16:56:18,425: keyboard interrupt, will exit
[rosmaster.main][INFO] 2024-02-29 16:56:18,425: stopping master...
[rospy.core][INFO] 2024-02-29 16:56:18,425: signal_shutdown [atexit]
