2024-02-27 15:23:28.683 [info] Log level: Info
2024-02-27 15:23:28.683 [info] Validating found git in: "git"
2024-02-27 15:23:28.683 [info] Using git "2.17.1" from "git"
2024-02-27 15:23:28.688 [info] > git rev-parse --show-toplevel [4ms]
2024-02-27 15:23:28.688 [info] fatal: not a git repository (or any parent up to mount point /mnt)
Stopping at filesystem boundary (GIT_DISCOVERY_ACROSS_FILESYSTEM not set).
2024-02-27 15:23:28.697 [info] > git rev-parse --show-toplevel [3ms]
2024-02-27 15:23:28.697 [info] fatal: not a git repository (or any parent up to mount point /mnt)
Stopping at filesystem boundary (GIT_DISCOVERY_ACROSS_FILESYSTEM not set).
2024-02-27 15:23:28.702 [info] > git rev-parse --show-toplevel [2ms]
2024-02-27 15:23:28.702 [info] fatal: not a git repository (or any parent up to mount point /mnt)
Stopping at filesystem boundary (GIT_DISCOVERY_ACROSS_FILESYSTEM not set).
2024-02-27 15:23:28.708 [info] > git rev-parse --show-toplevel [3ms]
2024-02-27 15:23:28.708 [info] fatal: not a git repository (or any parent up to mount point /mnt)
Stopping at filesystem boundary (GIT_DISCOVERY_ACROSS_FILESYSTEM not set).
2024-02-27 15:23:28.713 [info] > git rev-parse --show-toplevel [2ms]
2024-02-27 15:23:28.713 [info] fatal: not a git repository (or any parent up to mount point /mnt)
Stopping at filesystem boundary (GIT_DISCOVERY_ACROSS_FILESYSTEM not set).
2024-02-27 15:23:28.718 [info] > git rev-parse --show-toplevel [2ms]
2024-02-27 15:23:28.718 [info] fatal: not a git repository (or any parent up to mount point /mnt)
Stopping at filesystem boundary (GIT_DISCOVERY_ACROSS_FILESYSTEM not set).
2024-02-27 15:23:28.724 [info] > git rev-parse --show-toplevel [3ms]
2024-02-27 15:23:28.724 [info] fatal: not a git repository (or any parent up to mount point /mnt)
Stopping at filesystem boundary (GIT_DISCOVERY_ACROSS_FILESYSTEM not set).
2024-02-27 15:23:28.729 [info] > git rev-parse --show-toplevel [2ms]
2024-02-27 15:23:28.729 [info] fatal: not a git repository (or any parent up to mount point /mnt)
Stopping at filesystem boundary (GIT_DISCOVERY_ACROSS_FILESYSTEM not set).
2024-02-27 15:23:28.736 [info] > git rev-parse --show-toplevel [2ms]
2024-02-27 15:23:28.736 [info] fatal: not a git repository (or any parent up to mount point /mnt)
Stopping at filesystem boundary (GIT_DISCOVERY_ACROSS_FILESYSTEM not set).
2024-02-27 15:23:28.743 [info] > git rev-parse --show-toplevel [2ms]
2024-02-27 15:23:28.743 [info] fatal: not a git repository (or any parent up to mount point /mnt)
Stopping at filesystem boundary (GIT_DISCOVERY_ACROSS_FILESYSTEM not set).
2024-02-27 15:23:28.749 [info] > git rev-parse --show-toplevel [2ms]
2024-02-27 15:23:28.749 [info] fatal: not a git repository (or any parent up to mount point /mnt)
Stopping at filesystem boundary (GIT_DISCOVERY_ACROSS_FILESYSTEM not set).
2024-02-27 15:23:28.754 [info] > git rev-parse --show-toplevel [2ms]
2024-02-27 15:23:28.754 [info] fatal: not a git repository (or any parent up to mount point /mnt)
Stopping at filesystem boundary (GIT_DISCOVERY_ACROSS_FILESYSTEM not set).
2024-02-27 15:23:28.759 [info] > git rev-parse --show-toplevel [2ms]
2024-02-27 15:23:28.760 [info] fatal: not a git repository (or any parent up to mount point /mnt)
Stopping at filesystem boundary (GIT_DISCOVERY_ACROSS_FILESYSTEM not set).
2024-02-27 15:23:28.764 [info] > git rev-parse --show-toplevel [2ms]
2024-02-27 15:23:28.764 [info] fatal: not a git repository (or any parent up to mount point /mnt)
Stopping at filesystem boundary (GIT_DISCOVERY_ACROSS_FILESYSTEM not set).
2024-02-27 15:23:28.769 [info] > git rev-parse --show-toplevel [3ms]
2024-02-27 15:23:28.769 [info] fatal: not a git repository (or any parent up to mount point /mnt)
Stopping at filesystem boundary (GIT_DISCOVERY_ACROSS_FILESYSTEM not set).
2024-02-27 15:23:28.775 [info] > git rev-parse --show-toplevel [3ms]
2024-02-27 15:23:28.775 [info] fatal: not a git repository (or any parent up to mount point /mnt)
Stopping at filesystem boundary (GIT_DISCOVERY_ACROSS_FILESYSTEM not set).
2024-02-27 15:23:28.780 [info] > git rev-parse --show-toplevel [2ms]
2024-02-27 15:23:28.780 [info] fatal: not a git repository (or any parent up to mount point /mnt)
Stopping at filesystem boundary (GIT_DISCOVERY_ACROSS_FILESYSTEM not set).
2024-02-27 15:23:28.785 [info] > git rev-parse --show-toplevel [2ms]
2024-02-27 15:23:28.785 [info] fatal: not a git repository (or any parent up to mount point /mnt)
Stopping at filesystem boundary (GIT_DISCOVERY_ACROSS_FILESYSTEM not set).
2024-02-27 15:23:28.790 [info] > git rev-parse --show-toplevel [2ms]
2024-02-27 15:23:28.790 [info] fatal: not a git repository (or any parent up to mount point /mnt)
Stopping at filesystem boundary (GIT_DISCOVERY_ACROSS_FILESYSTEM not set).
2024-02-27 15:23:28.796 [info] > git rev-parse --show-toplevel [3ms]
2024-02-27 15:23:28.796 [info] fatal: not a git repository (or any parent up to mount point /mnt)
Stopping at filesystem boundary (GIT_DISCOVERY_ACROSS_FILESYSTEM not set).
2024-02-27 15:23:28.801 [info] > git rev-parse --show-toplevel [2ms]
2024-02-27 15:23:28.801 [info] fatal: not a git repository (or any parent up to mount point /mnt)
Stopping at filesystem boundary (GIT_DISCOVERY_ACROSS_FILESYSTEM not set).
2024-02-27 15:23:28.806 [info] > git rev-parse --show-toplevel [3ms]
2024-02-27 15:23:28.806 [info] fatal: not a git repository (or any parent up to mount point /mnt)
Stopping at filesystem boundary (GIT_DISCOVERY_ACROSS_FILESYSTEM not set).
2024-02-27 15:23:28.811 [info] > git rev-parse --show-toplevel [2ms]
2024-02-27 15:23:28.811 [info] fatal: not a git repository (or any parent up to mount point /mnt)
Stopping at filesystem boundary (GIT_DISCOVERY_ACROSS_FILESYSTEM not set).
2024-02-27 15:23:28.816 [info] > git rev-parse --show-toplevel [2ms]
2024-02-27 15:23:28.816 [info] fatal: not a git repository (or any parent up to mount point /mnt)
Stopping at filesystem boundary (GIT_DISCOVERY_ACROSS_FILESYSTEM not set).
2024-02-27 15:23:28.821 [info] > git rev-parse --show-toplevel [2ms]
2024-02-27 15:23:28.821 [info] fatal: not a git repository (or any parent up to mount point /mnt)
Stopping at filesystem boundary (GIT_DISCOVERY_ACROSS_FILESYSTEM not set).
2024-02-27 15:23:28.826 [info] > git rev-parse --show-toplevel [2ms]
2024-02-27 15:23:28.826 [info] fatal: not a git repository (or any parent up to mount point /mnt)
Stopping at filesystem boundary (GIT_DISCOVERY_ACROSS_FILESYSTEM not set).
2024-02-27 15:23:28.831 [info] > git rev-parse --show-toplevel [2ms]
2024-02-27 15:23:28.831 [info] fatal: not a git repository (or any parent up to mount point /mnt)
Stopping at filesystem boundary (GIT_DISCOVERY_ACROSS_FILESYSTEM not set).
2024-02-27 15:23:28.836 [info] > git rev-parse --show-toplevel [2ms]
2024-02-27 15:23:28.836 [info] fatal: not a git repository (or any parent up to mount point /mnt)
Stopping at filesystem boundary (GIT_DISCOVERY_ACROSS_FILESYSTEM not set).
2024-02-27 15:23:28.841 [info] > git rev-parse --show-toplevel [3ms]
2024-02-27 15:23:28.841 [info] fatal: not a git repository (or any parent up to mount point /mnt)
Stopping at filesystem boundary (GIT_DISCOVERY_ACROSS_FILESYSTEM not set).
2024-02-27 15:23:28.845 [info] > git rev-parse --show-toplevel [2ms]
2024-02-27 15:23:28.845 [info] fatal: not a git repository (or any parent up to mount point /mnt)
Stopping at filesystem boundary (GIT_DISCOVERY_ACROSS_FILESYSTEM not set).
2024-02-27 15:23:28.850 [info] > git rev-parse --show-toplevel [2ms]
2024-02-27 15:23:28.850 [info] fatal: not a git repository (or any parent up to mount point /mnt)
Stopping at filesystem boundary (GIT_DISCOVERY_ACROSS_FILESYSTEM not set).
2024-02-27 15:23:28.866 [info] > git rev-parse --show-toplevel [13ms]
2024-02-27 15:23:28.881 [info] > git rev-parse --git-dir --git-common-dir [9ms]
2024-02-27 15:23:28.888 [info] Open repository: /mnt/c/Users/SSAFY/commonPJT
2024-02-27 15:23:28.902 [info] > git rev-parse --show-toplevel [6ms]
2024-02-27 15:23:28.902 [info] fatal: not a git repository (or any parent up to mount point /mnt)
Stopping at filesystem boundary (GIT_DISCOVERY_ACROSS_FILESYSTEM not set).
2024-02-27 15:23:28.902 [info] > git config --get commit.template [10ms]
2024-02-27 15:23:28.910 [info] > git rev-parse --show-toplevel [3ms]
2024-02-27 15:23:28.910 [info] fatal: not a git repository (or any parent up to mount point /mnt)
Stopping at filesystem boundary (GIT_DISCOVERY_ACROSS_FILESYSTEM not set).
2024-02-27 15:23:28.916 [info] > git rev-parse --show-toplevel [3ms]
2024-02-27 15:23:28.916 [info] fatal: not a git repository (or any parent up to mount point /mnt)
Stopping at filesystem boundary (GIT_DISCOVERY_ACROSS_FILESYSTEM not set).
2024-02-27 15:23:28.931 [info] > git rev-parse --show-toplevel [12ms]
2024-02-27 15:23:28.945 [info] > git rev-parse --git-dir --git-common-dir [9ms]
2024-02-27 15:23:28.947 [info] Open repository: /mnt/c/Users/SSAFY/iot_skeleton
2024-02-27 15:23:28.956 [info] No remotes found in the git config file.
2024-02-27 15:23:28.960 [info] > git config --get commit.template [9ms]
2024-02-27 15:23:28.960 [info] > git rev-parse --show-toplevel [5ms]
2024-02-27 15:23:28.960 [info] fatal: not a git repository (or any parent up to mount point /mnt)
Stopping at filesystem boundary (GIT_DISCOVERY_ACROSS_FILESYSTEM not set).
2024-02-27 15:23:28.967 [info] > git rev-parse --show-toplevel [3ms]
2024-02-27 15:23:28.967 [info] fatal: not a git repository (or any parent up to mount point /mnt)
Stopping at filesystem boundary (GIT_DISCOVERY_ACROSS_FILESYSTEM not set).
2024-02-27 15:23:28.979 [info] > git for-each-ref --format=%(refname)%00%(upstream:short)%00%(objectname)%00%(upstream:track)%00%(upstream:remotename)%00%(upstream:remoteref) refs/heads/master refs/remotes/master [20ms]
2024-02-27 15:23:29.035 [info] > git status -z -uall [53ms]
2024-02-27 15:23:29.039 [info] > git for-each-ref --format=%(refname)%00%(upstream:short)%00%(objectname)%00%(upstream:track)%00%(upstream:remotename)%00%(upstream:remoteref) refs/heads/pms_develop refs/remotes/pms_develop [139ms]
2024-02-27 15:23:29.046 [info] No remotes found in the git config file.
2024-02-27 15:23:29.051 [info] > git config --get commit.template [7ms]
2024-02-27 15:23:29.068 [info] > git for-each-ref --format=%(refname)%00%(upstream:short)%00%(objectname)%00%(upstream:track)%00%(upstream:remotename)%00%(upstream:remoteref) refs/heads/master refs/remotes/master [20ms]
2024-02-27 15:23:29.129 [info] > git status -z -uall [59ms]
2024-02-27 15:23:29.472 [info] > git check-ignore -v -z --stdin [18ms]
2024-02-27 15:23:29.482 [info] > git check-ignore -v -z --stdin [30ms]
