[rosmaster.main][INFO] 2024-03-04 01:10:41,006: initialization complete, waiting for shutdown
[rosmaster.main][INFO] 2024-03-04 01:10:41,007: Starting ROS Master Node
[xmlrpc][INFO] 2024-03-04 01:10:41,007: XML-RPC server binding to 0.0.0.0:11311
[xmlrpc][INFO] 2024-03-04 01:10:41,008: Started XML-RPC server [http://DESKTOP-LL832F4:11311/]
[rosmaster.master][INFO] 2024-03-04 01:10:41,008: Master initialized: port[11311], uri[http://DESKTOP-LL832F4:11311/]
[xmlrpc][INFO] 2024-03-04 01:10:41,008: xml rpc node: starting XML-RPC server
[rosmaster.master][INFO] 2024-03-04 01:10:41,022: +PARAM [/run_id] by /roslaunch
[rosmaster.master][INFO] 2024-03-04 01:10:41,023: +PARAM [/roslaunch/uris/host_desktop_ll832f4__36713] by /roslaunch
[rosmaster.master][INFO] 2024-03-04 01:10:41,066: +PARAM [/rosversion] by /roslaunch
[rosmaster.master][INFO] 2024-03-04 01:10:41,066: +PARAM [/rosdistro] by /roslaunch
[rosmaster.master][INFO] 2024-03-04 01:10:41,074: +SERVICE [/rosout/get_loggers] /rosout http://DESKTOP-LL832F4:41861/
[rosmaster.master][INFO] 2024-03-04 01:10:41,075: +SERVICE [/rosout/set_logger_level] /rosout http://DESKTOP-LL832F4:41861/
[rosmaster.master][INFO] 2024-03-04 01:10:41,076: +PUB [/rosout_agg] /rosout http://DESKTOP-LL832F4:41861/
[rosmaster.master][INFO] 2024-03-04 01:10:41,078: +SUB [/rosout] /rosout http://DESKTOP-LL832F4:41861/
[rosmaster.master][INFO] 2024-03-04 01:10:43,000: -SUB [/collision_topic] /Collision_listener_2225_1709482228215 http://DESKTOP-LL832F4:35947/
[rosmaster.master][INFO] 2024-03-04 01:10:43,000: -PUB [/rosout] /Collision_listener_2225_1709482228215 http://DESKTOP-LL832F4:35947/
[rosmaster.master][INFO] 2024-03-04 01:10:43,000: -SERVICE [/Collision_listener_2225_1709482228215/get_loggers] /Collision_listener_2225_1709482228215 rosrpc://DESKTOP-LL832F4:40107
[rosmaster.master][INFO] 2024-03-04 01:10:43,000: -SERVICE [/Collision_listener_2225_1709482228215/set_logger_level] /Collision_listener_2225_1709482228215 rosrpc://DESKTOP-LL832F4:40107
[rosmaster.master][INFO] 2024-03-04 01:10:45,225: +PUB [/rosout] /Collision_listener_2320_1709482245096 http://DESKTOP-LL832F4:40751/
[rosmaster.master][INFO] 2024-03-04 01:10:45,228: +SERVICE [/Collision_listener_2320_1709482245096/get_loggers] /Collision_listener_2320_1709482245096 http://DESKTOP-LL832F4:40751/
[rosmaster.master][INFO] 2024-03-04 01:10:45,229: +SERVICE [/Collision_listener_2320_1709482245096/set_logger_level] /Collision_listener_2320_1709482245096 http://DESKTOP-LL832F4:40751/
[rosmaster.master][INFO] 2024-03-04 01:10:45,231: +SUB [/collision_topic] /Collision_listener_2320_1709482245096 http://DESKTOP-LL832F4:40751/
[rosmaster.master][INFO] 2024-03-04 01:10:45,316: publisherUpdate[/rosout] -> http://DESKTOP-LL832F4:41861/ ['http://DESKTOP-LL832F4:40751/']
[rosmaster.master][INFO] 2024-03-04 01:10:45,317: publisherUpdate[/rosout] -> http://DESKTOP-LL832F4:41861/ ['http://DESKTOP-LL832F4:40751/']: sec=0.00, result=[1, '', 0]
[rosmaster.master][INFO] 2024-03-04 01:11:01,198: -SUB [/ctrl_cmd] /rosbridge_websocket http://DESKTOP-LL832F4:38555/
[rosmaster.master][INFO] 2024-03-04 01:11:01,200: +CACHEDPARAM [/rosout_disable_topics_generation] by /rosbridge_websocket
[rosmaster.master][INFO] 2024-03-04 01:11:01,202: +CACHEDPARAM [/rosout_disable_topics_generation] by /rosbridge_websocket
[rosmaster.master][INFO] 2024-03-04 01:11:01,211: -SUB [/SetTrafficLight] /rosbridge_websocket http://DESKTOP-LL832F4:38555/
[rosmaster.master][INFO] 2024-03-04 01:11:01,214: +CACHEDPARAM [/rosout_disable_topics_generation] by /rosbridge_websocket
[rosmaster.master][INFO] 2024-03-04 01:11:01,216: -SUB [/SensorPosControl] /rosbridge_websocket http://DESKTOP-LL832F4:38555/
[rosmaster.master][INFO] 2024-03-04 01:11:01,219: +CACHEDPARAM [/rosout_disable_topics_generation] by /rosbridge_websocket
[rosmaster.master][INFO] 2024-03-04 01:11:01,220: -SUB [/lamps] /rosbridge_websocket http://DESKTOP-LL832F4:38555/
[rosmaster.master][INFO] 2024-03-04 01:11:01,221: +CACHEDPARAM [/rosout_disable_topics_generation] by /rosbridge_websocket
[rosmaster.master][INFO] 2024-03-04 01:11:01,223: +CACHEDPARAM [/rosout_disable_topics_generation] by /rosbridge_websocket
[rosmaster.master][INFO] 2024-03-04 01:11:01,224: -SUB [/InsnControl] /rosbridge_websocket http://DESKTOP-LL832F4:38555/
[rosmaster.master][INFO] 2024-03-04 01:11:01,226: +CACHEDPARAM [/rosout_disable_topics_generation] by /rosbridge_websocket
[rosmaster.master][INFO] 2024-03-04 01:11:01,230: -SUB [/SaveSensorData] /rosbridge_websocket http://DESKTOP-LL832F4:38555/
[rosmaster.master][INFO] 2024-03-04 01:11:01,231: +CACHEDPARAM [/rosout_disable_topics_generation] by /rosbridge_websocket
[rosmaster.master][INFO] 2024-03-04 01:11:01,233: +CACHEDPARAM [/rosout_disable_topics_generation] by /rosbridge_websocket
[rosmaster.master][INFO] 2024-03-04 01:11:01,235: -SUB [/ScenarioLoad] /rosbridge_websocket http://DESKTOP-LL832F4:38555/
[rosmaster.master][INFO] 2024-03-04 01:11:01,237: +CACHEDPARAM [/rosout_disable_topics_generation] by /rosbridge_websocket
[rosmaster.master][INFO] 2024-03-04 01:11:01,239: +CACHEDPARAM [/rosout_disable_topics_generation] by /rosbridge_websocket
[rosmaster.master][INFO] 2024-03-04 01:11:01,243: +CACHEDPARAM [/rosout_disable_topics_generation] by /rosbridge_websocket
[rosmaster.master][INFO] 2024-03-04 01:11:01,247: +CACHEDPARAM [/rosout_disable_topics_generation] by /rosbridge_websocket
[rosmaster.master][INFO] 2024-03-04 01:11:01,251: +CACHEDPARAM [/rosout_disable_topics_generation] by /rosbridge_websocket
[rosmaster.master][INFO] 2024-03-04 01:11:01,254: +CACHEDPARAM [/rosout_disable_topics_generation] by /rosbridge_websocket
[rosmaster.master][INFO] 2024-03-04 01:11:01,257: +CACHEDPARAM [/rosout_disable_topics_generation] by /rosbridge_websocket
[rosmaster.master][INFO] 2024-03-04 01:11:01,260: +CACHEDPARAM [/rosout_disable_topics_generation] by /rosbridge_websocket
[rosmaster.master][INFO] 2024-03-04 01:11:01,264: +CACHEDPARAM [/rosout_disable_topics_generation] by /rosbridge_websocket
[rosmaster.master][INFO] 2024-03-04 01:11:01,267: +CACHEDPARAM [/rosout_disable_topics_generation] by /rosbridge_websocket
[rosmaster.master][INFO] 2024-03-04 01:11:01,270: +CACHEDPARAM [/rosout_disable_topics_generation] by /rosbridge_websocket
[rosmaster.master][INFO] 2024-03-04 01:11:01,273: +CACHEDPARAM [/rosout_disable_topics_generation] by /rosbridge_websocket
[rosmaster.master][INFO] 2024-03-04 01:11:01,277: +CACHEDPARAM [/rosout_disable_topics_generation] by /rosbridge_websocket
[rosmaster.master][INFO] 2024-03-04 01:11:01,281: +CACHEDPARAM [/rosout_disable_topics_generation] by /rosbridge_websocket
[rosmaster.master][INFO] 2024-03-04 01:11:01,285: +CACHEDPARAM [/rosout_disable_topics_generation] by /rosbridge_websocket
[rosmaster.master][INFO] 2024-03-04 01:11:01,288: +CACHEDPARAM [/rosout_disable_topics_generation] by /rosbridge_websocket
[rosmaster.master][INFO] 2024-03-04 01:11:01,292: +CACHEDPARAM [/rosout_disable_topics_generation] by /rosbridge_websocket
[rosmaster.master][INFO] 2024-03-04 01:11:01,296: +CACHEDPARAM [/rosout_disable_topics_generation] by /rosbridge_websocket
[rosmaster.master][INFO] 2024-03-04 01:11:02,212: -SERVICE [/SyncModeWaitForTick] /rosbridge_websocket rosrpc://DESKTOP-LL832F4:33027
[rosmaster.master][INFO] 2024-03-04 01:11:02,214: -SERVICE [/SyncModeSetGear] /rosbridge_websocket rosrpc://DESKTOP-LL832F4:33027
[rosmaster.master][INFO] 2024-03-04 01:11:02,216: +CACHEDPARAM [/rosout_disable_topics_generation] by /rosbridge_websocket
[rosmaster.master][INFO] 2024-03-04 01:11:02,217: -SERVICE [/SyncModeCmd] /rosbridge_websocket rosrpc://DESKTOP-LL832F4:33027
[rosmaster.master][INFO] 2024-03-04 01:11:02,218: +CACHEDPARAM [/rosout_disable_topics_generation] by /rosbridge_websocket
[rosmaster.master][INFO] 2024-03-04 01:11:02,220: -SERVICE [/SyncModeCtrlCmd] /rosbridge_websocket rosrpc://DESKTOP-LL832F4:33027
[rosmaster.master][INFO] 2024-03-04 01:11:02,221: +CACHEDPARAM [/rosout_disable_topics_generation] by /rosbridge_websocket
[rosmaster.master][INFO] 2024-03-04 01:11:02,222: +CACHEDPARAM [/rosout_disable_topics_generation] by /rosbridge_websocket
[rosmaster.master][INFO] 2024-03-04 01:11:05,816: +CACHEDPARAM [/rosout_disable_topics_generation] by /rosbridge_websocket
[rosmaster.master][INFO] 2024-03-04 01:11:06,205: +CACHEDPARAM [/rosout_disable_topics_generation] by /rosbridge_websocket
[rosmaster.master][INFO] 2024-03-04 01:11:06,425: +CACHEDPARAM [/rosout_disable_topics_generation] by /rosbridge_websocket
[rosmaster.master][INFO] 2024-03-04 01:11:06,430: +CACHEDPARAM [/rosout_disable_topics_generation] by /rosbridge_websocket
[rosmaster.master][INFO] 2024-03-04 01:11:06,435: +CACHEDPARAM [/rosout_disable_topics_generation] by /rosbridge_websocket
[rosmaster.master][INFO] 2024-03-04 01:11:06,438: +CACHEDPARAM [/rosout_disable_topics_generation] by /rosbridge_websocket
[rosmaster.master][INFO] 2024-03-04 01:11:06,442: +CACHEDPARAM [/rosout_disable_topics_generation] by /rosbridge_websocket
[rosmaster.master][INFO] 2024-03-04 01:11:06,446: +CACHEDPARAM [/rosout_disable_topics_generation] by /rosbridge_websocket
[rosmaster.master][INFO] 2024-03-04 01:11:06,450: +CACHEDPARAM [/rosout_disable_topics_generation] by /rosbridge_websocket
[rosmaster.master][INFO] 2024-03-04 01:11:06,454: +CACHEDPARAM [/rosout_disable_topics_generation] by /rosbridge_websocket
[rosmaster.master][INFO] 2024-03-04 01:11:06,457: +CACHEDPARAM [/rosout_disable_topics_generation] by /rosbridge_websocket
[rosmaster.master][INFO] 2024-03-04 01:11:06,461: +CACHEDPARAM [/rosout_disable_topics_generation] by /rosbridge_websocket
[rosmaster.master][INFO] 2024-03-04 01:11:06,465: +CACHEDPARAM [/rosout_disable_topics_generation] by /rosbridge_websocket
[rosmaster.master][INFO] 2024-03-04 01:11:06,469: +CACHEDPARAM [/rosout_disable_topics_generation] by /rosbridge_websocket
[rosmaster.master][INFO] 2024-03-04 01:11:06,473: +CACHEDPARAM [/rosout_disable_topics_generation] by /rosbridge_websocket
[rosmaster.master][INFO] 2024-03-04 01:11:06,476: +CACHEDPARAM [/rosout_disable_topics_generation] by /rosbridge_websocket
[rosmaster.master][INFO] 2024-03-04 01:11:06,481: +CACHEDPARAM [/rosout_disable_topics_generation] by /rosbridge_websocket
[rosmaster.master][INFO] 2024-03-04 01:11:06,484: +CACHEDPARAM [/rosout_disable_topics_generation] by /rosbridge_websocket
[rosmaster.master][INFO] 2024-03-04 01:11:06,488: +CACHEDPARAM [/rosout_disable_topics_generation] by /rosbridge_websocket
[rosmaster.master][INFO] 2024-03-04 01:11:06,491: +CACHEDPARAM [/rosout_disable_topics_generation] by /rosbridge_websocket
[rosmaster.master][INFO] 2024-03-04 01:11:06,495: +CACHEDPARAM [/rosout_disable_topics_generation] by /rosbridge_websocket
[rosmaster.master][INFO] 2024-03-04 01:11:06,499: +CACHEDPARAM [/rosout_disable_topics_generation] by /rosbridge_websocket
[rosmaster.master][INFO] 2024-03-04 01:11:06,503: +CACHEDPARAM [/rosout_disable_topics_generation] by /rosbridge_websocket
[rosmaster.master][INFO] 2024-03-04 01:11:06,506: +CACHEDPARAM [/rosout_disable_topics_generation] by /rosbridge_websocket
[rosmaster.master][INFO] 2024-03-04 01:11:06,815: -SERVICE [/Service_MoraiEventCmd] /rosbridge_websocket rosrpc://DESKTOP-LL832F4:33027
[rosmaster.master][INFO] 2024-03-04 01:11:06,817: +CACHEDPARAM [/rosout_disable_topics_generation] by /rosbridge_websocket
[rosmaster.master][INFO] 2024-03-04 01:11:07,201: -SERVICE [/Service_MoraiMapSpec] /rosbridge_websocket rosrpc://DESKTOP-LL832F4:33027
[rosmaster.master][INFO] 2024-03-04 01:11:07,203: +CACHEDPARAM [/rosout_disable_topics_generation] by /rosbridge_websocket
[rosmaster.master][INFO] 2024-03-04 01:11:07,205: +SERVICE [/Service_MoraiMapSpec] /rosbridge_websocket http://DESKTOP-LL832F4:38555/
[rosmaster.master][INFO] 2024-03-04 01:11:07,207: +CACHEDPARAM [/rosout_disable_topics_generation] by /rosbridge_websocket
[rosmaster.master][INFO] 2024-03-04 01:11:07,208: +SERVICE [/SyncModeSetGear] /rosbridge_websocket http://DESKTOP-LL832F4:38555/
[rosmaster.master][INFO] 2024-03-04 01:11:07,210: +SERVICE [/SyncModeWaitForTick] /rosbridge_websocket http://DESKTOP-LL832F4:38555/
[rosmaster.master][INFO] 2024-03-04 01:11:07,212: +SERVICE [/Service_MoraiEventCmd] /rosbridge_websocket http://DESKTOP-LL832F4:38555/
[rosmaster.master][INFO] 2024-03-04 01:11:07,215: +CACHEDPARAM [/rosout_disable_topics_generation] by /rosbridge_websocket
[rosmaster.master][INFO] 2024-03-04 01:11:07,220: +SERVICE [/SyncModeCmd] /rosbridge_websocket http://DESKTOP-LL832F4:38555/
[rosmaster.master][INFO] 2024-03-04 01:11:07,221: +CACHEDPARAM [/rosout_disable_topics_generation] by /rosbridge_websocket
[rosmaster.master][INFO] 2024-03-04 01:11:07,224: +SERVICE [/SyncModeCtrlCmd] /rosbridge_websocket http://DESKTOP-LL832F4:38555/
[rosmaster.master][INFO] 2024-03-04 01:11:07,226: +CACHEDPARAM [/rosout_disable_topics_generation] by /rosbridge_websocket
[rosmaster.master][INFO] 2024-03-04 01:11:07,230: +CACHEDPARAM [/rosout_disable_topics_generation] by /rosbridge_websocket
[rosmaster.master][INFO] 2024-03-04 01:11:07,233: +CACHEDPARAM [/rosout_disable_topics_generation] by /rosbridge_websocket
[rosmaster.master][INFO] 2024-03-04 01:11:11,199: -PUB [/GetTrafficLightStatus] /rosbridge_websocket http://DESKTOP-LL832F4:38555/
[rosmaster.master][INFO] 2024-03-04 01:12:58,086: -SUB [/collision_topic] /Collision_listener_2320_1709482245096 http://DESKTOP-LL832F4:40751/
[rosmaster.master][INFO] 2024-03-04 01:12:58,086: -PUB [/rosout] /Collision_listener_2320_1709482245096 http://DESKTOP-LL832F4:40751/
[rosmaster.master][INFO] 2024-03-04 01:12:58,086: -SERVICE [/Collision_listener_2320_1709482245096/set_logger_level] /Collision_listener_2320_1709482245096 rosrpc://DESKTOP-LL832F4:38121
[rosmaster.master][INFO] 2024-03-04 01:12:58,086: -SERVICE [/Collision_listener_2320_1709482245096/get_loggers] /Collision_listener_2320_1709482245096 rosrpc://DESKTOP-LL832F4:38121
[rosmaster.master][INFO] 2024-03-04 01:12:58,160: publisherUpdate[/rosout] -> http://DESKTOP-LL832F4:41861/ []
[rosmaster.master][INFO] 2024-03-04 01:12:58,161: publisherUpdate[/rosout] -> http://DESKTOP-LL832F4:41861/ []: sec=0.00, result=[1, '', 0]
[rosmaster.master][INFO] 2024-03-04 01:13:00,011: +PUB [/rosout] /Collision_listener_2461_1709482379883 http://DESKTOP-LL832F4:34135/
[rosmaster.master][INFO] 2024-03-04 01:13:00,014: +SERVICE [/Collision_listener_2461_1709482379883/get_loggers] /Collision_listener_2461_1709482379883 http://DESKTOP-LL832F4:34135/
[rosmaster.master][INFO] 2024-03-04 01:13:00,015: +SERVICE [/Collision_listener_2461_1709482379883/set_logger_level] /Collision_listener_2461_1709482379883 http://DESKTOP-LL832F4:34135/
[rosmaster.master][INFO] 2024-03-04 01:13:00,016: +SUB [/CollisionData] /Collision_listener_2461_1709482379883 http://DESKTOP-LL832F4:34135/
[rosmaster.master][INFO] 2024-03-04 01:13:00,064: publisherUpdate[/rosout] -> http://DESKTOP-LL832F4:41861/ ['http://DESKTOP-LL832F4:34135/']
[rosmaster.master][INFO] 2024-03-04 01:13:00,066: publisherUpdate[/rosout] -> http://DESKTOP-LL832F4:41861/ ['http://DESKTOP-LL832F4:34135/']: sec=0.00, result=[1, '', 0]
[rosmaster.master][INFO] 2024-03-04 01:14:56,158: -SUB [/CollisionData] /Collision_listener_2461_1709482379883 http://DESKTOP-LL832F4:34135/
[rosmaster.master][INFO] 2024-03-04 01:14:56,158: -PUB [/rosout] /Collision_listener_2461_1709482379883 http://DESKTOP-LL832F4:34135/
[rosmaster.master][INFO] 2024-03-04 01:14:56,158: -SERVICE [/Collision_listener_2461_1709482379883/set_logger_level] /Collision_listener_2461_1709482379883 rosrpc://DESKTOP-LL832F4:35541
[rosmaster.master][INFO] 2024-03-04 01:14:56,158: -SERVICE [/Collision_listener_2461_1709482379883/get_loggers] /Collision_listener_2461_1709482379883 rosrpc://DESKTOP-LL832F4:35541
[rosmaster.master][INFO] 2024-03-04 01:14:56,189: publisherUpdate[/rosout] -> http://DESKTOP-LL832F4:41861/ []
[rosmaster.master][INFO] 2024-03-04 01:14:56,190: publisherUpdate[/rosout] -> http://DESKTOP-LL832F4:41861/ []: sec=0.00, result=[1, '', 0]
[rosmaster.master][INFO] 2024-03-04 01:14:58,238: +PUB [/rosout] /Collision_listener_2528_1709482498107 http://DESKTOP-LL832F4:34635/
[rosmaster.master][INFO] 2024-03-04 01:14:58,240: +SERVICE [/Collision_listener_2528_1709482498107/get_loggers] /Collision_listener_2528_1709482498107 http://DESKTOP-LL832F4:34635/
[rosmaster.master][INFO] 2024-03-04 01:14:58,241: +SERVICE [/Collision_listener_2528_1709482498107/set_logger_level] /Collision_listener_2528_1709482498107 http://DESKTOP-LL832F4:34635/
[rosmaster.master][INFO] 2024-03-04 01:14:58,242: -PUB [/rosout] /Collision_listener_2528_1709482498107 http://DESKTOP-LL832F4:34635/
[rosmaster.master][INFO] 2024-03-04 01:14:58,242: -SERVICE [/Collision_listener_2528_1709482498107/get_loggers] /Collision_listener_2528_1709482498107 rosrpc://DESKTOP-LL832F4:41713
[rosmaster.master][INFO] 2024-03-04 01:14:58,242: -SERVICE [/Collision_listener_2528_1709482498107/set_logger_level] /Collision_listener_2528_1709482498107 rosrpc://DESKTOP-LL832F4:41713
[rosmaster.master][INFO] 2024-03-04 01:14:58,293: publisherUpdate[/rosout] -> http://DESKTOP-LL832F4:41861/ ['http://DESKTOP-LL832F4:34635/']
[rosmaster.master][INFO] 2024-03-04 01:14:58,294: publisherUpdate[/rosout] -> http://DESKTOP-LL832F4:41861/ ['http://DESKTOP-LL832F4:34635/']: sec=0.00, result=[1, '', 0]
[rosmaster.master][INFO] 2024-03-04 01:14:58,294: publisherUpdate[/rosout] -> http://DESKTOP-LL832F4:41861/ []
[rosmaster.master][INFO] 2024-03-04 01:14:58,295: publisherUpdate[/rosout] -> http://DESKTOP-LL832F4:41861/ []: sec=0.00, result=[1, '', 0]
[rosmaster.master][INFO] 2024-03-04 01:15:43,119: +PUB [/rosout] /Collision_listener_2571_1709482542988 http://DESKTOP-LL832F4:41223/
[rosmaster.master][INFO] 2024-03-04 01:15:43,122: +SERVICE [/Collision_listener_2571_1709482542988/get_loggers] /Collision_listener_2571_1709482542988 http://DESKTOP-LL832F4:41223/
[rosmaster.master][INFO] 2024-03-04 01:15:43,122: +SERVICE [/Collision_listener_2571_1709482542988/set_logger_level] /Collision_listener_2571_1709482542988 http://DESKTOP-LL832F4:41223/
[rosmaster.master][INFO] 2024-03-04 01:15:43,125: -PUB [/rosout] /Collision_listener_2571_1709482542988 http://DESKTOP-LL832F4:41223/
[rosmaster.master][INFO] 2024-03-04 01:15:43,125: -SERVICE [/Collision_listener_2571_1709482542988/get_loggers] /Collision_listener_2571_1709482542988 rosrpc://DESKTOP-LL832F4:35191
[rosmaster.master][INFO] 2024-03-04 01:15:43,125: -SERVICE [/Collision_listener_2571_1709482542988/set_logger_level] /Collision_listener_2571_1709482542988 rosrpc://DESKTOP-LL832F4:35191
[rosmaster.master][INFO] 2024-03-04 01:15:43,183: publisherUpdate[/rosout] -> http://DESKTOP-LL832F4:41861/ ['http://DESKTOP-LL832F4:41223/']
[rosmaster.master][INFO] 2024-03-04 01:15:43,183: publisherUpdate[/rosout] -> http://DESKTOP-LL832F4:41861/ ['http://DESKTOP-LL832F4:41223/']: sec=0.00, result=[1, '', 0]
[rosmaster.master][INFO] 2024-03-04 01:15:43,184: publisherUpdate[/rosout] -> http://DESKTOP-LL832F4:41861/ []
[rosmaster.master][INFO] 2024-03-04 01:15:43,184: publisherUpdate[/rosout] -> http://DESKTOP-LL832F4:41861/ []: sec=0.00, result=[1, '', 0]
[rosmaster.master][INFO] 2024-03-04 01:16:19,855: +PUB [/rosout] /Collision_listener_2611_1709482579724 http://DESKTOP-LL832F4:35005/
[rosmaster.master][INFO] 2024-03-04 01:16:19,856: publisherUpdate[/rosout] -> http://DESKTOP-LL832F4:41861/ ['http://DESKTOP-LL832F4:35005/']
[rosmaster.master][INFO] 2024-03-04 01:16:19,857: publisherUpdate[/rosout] -> http://DESKTOP-LL832F4:41861/ ['http://DESKTOP-LL832F4:35005/']: sec=0.00, result=[1, '', 0]
[rosmaster.master][INFO] 2024-03-04 01:16:19,858: +SERVICE [/Collision_listener_2611_1709482579724/get_loggers] /Collision_listener_2611_1709482579724 http://DESKTOP-LL832F4:35005/
[rosmaster.master][INFO] 2024-03-04 01:16:19,859: +SERVICE [/Collision_listener_2611_1709482579724/set_logger_level] /Collision_listener_2611_1709482579724 http://DESKTOP-LL832F4:35005/
[rosmaster.master][INFO] 2024-03-04 01:16:19,860: -PUB [/rosout] /Collision_listener_2611_1709482579724 http://DESKTOP-LL832F4:35005/
[rosmaster.master][INFO] 2024-03-04 01:16:19,860: -SERVICE [/Collision_listener_2611_1709482579724/set_logger_level] /Collision_listener_2611_1709482579724 rosrpc://DESKTOP-LL832F4:46377
[rosmaster.master][INFO] 2024-03-04 01:16:19,860: -SERVICE [/Collision_listener_2611_1709482579724/get_loggers] /Collision_listener_2611_1709482579724 rosrpc://DESKTOP-LL832F4:46377
[rosmaster.master][INFO] 2024-03-04 01:16:19,951: publisherUpdate[/rosout] -> http://DESKTOP-LL832F4:41861/ []
[rosmaster.master][INFO] 2024-03-04 01:16:19,952: publisherUpdate[/rosout] -> http://DESKTOP-LL832F4:41861/ []: sec=0.00, result=[1, '', 0]
[rosmaster.master][INFO] 2024-03-04 01:17:57,119: +PUB [/rosout] /Collision_listener_2662_1709482676990 http://DESKTOP-LL832F4:39765/
[rosmaster.master][INFO] 2024-03-04 01:17:57,121: +SERVICE [/Collision_listener_2662_1709482676990/get_loggers] /Collision_listener_2662_1709482676990 http://DESKTOP-LL832F4:39765/
[rosmaster.master][INFO] 2024-03-04 01:17:57,122: +SERVICE [/Collision_listener_2662_1709482676990/set_logger_level] /Collision_listener_2662_1709482676990 http://DESKTOP-LL832F4:39765/
[rosmaster.master][INFO] 2024-03-04 01:17:57,124: +SUB [/CollisionData] /Collision_listener_2662_1709482676990 http://DESKTOP-LL832F4:39765/
[rosmaster.master][INFO] 2024-03-04 01:17:57,128: publisherUpdate[/rosout] -> http://DESKTOP-LL832F4:41861/ ['http://DESKTOP-LL832F4:39765/']
[rosmaster.master][INFO] 2024-03-04 01:17:57,129: publisherUpdate[/rosout] -> http://DESKTOP-LL832F4:41861/ ['http://DESKTOP-LL832F4:39765/']: sec=0.00, result=[1, '', 0]
[rosmaster.master][INFO] 2024-03-04 01:18:01,413: +CACHEDPARAM [/rosout_disable_topics_generation] by /rosbridge_websocket
[rosmaster.master][INFO] 2024-03-04 01:18:01,415: +CACHEDPARAM [/rosout_disable_topics_generation] by /rosbridge_websocket
[rosmaster.master][INFO] 2024-03-04 01:18:01,425: +CACHEDPARAM [/rosout_disable_topics_generation] by /rosbridge_websocket
[rosmaster.master][INFO] 2024-03-04 01:18:01,430: +CACHEDPARAM [/rosout_disable_topics_generation] by /rosbridge_websocket
[rosmaster.master][INFO] 2024-03-04 01:18:01,433: +CACHEDPARAM [/rosout_disable_topics_generation] by /rosbridge_websocket
[rosmaster.master][INFO] 2024-03-04 01:18:01,436: +CACHEDPARAM [/rosout_disable_topics_generation] by /rosbridge_websocket
[rosmaster.master][INFO] 2024-03-04 01:18:01,440: +CACHEDPARAM [/rosout_disable_topics_generation] by /rosbridge_websocket
[rosmaster.master][INFO] 2024-03-04 01:18:01,443: +CACHEDPARAM [/rosout_disable_topics_generation] by /rosbridge_websocket
[rosmaster.master][INFO] 2024-03-04 01:18:01,446: +CACHEDPARAM [/rosout_disable_topics_generation] by /rosbridge_websocket
[rosmaster.master][INFO] 2024-03-04 01:18:01,449: +CACHEDPARAM [/rosout_disable_topics_generation] by /rosbridge_websocket
[rosmaster.master][INFO] 2024-03-04 01:18:01,452: +CACHEDPARAM [/rosout_disable_topics_generation] by /rosbridge_websocket
[rosmaster.master][INFO] 2024-03-04 01:18:01,456: +CACHEDPARAM [/rosout_disable_topics_generation] by /rosbridge_websocket
[rosmaster.master][INFO] 2024-03-04 01:18:01,459: +CACHEDPARAM [/rosout_disable_topics_generation] by /rosbridge_websocket
[rosmaster.master][INFO] 2024-03-04 01:18:01,462: +CACHEDPARAM [/rosout_disable_topics_generation] by /rosbridge_websocket
[rosmaster.master][INFO] 2024-03-04 01:18:01,465: +CACHEDPARAM [/rosout_disable_topics_generation] by /rosbridge_websocket
[rosmaster.master][INFO] 2024-03-04 01:18:01,468: +CACHEDPARAM [/rosout_disable_topics_generation] by /rosbridge_websocket
[rosmaster.master][INFO] 2024-03-04 01:18:01,472: +CACHEDPARAM [/rosout_disable_topics_generation] by /rosbridge_websocket
[rosmaster.master][INFO] 2024-03-04 01:18:01,475: +CACHEDPARAM [/rosout_disable_topics_generation] by /rosbridge_websocket
[rosmaster.master][INFO] 2024-03-04 01:18:01,479: +CACHEDPARAM [/rosout_disable_topics_generation] by /rosbridge_websocket
[rosmaster.master][INFO] 2024-03-04 01:18:01,482: +CACHEDPARAM [/rosout_disable_topics_generation] by /rosbridge_websocket
[rosmaster.master][INFO] 2024-03-04 01:18:01,490: +CACHEDPARAM [/rosout_disable_topics_generation] by /rosbridge_websocket
[rosmaster.master][INFO] 2024-03-04 01:18:01,494: +CACHEDPARAM [/rosout_disable_topics_generation] by /rosbridge_websocket
[rosmaster.master][INFO] 2024-03-04 01:18:02,422: -SERVICE [/SyncModeWaitForTick] /rosbridge_websocket rosrpc://DESKTOP-LL832F4:33027
[rosmaster.master][INFO] 2024-03-04 01:18:02,424: -SERVICE [/SyncModeSetGear] /rosbridge_websocket rosrpc://DESKTOP-LL832F4:33027
[rosmaster.master][INFO] 2024-03-04 01:18:02,425: +CACHEDPARAM [/rosout_disable_topics_generation] by /rosbridge_websocket
[rosmaster.master][INFO] 2024-03-04 01:18:02,426: -SERVICE [/Service_MoraiEventCmd] /rosbridge_websocket rosrpc://DESKTOP-LL832F4:33027
[rosmaster.master][INFO] 2024-03-04 01:18:02,428: -SERVICE [/Service_MoraiMapSpec] /rosbridge_websocket rosrpc://DESKTOP-LL832F4:33027
[rosmaster.master][INFO] 2024-03-04 01:18:02,429: +CACHEDPARAM [/rosout_disable_topics_generation] by /rosbridge_websocket
[rosmaster.master][INFO] 2024-03-04 01:18:02,430: +CACHEDPARAM [/rosout_disable_topics_generation] by /rosbridge_websocket
[rosmaster.master][INFO] 2024-03-04 01:18:02,431: +CACHEDPARAM [/rosout_disable_topics_generation] by /rosbridge_websocket
[rosmaster.master][INFO] 2024-03-04 01:18:02,728: +CACHEDPARAM [/rosout_disable_topics_generation] by /rosbridge_websocket
[rosmaster.master][INFO] 2024-03-04 01:18:02,731: +CACHEDPARAM [/rosout_disable_topics_generation] by /rosbridge_websocket
[rosmaster.master][INFO] 2024-03-04 01:18:02,733: +CACHEDPARAM [/rosout_disable_topics_generation] by /rosbridge_websocket
[rosmaster.master][INFO] 2024-03-04 01:18:02,735: +CACHEDPARAM [/rosout_disable_topics_generation] by /rosbridge_websocket
[rosmaster.master][INFO] 2024-03-04 01:18:02,736: +CACHEDPARAM [/rosout_disable_topics_generation] by /rosbridge_websocket
[rosmaster.master][INFO] 2024-03-04 01:18:02,738: +CACHEDPARAM [/rosout_disable_topics_generation] by /rosbridge_websocket
[rosmaster.master][INFO] 2024-03-04 01:18:02,739: +CACHEDPARAM [/rosout_disable_topics_generation] by /rosbridge_websocket
[rosmaster.master][INFO] 2024-03-04 01:18:02,741: +CACHEDPARAM [/rosout_disable_topics_generation] by /rosbridge_websocket
[rosmaster.master][INFO] 2024-03-04 01:18:02,742: +CACHEDPARAM [/rosout_disable_topics_generation] by /rosbridge_websocket
[rosmaster.master][INFO] 2024-03-04 01:18:02,744: +CACHEDPARAM [/rosout_disable_topics_generation] by /rosbridge_websocket
[rosmaster.master][INFO] 2024-03-04 01:18:02,746: +CACHEDPARAM [/rosout_disable_topics_generation] by /rosbridge_websocket
[rosmaster.master][INFO] 2024-03-04 01:18:02,748: +CACHEDPARAM [/rosout_disable_topics_generation] by /rosbridge_websocket
[rosmaster.master][INFO] 2024-03-04 01:18:02,750: +CACHEDPARAM [/rosout_disable_topics_generation] by /rosbridge_websocket
[rosmaster.master][INFO] 2024-03-04 01:18:02,752: +CACHEDPARAM [/rosout_disable_topics_generation] by /rosbridge_websocket
[rosmaster.master][INFO] 2024-03-04 01:18:02,754: +CACHEDPARAM [/rosout_disable_topics_generation] by /rosbridge_websocket
[rosmaster.master][INFO] 2024-03-04 01:18:02,755: +CACHEDPARAM [/rosout_disable_topics_generation] by /rosbridge_websocket
[rosmaster.master][INFO] 2024-03-04 01:18:03,708: +PUB [/GetTrafficLightStatus] /rosbridge_websocket http://DESKTOP-LL832F4:38555/
[rosmaster.master][INFO] 2024-03-04 01:18:03,723: +CACHEDPARAM [/rosout_disable_topics_generation] by /rosbridge_websocket
[rosmaster.master][INFO] 2024-03-04 01:18:03,725: +CACHEDPARAM [/rosout_disable_topics_generation] by /rosbridge_websocket
[rosmaster.master][INFO] 2024-03-04 01:18:03,727: +CACHEDPARAM [/rosout_disable_topics_generation] by /rosbridge_websocket
[rosmaster.master][INFO] 2024-03-04 01:18:03,730: +CACHEDPARAM [/rosout_disable_topics_generation] by /rosbridge_websocket
[rosmaster.master][INFO] 2024-03-04 01:18:03,745: +CACHEDPARAM [/rosout_disable_topics_generation] by /rosbridge_websocket
[rosmaster.master][INFO] 2024-03-04 01:18:03,748: +CACHEDPARAM [/rosout_disable_topics_generation] by /rosbridge_websocket
[rosmaster.master][INFO] 2024-03-04 01:18:04,703: +SUB [/ctrl_cmd] /rosbridge_websocket http://DESKTOP-LL832F4:38555/
[rosmaster.master][INFO] 2024-03-04 01:18:04,705: +CACHEDPARAM [/rosout_disable_topics_generation] by /rosbridge_websocket
[rosmaster.master][INFO] 2024-03-04 01:18:04,719: +SUB [/InsnControl] /rosbridge_websocket http://DESKTOP-LL832F4:38555/
[rosmaster.master][INFO] 2024-03-04 01:18:04,721: +SERVICE [/SyncModeSetGear] /rosbridge_websocket http://DESKTOP-LL832F4:38555/
[rosmaster.master][INFO] 2024-03-04 01:18:04,726: +SERVICE [/Service_MoraiEventCmd] /rosbridge_websocket http://DESKTOP-LL832F4:38555/
[rosmaster.master][INFO] 2024-03-04 01:18:04,732: +CACHEDPARAM [/rosout_disable_topics_generation] by /rosbridge_websocket
[rosmaster.master][INFO] 2024-03-04 01:18:04,734: +SERVICE [/Service_MoraiMapSpec] /rosbridge_websocket http://DESKTOP-LL832F4:38555/
[rosmaster.master][INFO] 2024-03-04 01:18:04,735: +CACHEDPARAM [/rosout_disable_topics_generation] by /rosbridge_websocket
[rosmaster.master][INFO] 2024-03-04 01:18:04,736: +SUB [/ScenarioLoad] /rosbridge_websocket http://DESKTOP-LL832F4:38555/
[rosmaster.master][INFO] 2024-03-04 01:18:04,737: +CACHEDPARAM [/rosout_disable_topics_generation] by /rosbridge_websocket
[rosmaster.master][INFO] 2024-03-04 01:18:04,739: +SERVICE [/SyncModeWaitForTick] /rosbridge_websocket http://DESKTOP-LL832F4:38555/
[rosmaster.master][INFO] 2024-03-04 01:18:04,740: +CACHEDPARAM [/rosout_disable_topics_generation] by /rosbridge_websocket
[rosmaster.master][INFO] 2024-03-04 01:18:04,742: -SERVICE [/SyncModeCtrlCmd] /rosbridge_websocket rosrpc://DESKTOP-LL832F4:33027
[rosmaster.master][INFO] 2024-03-04 01:18:04,743: +CACHEDPARAM [/rosout_disable_topics_generation] by /rosbridge_websocket
[rosmaster.master][INFO] 2024-03-04 01:18:04,745: +SERVICE [/SyncModeCtrlCmd] /rosbridge_websocket http://DESKTOP-LL832F4:38555/
[rosmaster.master][INFO] 2024-03-04 01:18:04,746: +CACHEDPARAM [/rosout_disable_topics_generation] by /rosbridge_websocket
[rosmaster.master][INFO] 2024-03-04 01:18:04,746: +SUB [/lamps] /rosbridge_websocket http://DESKTOP-LL832F4:38555/
[rosmaster.master][INFO] 2024-03-04 01:18:04,747: +CACHEDPARAM [/rosout_disable_topics_generation] by /rosbridge_websocket
[rosmaster.master][INFO] 2024-03-04 01:18:04,749: -SERVICE [/SyncModeCmd] /rosbridge_websocket rosrpc://DESKTOP-LL832F4:33027
[rosmaster.master][INFO] 2024-03-04 01:18:04,751: +CACHEDPARAM [/rosout_disable_topics_generation] by /rosbridge_websocket
[rosmaster.master][INFO] 2024-03-04 01:18:04,753: +SERVICE [/SyncModeCmd] /rosbridge_websocket http://DESKTOP-LL832F4:38555/
[rosmaster.master][INFO] 2024-03-04 01:18:04,755: +CACHEDPARAM [/rosout_disable_topics_generation] by /rosbridge_websocket
[rosmaster.master][INFO] 2024-03-04 01:18:04,760: +CACHEDPARAM [/rosout_disable_topics_generation] by /rosbridge_websocket
[rosmaster.master][INFO] 2024-03-04 01:18:04,768: +SUB [/SetTrafficLight] /rosbridge_websocket http://DESKTOP-LL832F4:38555/
[rosmaster.master][INFO] 2024-03-04 01:18:04,770: +CACHEDPARAM [/rosout_disable_topics_generation] by /rosbridge_websocket
[rosmaster.master][INFO] 2024-03-04 01:18:04,777: +CACHEDPARAM [/rosout_disable_topics_generation] by /rosbridge_websocket
[rosmaster.master][INFO] 2024-03-04 01:18:04,832: +SUB [/SensorPosControl] /rosbridge_websocket http://DESKTOP-LL832F4:38555/
[rosmaster.master][INFO] 2024-03-04 01:18:04,834: +CACHEDPARAM [/rosout_disable_topics_generation] by /rosbridge_websocket
[rosmaster.master][INFO] 2024-03-04 01:18:04,839: +SUB [/SaveSensorData] /rosbridge_websocket http://DESKTOP-LL832F4:38555/
[rosmaster.master][INFO] 2024-03-04 01:18:04,840: +CACHEDPARAM [/rosout_disable_topics_generation] by /rosbridge_websocket
[rosmaster.master][INFO] 2024-03-04 01:21:45,479: -SUB [/CollisionData] /Collision_listener_2662_1709482676990 http://DESKTOP-LL832F4:39765/
[rosmaster.master][INFO] 2024-03-04 01:21:45,479: -PUB [/rosout] /Collision_listener_2662_1709482676990 http://DESKTOP-LL832F4:39765/
[rosmaster.master][INFO] 2024-03-04 01:21:45,479: -SERVICE [/Collision_listener_2662_1709482676990/get_loggers] /Collision_listener_2662_1709482676990 rosrpc://DESKTOP-LL832F4:44959
[rosmaster.master][INFO] 2024-03-04 01:21:45,479: -SERVICE [/Collision_listener_2662_1709482676990/set_logger_level] /Collision_listener_2662_1709482676990 rosrpc://DESKTOP-LL832F4:44959
[rosmaster.master][INFO] 2024-03-04 01:21:45,482: publisherUpdate[/rosout] -> http://DESKTOP-LL832F4:41861/ []
[rosmaster.master][INFO] 2024-03-04 01:21:45,483: publisherUpdate[/rosout] -> http://DESKTOP-LL832F4:41861/ []: sec=0.00, result=[1, '', 0]
[rosmaster.master][INFO] 2024-03-04 01:21:47,550: +PUB [/rosout] /Collision_listener_2830_1709482907419 http://DESKTOP-LL832F4:39245/
[rosmaster.master][INFO] 2024-03-04 01:21:47,552: +SERVICE [/Collision_listener_2830_1709482907419/get_loggers] /Collision_listener_2830_1709482907419 http://DESKTOP-LL832F4:39245/
[rosmaster.master][INFO] 2024-03-04 01:21:47,553: +SERVICE [/Collision_listener_2830_1709482907419/set_logger_level] /Collision_listener_2830_1709482907419 http://DESKTOP-LL832F4:39245/
[rosmaster.master][INFO] 2024-03-04 01:21:47,554: +SUB [/morai_msgs/CollisionData] /Collision_listener_2830_1709482907419 http://DESKTOP-LL832F4:39245/
[rosmaster.master][INFO] 2024-03-04 01:21:47,586: publisherUpdate[/rosout] -> http://DESKTOP-LL832F4:41861/ ['http://DESKTOP-LL832F4:39245/']
[rosmaster.master][INFO] 2024-03-04 01:21:47,587: publisherUpdate[/rosout] -> http://DESKTOP-LL832F4:41861/ ['http://DESKTOP-LL832F4:39245/']: sec=0.00, result=[1, '', 0]
[rosmaster.master][INFO] 2024-03-04 01:22:40,719: -SUB [/morai_msgs/CollisionData] /Collision_listener_2830_1709482907419 http://DESKTOP-LL832F4:39245/
[rosmaster.master][INFO] 2024-03-04 01:22:40,719: -PUB [/rosout] /Collision_listener_2830_1709482907419 http://DESKTOP-LL832F4:39245/
[rosmaster.master][INFO] 2024-03-04 01:22:40,719: -SERVICE [/Collision_listener_2830_1709482907419/get_loggers] /Collision_listener_2830_1709482907419 rosrpc://DESKTOP-LL832F4:36687
[rosmaster.master][INFO] 2024-03-04 01:22:40,719: -SERVICE [/Collision_listener_2830_1709482907419/set_logger_level] /Collision_listener_2830_1709482907419 rosrpc://DESKTOP-LL832F4:36687
[rosmaster.master][INFO] 2024-03-04 01:22:40,731: publisherUpdate[/rosout] -> http://DESKTOP-LL832F4:41861/ []
[rosmaster.master][INFO] 2024-03-04 01:22:40,731: publisherUpdate[/rosout] -> http://DESKTOP-LL832F4:41861/ []: sec=0.00, result=[1, '', 0]
[rosmaster.master][INFO] 2024-03-04 01:23:38,366: +PUB [/rosout] /Collision_listener_2898_1709483018239 http://DESKTOP-LL832F4:42523/
[rosmaster.master][INFO] 2024-03-04 01:23:38,369: +SERVICE [/Collision_listener_2898_1709483018239/get_loggers] /Collision_listener_2898_1709483018239 http://DESKTOP-LL832F4:42523/
[rosmaster.master][INFO] 2024-03-04 01:23:38,369: +SERVICE [/Collision_listener_2898_1709483018239/set_logger_level] /Collision_listener_2898_1709483018239 http://DESKTOP-LL832F4:42523/
[rosmaster.master][INFO] 2024-03-04 01:23:38,371: +SUB [/CollisionData] /Collision_listener_2898_1709483018239 http://DESKTOP-LL832F4:42523/
[rosmaster.master][INFO] 2024-03-04 01:23:38,402: publisherUpdate[/rosout] -> http://DESKTOP-LL832F4:41861/ ['http://DESKTOP-LL832F4:42523/']
[rosmaster.master][INFO] 2024-03-04 01:23:38,403: publisherUpdate[/rosout] -> http://DESKTOP-LL832F4:41861/ ['http://DESKTOP-LL832F4:42523/']: sec=0.00, result=[1, '', 0]
[rosmaster.master][INFO] 2024-03-04 01:25:43,103: -SUB [/CollisionData] /Collision_listener_2898_1709483018239 http://DESKTOP-LL832F4:42523/
[rosmaster.master][INFO] 2024-03-04 01:25:43,103: -PUB [/rosout] /Collision_listener_2898_1709483018239 http://DESKTOP-LL832F4:42523/
[rosmaster.master][INFO] 2024-03-04 01:25:43,103: -SERVICE [/Collision_listener_2898_1709483018239/get_loggers] /Collision_listener_2898_1709483018239 rosrpc://DESKTOP-LL832F4:46525
[rosmaster.master][INFO] 2024-03-04 01:25:43,103: -SERVICE [/Collision_listener_2898_1709483018239/set_logger_level] /Collision_listener_2898_1709483018239 rosrpc://DESKTOP-LL832F4:46525
[rosmaster.master][INFO] 2024-03-04 01:25:43,141: publisherUpdate[/rosout] -> http://DESKTOP-LL832F4:41861/ []
[rosmaster.master][INFO] 2024-03-04 01:25:43,142: publisherUpdate[/rosout] -> http://DESKTOP-LL832F4:41861/ []: sec=0.00, result=[1, '', 0]
[rosmaster.master][INFO] 2024-03-04 01:25:45,527: +PUB [/rosout] /Collision_listener_2950_1709483145397 http://DESKTOP-LL832F4:38071/
[rosmaster.master][INFO] 2024-03-04 01:25:45,529: +SERVICE [/Collision_listener_2950_1709483145397/get_loggers] /Collision_listener_2950_1709483145397 http://DESKTOP-LL832F4:38071/
[rosmaster.master][INFO] 2024-03-04 01:25:45,530: +SERVICE [/Collision_listener_2950_1709483145397/set_logger_level] /Collision_listener_2950_1709483145397 http://DESKTOP-LL832F4:38071/
[rosmaster.master][INFO] 2024-03-04 01:25:45,531: +SUB [/CollisionData] /Collision_listener_2950_1709483145397 http://DESKTOP-LL832F4:38071/
[rosmaster.master][INFO] 2024-03-04 01:25:45,546: publisherUpdate[/rosout] -> http://DESKTOP-LL832F4:41861/ ['http://DESKTOP-LL832F4:38071/']
[rosmaster.master][INFO] 2024-03-04 01:25:45,547: publisherUpdate[/rosout] -> http://DESKTOP-LL832F4:41861/ ['http://DESKTOP-LL832F4:38071/']: sec=0.00, result=[1, '', 0]
[rosmaster.master][INFO] 2024-03-04 01:27:56,366: -PUB [/rosout_agg] /rosout http://DESKTOP-LL832F4:41861/
[rosmaster.master][INFO] 2024-03-04 01:27:56,367: -SUB [/rosout] /rosout http://DESKTOP-LL832F4:41861/
[rosmaster.master][INFO] 2024-03-04 01:27:56,367: -SERVICE [/rosout/get_loggers] /rosout rosrpc://DESKTOP-LL832F4:50837
[rosmaster.master][INFO] 2024-03-04 01:27:56,368: -SERVICE [/rosout/set_logger_level] /rosout rosrpc://DESKTOP-LL832F4:50837
[rosmaster.main][INFO] 2024-03-04 01:27:56,426: keyboard interrupt, will exit
[rosmaster.main][INFO] 2024-03-04 01:27:56,426: stopping master...
[rospy.core][INFO] 2024-03-04 01:27:56,426: signal_shutdown [atexit]
