[rospy.client][INFO] 2024-03-04 10:17:12,200: init_node, name[/rosbridge_websocket], pid[1116]
[xmlrpc][INFO] 2024-03-04 10:17:12,201: XML-RPC server binding to 0.0.0.0:0
[xmlrpc][INFO] 2024-03-04 10:17:12,201: Started XML-RPC server [http://DESKTOP-LL832F4:40641/]
[rospy.impl.masterslave][INFO] 2024-03-04 10:17:12,202: _ready: http://DESKTOP-LL832F4:40641/
[rospy.init][INFO] 2024-03-04 10:17:12,202: ROS Slave URI: [http://DESKTOP-LL832F4:40641/]
[xmlrpc][INFO] 2024-03-04 10:17:12,203: xml rpc node: starting XML-RPC server
[rospy.registration][INFO] 2024-03-04 10:17:12,204: Registering with master node http://localhost:11311
[rospy.init][INFO] 2024-03-04 10:17:12,304: registered with master
[rospy.rosout][INFO] 2024-03-04 10:17:12,304: initializing /rosout core topic
[rospy.rosout][INFO] 2024-03-04 10:17:12,306: connected to core topic /rosout
[rospy.simtime][INFO] 2024-03-04 10:17:12,307: /use_sim_time is not set, will not subscribe to simulated time [/clock] topic
[rosout][INFO] 2024-03-04 10:17:12,319: Rosbridge WebSocket server started at ws://0.0.0.0:9090
[rospy.internal][INFO] 2024-03-04 10:17:12,544: topic[/rosout] adding connection to [/rosout], count 0
[rosout][INFO] 2024-03-04 10:17:20,478: Client connected.  1 clients total.
[rosout][INFO] 2024-03-04 10:17:20,480: Client connected.  2 clients total.
[rosout][INFO] 2024-03-04 10:17:20,482: Client connected.  3 clients total.
[rosout][INFO] 2024-03-04 10:17:20,485: Client connected.  4 clients total.
[rosout][INFO] 2024-03-04 10:17:20,487: Client connected.  5 clients total.
[rosout][INFO] 2024-03-04 10:17:20,488: Client connected.  6 clients total.
[rosout][INFO] 2024-03-04 10:17:20,490: Client connected.  7 clients total.
[rosout][INFO] 2024-03-04 10:17:20,491: Client connected.  8 clients total.
[rosout][INFO] 2024-03-04 10:17:20,492: Client connected.  9 clients total.
[rosout][INFO] 2024-03-04 10:17:20,493: Client connected.  10 clients total.
[rosout][INFO] 2024-03-04 10:17:20,517: Client connected.  11 clients total.
[rosout][INFO] 2024-03-04 10:17:20,519: Client connected.  12 clients total.
[rosout][INFO] 2024-03-04 10:17:20,521: Client connected.  13 clients total.
[rosout][INFO] 2024-03-04 10:17:20,523: Client connected.  14 clients total.
[rosout][INFO] 2024-03-04 10:17:20,525: Client connected.  15 clients total.
[rosout][INFO] 2024-03-04 10:17:20,526: Client connected.  16 clients total.
[rosout][INFO] 2024-03-04 10:17:21,516: Client connected.  17 clients total.
[rosout][INFO] 2024-03-04 10:17:21,520: Client connected.  18 clients total.
[rosout][INFO] 2024-03-04 10:17:21,524: Client connected.  19 clients total.
[rosout][INFO] 2024-03-04 10:17:21,527: Client connected.  20 clients total.
[rosout][INFO] 2024-03-04 10:17:21,530: Client connected.  21 clients total.
[rosout][INFO] 2024-03-04 10:17:21,532: Client connected.  22 clients total.
[rosout][INFO] 2024-03-04 10:17:22,463: [Client 1] Subscribed to /ctrl_cmd
[rosout][INFO] 2024-03-04 10:17:22,487: [Client 13] Subscribed to /InsnControl
[rosout][INFO] 2024-03-04 10:17:22,491: [Client 16] Advertised service /Service_MoraiMapSpec.
[rosout][INFO] 2024-03-04 10:17:22,493: [Client 18] Advertised service /Service_MoraiEventCmd.
[rosout][INFO] 2024-03-04 10:17:22,501: [Client 20] Advertised service /SyncModeSetGear.
[rosout][INFO] 2024-03-04 10:17:22,504: [Client 11] Subscribed to /ScenarioLoad
[rosout][INFO] 2024-03-04 10:17:22,505: [Client 19] Advertised service /SyncModeWaitForTick.
[rosout][INFO] 2024-03-04 10:17:22,514: [Client 21] Advertised service /SyncModeCmd.
[rosout][INFO] 2024-03-04 10:17:22,517: [Client 17] Advertised service /SyncModeCtrlCmd.
[rosout][INFO] 2024-03-04 10:17:22,522: [Client 12] Subscribed to /SaveSensorData
[rosout][INFO] 2024-03-04 10:17:22,535: [Client 14] Subscribed to /lamps
[rosout][INFO] 2024-03-04 10:17:22,556: [Client 15] Subscribed to /SensorPosControl
[rosout][INFO] 2024-03-04 10:17:22,570: [Client 10] Subscribed to /SetTrafficLight
[rospy.internal][INFO] 2024-03-04 10:18:59,205: topic[/CollisionData] adding connection to [/Collision_listener_1287_1709515139054], count 0
[rospy.internal][INFO] 2024-03-04 10:20:07,023: topic[/CollisionData] removing connection to /Collision_listener_1287_1709515139054
[rospy.internal][INFO] 2024-03-04 11:20:44,324: topic[/Object_topic] adding connection to [/Obj_status_listener_8044_1709518844171], count 0
[rospy.internal][INFO] 2024-03-04 11:21:01,870: topic[/Object_topic] removing connection to /Obj_status_listener_8044_1709518844171
[rospy.internal][INFO] 2024-03-04 11:31:14,423: topic[/GetTrafficLightStatus] adding connection to [/traffic_listener_8632_1709519474274], count 0
[rospy.internal][INFO] 2024-03-04 11:37:14,070: topic[/GetTrafficLightStatus] removing connection to /traffic_listener_8632_1709519474274
[rospy.internal][INFO] 2024-03-04 11:53:01,026: topic[/Ego_topic] adding connection to [/Ego_status_listener_10312_1709520780872], count 0
[rospy.internal][INFO] 2024-03-04 11:56:42,632: topic[/Ego_topic] removing connection to /Ego_status_listener_10312_1709520780872
[rospy.internal][INFO] 2024-03-04 11:57:19,468: topic[/Ego_topic] adding connection to [/Ego_status_listener_10347_1709521039318], count 0
[rospy.internal][INFO] 2024-03-04 11:58:58,257: topic[/Ego_topic] removing connection to /Ego_status_listener_10347_1709521039318
[rospy.internal][INFO] 2024-03-04 13:46:51,549: topic[/ctrl_cmd] adding connection to [http://DESKTOP-LL832F4:36079/], count 0
[rospy.internal][INFO] 2024-03-04 13:47:27,100: topic[/ctrl_cmd] removing connection to http://DESKTOP-LL832F4:36079/
[rospy.internal][INFO] 2024-03-04 13:47:55,808: topic[/ctrl_cmd] adding connection to [http://DESKTOP-LL832F4:40675/], count 0
[rospy.internal][INFO] 2024-03-04 13:57:51,473: topic[/ctrl_cmd] removing connection to http://DESKTOP-LL832F4:40675/
[rospy.internal][INFO] 2024-03-04 13:57:59,405: topic[/ctrl_cmd] adding connection to [http://DESKTOP-LL832F4:45119/], count 0
[rospy.internal][INFO] 2024-03-04 13:59:34,503: topic[/ctrl_cmd] removing connection to http://DESKTOP-LL832F4:45119/
[rospy.internal][INFO] 2024-03-04 13:59:37,887: topic[/ctrl_cmd] adding connection to [http://DESKTOP-LL832F4:35361/], count 0
[rospy.internal][INFO] 2024-03-04 14:00:15,728: topic[/ctrl_cmd] removing connection to http://DESKTOP-LL832F4:35361/
[rospy.internal][INFO] 2024-03-04 14:00:39,384: topic[/ctrl_cmd] adding connection to [http://DESKTOP-LL832F4:36177/], count 0
[rospy.internal][INFO] 2024-03-04 14:00:55,879: topic[/ctrl_cmd] removing connection to http://DESKTOP-LL832F4:36177/
[rospy.internal][INFO] 2024-03-04 14:01:10,555: topic[/ctrl_cmd] adding connection to [http://DESKTOP-LL832F4:45427/], count 0
[rospy.internal][INFO] 2024-03-04 14:02:58,635: topic[/ctrl_cmd] removing connection to http://DESKTOP-LL832F4:45427/
[rospy.internal][INFO] 2024-03-04 14:03:33,777: topic[/ctrl_cmd] adding connection to [http://DESKTOP-LL832F4:42639/], count 0
[rospy.internal][INFO] 2024-03-04 14:04:07,125: topic[/ctrl_cmd] removing connection to http://DESKTOP-LL832F4:42639/
[rospy.internal][INFO] 2024-03-04 14:04:08,839: topic[/ctrl_cmd] adding connection to [http://DESKTOP-LL832F4:40829/], count 0
[rospy.internal][INFO] 2024-03-04 14:05:05,890: topic[/ctrl_cmd] removing connection to http://DESKTOP-LL832F4:40829/
[rospy.internal][INFO] 2024-03-04 14:12:00,403: topic impl's ref count is zero, deleting topic /ctrl_cmd...
[rosout][INFO] 2024-03-04 14:12:00,407: Client disconnected. 21 clients total.
[rosout][INFO] 2024-03-04 14:12:00,409: [Client 1] Unsubscribed from /ctrl_cmd
[rosout][INFO] 2024-03-04 14:12:00,412: Client disconnected. 20 clients total.
[rospy.internal][INFO] 2024-03-04 14:12:00,422: topic impl's ref count is zero, deleting topic /SetTrafficLight...
[rospy.internal][INFO] 2024-03-04 14:12:00,424: topic impl's ref count is zero, deleting topic /SensorPosControl...
[rospy.internal][INFO] 2024-03-04 14:12:00,426: topic impl's ref count is zero, deleting topic /SaveSensorData...
[rosout][INFO] 2024-03-04 14:12:00,425: [Client 10] Unsubscribed from /SetTrafficLight
[rosout][INFO] 2024-03-04 14:12:00,426: [Client 15] Unsubscribed from /SensorPosControl
[rospy.internal][INFO] 2024-03-04 14:12:00,431: topic impl's ref count is zero, deleting topic /lamps...
[rosout][INFO] 2024-03-04 14:12:00,429: Client disconnected. 19 clients total.
[rosout][INFO] 2024-03-04 14:12:00,431: [Client 12] Unsubscribed from /SaveSensorData
[rosout][INFO] 2024-03-04 14:12:00,434: [Client 14] Unsubscribed from /lamps
[rosout][INFO] 2024-03-04 14:12:00,436: Client disconnected. 18 clients total.
[rosout][INFO] 2024-03-04 14:12:00,438: Client disconnected. 17 clients total.
[rosout][INFO] 2024-03-04 14:12:00,440: Client disconnected. 16 clients total.
[rospy.internal][INFO] 2024-03-04 14:12:00,441: topic impl's ref count is zero, deleting topic /InsnControl...
[rosout][INFO] 2024-03-04 14:12:00,442: Client disconnected. 15 clients total.
[rosout][INFO] 2024-03-04 14:12:00,443: Client disconnected. 14 clients total.
[rosout][INFO] 2024-03-04 14:12:00,445: Client disconnected. 13 clients total.
[rosout][INFO] 2024-03-04 14:12:00,447: Client disconnected. 12 clients total.
[rosout][INFO] 2024-03-04 14:12:00,449: Client disconnected. 11 clients total.
[rosout][INFO] 2024-03-04 14:12:00,450: Client disconnected. 10 clients total.
[rosout][INFO] 2024-03-04 14:12:00,453: Client disconnected. 9 clients total.
[rosout][INFO] 2024-03-04 14:12:00,455: Client disconnected. 8 clients total.
[rosout][INFO] 2024-03-04 14:12:00,456: Client disconnected. 7 clients total.
[rosout][INFO] 2024-03-04 14:12:00,824: Client disconnected. 6 clients total.
[rosout][INFO] 2024-03-04 14:12:00,826: Client disconnected. 5 clients total.
[rospy.internal][INFO] 2024-03-04 14:12:00,828: topic impl's ref count is zero, deleting topic /ScenarioLoad...
[rosout][INFO] 2024-03-04 14:12:00,828: Client disconnected. 4 clients total.
[rosout][INFO] 2024-03-04 14:12:00,831: Client disconnected. 3 clients total.
[rosout][INFO] 2024-03-04 14:12:00,832: Client disconnected. 2 clients total.
[rosout][INFO] 2024-03-04 14:12:00,833: Client disconnected. 1 clients total.
[rosout][INFO] 2024-03-04 14:12:00,835: Client disconnected. 0 clients total.
[rospy.core][INFO] 2024-03-04 14:12:03,421: signal_shutdown [signal-2]
[rospy.internal][INFO] 2024-03-04 14:12:03,426: topic[/rosout] removing connection to /rosout
[rospy.impl.masterslave][INFO] 2024-03-04 14:12:03,426: signal-2
[rospy.core][INFO] 2024-03-04 14:12:03,592: signal_shutdown [atexit]
